1
0
1
ASSEMBLY
1
NDBR15
NDBR15
1
NDBR15
14
-2147483646
0
48 1 16 5 0 1 0 -1 -1 136786 1 -1879048189 1 136786 
14
48 1 16 5 0 1 0 -1 -1 136786 1 -1879048189 1 136786 
0
1
NDBR15
14
-2147483646
0
48 1 16 5 0 1 0 -1 -1 121280 1 -1879048189 1 121280 
14
48 1 16 5 0 1 0 -1 -1 121280 1 -1879048189 1 121280 
0
6
BOTTOM_PART
0
1
0
1
NDBR15
14
-2147483647
48 1 16 5 0 1 0 -1 -1 1056 1 -1879048189 5457 1056 
0
HYDROGEN_SURFACE
0
1
0
1
NDBR15
2307
-2147483647
9220 1 16 2298 0 1 0 -1 -1 16374 641 -1879047549 -1610612091 -1879047544 -1610612086 -1879047539 -1610612081 -1879047534 -1342176620 -1879047528 -1342176614 -1879047522 -1342176608 -1879047516 -1342176602 -1879047510 -1342176596 -1879047504 -1342176590 -1879047498 -1342176584 -1879047492 -1342176578 -1879047486 -1342176572 -1879047480 -1342176566 -1879047474 -1342176560 -1879047468 -1342176554 -1879047462 -1610612004 -1879047457 -1610611999 -1879047452 -1342176538 -1879047446 -1879047444 -1610611986 -1610611983 -1610611980 -1610611977 -1610611974 -1610611971 -1610611968 -1610611965 -1610611962 -1610611959 -1610611956 -1610611953 -1610611950 -1610611947 -1610611944 -1610611941 -1610611938 -1610611935 -1610611932 -1610611929 -1610611926 -1610611923 -1610611920 -1610611917 -1610611914 -1610611911 -1610611908 -1610611905 -1610611902 -1610611899 -1610611896 -1610611893 -1610611890 -1610611887 -1610611884 -1610611881 -1610611878 -1610611875 -1610611872 -1879047325 -1879047323 -1342176409 -1342176405 -1879047313 -1342176399 -1879047307 -1879047305 -1879047303 -1342176389 -1879047297 -1342176383 -1879047291 -1342176377 -1879047285 -1342176371 -1879047279 -1342176365 -1879047273 -1342176359 -1879047267 -1342176353 -1879047261 -1342176347 -1879047255 -1342176341 -1879047249 -1342176335 -1879047243 -1342176329 -1879047237 -1342176323 -1879047231 -1342176317 -1879047225 -1342176311 -1879047219 -1342176305 -1879047213 -1342176299 -1879047207 -1342176293 -1879047201 -1342176287 -1879047195 -1342176281 -1879047189 -1879047187 -1879047185 -1610611727 -1342176268 -1879047176 -1610611718 -1610611715 -1879047168 -1879047166 -1879047164 -1879047162 -1879047160 -1879047158 -1610611700 -1342176241 -1879047149 -1610611691 -1610611688 -1879047141 -1879047139 -1879047137 -1879047135 -1879047133 -1879047131 -1610611673 -1342176214 -1879047122 -1610611664 -1610611661 -1879047114 -1879047112 -1879047110 -1879047108 -1879047106 -1879047104 -1610611646 -1342176187 -1879047095 -1610611637 -1610611634 -1879047087 -1879047085 -1879047083 -1879047081 -1879047079 -1879047077 -1610611619 -1342176160 -1879047068 -1610611610 -1610611607 -1879047060 -1879047058 -1879047056 -1879047054 -1879047052 -1879047050 -1610611592 -1342176133 -1879047041 -1610611583 -1610611580 -1879047033 -1879047031 -1879047029 -1879047027 -1879047025 -1879047023 -1610611565 -1342176106 -1879047014 -1610611556 -1610611553 -1879047006 -1879047004 -1879047002 -1879047000 -1879046998 -1879046996 -1610611538 -1342176079 -1879046987 -1610611529 -1610611526 -1879046979 -1879046977 -1879046975 -1879046973 -1879046971 -1879046969 -1610611511 -1342176052 -1879046960 -1610611502 -1610611499 -1879046952 -1879046950 -1879046948 -1879046946 -1879046944 -1879046942 -1879046940 -1610611482 -1879046935 -1610611477 -1879046930 -1879046928 -1879046926 -1879046924 -1610611466 -1342176007 -1610611459 -1610611456 -1610611453 -1879046906 -1610611448 -1879046901 -1879046899 -1879046897 -1879046895 -1610611437 -1342175978 -1610611430 -1610611427 -1610611424 -1879046877 -1610611419 -1879046872 -1879046870 -1879046868 -1879046866 -1610611408 -1342175949 -1610611401 -1610611398 -1610611395 -1879046848 -1610611390 -1879046843 -1879046841 -1879046839 -1879046837 -1610611379 -1342175920 -1610611372 -1610611369 -1610611366 -1879046819 -1610611361 -1879046814 -1879046812 -1879046810 -1879046808 -1610611350 -1342175891 -1610611343 -1610611340 -1610611337 -1879046790 -1610611332 -1879046785 -1879046783 -1879046781 -1879046779 -1610611321 -1342175862 -1610611314 -1610611311 -1610611308 -1879046761 -1610611303 -1879046756 -1879046754 -1879046752 -1879046750 -1610611292 -1342175833 -1610611285 -1610611282 -1610611279 -1879046732 -1610611274 -1879046727 -1879046725 -1879046723 -1879046721 -1610611263 -1342175804 -1610611256 -1610611253 -1610611250 -1879046703 -1610611245 -1879046698 -1879046696 -1879046694 -1879046692 -1610611234 -1342175775 -1610611227 -1610611224 -1879046677 -1879046675 -1879046673 -1879046671 -1879046669 -1342175755 -1879046663 -1610611205 -1610611202 -1879046655 -1610611197 -1879046650 -1879046648 -1879046646 -1879046644 -1610611186 -1879046639 -1610611181 -1879046634 -1879046632 -1879046630 -1879046628 -1879046626 -1342175712 -1879046620 -1610611162 -1610611159 -1879046612 -1610611154 -1879046607 -1879046605 -1879046603 -1879046601 -1610611143 -1879046596 -1610611138 -1879046591 -1879046589 -1879046587 -1879046585 -1879046583 -1342175669 -1879046577 -1610611119 -1610611116 -1879046569 -1610611111 -1879046564 -1879046562 -1879046560 -1879046558 -1610611100 -1879046553 -1610611095 -1879046548 -1879046546 -1879046544 -1879046542 -1879046540 -1342175626 -1879046534 -1610611076 -1610611073 -1879046526 -1610611068 -1879046521 -1879046519 -1879046517 -1879046515 -1610611057 -1879046510 -1610611052 -1879046505 -1879046503 -1879046501 -1879046499 -1879046497 -1342175583 -1879046491 -1610611033 -1610611030 -1879046483 -1610611025 -1879046478 -1879046476 -1879046474 -1879046472 -1610611014 -1879046467 -1610611009 -1879046462 -1879046460 -1879046458 -1879046456 -1879046454 -1342175540 -1879046448 -1610610990 -1610610987 -1879046440 -1610610982 -1879046435 -1879046433 -1879046431 -1879046429 -1610610971 -1879046424 -1610610966 -1879046419 -1879046417 -1879046415 -1879046413 -1879046411 -1342175497 -1879046405 -1610610947 -1610610944 -1879046397 -1610610939 -1879046392 -1879046390 -1879046388 -1879046386 -1610610928 -1879046381 -1610610923 -1879046376 -1879046374 -1879046372 -1879046370 -1879046368 -1342175454 -1879046362 -1610610904 -1610610901 -1879046354 -1610610896 -1879046349 -1879046347 -1879046345 -1879046343 -1610610885 -1879046338 -1610610880 -1879046333 -1879046331 -1879046329 -1879046327 -1879046325 -1342175411 -1879046319 -1610610861 -1610610858 -1879046311 -1610610853 -1879046306 -1879046304 -1879046302 -1879046300 -1610610842 -1879046295 -1610610837 -1879046290 -1879046288 -1879046286 -1879046284 -1879046282 -1879046280 -1879046278 -1610610820 -1610610817 -1879046270 -1610610812 -1879046265 -1610610807 -1342175348 -1342175344 -1879046252 -1879046250 -1342175336 -1879046244 -1879046242 -1879046240 -1879046238 -1879046236 -1879046234 -1610610776 -1610610773 -1879046226 -1610610768 -1879046221 -1610610763 -1342175304 -1342175300 -1879046208 -1879046206 -1342175292 -1879046200 -1879046198 -1879046196 -1879046194 -1879046192 -1879046190 -1610610732 -1610610729 -1879046182 -1610610724 -1879046177 -1610610719 -1342175260 -1342175256 -1879046164 -1879046162 -1342175248 -1879046156 -1879046154 -1879046152 -1879046150 -1879046148 -1879046146 -1610610688 -1610610685 -1879046138 -1610610680 -1879046133 -1610610675 -1342175216 -1342175212 -1879046120 -1879046118 -1342175204 -1879046112 -1879046110 -1879046108 -1879046106 -1879046104 -1879046102 -1610610644 -1610610641 -1879046094 -1610610636 -1879046089 -1610610631 -1342175172 -1342175168 -1879046076 -1879046074 -1342175160 -1879046068 -1879046066 -1879046064 -1879046062 -1879046060 -1879046058 -1610610600 -1610610597 -1879046050 -1610610592 -1879046045 -1610610587 -1342175128 -1342175124 -1879046032 -1879046030 -1342175116 -1879046024 -1879046022 -1879046020 -1879046018 -1879046016 -1879046014 -1610610556 -1610610553 -1879046006 -1610610548 -1879046001 -1610610543 -1342175084 -1342175080 -1879045988 -1879045986 -1342175072 -1879045980 -1879045978 -1879045976 -1879045974 -1879045972 -1879045970 -1610610512 -1610610509 -1879045962 -1610610504 -1879045957 -1610610499 -1342175040 -1342175036 -1879045944 -1879045942 -1342175028 -1879045936 -1879045934 -1879045932 -1879045930 -1879045928 -1879045926 -1610610468 -1610610465 -1879045918 -1610610460 -1879045913 -1610610455 -1342174996 -1342174992 -1879045900 -1879045898 -1879045896 1 49 53 239 4 1009 149 1161 499 4 3157 200 3360 499 4 5356 124 5500 2 2 22 5544 24 5588 2 2 22 5632 24 5676 2 2 22 5720 24 5764 2 2 22 5808 24 5852 2 2 22 5896 24 5940 2 2 22 5984 24 6028 2 2 22 6072 24 6116 2 2 22 6160 24 6204 2 2 22 6248 24 6292 2 2 22 6336 24 6380 2 2 22 6424 24 6468 2 2 22 6512 53 6568 259 4 7604 102 7709 239 4 8665 49 8832 2 179 120 30312 2428 32743 1 32753 2 4 32763 2 7 32780 2 4 32790 2 7 32807 2 4 32817 2 7 32834 2 4 32844 2 7 32861 2 4 32871 2 7 32888 2 4 32898 2 7 32915 2 4 32925 2 7 32942 2 4 32952 2 7 32969 2 4 32979 2 7 32996 2 4 33006 2 7 33023 2 4 33033 2 7 33050 2 4 33060 2 7 33077 2 4 33087 2 7 33104 2 4 33114 2 7 33131 2 4 33141 2 7 33158 2 4 33168 2 7 33185 2 4 33195 2 7 33212 2 4 33222 2 7 33239 2 4 33249 2 7 33266 2 4 33276 1 33280 116 33416 2 36 22 34306 2 179 120 55786 2402 58208 2 35 22 58978 116 59099 1 59101 2 59111 1 2 15 59128 2 59138 1 2 15 59155 2 59165 1 2 15 59182 2 59192 1 2 15 59209 2 59219 1 2 15 59236 2 59246 1 2 15 59263 2 59273 1 2 15 59290 2 59300 1 2 15 59317 2 59327 1 2 15 59344 2 59354 1 2 15 59371 2 59381 1 2 15 59398 2 59408 1 2 15 59425 2 59435 1 2 15 59452 2 59462 1 2 15 59479 2 59489 1 2 15 59506 2 59516 1 2 15 59533 2 59543 1 2 15 59560 2 59570 1 2 15 59587 2 59597 1 2 15 59614 2 59624 1 59634 563 60238 2 2 60257 2 2 5 60265 1 60273 2 2 60287 2 4 60309 2 60417 1 60598 2 60636 1 60706 2 60709 3 60774 2 2 60793 2 2 5 60801 1 60809 2 2 60823 2 4 60845 2 60953 1 61134 2 61172 1 61242 2 61245 3 61310 2 2 61329 2 2 5 61337 1 61345 2 2 61359 2 4 61381 2 61489 1 61670 2 61708 1 61778 2 61781 3 61846 2 2 61865 2 2 5 61873 1 61881 2 2 61895 2 4 61917 2 62025 1 62206 2 62244 1 62314 2 62317 3 62382 2 2 62401 2 2 5 62409 1 62417 2 2 62431 2 4 62453 2 62561 1 62742 2 62780 1 62850 2 62853 3 62918 2 2 62937 2 2 5 62945 1 62953 2 2 62967 2 4 62989 2 63097 1 63278 2 63316 1 63386 2 63389 3 63454 2 2 63473 2 2 5 63481 1 63489 2 2 63503 2 4 63525 2 63633 1 63814 2 63852 1 63922 2 63925 3 63990 2 2 64009 2 2 5 64017 1 64025 2 2 64039 2 4 64061 2 64169 1 64350 2 64388 1 64458 2 64461 3 64526 2 2 64545 2 2 5 64553 1 64561 2 2 64575 2 4 64597 2 64705 1 64886 2 64924 1 64994 2 64997 3 65021 534 65561 2 5 65578 2 65583 2 2 65614 1 65616 4 65625 1 65667 2 65670 2 84 65905 1 2 107 66039 2 4 66059 2 4 66095 2 5 66112 2 66117 2 2 66148 1 66150 4 66159 1 66201 2 66204 2 84 66439 1 2 107 66573 2 4 66593 2 4 66629 2 5 66646 2 66651 2 2 66682 1 66684 4 66693 1 66735 2 66738 2 84 66973 1 2 107 67107 2 4 67127 2 4 67163 2 5 67180 2 67185 2 2 67216 1 67218 4 67227 1 67269 2 67272 2 84 67507 1 2 107 67641 2 4 67661 2 4 67697 2 5 67714 2 67719 2 2 67750 1 67752 4 67761 1 67803 2 67806 2 84 68041 1 2 107 68175 2 4 68195 2 4 68231 2 5 68248 2 68253 2 2 68284 1 68286 4 68295 1 68337 2 68340 2 84 68575 1 2 107 68709 2 4 68729 2 4 68765 2 5 68782 2 68787 2 2 68818 1 68820 4 68829 1 68871 2 68874 2 84 69109 1 2 107 69243 2 4 69263 2 4 69299 2 5 69316 2 69321 2 2 69352 1 69354 4 69363 1 69405 2 69408 2 84 69643 1 2 107 69777 2 4 69797 2 4 69833 2 5 69850 2 69855 2 2 69886 1 69888 4 69897 1 69939 2 69942 2 84 70177 1 2 107 70311 2 4 70331 2 4 70361 1 70387 3 70437 1 70450 6 70458 1 70528 2 2 5 70542 2 70547 2 5 70618 2 18 70769 3 70792 2 53 70920 5 70927 1 70935 11 71068 3 71072 2 2 71089 1 71095 2 5 72910 1 72936 3 72986 1 72999 6 73007 1 73077 2 2 5 73091 2 73096 2 5 73167 2 18 73318 3 73341 2 53 73469 5 73476 1 73484 11 73617 3 73621 2 2 73638 1 73644 2 5 75459 1 75485 3 75535 1 75548 6 75556 1 75626 2 2 5 75640 2 75645 2 5 75716 2 18 75867 3 75890 2 53 76018 5 76025 1 76033 11 76166 3 76170 2 2 76187 1 76193 2 5 78008 1 78034 3 78084 1 78097 6 78105 1 78175 2 2 5 78189 2 78194 2 5 78265 2 18 78416 3 78439 2 53 78567 5 78574 1 78582 11 78715 3 78719 2 2 78736 1 78742 2 5 80557 1 80583 3 80633 1 80646 6 80654 1 80724 2 2 5 80738 2 80743 2 5 80814 2 18 80965 3 80988 2 53 81116 5 81123 1 81131 11 81264 3 81268 2 2 81285 1 81291 2 5 83106 1 83132 3 83182 1 83195 6 83203 1 83273 2 2 5 83287 2 83292 2 5 83363 2 18 83514 3 83537 2 53 83665 5 83672 1 83680 11 83813 3 83817 2 2 83834 1 83840 2 5 85655 1 85681 3 85731 1 85744 6 85752 1 85822 2 2 5 85836 2 85841 2 5 85912 2 18 86063 3 86086 2 53 86214 5 86221 1 86229 11 86362 3 86366 2 2 86383 1 86389 2 5 88204 1 88230 3 88280 1 88293 6 88301 1 88371 2 2 5 88385 2 88390 2 5 88461 2 18 88612 3 88635 2 53 88763 5 88770 1 88778 11 88911 3 88915 2 2 88932 1 88938 2 5 90753 1 90779 3 90829 1 90842 6 90850 1 90920 2 2 5 90934 2 90939 2 5 91010 2 18 91161 3 91184 2 53 91312 5 91319 1 91327 11 91460 3 91464 2 2 91481 1 91487 2 5 93302 5093 98421 2 98470 1 98484 2 98488 1 98557 3 98572 1 98582 2 7 98597 2 67 98771 3 98799 2 2 98803 2 98806 2 47 98966 10 2 15 99100 1 2 9 99112 3 99129 2 99136 1 2 1801 100964 2 101013 1 101027 2 101031 1 101100 3 101115 1 101125 2 7 101140 2 67 101314 3 101342 2 2 101346 2 101349 2 47 101509 10 2 15 101643 1 2 9 101655 3 101672 2 101679 1 2 1801 103507 2 103556 1 103570 2 103574 1 103643 3 103658 1 103668 2 7 103683 2 67 103857 3 103885 2 2 103889 2 103892 2 47 104052 10 2 15 104186 1 2 9 104198 3 104215 2 104222 1 2 1801 106050 2 106099 1 106113 2 106117 1 106186 3 106201 1 106211 2 7 106226 2 67 106400 3 106428 2 2 106432 2 106435 2 47 106595 10 2 15 106729 1 2 9 106741 3 106758 2 106765 1 2 1801 108593 2 108642 1 108656 2 108660 1 108729 3 108744 1 108754 2 7 108769 2 67 108943 3 108971 2 2 108975 2 108978 2 47 109138 10 2 15 109272 1 2 9 109284 3 109301 2 109308 1 2 1801 111136 2 111185 1 111199 2 111203 1 111272 3 111287 1 111297 2 7 111312 2 67 111486 3 111514 2 2 111518 2 111521 2 47 111681 10 2 15 111815 1 2 9 111827 3 111844 2 111851 1 2 1801 113679 2 113728 1 113742 2 113746 1 113815 3 113830 1 113840 2 7 113855 2 67 114029 3 114057 2 2 114061 2 114064 2 47 114224 10 2 15 114358 1 2 9 114370 3 114387 2 114394 1 2 1801 116222 2 116271 1 116285 2 116289 1 116358 3 116373 1 116383 2 7 116398 2 67 116572 3 116600 2 2 116604 2 116607 2 47 116767 10 2 15 116901 1 2 9 116913 3 116930 2 116937 1 2 1801 118765 2 118814 1 118828 2 118832 1 118901 3 118916 1 118926 2 7 118941 2 67 119115 3 119143 2 2 119147 2 119150 2 47 119310 10 2 15 119444 1 2 9 119456 3 119473 2 119480 1 
0
TOP_PART
0
1
0
1
NDBR15
14
-2147483647
48 1 16 5 0 1 0 -1 -1 1056 1 -1879048189 7657 1056 
0
TOP_SURFACE
0
1
0
1
NDBR15
88
7701 7702 7703 7704 7749 7750 7751 7752 7797 7798 7799 7800 7845 7846 7847 7848 7893 7894 7895 7896 7941 7942 7943 7944 7989 7990 7991 7992 8037 8038 8039 8040 8085 8086 8087 8088 8133 8134 8135 8136 8181 8182 8183 8184 8229 8230 8231 8232 8277 8278 8279 8280 8325 8326 8327 8328 8373 8374 8375 8376 8421 8422 8423 8424 8469 8470 8471 8472 8517 8518 8519 8520 8565 8566 8567 8568 8613 8614 8615 8616 8661 8662 8663 8664 8709 8710 8711 8712 
0
WHOLE_PART
0
1
0
1
NDBR15
14
-2147483647
48 1 16 5 0 1 0 -1 -1 121280 1 -1879048189 1 121280 
0
ZSYMM
0
1
0
1
NDBR15
407
-2147483647
1620 1 16 398 0 1 0 -1 -1 13492 101 -1610612633 -1879048086 -1610612628 -1342177169 -1879048077 -1610612619 -1610612616 -1879048069 -1610612611 -1342177152 -1610612604 -1342177145 -1610612597 -1342177138 -1610612590 -1342177131 -1610612583 -1342177124 -1610612576 -1342177117 -1610612569 -1342177110 -1610612562 -1342177103 -1610612555 -1342177096 -1610612548 -1342177089 -1610612541 -1342177082 -1610612534 -1342177075 -1610612527 -1342177068 -1610612520 -1342177061 -1610612513 -1342177054 -1610612506 -1342177047 -1610612499 -1342177040 -1610612492 -1342177033 -1610612485 -1342177026 -1610612478 -1342177019 -1610612471 -1342177012 -1610612464 -1610612461 -1879047914 -1879047912 -1879047910 -1610612452 -1879047905 -1610612447 -1879047900 -1610612442 -1879047895 -1610612437 -1879047890 -1610612432 -1879047885 -1610612427 -1879047880 -1610612422 -1879047875 -1610612417 -1879047870 -1610612412 -1879047865 -1610612407 -1879047860 -1610612402 -1879047855 -1610612397 -1879047850 -1610612392 -1879047845 -1610612387 -1879047840 -1610612382 -1879047835 -1610612377 -1879047830 -1610612372 -1879047825 -1610612367 -1879047820 -1610612362 -1879047815 -1610612357 -1879047810 -1610612352 -1879047805 -1610612347 -1879047800 -1879047798 -1879047796 4 813 4 3256 2 3261 549 4 5523 22 11 88 6491 23 6517 285 4 7660 263 4 8712 2401 32713 2 2 32729 1 2 6 32740 2 2 32756 1 2 6 32767 2 2 32783 1 2 6 32794 2 2 32810 1 2 6 32821 2 2 32837 1 2 6 32848 2 2 32864 1 2 6 32875 2 2 32891 1 2 6 32902 2 2 32918 1 2 6 32929 2 2 32945 1 2 6 32956 2 2 32972 1 2 6 32983 2 2 32999 1 2 6 33010 2 2 33026 1 2 6 33037 2 2 33053 1 2 6 33064 2 2 33080 1 2 6 33091 2 2 33107 1 2 6 33118 2 2 33134 1 2 6 33145 2 2 33161 1 2 6 33172 2 2 33188 1 2 6 33199 2 2 33215 1 2 6 33226 2 2 33242 1 2 6 33253 2 2 33269 1 2 6 33280 2 2 33296 2 6 34099 2488 58187 88 59067 1 59076 3 5 59094 1 59103 3 5 59121 1 59130 3 5 59148 1 59157 3 5 59175 1 59184 3 5 59202 1 59211 3 5 59229 1 59238 3 5 59256 1 59265 3 5 59283 1 59292 3 5 59310 1 59319 3 5 59337 1 59346 3 5 59364 1 59373 3 5 59391 1 59400 3 5 59418 1 59427 3 5 59445 1 59454 3 5 59472 1 59481 3 5 59499 1 59508 3 5 59526 1 59535 3 5 59553 1 59562 3 5 59580 1 59589 3 5 59607 1 59616 3 5 59634 1 59643 3 5 64485 536 69827 3083 118738 2543 
0
1
NDBR15
1
SET-1
0
1
14
-2147483647
48 1 16 5 0 1 0 -1 -1 121280 1 -1879048189 1 121280 
0
0
0
6
BOTTOM_PART
0
1
0
1
NDBR15
41
-2147483647
156 1 16 32 0 1 0 -1 -1 1495 8 -1342177270 -1879048178 -1342177264 -1342177260 -1879048168 -1879048166 -1879048164 -1879048162 3 2 2 3 21 4 75 3 2 28 117 21 2 42 537 92 2616 63 5172 591 25087 693 
0
HYDROGEN_SURFACE
0
1
0
1
NDBR15
147
-2147483647
580 1 16 138 0 1 0 -1 -1 17092 44 -1879048146 -1879048144 -1879048142 -1879048140 -1879048138 -1879048136 -1879048134 -1879048132 -1879048130 -1879048128 -1879048126 -1879048124 -1879048122 -1879048120 -1879048118 -1879048116 -1879048114 -1879048112 -1879048110 -1879048108 -1879048106 -1879048104 -1879048102 -1342177188 -1879048096 -1879048094 -1879048092 -1879048090 -1879048088 -1879048086 -1879048084 -1879048082 -1879048080 -1879048078 -1879048076 -1879048074 -1879048072 -1879048070 -1879048068 -1879048066 -1342177152 -1879048060 -1879048058 -1879048056 1 158 201 150 393 102 516 45 582 101 704 92 817 137 1192 19 1330 367 1718 63 1802 79 1902 3 1926 396 2679 648 3957 144 4605 504 5235 297 5763 72 6087 252 6402 297 10325 2432 14899 268 15419 63 15545 27 2 216 18049 2603 20715 90 21183 61 21307 63 70083 140 70264 511 71269 126 76059 4 76109 59 76375 569 77436 143 82631 215 84005 2678 86825 100 109430 158 110348 480 110830 4 2 9 110844 200 111198 1643 114356 498 
0
TOP_PART
0
1
0
1
NDBR15
28
-2147483647
104 1 16 19 0 1 0 -1 -1 1495 5 -1879048185 -1342177271 -1879048179 -1879048177 -1879048175 25 8 641 3 2 27 683 134 6339 654 26536 693 
0
TOP_SURFACE
0
1
0
1
NDBR15
115
29 30 31 32 736 737 738 761 762 763 775 776 777 778 779 780 781 782 783 784 785 786 787 788 789 790 791 792 793 794 795 796 797 798 799 800 801 802 803 804 805 806 807 808 809 810 811 812 813 814 815 816 6930 6931 6932 6933 6934 6935 6936 6937 6938 6939 6940 6941 6942 6943 6944 6945 6946 6947 6948 6949 6950 6951 6952 6953 6954 6955 6956 6957 6958 6959 6960 6961 6962 6963 6964 6965 6966 6967 6968 6969 6970 6971 6972 6973 6974 6975 6976 6977 6978 6979 6980 6981 6982 6983 6984 6985 6986 6987 6988 6989 6990 6991 6992 
0
WHOLE_PART
0
1
0
1
NDBR15
14
-2147483647
48 1 16 5 0 1 0 -1 -1 136786 1 -1879048189 1 136786 
0
ZSYMM
0
1
0
1
NDBR15
201
-2147483647
796 1 16 192 0 1 0 -1 -1 13744 56 -1342177222 -1342177218 -1610612670 -1879048123 -1879048121 -1879048119 -1879048117 -1879048115 -1610612657 -1879048110 -1342177196 -1879048104 -1342177190 -1879048098 -1879048096 -1879048094 -1879048092 -1342177178 -1879048086 -1879048084 -1342177170 -1879048078 -1879048076 -1879048074 -1879048072 -1879048070 -1879048068 -1879048066 -1342177152 -1879048060 -1342177146 -1879048054 -1879048052 -1879048050 -1879048048 -1342177134 -1879048042 -1342177128 -1879048036 -1879048034 -1879048032 -1879048030 -1879048028 -1879048026 -1879048024 -1879048022 -1879048020 -1879048018 -1879048016 -1879048014 -1879048012 -1879048010 -1879048008 -1879048006 -1879048004 -1879048002 2 2 2 3 10 2 2 3 18 2 2 23 2 26 1 28 2 31 1 35 6 45 2 3 51 6 64 11 2 28 159 42 204 24 2 54 351 42 420 24 471 45 561 21 585 11 2 22 644 12 671 33 725 11 2 25 796 21 954 395 1661 3 1697 21 1730 3 1778 65 1881 48 2013 3 2 9 2322 231 3327 504 2 774 5532 231 5835 252 6699 231 8064 2261 15356 63 2 126 15788 2261 20652 63 2 592 70197 3 70204 60 70775 494 76061 2 76068 41 76525 2 76532 18 76944 492 82007 624 82846 1159 86683 142 86875 568 109588 760 110828 2 110834 5 110843 51 111044 154 112841 1515 
0
1
NDBR15
1
SET-1
0
1
14
-2147483647
48 1 16 5 0 1 0 -1 -1 136786 1 -1879048189 1 136786 
0
0
0
0
0
