1
0
1
ASSEMBLY
1
PLATE_MODEL_2D-1
PLATE_MODEL_2D
1
PLATE_MODEL_2D-1
14
-2147483646
0
48 1 16 5 0 1 0 -1 -1 6949 1 -1879048189 1 6949 
14
48 1 16 5 0 1 0 -1 -1 6949 1 -1879048189 1 6949 
0
1
PLATE_MODEL_2D-1
14
-2147483646
0
48 1 16 5 0 1 0 -1 -1 6776 1 -1879048189 1 6776 
14
48 1 16 5 0 1 0 -1 -1 6776 1 -1879048189 1 6776 
0
3
BOTTOM_ENCASTRE
0
1
0
1
PLATE_MODEL_2D-1
132
4031 4032 4033 4034 4035 4036 4037 4038 4039 4040 4041 4042 4043 4044 4045 4046 4047 4048 4049 4050 4051 4052 4053 4054 4055 4056 4057 4058 4059 4060 4061 4062 4063 4064 4065 4066 4067 4068 4069 4070 4071 4072 4073 4074 4075 4076 4077 4078 4079 4080 6227 6228 6229 6230 6231 6232 6233 6234 6235 6236 6237 6238 6239 6240 6241 6242 6243 6244 6245 6246 6247 6248 6249 6250 6251 6252 6253 6254 6255 6256 6257 6258 6259 6260 6261 6262 6263 6264 6265 6266 6267 6268 6269 6270 6271 6272 6273 6274 6275 6276 6277 6278 6279 6280 6281 6282 6283 6284 6285 6286 6287 6288 6289 6290 6291 6292 6293 6294 6295 6296 6573 6574 6575 6576 6577 6578 6579 6580 6581 6582 6583 6584 
0
HYDROGEN_CHARGED_EDGE
0
1
0
1
PLATE_MODEL_2D-1
156
2831 2832 2833 2834 2835 2836 2837 2838 2839 2840 2841 2842 2843 2844 2845 2846 2847 2848 2849 2850 2851 2852 2853 2854 2855 2856 2857 2858 2859 2860 2861 2862 2863 2864 2865 2866 2867 2868 2869 2870 2871 2872 2873 2874 2875 2876 2877 2878 2879 2880 5095 5096 5097 5098 5099 5100 5101 5102 5103 5104 5105 5106 5107 5108 5109 5110 5111 5112 5113 5114 5115 5116 5117 5118 5119 5120 5121 5122 5123 5124 5125 5126 5127 5128 5129 5130 5131 5132 5133 5134 5135 5136 5137 5138 5139 5140 5141 5142 5143 5144 5145 5146 5147 5148 5149 5150 5151 5152 5153 5154 5155 5156 5157 5158 5159 5160 5161 5162 5163 5164 6308 6320 6332 6344 6356 6368 6380 6392 6404 6416 6428 6440 6452 6464 6476 6488 6500 6512 6524 6536 6548 6560 6572 6584 6644 6656 6668 6680 6692 6704 6716 6728 6740 6752 6764 6776 
0
WHOLE_PLATE
0
1
0
1
PLATE_MODEL_2D-1
14
-2147483647
48 1 16 5 0 1 0 -1 -1 6776 1 -1879048189 1 6776 
0
1
PLATE_MODEL_2D-1
1
SET-1
0
1
14
-2147483647
48 1 16 5 0 1 0 -1 -1 6776 1 -1879048189 1 6776 
0
0
0
4
BOTTOM_ENCASTRE
0
1
0
1
PLATE_MODEL_2D-1
133
17 18 21 23 646 647 648 649 650 651 652 653 654 655 656 657 658 659 660 661 662 663 664 665 666 667 668 669 670 671 672 673 674 675 676 677 678 679 680 681 682 683 684 685 686 687 688 689 690 691 692 693 694 837 838 839 840 841 842 843 844 845 846 847 848 849 850 851 852 853 854 855 856 857 858 859 860 861 862 863 864 865 866 867 868 869 870 871 872 873 874 875 876 877 878 879 880 881 882 883 884 885 886 887 888 889 890 891 892 893 894 895 896 897 898 899 900 901 902 903 904 905 940 941 942 943 944 945 946 947 948 949 950 
0
HYDROGEN_CHARGED_EDGE
0
1
0
1
PLATE_MODEL_2D-1
157
12 13 20 22 23 455 456 457 458 459 460 461 462 463 464 465 466 467 468 469 470 471 472 473 474 475 476 477 478 479 480 481 482 483 484 485 486 487 488 489 490 491 492 493 494 495 496 497 498 499 500 501 502 503 726 727 728 729 730 731 732 733 734 735 736 737 738 739 740 741 742 743 744 745 746 747 748 749 750 751 752 753 754 755 756 757 758 759 760 761 762 763 764 765 766 767 768 769 770 771 772 773 774 775 776 777 778 779 780 781 782 783 784 785 786 787 788 789 790 791 792 793 794 917 918 919 920 921 922 923 924 925 926 927 928 929 930 931 932 933 934 935 936 937 938 939 951 952 953 954 955 956 957 958 959 960 961 
0
OUTERN
0
1
0
1
PLATE_MODEL_2D-1
56
7 10 11 12 15 16 384 385 386 387 388 389 390 391 392 393 394 444 445 446 447 448 449 450 451 452 453 454 564 565 566 567 568 569 570 571 572 573 574 695 696 697 698 699 700 701 702 703 704 705 709 710 711 820 821 822 
0
WHOLE_PLATE
0
1
0
1
PLATE_MODEL_2D-1
14
-2147483647
48 1 16 5 0 1 0 -1 -1 6949 1 -1879048189 1 6949 
0
1
PLATE_MODEL_2D-1
1
SET-1
0
1
14
-2147483647
48 1 16 5 0 1 0 -1 -1 6949 1 -1879048189 1 6949 
0
0
0
0
0
