1
0
1
ASSEMBLY
1
ROUND_NOTCHED_SPECIMEN_TEST-1
ROUND_NOTCHED_SPECIMEN_TEST
1
ROUND_NOTCHED_SPECIMEN_TEST-1
14
-2147483646
0
48 1 16 5 0 1 0 -1 -1 43301 1 -1879048189 1 43301 
14
48 1 16 5 0 1 0 -1 -1 43301 1 -1879048189 1 43301 
0
1
ROUND_NOTCHED_SPECIMEN_TEST-1
14
-2147483646
0
48 1 16 5 0 1 0 -1 -1 39858 1 -1879048189 1 39858 
14
48 1 16 5 0 1 0 -1 -1 39858 1 -1879048189 1 39858 
0
1
BOTTOM
0
1
0
1
ROUND_NOTCHED_SPECIMEN_TEST-1
14
-2147483647
48 1 16 5 0 1 0 -1 -1 949 1 -1879048189 27522 949 
0
1
ROUND_NOTCHED_SPECIMEN_TEST-1
5
Outer Surface
0
1
372
-2147483647
1480 1 16 363 0 1 0 -1 -1 3655 22 -1073741800 -268435425 -268435409 -268435387 -268435365 -268435343 -268435321 -1073741673 -268435298 -1073741650 -268435275 -1073741627 -268435252 -1073741604 -268435229 -1073741581 -1073741544 -1073741536 -268435161 -268435145 -268435123 -1073741469 2 160 470893355 -47508312 2948093 -1840164416 85346080 930 192 2 960 1700790272 -1794932184 2143266146 939525535 -468563414 41672 1158458368 -1403871120 -1276119052 1162280960 1495040585 20 2818 192 3 960 -2147483648 235446677 -23754156 1474046 1227401440 42673040 850395136 1250017556 -1075850575 469762767 1913201941 20836 579229184 1445548088 1509424122 -1566343168 747520292 10 5666 192 3 960 -1073741824 117723338 2135606570 737023 613700720 21336520 425197568 -1522474870 -537925288 -1912602265 956600970 10418 289614592 722774044 754712061 1364312064 373760146 5 8514 192 3 960 1610612736 58861669 -1079680363 368511 306850360 10668260 212598784 1386246213 -268962644 1191182515 478300485 5209 144807296 -1786096626 377356030 682156032 -1960603575 2 11362 192 3 960 -1342177280 -2118052814 -539840182 184255 153425180 5334130 -2041184256 693123106 -134481322 -1551892391 -1908333406 2604 72403648 1254435335 188678015 -1806405632 1167181860 1 14210 192 2 960 1476395008 1088457241 -269920091 92127 76712590 2667065 1126891520 346561553 -67240661 1371537452 1193316945 1302 16130 160 -2111281824 -1520265981 94339007 1244280832 -1563892718 17058 192 2 960 -1409286144 -1603255028 -134960046 46063 -2109127353 1333532 -1584037888 -1974202872 2113863317 -1461714922 596658472 651 18978 160 -1055640912 -760132991 47169503 622140416 1365537289 19906 192 2 960 1442840576 1345856134 -67480023 -2147460617 1092919971 666766 1355464704 -987101436 1056931658 1416626187 -1849154412 325 21826 160 -527820456 -380066496 23584751 -1836413440 682768644 22754 192 2 960 721420288 -1474555581 -33740012 -1073730309 546459985 333383 677732352 1653932930 -1619017819 708313093 -924577206 162 24674 160 1883573420 -190033248 11792375 1229276928 341384322 25602 192 2 960 -1786773504 1410205857 -16870006 -536865155 -1874253656 166691 338866176 -1320517183 -809508910 354156546 1685195045 81 27522 1120 -1 -1 -1 -1 -1 -1 -1 -1 -1 -1 -1 -1 -1 -1 -1 -1 -1 -1 -1 -1 -1 -1 -1 -1 -1 -1 -1 -1 -1 -891289601 705102928 -8435003 1879051070 -937126828 83345 29410 192 -1978050560 1487225056 1742729193 -1970405375 -1304886126 40 30370 160 470893355 -47508312 2948093 -1840164416 85346080 31298 192 2 960 1700790272 -1794932184 2143266146 939525535 -468563414 41672 1158458368 -1403871120 -1276119052 1162280960 1495040585 20 33186 192 3 960 -2147483648 235446677 -23754156 1474046 1227401440 42673040 850395136 1250017556 -1075850575 469762767 1913201941 20836 579229184 1445548088 1509424122 -1566343168 747520292 10 36034 192 3 960 -1073741824 117723338 2135606570 737023 613700720 21336520 425197568 -1522474870 -537925288 -1912602265 956600970 10418 289614592 722774044 754712061 1364312064 373760146 5 38882 192 1610612736 58861669 -1079680363 368511 306850360 10668260 
0
0
TOP
0
1
14
-2147483647
48 1 16 5 0 1 0 -1 -1 949 1 -1879048189 38910 949 
0
0
WHOLE_PART
0
1
14
-2147483647
48 1 16 5 0 1 0 -1 -1 39858 1 -1879048189 1 39858 
0
0
XSYMM
0
1
825
-2147483647
3292 1 16 816 0 1 0 -1 -1 1008 22 -1073741800 -268435423 -268435385 -268435347 -268435292 -268435237 -268435182 -1073741512 -268435124 -1073741454 -268435066 -1073741396 -268435008 -1073741338 -268434950 -1073741280 -268434892 -268434854 -268434799 -268434744 -268434689 -1073741019 17 224 4233 0 73400320 33296 75497472 4 1048576 657 544 2 928 16 0 0 33554432 1572864 0 0 536872960 1108 287309824 2 0 1107332096 16 8425472 0 512 33554432 0 0 0 16384 768 0 0 -1971060735 0 4334592 0 -2147483648 34095121 0 4114 1073741824 2545 544 2 960 16384 0 0 0 1610612744 0 0 2097152 1134720 -2147483648 2116 0 36700160 16648 37748736 2 524288 8 0 0 16777216 786432 0 0 268436480 554 143654912 1 0 553666048 8 4212736 0 256 4433 544 3 960 16777216 0 0 0 8192 384 0 -2147483648 1161953280 0 2167296 0 -1073741824 17047560 0 2057 536870912 8192 0 0 0 805306372 0 0 1048576 567360 1073741824 1058 0 18350080 8324 18874368 1 262144 4 0 0 8388608 393216 0 0 134218240 277 -2075656192 0 0 276833024 4 2106368 0 128 7281 544 3 960 8388608 0 0 0 4096 192 0 1073741824 580976640 0 1083648 0 1610612736 8523780 -2147483648 1028 268435456 4096 0 0 0 402653186 0 0 524288 283680 536870912 529 0 9175040 4162 -2138046464 0 131072 2 0 0 4194304 196608 0 0 -2080374528 138 1109655552 0 0 138416512 2 1053184 0 64 10129 544 3 960 4194304 0 0 0 2048 96 0 536870912 290488320 0 541824 0 805306368 4261890 1073741824 514 134217728 2048 0 0 0 201326593 0 0 262144 141840 -1879048192 264 0 4587520 2081 1078460416 0 65536 1 0 0 2097152 98304 0 0 1107296384 69 554827776 0 0 69208256 1 526592 0 32 12977 544 2 960 2097152 0 0 0 1024 48 0 268435456 145244160 0 270912 0 402653184 2130945 536870912 257 67108864 1024 0 0 -2147483648 100663296 0 0 131072 70920 1207959552 132 0 -2145189888 1040 539230208 0 32768 14865 576 -2147483648 0 0 0 1048576 49152 0 0 -1593835456 34 277413888 0 0 -2112879520 0 263296 0 16 15825 544 2 960 1048576 0 0 0 512 24 0 134217728 72622080 0 135456 0 -1946157056 1065472 -1879048192 128 33554432 512 0 0 1073741824 50331648 0 0 65536 35460 603979776 66 0 1074888704 520 269615104 0 16384 17713 576 1073741824 0 0 0 524288 24576 0 0 1350565920 17 138706944 0 0 1091043888 0 131648 0 8 18673 544 2 960 524288 0 0 0 256 12 0 67108864 36311040 0 67728 0 1174405120 532736 1207959552 64 16777216 256 0 0 536870912 25165824 0 0 32768 17730 301989888 33 0 537444352 260 134807552 0 8192 20561 576 536870912 0 0 0 262144 12288 0 0 -1472200688 8 69353472 0 0 545521944 0 65824 0 4 21521 544 2 960 262144 0 0 0 128 6 0 33554432 18155520 0 33864 0 587202560 266368 603979776 32 8388608 128 0 0 268435456 12582912 0 0 16384 8865 -1996488704 16 0 268722176 130 67403776 0 4096 23409 576 268435456 0 0 0 131072 6144 0 0 1411383304 4 34676736 0 0 272760972 0 32912 0 2 24369 544 2 960 131072 0 0 0 64 3 0 16777216 9077760 0 16932 0 293601280 133184 301989888 16 4194304 64 0 0 134217728 6291456 0 0 -2147475456 4432 1149239296 8 0 134361088 65 33701888 0 2048 26257 576 134217728 0 0 0 65536 3072 0 0 705691652 2 17338368 0 0 136380486 0 16456 0 1 27217 544 2 960 65536 0 0 0 -2147483616 1 0 8388608 4538880 0 8466 0 146800640 66592 150994944 8 2097152 32 0 0 67108864 3145728 0 0 1073745920 2216 574619648 4 0 -2080303104 32 16850944 0 1024 29105 544 3 960 67108864 0 0 0 32768 1536 0 0 352845826 1 8669184 0 0 68190243 0 8228 -2147483648 32768 0 0 0 -1073741808 0 0 4194304 2269440 0 4233 0 73400320 33296 75497472 4 1048576 16 0 0 33554432 1572864 0 0 536872960 1108 287309824 2 0 1107332096 16 8425472 0 512 31953 544 3 960 33554432 0 0 0 16384 768 0 0 -1971060735 0 4334592 0 -2147483648 34095121 0 4114 1073741824 16384 0 0 0 1610612744 0 0 2097152 1134720 -2147483648 2116 0 36700160 16648 37748736 2 524288 8 0 0 16777216 786432 0 0 268436480 554 143654912 1 0 553666048 8 4212736 0 256 34801 544 3 960 16777216 0 0 0 8192 384 0 -2147483648 1161953280 0 2167296 0 -1073741824 17047560 0 2057 536870912 8192 0 0 0 805306372 0 0 1048576 567360 1073741824 1058 0 18350080 8324 18874368 1 262144 4 0 0 8388608 393216 0 0 134218240 277 -2075656192 0 0 276833024 4 2106368 0 128 37649 544 2 960 8388608 0 0 0 4096 192 0 1073741824 580976640 0 1083648 0 1610612736 8523780 -2147483648 1028 268435456 4096 0 0 0 402653186 0 0 524288 283680 536870912 529 0 9175040 4162 -2138046464 0 131072 39569 288 2 0 0 4194304 196608 0 0 -2080374528 138 
0
0
ZSYMM
0
1
1010
-2147483647
4032 0 1 30 31 36 42 103 155 169 195 231 294 296 300 311 600 662 719 842 895 898 902 903 909 911 950 979 980 985 991 1052 1104 1118 1144 1180 1243 1245 1249 1260 1549 1611 1668 1791 1844 1847 1851 1852 1858 1860 1899 1928 1929 1934 1940 2001 2053 2067 2093 2129 2192 2194 2198 2209 2498 2560 2617 2740 2793 2796 2800 2801 2807 2809 2848 2877 2878 2883 2889 2950 3002 3016 3042 3078 3141 3143 3147 3158 3447 3509 3566 3689 3742 3745 3749 3750 3756 3758 3797 3826 3827 3832 3838 3899 3951 3965 3991 4027 4090 4092 4096 4107 4396 4458 4515 4638 4691 4694 4698 4699 4705 4707 4746 4775 4776 4781 4787 4848 4900 4914 4940 4976 5039 5041 5045 5056 5345 5407 5464 5587 5640 5643 5647 5648 5654 5656 5695 5724 5725 5730 5736 5797 5849 5863 5889 5925 5988 5990 5994 6005 6294 6356 6413 6536 6589 6592 6596 6597 6603 6605 6644 6673 6674 6679 6685 6746 6798 6812 6838 6874 6937 6939 6943 6954 7243 7305 7362 7485 7538 7541 7545 7546 7552 7554 7593 7622 7623 7628 7634 7695 7747 7761 7787 7823 7886 7888 7892 7903 8192 8254 8311 8434 8487 8490 8494 8495 8501 8503 8542 8571 8572 8577 8583 8644 8696 8710 8736 8772 8835 8837 8841 8852 9141 9203 9260 9383 9436 9439 9443 9444 9450 9452 9491 9520 9521 9526 9532 9593 9645 9659 9685 9721 9784 9786 9790 9801 10090 10152 10209 10332 10385 10388 10392 10393 10399 10401 10440 10469 10470 10475 10481 10542 10594 10608 10634 10670 10733 10735 10739 10750 11039 11101 11158 11281 11334 11337 11341 11342 11348 11350 11389 11418 11419 11424 11430 11491 11543 11557 11583 11619 11682 11684 11688 11699 11988 12050 12107 12230 12283 12286 12290 12291 12297 12299 12338 12367 12368 12373 12379 12440 12492 12506 12532 12568 12631 12633 12637 12648 12937 12999 13056 13179 13232 13235 13239 13240 13246 13248 13287 13316 13317 13322 13328 13389 13441 13455 13481 13517 13580 13582 13586 13597 13886 13948 14005 14128 14181 14184 14188 14189 14195 14197 14236 14265 14266 14271 14277 14338 14390 14404 14430 14466 14529 14531 14535 14546 14835 14897 14954 15077 15130 15133 15137 15138 15144 15146 15185 15214 15215 15220 15226 15287 15339 15353 15379 15415 15478 15480 15484 15495 15784 15846 15903 16026 16079 16082 16086 16087 16093 16095 16134 16163 16164 16169 16175 16236 16288 16302 16328 16364 16427 16429 16433 16444 16733 16795 16852 16975 17028 17031 17035 17036 17042 17044 17083 17112 17113 17118 17124 17185 17237 17251 17277 17313 17376 17378 17382 17393 17682 17744 17801 17924 17977 17980 17984 17985 17991 17993 18032 18061 18062 18067 18073 18134 18186 18200 18226 18262 18325 18327 18331 18342 18631 18693 18750 18873 18926 18929 18933 18934 18940 18942 18981 19010 19011 19016 19022 19083 19135 19149 19175 19211 19274 19276 19280 19291 19580 19642 19699 19822 19875 19878 19882 19883 19889 19891 19930 19959 19960 19965 19971 20032 20084 20098 20124 20160 20223 20225 20229 20240 20529 20591 20648 20771 20824 20827 20831 20832 20838 20840 20879 20908 20909 20914 20920 20981 21033 21047 21073 21109 21172 21174 21178 21189 21478 21540 21597 21720 21773 21776 21780 21781 21787 21789 21828 21857 21858 21863 21869 21930 21982 21996 22022 22058 22121 22123 22127 22138 22427 22489 22546 22669 22722 22725 22729 22730 22736 22738 22777 22806 22807 22812 22818 22879 22931 22945 22971 23007 23070 23072 23076 23087 23376 23438 23495 23618 23671 23674 23678 23679 23685 23687 23726 23755 23756 23761 23767 23828 23880 23894 23920 23956 24019 24021 24025 24036 24325 24387 24444 24567 24620 24623 24627 24628 24634 24636 24675 24704 24705 24710 24716 24777 24829 24843 24869 24905 24968 24970 24974 24985 25274 25336 25393 25516 25569 25572 25576 25577 25583 25585 25624 25653 25654 25659 25665 25726 25778 25792 25818 25854 25917 25919 25923 25934 26223 26285 26342 26465 26518 26521 26525 26526 26532 26534 26573 26602 26603 26608 26614 26675 26727 26741 26767 26803 26866 26868 26872 26883 27172 27234 27291 27414 27467 27470 27474 27475 27481 27483 27522 27551 27552 27557 27563 27624 27676 27690 27716 27752 27815 27817 27821 27832 28121 28183 28240 28363 28416 28419 28423 28424 28430 28432 28471 28500 28501 28506 28512 28573 28625 28639 28665 28701 28764 28766 28770 28781 29070 29132 29189 29312 29365 29368 29372 29373 29379 29381 29420 29449 29450 29455 29461 29522 29574 29588 29614 29650 29713 29715 29719 29730 30019 30081 30138 30261 30314 30317 30321 30322 30328 30330 30369 30398 30399 30404 30410 30471 30523 30537 30563 30599 30662 30664 30668 30679 30968 31030 31087 31210 31263 31266 31270 31271 31277 31279 31318 31347 31348 31353 31359 31420 31472 31486 31512 31548 31611 31613 31617 31628 31917 31979 32036 32159 32212 32215 32219 32220 32226 32228 32267 32296 32297 32302 32308 32369 32421 32435 32461 32497 32560 32562 32566 32577 32866 32928 32985 33108 33161 33164 33168 33169 33175 33177 33216 33245 33246 33251 33257 33318 33370 33384 33410 33446 33509 33511 33515 33526 33815 33877 33934 34057 34110 34113 34117 34118 34124 34126 34165 34194 34195 34200 34206 34267 34319 34333 34359 34395 34458 34460 34464 34475 34764 34826 34883 35006 35059 35062 35066 35067 35073 35075 35114 35143 35144 35149 35155 35216 35268 35282 35308 35344 35407 35409 35413 35424 35713 35775 35832 35955 36008 36011 36015 36016 36022 36024 36063 36092 36093 36098 36104 36165 36217 36231 36257 36293 36356 36358 36362 36373 36662 36724 36781 36904 36957 36960 36964 36965 36971 36973 37012 37041 37042 37047 37053 37114 37166 37180 37206 37242 37305 37307 37311 37322 37611 37673 37730 37853 37906 37909 37913 37914 37920 37922 37961 37990 37991 37996 38002 38063 38115 38129 38155 38191 38254 38256 38260 38271 38560 38622 38679 38802 38855 38858 38862 38863 38869 38871 38910 38939 38940 38945 38951 39012 39064 39078 39104 39140 39203 39205 39209 39220 39509 39571 39628 39751 39804 39807 39811 39812 39818 39820 
0
0
0
1
BOTTOM
0
1
0
1
ROUND_NOTCHED_SPECIMEN_TEST-1
14
-2147483647
48 1 16 5 0 1 0 -1 -1 1007 1 -1879048189 30211 1007 
0
1
ROUND_NOTCHED_SPECIMEN_TEST-1
5
Outer Surface
0
1
296
-2147483647
1176 1 16 287 0 1 0 -1 -1 3821 22 -1073741800 -268435427 -268435415 -268435403 -268435391 -268435379 -1073741735 -1073741730 -1073741724 -1073741719 -1073741713 -268435340 -268435328 -268435316 -268435304 -268435292 -1073741648 -1073741643 -1073741637 -1073741632 -1073741626 -1073741546 2 96 -2147483393 -1 67108863 994 128 2 992 8355840 -16384 -1 511 -1073741824 -536870849 -1 16777215 3010 128 2 992 2088960 -4096 -1 127 -268435456 -134217713 -1 4194303 5026 128 2 992 522240 -1024 -1 31 -67108864 -33554429 -1 1048575 7042 128 2 992 130560 -256 -1 7 -16777216 -8388608 -1 262143 9058 128 2 992 32640 -64 -1 1 1069547520 -2097152 -1 65535 11074 96 8160 -16 2147483647 12066 128 267386880 -524288 -1 16383 13090 96 2040 -4 536870911 14082 128 66846720 -131072 -1 4095 15106 96 510 -1 134217727 16098 128 2 992 16711680 -32768 -1 1023 -2147483648 -1073741697 -1 33554431 18114 128 2 992 4177920 -8192 -1 255 -536870912 -268435425 -1 8388607 20130 128 2 992 1044480 -2048 -1 63 -134217728 -67108857 -1 2097151 22146 128 2 992 261120 -512 -1 15 -33554432 -16777215 -1 524287 24162 128 2 992 65280 -128 -1 3 2139095040 -4194304 -1 131071 26178 96 16320 -32 -1 27170 128 534773760 -1048576 -1 32767 28194 96 4080 -8 1073741823 29186 128 133693440 -262144 -1 8191 30210 2496 -2 -1 -1 -1 -1 -1 -1 -1 -1 -1 -1 -1 -1 -1 -1 -1 -1 -1 -1 -1 -1 -1 -1 -1 -1 -1 -1 -1 -1 -1 -1 65535 2097150 0 -4194304 -1 8388607 -64978952 -50331537 524287 -33481984 -1478523905 48 64512 262143 0 -2013528064 837 671088640 230219498 -1024 16777215 0 -1073741824 268434431 133807104 -134217728 536870911 524160 983040 -1073610880 -15 4095 -8 -536767489 7 -4194304 0 -1024 1073741823 0 0 0 -10108 -4194273 33425407 -1081344 200641 33282 224 -256 -1 -1 -1 -1 -1 31 
0
0
TOP
0
1
75
-2147483647
292 1 16 66 0 1 0 -1 -1 1007 2 -1073741820 -1073741781 31218 1184 131071 -32 -1 63 0 -2146967552 -36699993 767 -972029960 504 -3270624 67108863 32768 -4 134217727 3686400 0 689393664 -3520 131071 -256 -1 268427263 1074790400 2048 2080376824 8380416 -512 0 1966080 -268435456 524287 1342177280 16769024 0 536870848 66060288 32530 672 587464704 14680064 -134217728 2147483137 -268435440 -262017 -1 -1 -1 -1 -1 -1 -1 -1 -1 -1 -1 -1 -1 -1 31 
0
0
WHOLE_PART
0
1
14
-2147483647
48 1 16 5 0 1 0 -1 -1 43301 1 -1879048189 1 43301 
0
0
XSYMM
0
1
193
-2147483647
764 1 16 184 0 1 0 -1 -1 1075 18 -1073741804 -268435433 -268435425 -268435417 -268435409 -268435401 -268435393 -268435385 -268435377 -268435367 -268435359 -268435351 -268435343 -268435335 -268435327 -1073741687 -1073741683 -1073741667 1 32 -509 993 64 2 992 -16678912 32767 -1073741824 1073741696 3009 64 2 992 -4169728 8191 805306368 268435424 5025 64 2 992 -1042432 2047 201326592 67108856 7041 64 2 992 -260608 511 50331648 16777214 9057 64 2 992 -65152 127 -2134900736 4194303 11073 64 2 992 -16288 31 -533725184 1048575 13089 64 2 992 -4072 7 -133431296 262143 15105 64 3 992 -1018 1 -33357824 65535 -2147483648 2147483393 18113 64 2 992 -8339456 16383 1610612736 536870848 20129 64 2 992 -2084864 4095 402653184 134217712 22145 64 2 992 -521216 1023 100663296 33554428 24161 64 2 992 -130304 255 25165824 8388607 26177 64 2 992 -32576 63 -1067450368 2097151 28193 64 2 992 -8144 15 -266862592 524287 30209 64 -2036 3 31361 448 1056964608 9437184 1024 -512 511 -1879048192 0 -131072 0 0 520192 36 0 1 31937 800 -536870912 -536868897 1048575 0 66060288 -2097152 255 48 0 0 18432 -512 0 -16384 31 -2147483648 -1 -1 -1 39 0 0 0 -16654212 7 
0
0
ZSYMM
0
1
291
-2147483647
1156 1 16 282 0 1 0 -1 -1 1075 31 -1073741791 -268435417 -1073741771 -1073741765 -1073741758 -1073741752 -1073741745 -1073741739 -1073741732 -1073741726 -1073741719 -1073741713 -1073741706 -1073741700 -1073741693 -268435319 -1073741673 -1073741667 -1073741660 -1073741654 -1073741647 -1073741641 -1073741634 -1073741628 -1073741621 -1073741615 -1073741608 -1073741602 -1073741595 -1073741589 -268435188 1 128 257 0 -134217728 262143 993 160 2 992 8421376 0 0 -1024 1 1073741824 64 0 -33554432 65535 3009 128 2105344 0 0 2147483392 4001 160 268435456 16 0 -8388608 16383 5025 128 526336 0 0 536870848 6017 160 67108864 4 0 -2097152 4095 7041 128 131584 0 0 134217712 8033 160 16777216 1 0 -524288 1023 9057 128 32896 0 0 33554428 10049 160 1077936128 0 0 -131072 255 11073 128 8224 0 0 8388607 12065 160 269484032 0 0 -32768 63 13089 128 2056 0 -1073741824 2097151 14081 160 67371008 0 0 -8192 15 15105 128 514 0 -268435456 524287 16097 160 2 992 16842752 0 0 -2048 3 -2147483648 128 0 -67108864 131071 18113 128 4210688 0 0 -512 19105 160 536870912 32 0 -16777216 32767 20129 128 1052672 0 0 1073741696 21121 160 134217728 8 0 -4194304 8191 22145 128 263168 0 0 268435424 23137 160 33554432 2 0 -1048576 2047 24161 128 65792 0 0 67108856 25153 160 -2139095040 0 0 -262144 511 26177 128 16448 0 0 16777214 27169 160 538968064 0 0 -65536 127 28193 128 4112 0 -2147483648 4194303 29185 160 134742016 0 0 -16384 31 30209 128 1028 0 -536870912 1048575 31393 992 102825984 -2147483648 511 802816 63488 30 0 1 0 1879048192 -1792 268435455 921600 0 0 0 1073741824 0 786432 0 0 66060288 0 2147221504 16 0 0 1073483776 496 8388607 16382 32545 160 2 608 2256 8388096 0 0 252 -4194304 -1 -1 -1 511 
0
0
0
0
0
