Analysis initiated from SIMULIA established products
Abaqus JOB umat_cube_elastoplastic_solver
Abaqus 2023.HF4
Abaqus License Manager checked out the following licenses:
Abaqus/Standard checked out 5 tokens from Flexnet server lic-abaqus.aalto.fi.
<85 out of 100 licenses remain available>.
Begin Analysis Input File Processor
7.11.2024 19.04.45
Run pre.exe
7.11.2024 19.04.52
End Analysis Input File Processor
Begin Abaqus/Standard Analysis
7.11.2024 19.04.52
Run standard.exe
7.11.2024 19.04.58
End Abaqus/Standard Analysis
Begin SIM Wrap-up
7.11.2024 19.04.59
Run SMASimUtility.exe
7.11.2024 19.04.59
End SIM Wrap-up
Abaqus JOB umat_cube_elastoplastic_solver COMPLETED
