1
0
1
ASSEMBLY
1
SH115-M-1
SH115-M
1
SH115-M-1
14
-2147483646
0
48 1 16 5 0 1 0 -1 -1 43668 1 -1879048189 1 43668 
14
48 1 16 5 0 1 0 -1 -1 43668 1 -1879048189 1 43668 
0
1
SH115-M-1
14
-2147483646
0
48 1 16 5 0 1 0 -1 -1 34512 1 -1879048189 1 34512 
14
48 1 16 5 0 1 0 -1 -1 34512 1 -1879048189 1 34512 
0
4
SET-2
0
1
0
1
SH115-M-1
192
897 898 899 900 901 902 903 904 905 906 907 908 909 910 911 912 913 914 915 916 917 918 919 920 921 922 923 924 925 926 927 928 929 930 931 932 933 934 935 936 937 938 939 940 941 942 943 944 945 946 947 948 949 950 951 952 953 954 955 956 957 958 959 960 961 962 963 964 965 966 967 968 969 970 971 972 973 974 975 976 977 978 979 980 981 982 983 984 985 986 987 988 989 990 991 992 993 994 995 996 997 998 999 1000 1001 1002 1003 1004 1005 1006 1007 1008 1009 1010 1011 1012 1013 1014 1015 1016 1017 1018 1019 1020 1021 1022 1023 1024 1025 1026 1027 1028 1029 1030 1031 1032 1033 1034 1035 1036 1037 1038 1039 1040 1041 1042 1043 1044 1045 1046 1047 1048 1049 1050 1051 1052 1053 1054 1055 1056 1057 1058 1059 1060 1061 1062 1063 1064 1065 1066 1067 1068 1069 1070 1071 1072 1073 1074 1075 1076 1077 1078 1079 1080 1081 1082 1083 1084 1085 1086 1087 1088 
0
SET-3
0
1
0
1
SH115-M-1
42
-2147483647
160 1 16 33 0 1 0 -1 -1 7424 9 -1610612725 -1610612722 -1879048175 -1610612717 -1610612714 -1879048167 -1879048165 -1879048163 -1879048161 1 96 2 194 447 2 1088 2 1091 351 2 1800 15 10 1950 1 1953 1746 20315 2408 32155 2358 
0
SET-4
0
1
0
1
SH115-M-1
192
1 2 3 4 5 6 7 8 9 10 11 12 13 14 15 16 17 18 19 20 21 22 23 24 25 26 27 28 29 30 31 32 33 34 35 36 37 38 39 40 41 42 43 44 45 46 47 48 49 50 51 52 53 54 55 56 57 58 59 60 61 62 63 64 65 66 67 68 69 70 71 72 73 74 75 76 77 78 79 80 81 82 83 84 85 86 87 88 89 90 91 92 93 94 95 96 97 98 99 100 101 102 103 104 105 106 107 108 109 110 111 112 113 114 115 116 117 118 119 120 121 122 123 124 125 126 127 128 129 130 131 132 133 134 135 136 137 138 139 140 141 142 143 144 145 146 147 148 149 150 151 152 153 154 155 156 157 158 159 160 161 162 163 164 165 166 167 168 169 170 171 172 173 174 175 176 177 178 179 180 181 182 183 184 185 186 187 188 189 190 191 192 
0
SET-5
0
1
0
1
SH115-M-1
16
23 24 47 48 71 72 95 96 119 120 143 144 167 168 191 192 
0
1
SH115-M-1
1
SET-1
0
1
14
-2147483647
48 1 16 5 0 1 0 -1 -1 34512 1 -1879048189 1 34512 
0
0
0
4
SET-2
0
1
0
1
SH115-M-1
14
-2147483647
48 1 16 5 0 1 0 -1 -1 351 1 -1879048189 1540 351 
0
SET-3
0
1
0
1
SH115-M-1
343
-2147483647
1364 1 16 334 0 1 0 -1 -1 7767 12 -1073741810 -268435425 -1073741763 -1073741746 -1073741741 -1073741699 -1073741670 -1073741596 -1073741581 -1073741578 -1073741573 -1073741563 1 480 1227133513 -1840700270 613566756 1227133513 -1840700270 613566756 1227133513 -1840700270 613566756 1227133513 306783378 1395478528 -536739849 -1627388929 87413 833 416 2 768 -2097152 -1 -1 -1 -1 -1 -1 -1 -1 -1 -4535293 268369927 3860480 -262144 -1 2147483647 331751424 2146617880 -1875078042 1 0 0 -4 -1 -1 1073741823 2305 480 -1611399168 -31472868 2130798076 -6293506 6174204 -1048576 -1 -11018177 5605359 67108837 0 0 -4096 -1 33554431 3105 96 4169760 33554432 9208 3329 1280 -4 -1 -1 -1 -1 -1 -1 -1 -1 -1 -1 -1 -1 -1 -1 -1 -1 -1 -1 -1 -1 -1 -1 -1 -1 -1 -1 -1 -1 -1 -1 -1 -1 -1 -1 -1 -1 -1 -1 31 7009 864 319488 41943040 4194816 -2048 -1 0 -2 -1 -1 -1 -1 -1 3932175 -1610612512 4194320 -50331648 -1 -1 -1 -1 -1 -1 -1 -1 -1 -1 15 15265 2304 -4 -1 -1 -1 -1 -1 -1 -1 -1 -1 -1 -1 -1 -1 -1 -1 -1 -1 -1 -1 -1 -1 -1 -1 -1 -1 -1 -1 -1 -1 -1 -1 -1 -1 -1 -1 -1 -1 -1 -1 -1 -1 -1 -1 -1 -1 -1 -1 -1 -1 -1 -1 -1 -1 -1 -1 -1 -1 -1 -1 -1 -1 -1 -1 -1 -1 -1 -1 -1 -1 -1 4194303 18209 416 1048576 0 -2147352576 -1 -1 -1 -1 -1 33554433 256 0 131104 32 18977 32 262144 29473 96 -54771712 1811513343 1985327820 31041 256 1844860461 27 -1651378176 48201469 2121186810 12879984 -105457034 1085 32065 2272 -65536 -1 -1 -1 -1 -1 -1 -1 -1 -1 -1 -1 -1 -1 -1 -1 -1 -1 -1 -1 -1 -1 -1 -1 -1 -1 -1 -1 -1 -1 -1 -1 -1 -1 -1 -1 -1 -1 -1 -1 -1 -1 -1 -1 -1 -1 -1 -1 -1 -1 -1 -1 -1 -1 -1 -1 -1 -1 -1 -1 -1 -1 -1 -1 -1 -1 -1 -1 -1 -1 262143 
0
SET-4
0
1
0
1
SH115-M-1
14
-2147483647
48 1 16 5 0 1 0 -1 -1 351 1 -1879048189 1 351 
0
SET-5
0
1
0
1
SH115-M-1
27
37 38 39 76 77 78 115 116 117 154 155 156 193 194 195 232 233 234 271 272 273 310 311 312 349 350 351 
0
1
SH115-M-1
1
SET-1
0
1
14
-2147483647
48 1 16 5 0 1 0 -1 -1 43668 1 -1879048189 1 43668 
0
0
0
0
0
