1
0
1
ASSEMBLY
1
NDBR2P5-M-1
NDBR2P5-M
1
NDBR2P5-M-1
14
-2147483646
0
48 1 16 5 0 1 0 -1 -1 64368 1 -1879048189 1 64368 
14
48 1 16 5 0 1 0 -1 -1 64368 1 -1879048189 1 64368 
0
1
NDBR2P5-M-1
14
-2147483646
0
48 1 16 5 0 1 0 -1 -1 55368 1 -1879048189 1 55368 
14
48 1 16 5 0 1 0 -1 -1 55368 1 -1879048189 1 55368 
0
6
SET-1
0
1
0
1
NDBR2P5-M-1
14
-2147483647
48 1 16 5 0 1 0 -1 -1 384 1 -1879048189 1 384 
0
SET-2
0
1
0
1
NDBR2P5-M-1
187
-2147483647
740 1 16 178 0 1 0 -1 -1 7396 44 -1342177234 -1879048142 -1610612684 -1879048137 -1879048135 -1342177221 -1879048129 -1342177215 -1879048123 -1342177209 -1879048117 -1342177203 -1879048111 -1342177197 -1879048105 -1342177191 -1879048099 -1342177185 -1879048093 -1879048091 -1610612633 -1610612630 -1879048083 -1610612625 -1342177166 -1610612618 -1342177159 -1610612611 -1342177152 -1610612604 -1342177145 -1610612597 -1342177138 -1610612590 -1342177131 -1610612583 -1342177124 -1610612576 -1610612573 -1879048026 -1342177112 -1879048020 -1879048018 -1879048016 25 8 11 32 377 9 389 95 4 777 1 780 2 786 1 2 19 808 2 814 1 2 19 836 2 842 1 2 19 864 2 870 1 2 19 892 2 898 1 2 19 920 2 926 1 2 19 948 2 954 1 2 19 976 2 982 1 996 367 4 2464 2 3 2478 1 2483 2 3 2492 1 2 11 2508 2 3 2517 1 2 11 2533 2 3 2542 1 2 11 2558 2 3 2567 1 2 11 2583 2 3 2592 1 2 11 2608 2 3 2617 1 2 11 2633 2 3 2642 1 2 11 2658 2 3 2668 368 4 15351 1602 26193 1320 2 10560 49770 1671 53037 228 55106 263 
0
SET-3
0
1
0
1
NDBR2P5-M-1
14
-2147483647
48 1 16 5 0 1 0 -1 -1 384 1 -1879048189 385 384 
0
SET-4
0
1
0
1
NDBR2P5-M-1
32
429 430 431 432 477 478 479 480 525 526 527 528 573 574 575 576 621 622 623 624 669 670 671 672 717 718 719 720 765 766 767 768 
0
SET-5
0
1
0
1
NDBR2P5-M-1
14
-2147483647
48 1 16 5 0 1 0 -1 -1 384 1 -1879048189 385 384 
0
SET-6
0
1
0
1
NDBR2P5-M-1
32
429 430 431 432 477 478 479 480 525 526 527 528 573 574 575 576 621 622 623 624 669 670 671 672 717 718 719 720 765 766 767 768 
0
1
NDBR2P5-M-1
1
SET-35
0
1
14
-2147483647
48 1 16 5 0 1 0 -1 -1 55368 1 -1879048189 1 55368 
0
0
0
6
SET-1
0
1
0
1
NDBR2P5-M-1
14
-2147483647
48 1 16 5 0 1 0 -1 -1 585 1 -1879048189 1 585 
0
SET-2
0
1
0
1
NDBR2P5-M-1
478
-2147483647
1904 1 16 469 0 1 0 -1 -1 7631 20 -1073741802 -1073741794 -268435412 -1073741762 -1073741748 -1073741739 -1073741736 -1073741712 -1073741704 -1073741700 -1073741693 -1073741649 -1073741624 -1073741621 -1073741541 -1073741509 -1073741498 -1073741486 -1073741394 -1073741376 80 192 -1 -1 25763839 16770040 1644183544 305 560 384 -67108864 268435455 0 0 125829120 2121857 -536870896 -33554177 25599 0 -131072 268435455 1168 224 2 448 8406664 0 0 2147482624 0 -4194304 428082241 2088239104 2147453202 0 -4096 -1674575873 -520093693 3 2224 384 -16384 -1 -1 -1 -1879048193 -29688 -4193281 1073741823 -2 -1 -1 32767 3536 224 30720 0 536870656 0 855638080 270848 2145391616 3888 32 4 4272 704 -16 -1 -1 -1 -1 -1 -1 -1 -1 -1 1870098 817984698 415268864 0 -39920 1073741823 0 725056 0 1536 1073741842 1 5904 192 -1719664640 136412808 855906178 24066155 -34348937 2798 6544 64 7 8 7120 160 166498368 579145435 21526917 -12 -1 7440 1344 -4096 -1 -1 -1 -1568014337 -6385 -1135723277 3808 -1247805440 -1084794607 1622188017 0 2046296000 -520 -1 -1 -1 -1073741825 -1836765 1073472765 102268672 0 0 -1572864 -268436289 65535 -370672640 -67178561 -860677 4194303 0 0 0 -167639040 -1 -1 -1 -1 -1 -1 4095 4193280 9712 736 -128 -1 -1 -1 -1 -1 -1 -1 -1 -1 -1 -1 -1 -1 -1 -1 -1 -1 -1 -1 -1 -1 63 21296 32 262144 21520 2496 -1048576 -1 1745878787 207655168 303592448 -1077437843 -11402296 1262103719 37821440 -1543503896 414758902 -1505965042 1658539255 3072 0 0 -268435456 -1711259649 32772 134218749 162337408 975745624 -1039386612 965655 59779088 0 0 8192 2556 262144 262913 335544320 264192 -16777216 -1 -1 -1 67108863 -259784704 -1 -790626289 7 0 4194304 6 -261120 -1 -1 -1 -1 -1 -1 -1 -1 -1 -1 -1 -1 -1 -1 -1 -1 -1 -1 -1 -1 -1 2047 0 0 0 1048320 134217728 32 -2 -1 -1 67108863 33296 960 -8388608 -1 -1 -1 -1 -1 -1 -1 -1 -1 -1 -1 -1 -1 -1 -1 -1 -1 -1 -1 -1 -1 -1 -1 -1 -1 -1 -1 -1 31 35024 288 -279300096 50233316 1766850948 1231102930 664210194 61834604 59848691 1205359971 1 36496 320 -16 -1 -1 -1 -1 -1 -1 -1 -1 16777215 46064 2880 66560 1133514261 109346428 116983963 -881326714 258 -4 -1 -1780481537 -1902642180 1872719927 1969580083 -268894208 1039105975 -1 -1 -1 1048575 -256 -1 -1 -1 133299775 -2043921620 268434172 589561856 -134129448 -1481500793 1204878348 -1014660714 -46173855 -1 -1 -1 1979449343 -9026053 602406911 -85870223 -14978107 -1 -1 2147483647 168332360 75 536870912 864470737 411731179 -825279794 -28311571 855871999 41662964 -1024 -1 -1 -1 -1 -1 -1 -1 -1 -1 -1 -1 -1 3145663 6904 -972029284 0 0 0 -1097594752 418414078 50336256 1081034376 -68157436 1619016356 1115136 9445952 0 1671053696 1161262177 -1417004 -132122237 -2013775839 -4481 7 0 -1790561792 58720619 94 60560 512 855655068 848964913 -720872528 715139290 1527406688 -1011047678 650655748 157057310 2051023448 -2132952324 1170319297 1096100 1837303937 404316076 -1615789820 16860 62288 608 560988160 1687366740 1253875718 1693009079 -995761624 -1205599679 1735591328 -233027363 438412382 -2079162752 -1543452281 -825958910 -1813443620 411322503 449623288 -1861861375 -1602875066 812802971 120 
0
SET-3
0
1
0
1
NDBR2P5-M-1
14
-2147483647
48 1 16 5 0 1 0 -1 -1 585 1 -1879048189 586 585 
0
SET-4
0
1
0
1
NDBR2P5-M-1
45
706 707 708 709 711 716 717 718 719 729 732 734 736 737 738 739 740 742 743 744 745 746 747 748 749 750 751 757 760 761 762 763 778 779 780 806 807 808 820 821 822 823 824 825 829 
0
SET-5
0
1
0
1
NDBR2P5-M-1
14
-2147483647
48 1 16 5 0 1 0 -1 -1 585 1 -1879048189 586 585 
0
SET-6
0
1
0
1
NDBR2P5-M-1
45
706 707 708 709 711 716 717 718 719 729 732 734 736 737 738 739 740 742 743 744 745 746 747 748 749 750 751 757 760 761 762 763 778 779 780 806 807 808 820 821 822 823 824 825 829 
0
1
NDBR2P5-M-1
1
SET-35
0
1
14
-2147483647
48 1 16 5 0 1 0 -1 -1 64368 1 -1879048189 1 64368 
0
0
0
0
0
