Analysis initiated from SIMULIA established products
Abaqus JOB mesh_1_default
Abaqus 2023.HF4
Abaqus License Manager checked out the following licenses:
Abaqus/Standard checked out 12 tokens from Flexnet server lic-abaqus.aalto.fi.
<66 out of 100 licenses remain available>.
Begin Analysis Input File Processor
2024-06-30 7:34:22 PM
Run pre.exe
2024-06-30 7:34:29 PM
End Analysis Input File Processor
Begin Abaqus/Standard Analysis
2024-06-30 7:34:29 PM
Run standard.exe
2024-06-30 8:03:33 PM
End Abaqus/Standard Analysis
Begin SIM Wrap-up
2024-06-30 8:03:35 PM
Run SMASimUtility.exe
2024-06-30 8:03:35 PM
End SIM Wrap-up
Abaqus JOB mesh_1_default COMPLETED
