1
0
1
ASSEMBLY
1
PART-1-1
ELASTIC_HOLE_PLATE
1
PART-1-1
14
-2147483646
0
48 1 16 5 0 1 0 -1 -1 4001 1 -1879048189 1 4001 
14
48 1 16 5 0 1 0 -1 -1 4001 1 -1879048189 1 4001 
0
1
PART-1-1
14
-2147483646
0
48 1 16 5 0 1 0 -1 -1 1268 1 -1879048189 1 1268 
14
48 1 16 5 0 1 0 -1 -1 1268 1 -1879048189 1 1268 
0
14
SET-1
0
1
0
1
PART-1-1
14
-2147483647
48 1 16 5 0 1 0 -1 -1 1268 1 -1879048189 1 1268 
0
SET-10
0
1
0
1
PART-1-1
55
23 46 69 92 115 138 161 180 199 218 237 256 275 294 313 332 351 370 389 408 427 446 465 484 503 522 541 560 579 580 581 582 583 584 585 586 587 588 589 590 591 592 593 594 595 596 597 598 599 618 637 656 675 694 713 
0
SET-11
0
1
0
1
PART-1-1
55
23 46 69 92 115 138 161 180 199 218 237 256 275 294 313 332 351 370 389 408 427 446 465 484 503 522 541 560 579 580 581 582 583 584 585 586 587 588 589 590 591 592 593 594 595 596 597 598 599 618 637 656 675 694 713 
0
SET-12
0
1
0
1
PART-1-1
14
-2147483647
48 1 16 5 0 1 0 -1 -1 1268 1 -1879048189 1 1268 
0
SET-13
0
1
0
1
PART-1-1
14
-2147483647
48 1 16 5 0 1 0 -1 -1 1268 1 -1879048189 1 1268 
0
SET-2
0
1
0
1
PART-1-1
14
-2147483647
48 1 16 5 0 1 0 -1 -1 1268 1 -1879048189 1 1268 
0
SET-3
0
1
0
1
PART-1-1
40
139 140 141 142 143 144 145 146 147 148 149 150 151 152 153 154 155 156 157 158 159 160 161 739 740 743 744 745 746 747 748 785 786 804 806 815 829 865 881 910 
0
SET-4
0
1
0
1
PART-1-1
37
713 714 715 716 717 718 719 720 721 722 723 724 725 726 727 728 729 730 731 749 751 771 772 773 774 775 776 777 778 779 780 797 817 826 835 863 902 
0
SET-8
0
1
0
1
PART-1-1
191
23 46 69 92 115 138 139 140 141 142 143 144 145 146 147 148 149 150 151 152 153 154 155 156 157 158 159 160 161 180 199 218 237 256 275 294 313 332 351 370 389 408 427 446 465 484 503 522 541 560 579 580 581 582 583 584 585 586 587 588 589 590 591 592 593 594 595 596 597 598 599 618 637 656 675 694 713 714 715 716 717 718 719 720 721 722 723 724 725 726 727 728 729 730 731 738 739 740 741 742 743 744 745 746 747 748 749 750 751 753 755 756 758 759 760 761 762 763 764 765 766 767 768 769 770 771 772 773 774 775 776 777 778 779 780 781 783 784 785 786 787 789 790 792 793 794 796 797 798 800 801 802 804 805 806 807 808 809 810 811 812 813 814 815 817 826 829 832 835 836 838 840 841 842 844 845 846 862 863 865 881 902 905 906 910 1221 1222 1227 1229 1230 1231 
0
SET-9
0
1
0
1
PART-1-1
55
23 46 69 92 115 138 161 180 199 218 237 256 275 294 313 332 351 370 389 408 427 446 465 484 503 522 541 560 579 580 581 582 583 584 585 586 587 588 589 590 591 592 593 594 595 596 597 598 599 618 637 656 675 694 713 
0
_SURF-1_S2
0
2
0
1
PART-1-1
7
23 46 69 92 115 138 161 
0
_SURF-1_S3
0
2
0
1
PART-1-1
19
580 581 582 583 584 585 586 587 588 589 590 591 592 593 594 595 596 597 598 
0
_SURF-2_S2
0
2
0
1
PART-1-1
7
23 46 69 92 115 138 161 
0
_SURF-2_S3
0
2
0
1
PART-1-1
19
580 581 582 583 584 585 586 587 588 589 590 591 592 593 594 595 596 597 598 
0
1
PART-1-1
1
SET-1
0
1
14
-2147483647
48 1 16 5 0 1 0 -1 -1 1268 1 -1879048189 1 1268 
0
0
0
11
SET-1
0
1
0
1
PART-1-1
14
-2147483647
48 1 16 5 0 1 0 -1 -1 4001 1 -1879048189 1 4001 
0
SET-10
0
1
0
1
PART-1-1
113
24 48 72 96 120 144 168 192 261 308 355 402 449 496 543 545 546 547 549 550 551 552 555 556 558 559 560 561 564 567 568 570 573 574 576 577 578 579 581 583 584 586 587 588 589 590 591 592 593 595 596 597 598 599 600 602 604 1056 1094 1132 1170 1208 1246 1284 1322 1360 1398 1436 1474 1512 1550 1588 1626 1664 1702 1740 1778 1816 1854 1857 1859 1861 1863 1865 1867 1869 1871 1873 1875 1877 1879 1881 1883 1885 1887 1889 1891 1892 1893 1894 1898 1901 1915 1918 1919 1922 2036 2075 2114 2153 2192 2231 2270 
0
SET-11
0
1
0
1
PART-1-1
113
24 48 72 96 120 144 168 192 261 308 355 402 449 496 543 545 546 547 549 550 551 552 555 556 558 559 560 561 564 567 568 570 573 574 576 577 578 579 581 583 584 586 587 588 589 590 591 592 593 595 596 597 598 599 600 602 604 1056 1094 1132 1170 1208 1246 1284 1322 1360 1398 1436 1474 1512 1550 1588 1626 1664 1702 1740 1778 1816 1854 1857 1859 1861 1863 1865 1867 1869 1871 1873 1875 1877 1879 1881 1883 1885 1887 1889 1891 1892 1893 1894 1898 1901 1915 1918 1919 1922 2036 2075 2114 2153 2192 2231 2270 
0
SET-12
0
1
0
1
PART-1-1
14
-2147483647
48 1 16 5 0 1 0 -1 -1 4001 1 -1879048189 1 4001 
0
SET-13
0
1
0
1
PART-1-1
14
-2147483647
48 1 16 5 0 1 0 -1 -1 4001 1 -1879048189 1 4001 
0
SET-2
0
1
0
1
PART-1-1
14
-2147483647
48 1 16 5 0 1 0 -1 -1 4001 1 -1879048189 1 4001 
0
SET-3
0
1
0
1
PART-1-1
81
169 170 171 172 173 174 175 176 177 178 179 180 181 182 183 184 185 186 187 188 189 190 191 192 499 502 504 506 508 510 512 514 516 518 520 522 524 526 528 530 532 534 536 538 540 542 544 2308 2311 2315 2317 2318 2320 2324 2325 2333 2342 2351 2368 2371 2375 2380 2389 2403 2913 2916 2926 2931 2933 2936 2938 2941 3068 3072 3127 3134 3156 3190 3287 3326 3383 
0
SET-4
0
1
0
1
PART-1-1
75
1896 1897 1899 1900 1902 1903 1904 1905 1907 1908 1911 1912 1913 1914 1917 1920 1921 1922 1923 1925 2269 2272 2274 2276 2278 2280 2282 2284 2286 2288 2290 2292 2294 2296 2298 2300 2302 2304 2306 2322 2330 2331 2337 2340 2341 2349 2365 2366 2372 2376 2379 2382 2393 2394 2395 2396 2401 2943 2951 3025 3027 3031 3035 3037 3040 3044 3047 3048 3051 3106 3158 3182 3205 3283 3370 
0
SET-8
0
1
0
1
PART-1-1
101
-2147483647
396 1 16 92 0 1 0 -1 -1 392 4 -1073741818 -1073741797 -1073741752 -1073741735 24 608 16777217 65536 256 16777217 -65536 511 0 8192 268435456 0 2048 67108864 0 512 1224736768 1431655765 -1814433835 -67260571 21 1048 1376 256 16384 1048576 67108864 0 1 64 4096 262144 16777216 1073741824 0 16 1024 65536 4194304 268435456 0 4 256 16384 1048576 67108864 0 1 -1431655872 -1677755734 12271 0 0 268435456 0 8 1024 131072 16777216 -2147483648 0 1431655776 -683 -1 -1 4095 2904 480 675582480 -2130664283 1352795266 -1974974328 9015592 604275475 -2137518974 1902424260 1077936128 -1474158464 1184 -1979711488 0 64 -2105278464 3960 32 3803648 
0
SET-9
0
1
0
1
PART-1-1
113
24 48 72 96 120 144 168 192 261 308 355 402 449 496 543 545 546 547 549 550 551 552 555 556 558 559 560 561 564 567 568 570 573 574 576 577 578 579 581 583 584 586 587 588 589 590 591 592 593 595 596 597 598 599 600 602 604 1056 1094 1132 1170 1208 1246 1284 1322 1360 1398 1436 1474 1512 1550 1588 1626 1664 1702 1740 1778 1816 1854 1857 1859 1861 1863 1865 1867 1869 1871 1873 1875 1877 1879 1881 1883 1885 1887 1889 1891 1892 1893 1894 1898 1901 1915 1918 1919 1922 2036 2075 2114 2153 2192 2231 2270 
0
WHOLE_PLATE
0
1
0
1
PART-1-1
14
-2147483647
48 1 16 5 0 1 0 -1 -1 4001 1 -1879048189 1 4001 
0
1
PART-1-1
1
SET-1
0
1
14
-2147483647
48 1 16 5 0 1 0 -1 -1 4001 1 -1879048189 1 4001 
0
0
0
0
2
SURF-1
0
0
0
1
PART-1-1
0
0
2
S2
7
23 46 69 92 115 138 161 
S3
19
580 581 582 583 584 585 586 587 588 589 590 591 592 593 594 595 596 597 598 
SURF-2
0
0
0
1
PART-1-1
0
0
2
S2
7
23 46 69 92 115 138 161 
S3
19
580 581 582 583 584 585 586 587 588 589 590 591 592 593 594 595 596 597 598 
