1
0
1
ASSEMBLY
1
CHD2-M-1
CHD2-M
1
CHD2-M-1
14
-2147483646
0
48 1 16 5 0 1 0 -1 -1 64386 1 -1879048189 1 64386 
14
48 1 16 5 0 1 0 -1 -1 64386 1 -1879048189 1 64386 
0
1
CHD2-M-1
14
-2147483646
0
48 1 16 5 0 1 0 -1 -1 55408 1 -1879048189 1 55408 
14
48 1 16 5 0 1 0 -1 -1 55408 1 -1879048189 1 55408 
0
8
SET-1
0
1
0
1
CHD2-M-1
14
-2147483647
48 1 16 5 0 1 0 -1 -1 384 1 -1879048189 6705 384 
0
SET-2
0
1
0
1
CHD2-M-1
161
-2147483647
636 1 16 152 0 1 0 -1 -1 7417 40 -1879048150 -1879048148 -1610612690 -1610612687 -1879048140 -1610612682 -1610612679 -1342177220 -1610612672 -1879048125 -1879048123 -1610612665 -1879048118 -1879048116 -1610612658 -1879048111 -1879048109 -1610612651 -1879048104 -1879048102 -1610612644 -1879048097 -1879048095 -1610612637 -1879048090 -1879048088 -1610612630 -1879048083 -1879048081 -1610612623 -1342177164 -1342177160 -1342177156 -1342177152 -1342177148 -1342177144 -1342177140 -1342177136 -1879048044 -1879048042 2752 393 6260 446 6709 95 4 7092 383 4 8624 2 8629 95 4 9012 383 4 10544 2 2 12 10560 2 8 10579 1 10590 2 10594 2 8 10613 1 10624 2 10628 2 8 10647 1 10658 2 10662 2 8 10681 1 10692 2 10696 2 8 10715 1 10726 2 10730 2 8 10749 1 10760 2 10764 2 8 10783 1 10794 2 10798 2 8 10819 2 2 21 10846 2 2 21 10873 2 2 21 10900 2 2 21 10927 2 2 21 10954 2 2 21 10981 2 2 21 11008 2 2 21 30661 2804 52666 2743 
0
SET-3
0
1
0
1
CHD2-M-1
14
-2147483647
48 1 16 5 0 1 0 -1 -1 384 1 -1879048189 8625 384 
0
SET-4
0
1
0
1
CHD2-M-1
32
8669 8670 8671 8672 8717 8718 8719 8720 8765 8766 8767 8768 8813 8814 8815 8816 8861 8862 8863 8864 8909 8910 8911 8912 8957 8958 8959 8960 9005 9006 9007 9008 
0
SET-5
0
1
0
1
CHD2-M-1
14
-2147483647
48 1 16 5 0 1 0 -1 -1 384 1 -1879048189 8625 384 
0
SET-6
0
1
0
1
CHD2-M-1
32
8669 8670 8671 8672 8717 8718 8719 8720 8765 8766 8767 8768 8813 8814 8815 8816 8861 8862 8863 8864 8909 8910 8911 8912 8957 8958 8959 8960 9005 9006 9007 9008 
0
SET-7
0
1
0
1
CHD2-M-1
14
-2147483647
48 1 16 5 0 1 0 -1 -1 55408 1 -1879048189 1 55408 
0
SET-8
0
1
0
1
CHD2-M-1
161
-2147483647
636 1 16 152 0 1 0 -1 -1 7417 40 -1879048150 -1879048148 -1610612690 -1610612687 -1879048140 -1610612682 -1610612679 -1342177220 -1610612672 -1879048125 -1879048123 -1610612665 -1879048118 -1879048116 -1610612658 -1879048111 -1879048109 -1610612651 -1879048104 -1879048102 -1610612644 -1879048097 -1879048095 -1610612637 -1879048090 -1879048088 -1610612630 -1879048083 -1879048081 -1610612623 -1342177164 -1342177160 -1342177156 -1342177152 -1342177148 -1342177144 -1342177140 -1342177136 -1879048044 -1879048042 2752 393 6260 446 6709 95 4 7092 383 4 8624 2 8629 95 4 9012 383 4 10544 2 2 12 10560 2 8 10579 1 10590 2 10594 2 8 10613 1 10624 2 10628 2 8 10647 1 10658 2 10662 2 8 10681 1 10692 2 10696 2 8 10715 1 10726 2 10730 2 8 10749 1 10760 2 10764 2 8 10783 1 10794 2 10798 2 8 10819 2 2 21 10846 2 2 21 10873 2 2 21 10900 2 2 21 10927 2 2 21 10954 2 2 21 10981 2 2 21 11008 2 2 21 30661 2804 52666 2743 
0
1
CHD2-M-1
1
SET-42
0
1
14
-2147483647
48 1 16 5 0 1 0 -1 -1 55408 1 -1879048189 1 55408 
0
0
0
8
SET-1
0
1
0
1
CHD2-M-1
14
-2147483647
48 1 16 5 0 1 0 -1 -1 585 1 -1879048189 8902 585 
0
SET-2
0
1
0
1
CHD2-M-1
494
-2147483647
1968 1 16 485 0 1 0 -1 -1 7649 22 -1073741800 -1073741797 -1073741789 -1073741776 -1073741747 -1073741737 -1073741724 -1073741695 -1073741681 -1073741651 -1073741644 -1073741615 -1073741544 -1073741503 -1073741494 -1073741490 -1073741419 -1073741414 -1073741403 -1073741379 -1073741367 -1073741349 8 32 147583 296 192 -67108864 -1 -1 -1 -1 415 1032 352 -4 -1 -1 -1 -1 -1 -1 -1 -1 -1 1 5064 864 -4096 212991 0 0 0 -67108864 -1 -1 -255590401 -8129 -2147479553 1 2147483616 -1611112448 2147483647 0 234881024 0 -4 -1 -1 -1 2147483647 393216 1006633464 8192 98304 6056 256 -2147483648 -1 -1 3145855 0 504 -33537920 131071 8904 352 569573376 3872 268368896 15 -2146860832 16768 -35520001 1208013423 -261095552 -59227935 4198273 9640 864 12597344 71831872 0 -2097152 -2030043135 41951247 0 2082471936 536871296 -96210944 -65017 -4033 -1 -1 -1 -1 -1 -1 -1 -1 -1 -1073741313 87076875 -268435456 32264 8 11651072 11624 384 92274688 6414988 1610645532 403175424 -2126462112 -1046420901 -389968360 52926663 -1064304616 -1342144783 -2128199088 61495 12456 896 -2147483648 -1337734135 -1882704159 1373974520 1102885911 -1338637210 4120607 -13643917 1897930550 -369897583 2013265919 -4784136 1088971449 -1325530302 -1032161 -1 7 -2097152 -1 15 -67108864 336330977 -427425792 -12597593 434112511 406847480 1334196704 8064 14376 160 13631488 -1979441024 1614022208 1741700194 53 14664 864 406847488 2129480 1494419331 516 0 0 0 -256 -1 -1 -1 1657274367 2642081 2 0 27 127500288 0 0 67108864 119521283 143404 -520093696 134267319 1233288200 134217721 3971 15688 2208 15171584 0 0 14 64 0 -2147483648 -1073725441 65087 0 4194304 128 0 16777216 -536870912 -67101249 -1 -1 -2038431745 -2147483647 -268431377 -1559756784 15 -1073741824 15 0 16 -131072 -1 -1 -1 -1 -1 -1 -1 -100663297 -465018849 -3 -538443777 -6343 2113929215 -943456260 -658505825 255 -16384 -1998913 -268439669 -1077938178 -1 -1 40894463 -423624704 183312371 -275233 16711166 -1627459584 -1 -65537 536215551 -687653249 343801855 2078244856 -884998145 2147000335 25163264 -16659456 -1 -1 -1 19368 1248 -256 -1 -1 -1 -1 -1 -1 -1 -1 -1 -1 -1 -1 -1 -1 -1 -1 -1 -1 -1 -1 -1 -1 -1 -1 -1 -1 -1 -1 -1 -1 -1 -1 -1 -1 -1 -1 -1 1023 21480 224 -1719664640 -1 -1 63 0 0 268431360 21832 64 -1 2047 40392 2208 278921216 1023336430 -4753676 -87560705 545258879 -1073741826 -17007645 -1074291923 -675 -262145 -677388257 -1622737001 -17830216 1035994055 536811632 -1619003361 -1610613251 -14749193 -7409778 1769504511 2062548998 2147483551 -16877649 1981415409 1073507103 -33819243 2135719844 -1141002376 -56620574 2145255551 -26214387 -1577057280 2097664 32774 0 0 -4194304 -1 -1 -1 -1 -1 -1 -1 -1 -1 -1 -1 -1 -1 -1 -1 -1 -1 -1 -1 -1 -1 -1 -1 -1 -1 -1 -1 -1 -1 -1 -1 131071 42728 96 -512 -1 16777215 42952 288 -65536 -1 -1 -1 -1 -1 -1 -1 1048575 43784 704 687865856 32896 2076180480 39 1048576000 268435456 393216 -268435528 54525951 -1175328964 -2 -1 -1 17825791 -32768 -1042329 -1 -1 16383 1048828 511944 6291456 44712 320 -8 -1 676364287 6144 -938541050 536920095 -16514945 7405567 -2030043136 562978 45352 512 -1878065152 227 0 0 0 1839096 1041404 0 262144 196608 0 805306368 0 -8 -1 511 46024 256 8256 28704 0 1 16416 4194308 4456960 8 
0
SET-3
0
1
0
1
CHD2-M-1
14
-2147483647
48 1 16 5 0 1 0 -1 -1 585 1 -1879048189 11647 585 
0
SET-4
0
1
0
1
CHD2-M-1
45
11647 11648 11651 11652 11653 11654 11655 11659 11662 11678 11694 11695 11696 11697 11704 11705 11706 11711 11715 11745 11746 11771 11772 11787 11792 11801 11804 11818 11821 11852 11856 11859 11860 11862 11867 11924 11927 11928 11931 11945 11957 11990 11992 11993 11997 
0
SET-5
0
1
0
1
CHD2-M-1
14
-2147483647
48 1 16 5 0 1 0 -1 -1 585 1 -1879048189 11647 585 
0
SET-6
0
1
0
1
CHD2-M-1
45
11647 11648 11651 11652 11653 11654 11655 11659 11662 11678 11694 11695 11696 11697 11704 11705 11706 11711 11715 11745 11746 11771 11772 11787 11792 11801 11804 11818 11821 11852 11856 11859 11860 11862 11867 11924 11927 11928 11931 11945 11957 11990 11992 11993 11997 
0
SET-7
0
1
0
1
CHD2-M-1
14
-2147483647
48 1 16 5 0 1 0 -1 -1 64386 1 -1879048189 1 64386 
0
SET-8
0
1
0
1
CHD2-M-1
494
-2147483647
1968 1 16 485 0 1 0 -1 -1 7649 22 -1073741800 -1073741797 -1073741789 -1073741776 -1073741747 -1073741737 -1073741724 -1073741695 -1073741681 -1073741651 -1073741644 -1073741615 -1073741544 -1073741503 -1073741494 -1073741490 -1073741419 -1073741414 -1073741403 -1073741379 -1073741367 -1073741349 8 32 147583 296 192 -67108864 -1 -1 -1 -1 415 1032 352 -4 -1 -1 -1 -1 -1 -1 -1 -1 -1 1 5064 864 -4096 212991 0 0 0 -67108864 -1 -1 -255590401 -8129 -2147479553 1 2147483616 -1611112448 2147483647 0 234881024 0 -4 -1 -1 -1 2147483647 393216 1006633464 8192 98304 6056 256 -2147483648 -1 -1 3145855 0 504 -33537920 131071 8904 352 569573376 3872 268368896 15 -2146860832 16768 -35520001 1208013423 -261095552 -59227935 4198273 9640 864 12597344 71831872 0 -2097152 -2030043135 41951247 0 2082471936 536871296 -96210944 -65017 -4033 -1 -1 -1 -1 -1 -1 -1 -1 -1 -1073741313 87076875 -268435456 32264 8 11651072 11624 384 92274688 6414988 1610645532 403175424 -2126462112 -1046420901 -389968360 52926663 -1064304616 -1342144783 -2128199088 61495 12456 896 -2147483648 -1337734135 -1882704159 1373974520 1102885911 -1338637210 4120607 -13643917 1897930550 -369897583 2013265919 -4784136 1088971449 -1325530302 -1032161 -1 7 -2097152 -1 15 -67108864 336330977 -427425792 -12597593 434112511 406847480 1334196704 8064 14376 160 13631488 -1979441024 1614022208 1741700194 53 14664 864 406847488 2129480 1494419331 516 0 0 0 -256 -1 -1 -1 1657274367 2642081 2 0 27 127500288 0 0 67108864 119521283 143404 -520093696 134267319 1233288200 134217721 3971 15688 2208 15171584 0 0 14 64 0 -2147483648 -1073725441 65087 0 4194304 128 0 16777216 -536870912 -67101249 -1 -1 -2038431745 -2147483647 -268431377 -1559756784 15 -1073741824 15 0 16 -131072 -1 -1 -1 -1 -1 -1 -1 -100663297 -465018849 -3 -538443777 -6343 2113929215 -943456260 -658505825 255 -16384 -1998913 -268439669 -1077938178 -1 -1 40894463 -423624704 183312371 -275233 16711166 -1627459584 -1 -65537 536215551 -687653249 343801855 2078244856 -884998145 2147000335 25163264 -16659456 -1 -1 -1 19368 1248 -256 -1 -1 -1 -1 -1 -1 -1 -1 -1 -1 -1 -1 -1 -1 -1 -1 -1 -1 -1 -1 -1 -1 -1 -1 -1 -1 -1 -1 -1 -1 -1 -1 -1 -1 -1 -1 -1 1023 21480 224 -1719664640 -1 -1 63 0 0 268431360 21832 64 -1 2047 40392 2208 278921216 1023336430 -4753676 -87560705 545258879 -1073741826 -17007645 -1074291923 -675 -262145 -677388257 -1622737001 -17830216 1035994055 536811632 -1619003361 -1610613251 -14749193 -7409778 1769504511 2062548998 2147483551 -16877649 1981415409 1073507103 -33819243 2135719844 -1141002376 -56620574 2145255551 -26214387 -1577057280 2097664 32774 0 0 -4194304 -1 -1 -1 -1 -1 -1 -1 -1 -1 -1 -1 -1 -1 -1 -1 -1 -1 -1 -1 -1 -1 -1 -1 -1 -1 -1 -1 -1 -1 -1 -1 131071 42728 96 -512 -1 16777215 42952 288 -65536 -1 -1 -1 -1 -1 -1 -1 1048575 43784 704 687865856 32896 2076180480 39 1048576000 268435456 393216 -268435528 54525951 -1175328964 -2 -1 -1 17825791 -32768 -1042329 -1 -1 16383 1048828 511944 6291456 44712 320 -8 -1 676364287 6144 -938541050 536920095 -16514945 7405567 -2030043136 562978 45352 512 -1878065152 227 0 0 0 1839096 1041404 0 262144 196608 0 805306368 0 -8 -1 511 46024 256 8256 28704 0 1 16416 4194308 4456960 8 
0
1
CHD2-M-1
1
SET-42
0
1
14
-2147483647
48 1 16 5 0 1 0 -1 -1 64386 1 -1879048189 1 64386 
0
0
0
0
0
