Analysis initiated from SIMULIA established products
Abaqus JOB mesh_1_default
Abaqus 2023.HF4
Abaqus License Manager checked out the following licenses:
Abaqus/Standard checked out 12 tokens from Flexnet server lic-abaqus.aalto.fi.
<66 out of 100 licenses remain available>.
Begin Analysis Input File Processor
2024-06-30 6:43:05 PM
Run pre.exe
2024-06-30 6:43:13 PM
End Analysis Input File Processor
Begin Abaqus/Standard Analysis
2024-06-30 6:43:13 PM
Run standard.exe
2024-06-30 7:11:01 PM
End Abaqus/Standard Analysis
Begin SIM Wrap-up
2024-06-30 7:11:03 PM
Run SMASimUtility.exe
2024-06-30 7:11:03 PM
End SIM Wrap-up
Abaqus JOB mesh_1_default COMPLETED
