1
0
1
ASSEMBLY
1
NDBR15-M-1
NDBR15-M
1
NDBR15-M-1
14
-2147483646
0
48 1 16 5 0 1 0 -1 -1 43041 1 -1879048189 1 43041 
14
48 1 16 5 0 1 0 -1 -1 43041 1 -1879048189 1 43041 
0
1
NDBR15-M-1
14
-2147483646
0
48 1 16 5 0 1 0 -1 -1 34453 1 -1879048189 1 34453 
14
48 1 16 5 0 1 0 -1 -1 34453 1 -1879048189 1 34453 
0
4
SET-1
0
1
0
1
NDBR15-M-1
192
609 610 611 612 613 614 615 616 617 618 619 620 621 622 623 624 625 626 627 628 629 630 631 632 633 634 635 636 637 638 639 640 641 642 643 644 645 646 647 648 649 650 651 652 653 654 655 656 657 658 659 660 661 662 663 664 665 666 667 668 669 670 671 672 673 674 675 676 677 678 679 680 681 682 683 684 685 686 687 688 689 690 691 692 693 694 695 696 697 698 699 700 701 702 703 704 705 706 707 708 709 710 711 712 713 714 715 716 717 718 719 720 721 722 723 724 725 726 727 728 729 730 731 732 733 734 735 736 737 738 739 740 741 742 743 744 745 746 747 748 749 750 751 752 753 754 755 756 757 758 759 760 761 762 763 764 765 766 767 768 769 770 771 772 773 774 775 776 777 778 779 780 781 782 783 784 785 786 787 788 789 790 791 792 793 794 795 796 797 798 799 800 
0
SET-2
0
1
0
1
NDBR15-M-1
301
-2147483647
1196 1 16 292 0 1 0 -1 -1 7473 81 -1610612653 -1342177194 -1610612646 -1879048099 -1610612641 -1610612638 -1879048091 -1610612633 -1879048086 -1610612628 -1879048081 -1610612623 -1879048076 -1610612618 -1879048071 -1610612613 -1879048066 -1610612608 -1879048061 -1610612603 -1879048056 -1879048054 -1610612596 -1879048049 -1879048047 -1342177133 -1879048041 -1610612583 -1879048036 -1610612578 -1879048031 -1879048029 -1342177115 -1879048023 -1610612565 -1879048018 -1610612560 -1879048013 -1879048011 -1342177097 -1879048005 -1610612547 -1879048000 -1610612542 -1879047995 -1879047993 -1342177079 -1879047987 -1610612529 -1879047982 -1610612524 -1879047977 -1879047975 -1342177061 -1879047969 -1610612511 -1879047964 -1610612506 -1879047959 -1879047957 -1342177043 -1879047951 -1610612493 -1879047946 -1610612488 -1879047941 -1879047939 -1342177025 -1879047933 -1610612475 -1879047928 -1610612470 -1879047923 -1879047921 -1342177007 -1879047915 -1610612457 -1879047910 -1879047908 -1342176994 -1879047902 2 304 2 617 8 12 16 802 303 2 1408 2 1411 95 2 1604 2 4 1615 1 1621 2 4 1632 1 1638 2 4 1649 1 1655 2 4 1666 1 1672 2 4 1683 1 1689 2 4 1700 1 1706 2 4 1717 1 1723 2 4 1734 1 2545 408 3777 2 2 3782 4 3788 3 3792 2 2 3 3798 1 3802 3 2 3811 4 3816 2 2 3821 4 3827 3 3831 2 2 3 3837 1 3841 3 2 3850 4 3855 2 2 3860 4 3866 3 3870 2 2 3 3876 1 3880 3 2 3889 4 3894 2 2 3899 4 3905 3 3909 2 2 3 3915 1 3919 3 2 3928 4 3933 2 2 3938 4 3944 3 3948 2 2 3 3954 1 3958 3 2 3967 4 3972 2 2 3977 4 3983 3 3987 2 2 3 3993 1 3997 3 2 4006 4 4011 2 2 4016 4 4022 3 4026 2 2 3 4032 1 4036 3 2 4045 4 4050 2 2 4055 4 4061 3 4065 2 2 3 4071 1 4075 3 2 4084 4 8281 1048 17353 2006 2 10030 33441 1013 
0
SET-3
0
1
0
1
NDBR15-M-1
192
1409 1410 1411 1412 1413 1414 1415 1416 1417 1418 1419 1420 1421 1422 1423 1424 1425 1426 1427 1428 1429 1430 1431 1432 1433 1434 1435 1436 1437 1438 1439 1440 1441 1442 1443 1444 1445 1446 1447 1448 1449 1450 1451 1452 1453 1454 1455 1456 1457 1458 1459 1460 1461 1462 1463 1464 1465 1466 1467 1468 1469 1470 1471 1472 1473 1474 1475 1476 1477 1478 1479 1480 1481 1482 1483 1484 1485 1486 1487 1488 1489 1490 1491 1492 1493 1494 1495 1496 1497 1498 1499 1500 1501 1502 1503 1504 1505 1506 1507 1508 1509 1510 1511 1512 1513 1514 1515 1516 1517 1518 1519 1520 1521 1522 1523 1524 1525 1526 1527 1528 1529 1530 1531 1532 1533 1534 1535 1536 1537 1538 1539 1540 1541 1542 1543 1544 1545 1546 1547 1548 1549 1550 1551 1552 1553 1554 1555 1556 1557 1558 1559 1560 1561 1562 1563 1564 1565 1566 1567 1568 1569 1570 1571 1572 1573 1574 1575 1576 1577 1578 1579 1580 1581 1582 1583 1584 1585 1586 1587 1588 1589 1590 1591 1592 1593 1594 1595 1596 1597 1598 1599 1600 
0
SET-4
0
1
0
1
NDBR15-M-1
16
1431 1432 1455 1456 1479 1480 1503 1504 1527 1528 1551 1552 1575 1576 1599 1600 
0
1
NDBR15-M-1
1
SET-1
0
1
14
-2147483647
48 1 16 5 0 1 0 -1 -1 34453 1 -1879048189 1 34453 
0
0
0
4
SET-1
0
1
0
1
NDBR15-M-1
39
-2147483647
148 1 16 30 0 1 0 -1 -1 351 9 -1879048181 -1879048179 -1879048177 -1610612719 -1879048172 -1879048170 -1879048168 -1879048166 -1879048164 1 2 5 1 8 5 41 2 76 200 7 214 67 1457 7 1471 183 4176 77 
0
SET-2
0
1
0
1
NDBR15-M-1
138
-2147483647
544 1 16 129 0 1 0 -1 -1 7733 37 -1342177241 -1342177237 -1879048145 -1879048143 -1879048141 -1879048139 -1342177225 -1879048133 -1879048131 -1342177217 -1342177213 -1879048121 -1879048119 -1879048117 -1879048115 -1879048113 -1879048111 -1879048109 -1342177195 -1879048103 -1879048101 -1879048099 -1879048097 -1879048095 -1879048093 -1879048091 -1879048089 -1879048087 -1342177173 -1879048081 -1879048079 -1879048077 -1342177163 -1879048071 -1879048069 -1879048067 -1879048065 2 2 2 3 11 2 3 3 22 1 24 2 28 1 31 6 42 37 2 76 207 14 229 7 237 11 2 22 282 37 2 76 447 14 473 11 496 18 521 2 532 7 555 2 620 117 815 20 2 30 1198 259 1577 77 1987 259 2282 77 2463 14 2710 170 3100 174 3777 140 6196 479 8929 1914 2 4324 16617 954 17679 6 17720 31 17753 2 3 4 17868 85 18085 124 18341 118 19448 510 
0
SET-3
0
1
0
1
NDBR15-M-1
38
-2147483647
144 1 16 29 0 1 0 -1 -1 351 7 -1342177271 -1879048179 -1342177265 -1342177261 -1879048169 -1879048167 -1879048165 15 2 2 3 21 4 319 1 2 76 433 7 2 14 461 60 2253 190 4512 77 
0
SET-4
0
1
0
1
NDBR15-M-1
27
21 22 23 24 472 495 507 508 509 510 511 512 513 514 515 516 517 518 519 520 2436 2437 2438 2439 2440 2441 2442 
0
1
NDBR15-M-1
1
SET-1
0
1
14
-2147483647
48 1 16 5 0 1 0 -1 -1 43041 1 -1879048189 1 43041 
0
0
0
0
0
