1
0
1
ASSEMBLY
1
NDBR15-M-1
NDBR15-M
1
NDBR15-M-1
14
-2147483646
0
48 1 16 5 0 1 0 -1 -1 64755 1 -1879048189 1 64755 
14
48 1 16 5 0 1 0 -1 -1 64755 1 -1879048189 1 64755 
0
1
NDBR15-M-1
14
-2147483646
0
48 1 16 5 0 1 0 -1 -1 55560 1 -1879048189 1 55560 
14
48 1 16 5 0 1 0 -1 -1 55560 1 -1879048189 1 55560 
0
6
SET-1
0
1
0
1
NDBR15-M-1
14
-2147483647
48 1 16 5 0 1 0 -1 -1 384 1 -1879048189 1217 384 
0
SET-2
0
1
0
1
NDBR15-M-1
325
-2147483647
1292 1 16 316 0 1 0 -1 -1 7463 81 -1610612653 -1342177194 -1610612646 -1879048099 -1610612641 -1610612638 -1610612635 -1610612632 -1610612629 -1610612626 -1610612623 -1610612620 -1610612617 -1610612614 -1610612611 -1610612608 -1610612605 -1610612602 -1610612599 -1610612596 -1610612593 -1879048046 -1610612588 -1879048041 -1879048039 -1342177125 -1879048033 -1342177119 -1610612571 -1610612568 -1879048021 -1879048019 -1342177105 -1879048013 -1342177099 -1610612551 -1610612548 -1879048001 -1879047999 -1342177085 -1879047993 -1342177079 -1610612531 -1610612528 -1879047981 -1879047979 -1342177065 -1879047973 -1342177059 -1610612511 -1610612508 -1879047961 -1879047959 -1342177045 -1879047953 -1342177039 -1610612491 -1610612488 -1879047941 -1879047939 -1342177025 -1879047933 -1342177019 -1610612471 -1610612468 -1879047921 -1879047919 -1342177005 -1879047913 -1342176999 -1610612451 -1610612448 -1879047901 -1879047899 -1342176985 -1879047893 -1342176979 -1610612431 -1879047884 -1879047882 -1342176968 4 304 4 1241 8 12 32 1604 303 4 2816 2 2821 95 4 3204 2 5 3216 2 4 3227 2 5 3239 2 4 3250 2 5 3262 2 4 3273 2 5 3285 2 4 3296 2 5 3308 2 4 3319 2 5 3331 2 4 3342 2 5 3354 2 4 3365 2 5 3377 2 4 4841 407 6648 2 2 6653 2 6656 3 6662 1 2 4 6669 2 6673 3 2 6 6686 3 2 6699 2 2 6704 2 6707 3 6713 1 2 4 6720 2 6724 3 2 6 6737 3 2 6750 2 2 6755 2 6758 3 6764 1 2 4 6771 2 6775 3 2 6 6788 3 2 6801 2 2 6806 2 6809 3 6815 1 2 4 6822 2 6826 3 2 6 6839 3 2 6852 2 2 6857 2 6860 3 6866 1 2 4 6873 2 6877 3 2 6 6890 3 2 6903 2 2 6908 2 6911 3 6917 1 2 4 6924 2 6928 3 2 6 6941 3 2 6954 2 2 6959 2 6962 3 6968 1 2 4 6975 2 6979 3 2 6 6992 3 2 7005 2 2 7010 2 7013 3 7019 1 2 4 7026 2 7030 3 2 6 7043 3 2 13937 984 21753 976 37093 2052 2 16416 
0
SET-3
0
1
0
1
NDBR15-M-1
14
-2147483647
48 1 16 5 0 1 0 -1 -1 384 1 -1879048189 2817 384 
0
SET-4
0
1
0
1
NDBR15-M-1
32
2861 2862 2863 2864 2909 2910 2911 2912 2957 2958 2959 2960 3005 3006 3007 3008 3053 3054 3055 3056 3101 3102 3103 3104 3149 3150 3151 3152 3197 3198 3199 3200 
0
SET-5
0
1
0
1
NDBR15-M-1
14
-2147483647
48 1 16 5 0 1 0 -1 -1 384 1 -1879048189 2817 384 
0
SET-6
0
1
0
1
NDBR15-M-1
32
2861 2862 2863 2864 2909 2910 2911 2912 2957 2958 2959 2960 3005 3006 3007 3008 3053 3054 3055 3056 3101 3102 3103 3104 3149 3150 3151 3152 3197 3198 3199 3200 
0
1
NDBR15-M-1
1
SET-1
0
1
14
-2147483647
48 1 16 5 0 1 0 -1 -1 55560 1 -1879048189 1 55560 
0
0
0
6
SET-1
0
1
0
1
NDBR15-M-1
40
-2147483647
152 1 16 31 0 1 0 -1 -1 585 9 -1879048181 -1879048179 -1879048177 -1342177263 -1879048171 -1879048169 -1879048167 -1879048165 -1879048163 1 2 5 1 8 5 41 3 2 80 208 7 222 71 1653 21 1695 241 5606 231 
0
SET-2
0
1
0
1
NDBR15-M-1
145
-2147483647
572 1 16 136 0 1 0 -1 -1 7723 40 -1342177238 -1342177234 -1879048142 -1879048140 -1879048138 -1879048136 -1342177222 -1879048130 -1879048128 -1342177214 -1342177210 -1879048118 -1879048116 -1879048114 -1879048112 -1879048110 -1879048108 -1879048106 -1342177192 -1879048100 -1879048098 -1879048096 -1879048094 -1879048092 -1879048090 -1879048088 -1879048086 -1879048084 -1879048082 -1879048080 -1879048078 -1342177164 -1879048072 -1879048070 -1879048068 -1879048066 -1879048064 -1879048062 -1879048060 -1879048058 2 2 2 3 11 2 3 3 22 1 24 2 28 1 31 6 44 37 2 80 215 14 239 7 249 11 2 22 296 37 2 80 467 14 495 11 520 18 545 3 560 7 586 3 658 117 865 19 2 29 1394 259 1859 77 2417 259 2784 77 2985 21 3266 176 3827 167 4696 133 10879 919 11988 80 12138 56 12232 24 12258 2 2 4 12268 4 13285 927 27694 1093 29301 70 29377 2 29907 126 30124 1960 36449 867 
0
SET-3
0
1
0
1
NDBR15-M-1
38
-2147483647
144 1 16 29 0 1 0 -1 -1 585 7 -1342177271 -1879048179 -1342177265 -1342177261 -1879048169 -1879048167 -1879048165 15 2 2 3 21 4 333 3 2 80 453 7 2 14 481 64 2697 262 6614 231 
0
SET-4
0
1
0
1
NDBR15-M-1
45
21 22 23 24 492 493 494 517 518 519 531 532 533 534 535 536 537 538 539 540 541 542 543 544 2938 2939 2940 2941 2942 2943 2944 2945 2946 2947 2948 2949 2950 2951 2952 2953 2954 2955 2956 2957 2958 
0
SET-5
0
1
0
1
NDBR15-M-1
38
-2147483647
144 1 16 29 0 1 0 -1 -1 585 7 -1342177271 -1879048179 -1342177265 -1342177261 -1879048169 -1879048167 -1879048165 15 2 2 3 21 4 333 3 2 80 453 7 2 14 481 64 2697 262 6614 231 
0
SET-6
0
1
0
1
NDBR15-M-1
45
21 22 23 24 492 493 494 517 518 519 531 532 533 534 535 536 537 538 539 540 541 542 543 544 2938 2939 2940 2941 2942 2943 2944 2945 2946 2947 2948 2949 2950 2951 2952 2953 2954 2955 2956 2957 2958 
0
1
NDBR15-M-1
1
SET-1
0
1
14
-2147483647
48 1 16 5 0 1 0 -1 -1 64755 1 -1879048189 1 64755 
0
0
0
0
0
