1
0
1
ASSEMBLY
1
NDBR6
NDBR6
1
NDBR6
14
-2147483646
0
48 1 16 5 0 1 0 -1 -1 42075 1 -1879048189 1 42075 
14
48 1 16 5 0 1 0 -1 -1 42075 1 -1879048189 1 42075 
0
1
NDBR6
14
-2147483646
0
48 1 16 5 0 1 0 -1 -1 67474 1 -1879048189 1 67474 
16
56 1 16 7 0 1 0 -1 -1 67474 1 -1342177277 1 33737 2 100000 
0
5
BOTTOM_PART
0
1
0
1
NDBR6
192
31786 31787 31788 31789 31790 31791 31792 31793 31794 31795 31796 31797 31798 31799 31800 31801 31802 31803 31804 31805 31806 31807 31808 31809 31810 31811 31812 31813 31814 31815 31816 31817 31818 31819 31820 31821 31822 31823 31824 31825 31826 31827 31828 31829 31830 31831 31832 31833 31834 31835 31836 31837 31838 31839 31840 31841 31842 31843 31844 31845 31846 31847 31848 31849 31850 31851 31852 31853 31854 31855 31856 31857 31858 31859 31860 31861 31862 31863 31864 31865 31866 31867 31868 31869 31870 31871 31872 31873 31874 31875 31876 31877 31878 31879 31880 31881 31882 31883 31884 31885 31886 31887 31888 31889 31890 31891 31892 31893 31894 31895 31896 31897 31898 31899 31900 31901 31902 31903 31904 31905 31906 31907 31908 31909 31910 31911 31912 31913 31914 31915 31916 31917 31918 31919 31920 31921 31922 31923 31924 31925 31926 31927 31928 31929 31930 31931 31932 31933 31934 31935 31936 31937 31938 31939 31940 31941 31942 31943 31944 31945 31946 31947 31948 31949 31950 31951 31952 31953 31954 31955 31956 31957 31958 31959 31960 31961 31962 31963 31964 31965 31966 31967 31968 31969 31970 31971 31972 31973 31974 31975 31976 31977 
0
HYDROGEN_SURFACE
0
1
0
1
NDBR6
631
-2147483647
2516 1 16 622 0 1 0 -1 -1 8407 180 -1879048010 -1879048008 -1342177094 -1879048002 -1879048000 -1610612542 -1879047995 -1342177081 -1879047989 -1879047987 -1610612529 -1879047982 -1342177068 -1879047976 -1879047974 -1610612516 -1879047969 -1342177055 -1879047963 -1879047961 -1610612503 -1879047956 -1610612498 -1879047951 -1879047949 -1879047947 -1879047945 -1879047943 -1610612485 -1879047938 -1879047936 -1879047934 -1879047932 -1879047930 -1610612472 -1879047925 -1879047923 -1879047921 -1879047919 -1879047917 -1610612459 -1879047912 -1879047910 -1879047908 -1879047906 -1879047904 -1342176990 -1879047898 -1610612440 -1879047893 -1879047891 -1879047889 -1879047887 -1879047885 -1879047883 -1610612425 -1342176966 -1879047874 -1879047872 -1879047870 -1879047868 -1610612410 -1879047863 -1879047861 -1879047859 -1879047857 -1879047855 -1610612397 -1342176938 -1879047846 -1879047844 -1879047842 -1879047840 -1610612382 -1879047835 -1879047833 -1879047831 -1879047829 -1879047827 -1610612369 -1342176910 -1879047818 -1879047816 -1879047814 -1879047812 -1610612354 -1879047807 -1879047805 -1879047803 -1879047801 -1879047799 -1610612341 -1342176882 -1879047790 -1879047788 -1879047786 -1879047784 -1610612326 -1879047779 -1342176865 -1879047773 -1879047771 -1879047769 -1610612311 -1610612308 -1879047761 -1342176847 -1879047755 -1879047753 -1610612295 -1342176836 -1879047744 -1879047742 -1879047740 -1879047738 -1610612280 -1610612277 -1879047730 -1342176816 -1879047724 -1879047722 -1610612264 -1342176805 -1879047713 -1879047711 -1879047709 -1879047707 -1610612249 -1610612246 -1879047699 -1342176785 -1879047693 -1879047691 -1610612233 -1342176774 -1879047682 -1879047680 -1879047678 -1879047676 -1610612218 -1610612215 -1879047668 -1342176754 -1879047662 -1879047660 -1610612202 -1879047655 -1879047653 -1342176739 -1879047647 -1610612189 -1879047642 -1610612184 -1879047637 -1342176723 -1342176719 -1342176715 -1342176711 -1342176707 -1879047615 -1879047613 -1610612155 -1879047608 -1610612150 -1879047603 -1610612145 -1879047598 -1879047596 -1879047594 -1879047592 -1879047590 -1879047588 -1879047586 -1879047584 -1879047582 -1879047580 -1879047578 -1879047576 -1879047574 -1879047572 1 93 98 1 101 2 2 3 124 3 151 2 154 2 2 191 1 194 2 2 3 217 3 244 2 247 2 2 284 1 287 2 2 3 310 3 337 2 340 2 2 377 1 380 2 2 3 403 3 430 2 433 2 2 466 3 491 2 4 500 1 504 3 525 2 528 1 554 3 579 2 4 588 1 592 3 613 2 616 1 642 3 667 2 4 676 1 680 3 701 2 704 1 730 3 755 2 4 764 1 768 3 789 2 792 1 818 2465 3353 2 131 72 12785 167 12956 2309 5 24501 873 25392 2 25395 3 25427 1 25458 3 25468 1 25502 2 5 25523 1 2 27 25558 2 25561 1 25563 3 25606 6 25682 2 2 26100 2 26103 3 26135 1 26166 3 26176 1 26210 2 5 26231 1 2 27 26266 2 26269 1 26271 3 26314 6 26390 2 2 26808 2 26811 3 26843 1 26874 3 26884 1 26918 2 5 26939 1 2 27 26974 2 26977 1 26979 3 27022 6 27098 2 2 27516 2 27519 3 27551 1 27582 3 27592 1 27626 2 5 27647 1 2 27 27682 2 27685 1 27687 3 27730 6 27806 2 2 28206 716 28935 1 2 54 28993 2 29018 1 29023 3 29028 2 2 29087 2 4 29129 1 29131 4 2 12 29148 3 29170 1 29220 2 2 29235 1 2 416 29705 1 29709 2 29734 1 29739 3 29744 2 2 29803 2 4 29845 1 29847 4 2 12 29864 3 29886 1 29936 2 2 29951 1 2 416 30421 1 30425 2 30450 1 30455 3 30460 2 2 30519 2 4 30561 1 30563 4 2 12 30580 3 30602 1 30652 2 2 30667 1 2 416 31137 1 31141 2 31166 1 31171 3 31176 2 2 31235 2 4 31277 1 31279 4 2 12 31296 3 31318 1 31368 2 2 31383 1 31786 9 31801 10 11 16 31977 63 32041 185 2 32411 88 32500 71 2 32642 36 32683 2 2 4 32694 2 2 4 32705 2 2 4 32716 2 2 4 32727 2 2 4 32738 2 32742 36 32779 71 2 32921 52 32974 77 2 33128 88 33217 185 2 33587 74 33663 1 33665 3 33674 1 33676 3 33685 1 33687 3 33696 1 33698 3 33707 1 33709 3 33718 1 33720 3 33727 11 
0
TOP_PART
0
1
0
1
NDBR6
192
32754 32755 32756 32757 32758 32759 32760 32761 32762 32763 32764 32765 32766 32767 32768 32769 32770 32771 32772 32773 32774 32775 32776 32777 32778 32779 32780 32781 32782 32783 32784 32785 32786 32787 32788 32789 32790 32791 32792 32793 32794 32795 32796 32797 32798 32799 32800 32801 32802 32803 32804 32805 32806 32807 32808 32809 32810 32811 32812 32813 32814 32815 32816 32817 32818 32819 32820 32821 32822 32823 32824 32825 32826 32827 32828 32829 32830 32831 32832 32833 32834 32835 32836 32837 32838 32839 32840 32841 32842 32843 32844 32845 32846 32847 32848 32849 32850 32851 32852 32853 32854 32855 32856 32857 32858 32859 32860 32861 32862 32863 32864 32865 32866 32867 32868 32869 32870 32871 32872 32873 32874 32875 32876 32877 32878 32879 32880 32881 32882 32883 32884 32885 32886 32887 32888 32889 32890 32891 32892 32893 32894 32895 32896 32897 32898 32899 32900 32901 32902 32903 32904 32905 32906 32907 32908 32909 32910 32911 32912 32913 32914 32915 32916 32917 32918 32919 32920 32921 32922 32923 32924 32925 32926 32927 32928 32929 32930 32931 32932 32933 32934 32935 32936 32937 32938 32939 32940 32941 32942 32943 32944 32945 
0
TOP_SURFACE
0
1
0
1
NDBR6
16
32776 32777 32800 32801 32824 32825 32848 32849 32872 32873 32896 32897 32920 32921 32944 32945 
0
ZSYMM
0
1
0
1
NDBR6
152
-2147483647
600 1 16 143 0 1 0 -1 -1 7293 44 -1879048146 -1879048144 -1610612686 -1879048139 -1879048137 -1342177223 -1879048131 -1610612673 -1610612670 -1879048123 -1879048121 -1879048119 -1879048117 -1879048115 -1879048113 -1879048111 -1879048109 -1879048107 -1879048105 -1879048103 -1879048101 -1879048099 -1879048097 -1879048095 -1879048093 -1610612635 -1610612632 -1879048085 -1610612627 -1879048080 -1879048078 -1879048076 -1879048074 -1879048072 -1879048070 -1879048068 -1879048066 -1879048064 -1879048062 -1879048060 -1879048058 -1879048056 -1879048054 -1610612596 373 181 10410 2376 12790 2376 5 27498 708 31070 716 31794 8 11 16 31970 9 31980 247 2 32475 96 2 32667 2 32670 1 32678 2 32681 1 32689 2 32692 1 32700 2 32703 1 32711 2 32714 1 32722 2 32725 1 32733 2 32736 1 32744 2 32747 1 32754 96 2 32947 103 2 33153 2 33156 248 2 33656 1 33660 2 33667 1 33671 2 33678 1 33682 2 33689 1 33693 2 33700 1 33704 2 33711 1 33715 2 33722 1 33726 2 33733 2 4 
0
1
NDBR6
3
SET-1
0
1
14
-2147483647
48 1 16 5 0 1 0 -1 -1 33737 1 -1879048189 1 33737 
0
0
SOLID
0
1
14
-2147483647
48 1 16 5 0 1 0 -1 -1 33737 1 -1879048189 1 33737 
0
0
VISUALIZATION
0
1
14
-2147483647
48 1 16 5 0 1 0 -1 -1 33737 1 -1879048189 33738 33737 
0
0
0
6
BOTTOM_PART
0
1
0
1
NDBR6
14
-2147483647
48 1 16 5 0 1 0 -1 -1 351 1 -1879048189 38845 351 
0
HYDROGEN_SURFACE
0
1
0
1
NDBR6
412
-2147483647
1640 1 16 403 0 1 0 -1 -1 9115 13 -1073741809 -1073741791 -1073741777 -1073741713 -1073741622 -1073741615 -1073741586 -1073741577 -1073741551 -1073741535 -268435146 -1073741482 -1073741425 1 512 1073221631 1048544 0 -4096 131071 0 -4194304 1023 0 0 -1073741824 -1 -536870912 -1 -1 4095 769 384 -572731393 -67108835 67108863 0 -67108864 -1 -1 16383 0 0 0 4194300 1985 1984 -2147483648 -1 -1 -1 -1 16383 0 6291456 -8192 -1 -1 -1 -1 -1 -1 -1 -1 -1 -1 -1 -1 -1 -1 -1 -1 -1 -1 -1 -1 -1 -1 -1 -1 -1 -1 -1 -1 -1 -1 -1 -1 -1 -1 -1 -1 -1 -1 -1 -1 -1 -1 -1 -1 -1 -1 -1 -1 -1 -1 -1 -1 16383 6209 2848 -16384 -1 -1 -1 -1 -1 -1 -129 -8388609 255 -16777216 -1 -1 -1 -1 -1 -1 -1 -1 -1 -1 -1 -1 -1 -1 -1 -1 -1 -1 -1 -1 -1 -1073741313 -1 -1 -1 -1 -1 -1 -1 -1 -1 -1 -1 -1 -1 -1 -1 -1 -1 -1 -1 -1 -1 -1 -1 -1 -1 -1 -1 -1 -1 -1 -1 -1 -1 -1 -1 -1 -1 -1 -1 -1 -1 -1 -1 -1 -1 -1 -1 -1 -1 -1 -1 -1 -1 -1 -1 255 11297 160 -256 -1 -1 -1 255 11713 864 -16 -1 -1 -1 -1 -1 -1 -1 -1 -1 -1 -1 -1 -1 -1 -1 -1 -1 -1 -1 -1 -1 -1 -1 -1 -1 16777215 30721 224 -16777216 -1 -1 -1 -1 -1 2047 31553 768 -4194304 -1 -1 -1 -1 -1 -1 -1 1073737727 65534 -256 16777215 536870400 0 -16384 -1 -1 -1 -1 -1 -1 -1 -524257 67108863 32481 448 -16777216 -1 -32513 -16257 -2147483585 3 -67108864 262143 0 -4096 -1 -1 -1 15 33089 608 -16 -1 -1 -1 -1 -1 -1 -1 -1 -1 -1 -1 -1 -1 -1 -1 -1 -1 15 38817 448 2 608 -1879048192 -14529 134217727 0 0 -4227584 -1965834371 2147479535 -402653186 16381 0 2013265920 -8652085 15 -4 -1 -1 -1 -1 -1 1048575 -1050756 -50364417 1073741555 -34865168 -1 -546849409 509 40033 1760 939524096 -66240 30762714 -1351432313 536870335 -1277239331 1776270576 4224127 0 0 -1082140176 114021372 -1073741824 -1 1544290319 -411143676 -242656595 1006466940 2013282690 -1354653473 -3729 65535 0 -1073741824 -2094024731 1340291052 -1476239377 2013476107 -1517018 -402653185 1909350338 2138898075 231 0 -1879048192 -4606667 1342177279 63351 -267666529 1714065407 -2123028446 -2 -1 -1 -1 -1 -1803153411 1060504090 1163024094 -518792774 1354752512 -76689089 38850807 71486656 7586 41985 64 2138044186 12316650 
0
TOP_NODES
0
1
0
1
NDBR6
27
40492 40493 40494 40495 40496 40497 40498 40505 40521 40528 40533 40545 40557 40566 40569 40579 40587 40589 40595 40604 40606 40620 40644 40652 40657 40662 40685 
0
TOP_PART
0
1
0
1
NDBR6
14
-2147483647
48 1 16 5 0 1 0 -1 -1 351 1 -1879048189 40447 351 
0
TOP_SURFACE
0
1
0
1
NDBR6
27
40492 40493 40494 40495 40496 40497 40498 40505 40521 40528 40533 40545 40557 40566 40569 40579 40587 40589 40595 40604 40606 40620 40644 40652 40657 40662 40685 
0
ZSYMM
0
1
0
1
NDBR6
376
-2147483647
1496 1 16 367 0 1 0 -1 -1 7527 15 -1073741807 -1073741798 -1073741793 -1073741785 -1073741773 -1073741699 -1073741692 -1073741687 -1073741613 -1073741590 -1073741578 -1073741549 -1073741527 -1073741518 -1073741461 2 224 -536610789 15 0 0 -65536 -1 2097151 354 96 -67108864 -1 25 738 192 -2147483648 286365697 -15 -33554425 -1 33554431 1954 320 -8192 1073741823 5504 0 0 0 -8192 -1 -3145729 4095 3938 2304 -8192 -1 -1 -1 -1 -1 -1 -1 -1 -1 -1 -1 -1 -1 -1 -1 -1 -1 -1 -1 -1 -1 -1 -1 -1 -1 -1 -1 -1 -1 -1 -1 -1 -1 -1 -1 -1 -1 -1 -1 -1 -1 -1 -1 -1 -1 -1 -1 -1 -1 -1 -1 -1 -1 -1 -1 -1 -1 -1 -1 -1 -1 -1 -1 -1 -1 -1 -1 -1 -1 -1 8191 6402 160 -32 402653439 -1 -1 8388607 7170 96 2147483520 -256 536870911 9026 2304 -128 -1 -1 -1 -1 -1 -1 -1 -1 -1 -1 -1 -1 -1 -1 -1 -1 -1 -1 -1 -1 -1 -1 -1 -1 -1 -1 -1 -1 -1 -1 -1 -1 -1 -1 -1 -1 -1 -1 -1 -1 -1 -1 -1 -1 -1 -1 -1 -1 -1 -1 -1 -1 -1 -1 -1 -1 -1 -1 -1 -1 -1 -1 -1 -1 -1 -1 -1 -1 -1 -1 127 30914 672 -1024 -1 -1 -1 -1 -1 -1 -1 -1 -1 -1 -1 -1 -1 -1 -1 -1 -1 -1 -1 2097151 31714 320 -32768 511 -2048 -109049825 -32768 127 -8388608 -268435201 -1 8191 32258 864 262128 -33554432 -1 -1 -1 -1 -1 8388607 0 16256 8128 1073741792 -2 33554431 -131072 -1 2047 0 0 0 -8 -1 -1 -1 -1 -1 7 38818 640 402653184 20545 -67108864 -1 -1 -1842975489 713098496 -2147466204 480247938 1793 0 1073741824 -521772101 -4 -1 -1 -1 -1 -1 1 39650 224 1345203524 165727232 -523066698 -2085890809 -2008780888 -1806945936 1 40034 1760 -335544320 -2147450529 2136296595 -398025412 1879063847 -1502301679 1261445511 4179408 0 0 -1597959424 10163721 0 0 -772276224 256427775 -2021927175 -478021679 1409277822 -1451266158 1866 0 0 -2147483648 -1217747955 1478255625 -1109405688 -1006738054 1023732 469762048 1193137919 1078034610 111 0 -536870912 3353981 1560281088 2147451972 133919537 -991234048 -1082655750 6 0 0 0 -1610612736 -1111623641 -261816322 -581503856 -805874926 1973481471 315572066 -19398938 -2180193 12726 41986 64 -1060633486 2787402 
0
1
NDBR6
1
SET-1
0
1
14
-2147483647
48 1 16 5 0 1 0 -1 -1 42075 1 -1879048189 1 42075 
0
0
0
0
0
