 
Abaqus 2023  is now in use 
 
NOTICE.  Abaqus licenses used on CSC's servers are only for 
students and personnel from Finnish universities and polytechnics. 
 

Lmod is automatically replacing "gcc/11.3.0" with
"intel-oneapi-compilers/2022.1.0".


Due to MODULEPATH changes, the following have been reloaded:
  1) intel-oneapi-mkl/2022.1.0     2) openmpi/4.1.4

Checkout succeeded: standard/83BC504A2998
	License file: 1761@license1.csc.fi
	No server used
FLEXnet Licensing checkout error: In the queue for this feature.
Feature:       standard
License path:  1761@license1.csc.fi:
FLEXnet Licensing error:-35,146
For further information, refer to the FLEXnet Licensing documentation,
available at "www.acresso.com".
license file(s):  1761@license1.csc.fi
"standard" license request queued for the License Server. 
Total time in queue: 0 seconds.
"standard" license request queued for the License Server. 
Total time in queue: 30 seconds.
"standard" license request queued for the License Server. 
Total time in queue: 60 seconds.
"standard" license request queued for the License Server. 
Total time in queue: 90 seconds.
"standard" license request queued for the License Server. 
Total time in queue: 120 seconds.
"standard" license request queued for the License Server. 
Total time in queue: 150 seconds.
"standard" license request queued for the License Server. 
Total time in queue: 180 seconds.
"standard" license request queued for the License Server. 
Total time in queue: 210 seconds.
"standard" license request queued for the License Server. 
Total time in queue: 240 seconds.
"standard" license request queued for the License Server. 
Total time in queue: 270 seconds.
"standard" license request queued for the License Server. 
Total time in queue: 300 seconds.
"standard" license request queued for the License Server. 
Total time in queue: 330 seconds.
"standard" license request queued for the License Server. 
Total time in queue: 360 seconds.
"standard" license request queued for the License Server. 
Total time in queue: 390 seconds.
"standard" license request queued for the License Server. 
Total time in queue: 420 seconds.
"standard" license request queued for the License Server. 
Total time in queue: 450 seconds.
"standard" license request queued for the License Server. 
Total time in queue: 480 seconds.
"standard" license request queued for the License Server. 
Total time in queue: 510 seconds.
"standard" license request queued for the License Server. 
Total time in queue: 540 seconds.
"standard" license request queued for the License Server. 
Total time in queue: 570 seconds.
"standard" license request queued for the License Server. 
Total time in queue: 600 seconds.
"standard" license request queued for the License Server. 
Total time in queue: 630 seconds.
"standard" license request queued for the License Server. 
Total time in queue: 660 seconds.
"standard" license request queued for the License Server. 
Total time in queue: 690 seconds.
"standard" license request queued for the License Server. 
Total time in queue: 720 seconds.
"standard" license request queued for the License Server. 
Total time in queue: 750 seconds.
"standard" license request queued for the License Server. 
Total time in queue: 780 seconds.
"standard" license request queued for the License Server. 
Total time in queue: 810 seconds.
"standard" license request queued for the License Server. 
Total time in queue: 840 seconds.
"standard" license request queued for the License Server. 
Total time in queue: 870 seconds.
"standard" license request queued for the License Server. 
Total time in queue: 900 seconds.
"standard" license request queued for the License Server. 
Total time in queue: 930 seconds.
FLEXnet Licensing checkout error: Licensed number of users already reached.
Feature:       standard
License path:  1761@license1.csc.fi:
FLEXnet Licensing error:-4,132
For further information, refer to the FLEXnet Licensing documentation,
available at "www.acresso.com".
license file(s):  1761@license1.csc.fi
"standard" license request queued for the License Server. 
Total time in queue: 960 seconds.
"standard" license request queued for the License Server. 
Total time in queue: 990 seconds.
"standard" license request queued for the License Server. 
Total time in queue: 1020 seconds.
"standard" license request queued for the License Server. 
Total time in queue: 1050 seconds.
"standard" license request queued for the License Server. 
Total time in queue: 1080 seconds.
"standard" license request queued for the License Server. 
Total time in queue: 1110 seconds.
"standard" license request queued for the License Server. 
Total time in queue: 1140 seconds.
"standard" license request queued for the License Server. 
Total time in queue: 1170 seconds.
"standard" license request queued for the License Server. 
Total time in queue: 1200 seconds.
"standard" license request queued for the License Server. 
Total time in queue: 1230 seconds.
"standard" license request queued for the License Server. 
Total time in queue: 1260 seconds.
"standard" license request queued for the License Server. 
Total time in queue: 1290 seconds.
"standard" license request queued for the License Server. 
Total time in queue: 1320 seconds.
"standard" license request queued for the License Server. 
Total time in queue: 1350 seconds.
"standard" license request queued for the License Server. 
Total time in queue: 1380 seconds.
"standard" license request queued for the License Server. 
Total time in queue: 1410 seconds.
"standard" license request queued for the License Server. 
Total time in queue: 1440 seconds.
"standard" license request queued for the License Server. 
Total time in queue: 1470 seconds.
"standard" license request queued for the License Server. 
Total time in queue: 1500 seconds.
"standard" license request queued for the License Server. 
Total time in queue: 1530 seconds.
"standard" license request queued for the License Server. 
Total time in queue: 1560 seconds.
"standard" license request queued for the License Server. 
Total time in queue: 1590 seconds.
"standard" license request queued for the License Server. 
Total time in queue: 1620 seconds.
"standard" license request queued for the License Server. 
Total time in queue: 1650 seconds.
"standard" license request queued for the License Server. 
Total time in queue: 1680 seconds.
"standard" license request queued for the License Server. 
Total time in queue: 1710 seconds.
"standard" license request queued for the License Server. 
Total time in queue: 1740 seconds.
"standard" license request queued for the License Server. 
Total time in queue: 1770 seconds.
"standard" license request queued for the License Server. 
Total time in queue: 1800 seconds.
"standard" license request queued for the License Server. 
Total time in queue: 1830 seconds.
"standard" license request queued for the License Server. 
Total time in queue: 1860 seconds.
FLEXnet Licensing checkout error: Licensed number of users already reached.
Feature:       standard
License path:  1761@license1.csc.fi:
FLEXnet Licensing error:-4,132
For further information, refer to the FLEXnet Licensing documentation,
available at "www.acresso.com".
license file(s):  1761@license1.csc.fi
"standard" license request queued for the License Server. 
Total time in queue: 1890 seconds.
"standard" license request queued for the License Server. 
Total time in queue: 1920 seconds.
"standard" license request queued for the License Server. 
Total time in queue: 1950 seconds.
"standard" license request queued for the License Server. 
Total time in queue: 1980 seconds.
"standard" license request queued for the License Server. 
Total time in queue: 2010 seconds.
"standard" license request queued for the License Server. 
Total time in queue: 2040 seconds.
"standard" license request queued for the License Server. 
Total time in queue: 2070 seconds.
"standard" license request queued for the License Server. 
Total time in queue: 2100 seconds.
"standard" license request queued for the License Server. 
Total time in queue: 2130 seconds.
"standard" license request queued for the License Server. 
Total time in queue: 2160 seconds.
"standard" license request queued for the License Server. 
Total time in queue: 2190 seconds.
"standard" license request queued for the License Server. 
Total time in queue: 2220 seconds.
"standard" license request queued for the License Server. 
Total time in queue: 2250 seconds.
"standard" license request queued for the License Server. 
Total time in queue: 2280 seconds.
"standard" license request queued for the License Server. 
Total time in queue: 2310 seconds.
"standard" license request queued for the License Server. 
Total time in queue: 2340 seconds.
"standard" license request queued for the License Server. 
Total time in queue: 2370 seconds.
"standard" license request queued for the License Server. 
Total time in queue: 2400 seconds.
"standard" license request queued for the License Server. 
Total time in queue: 2430 seconds.
"standard" license request queued for the License Server. 
Total time in queue: 2460 seconds.
"standard" license request queued for the License Server. 
Total time in queue: 2490 seconds.
"standard" license request queued for the License Server. 
Total time in queue: 2520 seconds.
"standard" license request queued for the License Server. 
Total time in queue: 2550 seconds.
"standard" license request queued for the License Server. 
Total time in queue: 2580 seconds.
"standard" license request queued for the License Server. 
Total time in queue: 2610 seconds.
"standard" license request queued for the License Server. 
Total time in queue: 2640 seconds.
"standard" license request queued for the License Server. 
Total time in queue: 2670 seconds.
"standard" license request queued for the License Server. 
Total time in queue: 2700 seconds.
"standard" license request queued for the License Server. 
Total time in queue: 2730 seconds.
"standard" license request queued for the License Server. 
Total time in queue: 2760 seconds.
"standard" license request queued for the License Server. 
Total time in queue: 2790 seconds.
FLEXnet Licensing checkout error: Licensed number of users already reached.
Feature:       standard
License path:  1761@license1.csc.fi:
FLEXnet Licensing error:-4,132
For further information, refer to the FLEXnet Licensing documentation,
available at "www.acresso.com".
license file(s):  1761@license1.csc.fi
"standard" license request queued for the License Server. 
Total time in queue: 2820 seconds.
"standard" license request queued for the License Server. 
Total time in queue: 2850 seconds.
"standard" license request queued for the License Server. 
Total time in queue: 2880 seconds.
"standard" license request queued for the License Server. 
Total time in queue: 2910 seconds.
"standard" license request queued for the License Server. 
Total time in queue: 2940 seconds.
"standard" license request queued for the License Server. 
Total time in queue: 2970 seconds.
"standard" license request queued for the License Server. 
Total time in queue: 3000 seconds.
"standard" license request queued for the License Server. 
Total time in queue: 3030 seconds.
"standard" license request queued for the License Server. 
Total time in queue: 3060 seconds.
"standard" license request queued for the License Server. 
Total time in queue: 3090 seconds.
"standard" license request queued for the License Server. 
Total time in queue: 3120 seconds.
"standard" license request queued for the License Server. 
Total time in queue: 3150 seconds.
"standard" license request queued for the License Server. 
Total time in queue: 3180 seconds.
"standard" license request queued for the License Server. 
Total time in queue: 3210 seconds.
"standard" license request queued for the License Server. 
Total time in queue: 3240 seconds.
"standard" license request queued for the License Server. 
Total time in queue: 3270 seconds.
"standard" license request queued for the License Server. 
Total time in queue: 3300 seconds.
"standard" license request queued for the License Server. 
Total time in queue: 3330 seconds.
"standard" license request queued for the License Server. 
Total time in queue: 3360 seconds.
"standard" license request queued for the License Server. 
Total time in queue: 3390 seconds.
"standard" license request queued for the License Server. 
Total time in queue: 3420 seconds.
"standard" license request queued for the License Server. 
Total time in queue: 3450 seconds.
"standard" license request queued for the License Server. 
Total time in queue: 3480 seconds.
"standard" license request queued for the License Server. 
Total time in queue: 3510 seconds.
"standard" license request queued for the License Server. 
Total time in queue: 3540 seconds.
"standard" license request queued for the License Server. 
Total time in queue: 3570 seconds.
"standard" license request queued for the License Server. 
Total time in queue: 3600 seconds.
"standard" license request queued for the License Server. 
Total time in queue: 3630 seconds.
"standard" license request queued for the License Server. 
Total time in queue: 3660 seconds.
"standard" license request queued for the License Server. 
Total time in queue: 3690 seconds.
"standard" license request queued for the License Server. 
Total time in queue: 3720 seconds.
FLEXnet Licensing checkout error: Licensed number of users already reached.
Feature:       standard
License path:  1761@license1.csc.fi:
FLEXnet Licensing error:-4,132
For further information, refer to the FLEXnet Licensing documentation,
available at "www.acresso.com".
license file(s):  1761@license1.csc.fi
"standard" license request queued for the License Server. 
Total time in queue: 3750 seconds.
"standard" license request queued for the License Server. 
Total time in queue: 3780 seconds.
"standard" license request queued for the License Server. 
Total time in queue: 3810 seconds.
"standard" license request queued for the License Server. 
Total time in queue: 3840 seconds.
"standard" license request queued for the License Server. 
Total time in queue: 3870 seconds.
"standard" license request queued for the License Server. 
Total time in queue: 3900 seconds.
"standard" license request queued for the License Server. 
Total time in queue: 3931 seconds.
"standard" license request queued for the License Server. 
Total time in queue: 3961 seconds.
"standard" license request queued for the License Server. 
Total time in queue: 3991 seconds.
"standard" license request queued for the License Server. 
Total time in queue: 4021 seconds.
"standard" license request queued for the License Server. 
Total time in queue: 4051 seconds.
"standard" license request queued for the License Server. 
Total time in queue: 4081 seconds.
"standard" license request queued for the License Server. 
Total time in queue: 4111 seconds.
"standard" license request queued for the License Server. 
Total time in queue: 4141 seconds.
"standard" license request queued for the License Server. 
Total time in queue: 4171 seconds.
"standard" license request queued for the License Server. 
Total time in queue: 4201 seconds.
"standard" license request queued for the License Server. 
Total time in queue: 4231 seconds.
"standard" license request queued for the License Server. 
Total time in queue: 4261 seconds.
"standard" license request queued for the License Server. 
Total time in queue: 4291 seconds.
"standard" license request queued for the License Server. 
Total time in queue: 4321 seconds.
"standard" license request queued for the License Server. 
Total time in queue: 4351 seconds.
"standard" license request queued for the License Server. 
Total time in queue: 4381 seconds.
"standard" license request queued for the License Server. 
Total time in queue: 4411 seconds.
"standard" license request queued for the License Server. 
Total time in queue: 4441 seconds.
"standard" license request queued for the License Server. 
Total time in queue: 4471 seconds.
"standard" license request queued for the License Server. 
Total time in queue: 4501 seconds.
"standard" license request queued for the License Server. 
Total time in queue: 4531 seconds.
"standard" license request queued for the License Server. 
Total time in queue: 4561 seconds.
"standard" license request queued for the License Server. 
Total time in queue: 4591 seconds.
"standard" license request queued for the License Server. 
Total time in queue: 4621 seconds.
FLEXnet Licensing checkout error: Licensed number of users already reached.
Feature:       standard
License path:  1761@license1.csc.fi:
FLEXnet Licensing error:-4,132
For further information, refer to the FLEXnet Licensing documentation,
available at "www.acresso.com".
license file(s):  1761@license1.csc.fi
"standard" license request queued for the License Server. 
Total time in queue: 4652 seconds.
"standard" license request queued for the License Server. 
Total time in queue: 4682 seconds.
"standard" license request queued for the License Server. 
Total time in queue: 4712 seconds.
"standard" license request queued for the License Server. 
Total time in queue: 4742 seconds.
"standard" license request queued for the License Server. 
Total time in queue: 4772 seconds.
"standard" license request queued for the License Server. 
Total time in queue: 4802 seconds.
"standard" license request queued for the License Server. 
Total time in queue: 4832 seconds.
"standard" license request queued for the License Server. 
Total time in queue: 4862 seconds.
"standard" license request queued for the License Server. 
Total time in queue: 4892 seconds.
"standard" license request queued for the License Server. 
Total time in queue: 4922 seconds.
"standard" license request queued for the License Server. 
Total time in queue: 4952 seconds.
"standard" license request queued for the License Server. 
Total time in queue: 4982 seconds.
"standard" license request queued for the License Server. 
Total time in queue: 5012 seconds.
"standard" license request queued for the License Server. 
Total time in queue: 5042 seconds.
"standard" license request queued for the License Server. 
Total time in queue: 5072 seconds.
"standard" license request queued for the License Server. 
Total time in queue: 5102 seconds.
"standard" license request queued for the License Server. 
Total time in queue: 5132 seconds.
"standard" license request queued for the License Server. 
Total time in queue: 5162 seconds.
"standard" license request queued for the License Server. 
Total time in queue: 5192 seconds.
"standard" license request queued for the License Server. 
Total time in queue: 5222 seconds.
"standard" license request queued for the License Server. 
Total time in queue: 5252 seconds.
"standard" license request queued for the License Server. 
Total time in queue: 5282 seconds.
"standard" license request queued for the License Server. 
Total time in queue: 5312 seconds.
"standard" license request queued for the License Server. 
Total time in queue: 5342 seconds.
"standard" license request queued for the License Server. 
Total time in queue: 5372 seconds.
"standard" license request queued for the License Server. 
Total time in queue: 5402 seconds.
"standard" license request queued for the License Server. 
Total time in queue: 5432 seconds.
"standard" license request queued for the License Server. 
Total time in queue: 5462 seconds.
"standard" license request queued for the License Server. 
Total time in queue: 5492 seconds.
"standard" license request queued for the License Server. 
Total time in queue: 5522 seconds.
FLEXnet Licensing checkout error: Licensed number of users already reached.
Feature:       standard
License path:  1761@license1.csc.fi:
FLEXnet Licensing error:-4,132
For further information, refer to the FLEXnet Licensing documentation,
available at "www.acresso.com".
license file(s):  1761@license1.csc.fi
"standard" license request queued for the License Server. 
Total time in queue: 5552 seconds.
"standard" license request queued for the License Server. 
Total time in queue: 5582 seconds.
"standard" license request queued for the License Server. 
Total time in queue: 5612 seconds.
"standard" license request queued for the License Server. 
Total time in queue: 5642 seconds.
"standard" license request queued for the License Server. 
Total time in queue: 5672 seconds.
"standard" license request queued for the License Server. 
Total time in queue: 5702 seconds.
"standard" license request queued for the License Server. 
Total time in queue: 5732 seconds.
"standard" license request queued for the License Server. 
Total time in queue: 5762 seconds.
"standard" license request queued for the License Server. 
Total time in queue: 5792 seconds.
"standard" license request queued for the License Server. 
Total time in queue: 5822 seconds.
"standard" license request queued for the License Server. 
Total time in queue: 5852 seconds.
"standard" license request queued for the License Server. 
Total time in queue: 5882 seconds.
"standard" license request queued for the License Server. 
Total time in queue: 5912 seconds.
"standard" license request queued for the License Server. 
Total time in queue: 5942 seconds.
"standard" license request queued for the License Server. 
Total time in queue: 5972 seconds.
"standard" license request queued for the License Server. 
Total time in queue: 6002 seconds.
"standard" license request queued for the License Server. 
Total time in queue: 6032 seconds.
"standard" license request queued for the License Server. 
Total time in queue: 6062 seconds.
"standard" license request queued for the License Server. 
Total time in queue: 6092 seconds.
"standard" license request queued for the License Server. 
Total time in queue: 6122 seconds.
"standard" license request queued for the License Server. 
Total time in queue: 6152 seconds.
"standard" license request queued for the License Server. 
Total time in queue: 6182 seconds.
"standard" license request queued for the License Server. 
Total time in queue: 6212 seconds.
"standard" license request queued for the License Server. 
Total time in queue: 6242 seconds.
"standard" license request queued for the License Server. 
Total time in queue: 6272 seconds.
"standard" license request queued for the License Server. 
Total time in queue: 6302 seconds.
"standard" license request queued for the License Server. 
Total time in queue: 6332 seconds.
"standard" license request queued for the License Server. 
Total time in queue: 6362 seconds.
"standard" license request queued for the License Server. 
Total time in queue: 6392 seconds.
"standard" license request queued for the License Server. 
Total time in queue: 6422 seconds.
"standard" license request queued for the License Server. 
Total time in queue: 6452 seconds.
FLEXnet Licensing checkout error: Licensed number of users already reached.
Feature:       standard
License path:  1761@license1.csc.fi:
FLEXnet Licensing error:-4,132
For further information, refer to the FLEXnet Licensing documentation,
available at "www.acresso.com".
license file(s):  1761@license1.csc.fi
"standard" license request queued for the License Server. 
Total time in queue: 6482 seconds.
"standard" license request queued for the License Server. 
Total time in queue: 6512 seconds.
"standard" license request queued for the License Server. 
Total time in queue: 6542 seconds.
"standard" license request queued for the License Server. 
Total time in queue: 6572 seconds.
"standard" license request queued for the License Server. 
Total time in queue: 6602 seconds.
"standard" license request queued for the License Server. 
Total time in queue: 6632 seconds.
"standard" license request queued for the License Server. 
Total time in queue: 6662 seconds.
"standard" license request queued for the License Server. 
Total time in queue: 6692 seconds.
"standard" license request queued for the License Server. 
Total time in queue: 6722 seconds.
"standard" license request queued for the License Server. 
Total time in queue: 6752 seconds.
"standard" license request queued for the License Server. 
Total time in queue: 6782 seconds.
"standard" license request queued for the License Server. 
Total time in queue: 6812 seconds.
"standard" license request queued for the License Server. 
Total time in queue: 6842 seconds.
"standard" license request queued for the License Server. 
Total time in queue: 6872 seconds.
"standard" license request queued for the License Server. 
Total time in queue: 6902 seconds.
"standard" license request queued for the License Server. 
Total time in queue: 6932 seconds.
"standard" license request queued for the License Server. 
Total time in queue: 6962 seconds.
"standard" license request queued for the License Server. 
Total time in queue: 6992 seconds.
"standard" license request queued for the License Server. 
Total time in queue: 7022 seconds.
"standard" license request queued for the License Server. 
Total time in queue: 7052 seconds.
"standard" license request queued for the License Server. 
Total time in queue: 7082 seconds.
"standard" license request queued for the License Server. 
Total time in queue: 7112 seconds.
"standard" license request queued for the License Server. 
Total time in queue: 7142 seconds.
"standard" license request queued for the License Server. 
Total time in queue: 7172 seconds.
"standard" license request queued for the License Server. 
Total time in queue: 7202 seconds.
"standard" license request queued for the License Server. 
Total time in queue: 7232 seconds.
"standard" license request queued for the License Server. 
Total time in queue: 7262 seconds.
"standard" license request queued for the License Server. 
Total time in queue: 7292 seconds.
"standard" license request queued for the License Server. 
Total time in queue: 7322 seconds.
"standard" license request queued for the License Server. 
Total time in queue: 7352 seconds.
"standard" license request queued for the License Server. 
Total time in queue: 7382 seconds.
FLEXnet Licensing checkout error: Licensed number of users already reached.
Feature:       standard
License path:  1761@license1.csc.fi:
FLEXnet Licensing error:-4,132
For further information, refer to the FLEXnet Licensing documentation,
available at "www.acresso.com".
license file(s):  1761@license1.csc.fi
"standard" license request queued for the License Server. 
Total time in queue: 7412 seconds.
"standard" license request queued for the License Server. 
Total time in queue: 7442 seconds.
"standard" license request queued for the License Server. 
Total time in queue: 7472 seconds.
"standard" license request queued for the License Server. 
Total time in queue: 7502 seconds.
"standard" license request queued for the License Server. 
Total time in queue: 7532 seconds.
"standard" license request queued for the License Server. 
Total time in queue: 7562 seconds.
"standard" license request queued for the License Server. 
Total time in queue: 7592 seconds.
"standard" license request queued for the License Server. 
Total time in queue: 7622 seconds.
"standard" license request queued for the License Server. 
Total time in queue: 7652 seconds.
"standard" license request queued for the License Server. 
Total time in queue: 7682 seconds.
"standard" license request queued for the License Server. 
Total time in queue: 7712 seconds.
"standard" license request queued for the License Server. 
Total time in queue: 7742 seconds.
"standard" license request queued for the License Server. 
Total time in queue: 7772 seconds.
"standard" license request queued for the License Server. 
Total time in queue: 7802 seconds.
"standard" license request queued for the License Server. 
Total time in queue: 7832 seconds.
"standard" license request queued for the License Server. 
Total time in queue: 7862 seconds.
"standard" license request queued for the License Server. 
Total time in queue: 7892 seconds.
"standard" license request queued for the License Server. 
Total time in queue: 7922 seconds.
"standard" license request queued for the License Server. 
Total time in queue: 7952 seconds.
"standard" license request queued for the License Server. 
Total time in queue: 7982 seconds.
"standard" license request queued for the License Server. 
Total time in queue: 8012 seconds.
"standard" license request queued for the License Server. 
Total time in queue: 8042 seconds.
"standard" license request queued for the License Server. 
Total time in queue: 8072 seconds.
"standard" license request queued for the License Server. 
Total time in queue: 8102 seconds.
"standard" license request queued for the License Server. 
Total time in queue: 8132 seconds.
"standard" license request queued for the License Server. 
Total time in queue: 8162 seconds.
"standard" license request queued for the License Server. 
Total time in queue: 8192 seconds.
"standard" license request queued for the License Server. 
Total time in queue: 8222 seconds.
"standard" license request queued for the License Server. 
Total time in queue: 8252 seconds.
"standard" license request queued for the License Server. 
Total time in queue: 8282 seconds.
"standard" license request queued for the License Server. 
Total time in queue: 8312 seconds.
FLEXnet Licensing checkout error: Licensed number of users already reached.
Feature:       standard
License path:  1761@license1.csc.fi:
FLEXnet Licensing error:-4,132
For further information, refer to the FLEXnet Licensing documentation,
available at "www.acresso.com".
license file(s):  1761@license1.csc.fi
"standard" license request queued for the License Server. 
Total time in queue: 8345 seconds.
"standard" license request queued for the License Server. 
Total time in queue: 8375 seconds.
"standard" license request queued for the License Server. 
Total time in queue: 8405 seconds.
"standard" license request queued for the License Server. 
Total time in queue: 8435 seconds.
"standard" license request queued for the License Server. 
Total time in queue: 8465 seconds.
"standard" license request queued for the License Server. 
Total time in queue: 8495 seconds.
"standard" license request queued for the License Server. 
Total time in queue: 8525 seconds.
"standard" license request queued for the License Server. 
Total time in queue: 8555 seconds.
"standard" license request queued for the License Server. 
Total time in queue: 8585 seconds.
"standard" license request queued for the License Server. 
Total time in queue: 8615 seconds.
"standard" license request queued for the License Server. 
Total time in queue: 8645 seconds.
"standard" license request queued for the License Server. 
Total time in queue: 8675 seconds.
"standard" license request queued for the License Server. 
Total time in queue: 8705 seconds.
"standard" license request queued for the License Server. 
Total time in queue: 8735 seconds.
"standard" license request queued for the License Server. 
Total time in queue: 8765 seconds.
"standard" license request queued for the License Server. 
Total time in queue: 8795 seconds.
"standard" license request queued for the License Server. 
Total time in queue: 8825 seconds.
"standard" license request queued for the License Server. 
Total time in queue: 8855 seconds.
"standard" license request queued for the License Server. 
Total time in queue: 8885 seconds.
"standard" license request queued for the License Server. 
Total time in queue: 8915 seconds.
"standard" license request queued for the License Server. 
Total time in queue: 8945 seconds.
"standard" license request queued for the License Server. 
Total time in queue: 8975 seconds.
"standard" license request queued for the License Server. 
Total time in queue: 9005 seconds.
"standard" license request queued for the License Server. 
Total time in queue: 9035 seconds.
"standard" license request queued for the License Server. 
Total time in queue: 9065 seconds.
"standard" license request queued for the License Server. 
Total time in queue: 9095 seconds.
"standard" license request queued for the License Server. 
Total time in queue: 9125 seconds.
"standard" license request queued for the License Server. 
Total time in queue: 9155 seconds.
"standard" license request queued for the License Server. 
Total time in queue: 9185 seconds.
"standard" license request queued for the License Server. 
Total time in queue: 9215 seconds.
FLEXnet Licensing checkout error: Licensed number of users already reached.
Feature:       standard
License path:  1761@license1.csc.fi:
FLEXnet Licensing error:-4,132
For further information, refer to the FLEXnet Licensing documentation,
available at "www.acresso.com".
license file(s):  1761@license1.csc.fi
"standard" license request queued for the License Server. 
Total time in queue: 9246 seconds.
"standard" license request queued for the License Server. 
Total time in queue: 9276 seconds.
"standard" license request queued for the License Server. 
Total time in queue: 9306 seconds.
"standard" license request queued for the License Server. 
Total time in queue: 9336 seconds.
"standard" license request queued for the License Server. 
Total time in queue: 9366 seconds.
"standard" license request queued for the License Server. 
Total time in queue: 9396 seconds.
"standard" license request queued for the License Server. 
Total time in queue: 9426 seconds.
"standard" license request queued for the License Server. 
Total time in queue: 9456 seconds.
"standard" license request queued for the License Server. 
Total time in queue: 9486 seconds.
"standard" license request queued for the License Server. 
Total time in queue: 9516 seconds.
"standard" license request queued for the License Server. 
Total time in queue: 9546 seconds.
"standard" license request queued for the License Server. 
Total time in queue: 9576 seconds.
"standard" license request queued for the License Server. 
Total time in queue: 9606 seconds.
"standard" license request queued for the License Server. 
Total time in queue: 9636 seconds.
"standard" license request queued for the License Server. 
Total time in queue: 9666 seconds.
"standard" license request queued for the License Server. 
Total time in queue: 9696 seconds.
"standard" license request queued for the License Server. 
Total time in queue: 9726 seconds.
"standard" license request queued for the License Server. 
Total time in queue: 9756 seconds.
"standard" license request queued for the License Server. 
Total time in queue: 9786 seconds.
"standard" license request queued for the License Server. 
Total time in queue: 9816 seconds.
"standard" license request queued for the License Server. 
Total time in queue: 9846 seconds.
"standard" license request queued for the License Server. 
Total time in queue: 9876 seconds.
"standard" license request queued for the License Server. 
Total time in queue: 9906 seconds.
"standard" license request queued for the License Server. 
Total time in queue: 9936 seconds.
"standard" license request queued for the License Server. 
Total time in queue: 9966 seconds.
"standard" license request queued for the License Server. 
Total time in queue: 9996 seconds.
"standard" license request queued for the License Server. 
Total time in queue: 10026 seconds.
"standard" license request queued for the License Server. 
Total time in queue: 10056 seconds.
"standard" license request queued for the License Server. 
Total time in queue: 10086 seconds.
"standard" license request queued for the License Server. 
Total time in queue: 10116 seconds.
FLEXnet Licensing checkout error: Licensed number of users already reached.
Feature:       standard
License path:  1761@license1.csc.fi:
FLEXnet Licensing error:-4,132
For further information, refer to the FLEXnet Licensing documentation,
available at "www.acresso.com".
license file(s):  1761@license1.csc.fi
"standard" license request queued for the License Server. 
Total time in queue: 10146 seconds.
"standard" license request queued for the License Server. 
Total time in queue: 10176 seconds.
"standard" license request queued for the License Server. 
Total time in queue: 10206 seconds.
"standard" license request queued for the License Server. 
Total time in queue: 10236 seconds.
"standard" license request queued for the License Server. 
Total time in queue: 10266 seconds.
"standard" license request queued for the License Server. 
Total time in queue: 10296 seconds.
"standard" license request queued for the License Server. 
Total time in queue: 10326 seconds.
"standard" license request queued for the License Server. 
Total time in queue: 10356 seconds.
"standard" license request queued for the License Server. 
Total time in queue: 10386 seconds.
"standard" license request queued for the License Server. 
Total time in queue: 10416 seconds.
"standard" license request queued for the License Server. 
Total time in queue: 10446 seconds.
"standard" license request queued for the License Server. 
Total time in queue: 10476 seconds.
"standard" license request queued for the License Server. 
Total time in queue: 10506 seconds.
"standard" license request queued for the License Server. 
Total time in queue: 10536 seconds.
"standard" license request queued for the License Server. 
Total time in queue: 10566 seconds.
"standard" license request queued for the License Server. 
Total time in queue: 10596 seconds.
"standard" license request queued for the License Server. 
Total time in queue: 10626 seconds.
"standard" license request queued for the License Server. 
Total time in queue: 10656 seconds.
"standard" license request queued for the License Server. 
Total time in queue: 10686 seconds.
"standard" license request queued for the License Server. 
Total time in queue: 10716 seconds.
"standard" license request queued for the License Server. 
Total time in queue: 10746 seconds.
"standard" license request queued for the License Server. 
Total time in queue: 10776 seconds.
"standard" license request queued for the License Server. 
Total time in queue: 10806 seconds.
"standard" license request queued for the License Server. 
Total time in queue: 10836 seconds.
"standard" license request queued for the License Server. 
Total time in queue: 10866 seconds.
"standard" license request queued for the License Server. 
Total time in queue: 10896 seconds.
"standard" license request queued for the License Server. 
Total time in queue: 10926 seconds.
"standard" license request queued for the License Server. 
Total time in queue: 10956 seconds.
"standard" license request queued for the License Server. 
Total time in queue: 10986 seconds.
"standard" license request queued for the License Server. 
Total time in queue: 11016 seconds.
"standard" license request queued for the License Server. 
Total time in queue: 11046 seconds.
FLEXnet Licensing checkout error: Licensed number of users already reached.
Feature:       standard
License path:  1761@license1.csc.fi:
FLEXnet Licensing error:-4,132
For further information, refer to the FLEXnet Licensing documentation,
available at "www.acresso.com".
license file(s):  1761@license1.csc.fi
"standard" license request queued for the License Server. 
Total time in queue: 11076 seconds.
"standard" license request queued for the License Server. 
Total time in queue: 11106 seconds.
"standard" license request queued for the License Server. 
Total time in queue: 11136 seconds.
"standard" license request queued for the License Server. 
Total time in queue: 11166 seconds.
"standard" license request queued for the License Server. 
Total time in queue: 11196 seconds.
"standard" license request queued for the License Server. 
Total time in queue: 11226 seconds.
"standard" license request queued for the License Server. 
Total time in queue: 11256 seconds.
"standard" license request queued for the License Server. 
Total time in queue: 11286 seconds.
"standard" license request queued for the License Server. 
Total time in queue: 11316 seconds.
"standard" license request queued for the License Server. 
Total time in queue: 11346 seconds.
"standard" license request queued for the License Server. 
Total time in queue: 11376 seconds.
"standard" license request queued for the License Server. 
Total time in queue: 11406 seconds.
"standard" license request queued for the License Server. 
Total time in queue: 11436 seconds.
"standard" license request queued for the License Server. 
Total time in queue: 11466 seconds.
"standard" license request queued for the License Server. 
Total time in queue: 11496 seconds.
"standard" license request queued for the License Server. 
Total time in queue: 11526 seconds.
"standard" license request queued for the License Server. 
Total time in queue: 11556 seconds.
"standard" license request queued for the License Server. 
Total time in queue: 11586 seconds.
"standard" license request queued for the License Server. 
Total time in queue: 11616 seconds.
"standard" license request queued for the License Server. 
Total time in queue: 11646 seconds.
"standard" license request queued for the License Server. 
Total time in queue: 11676 seconds.
"standard" license request queued for the License Server. 
Total time in queue: 11706 seconds.
"standard" license request queued for the License Server. 
Total time in queue: 11736 seconds.
"standard" license request queued for the License Server. 
Total time in queue: 11766 seconds.
"standard" license request queued for the License Server. 
Total time in queue: 11796 seconds.
"standard" license request queued for the License Server. 
Total time in queue: 11826 seconds.
"standard" license request queued for the License Server. 
Total time in queue: 11856 seconds.
"standard" license request queued for the License Server. 
Total time in queue: 11886 seconds.
"standard" license request queued for the License Server. 
Total time in queue: 11916 seconds.
"standard" license request queued for the License Server. 
Total time in queue: 11946 seconds.
"standard" license request queued for the License Server. 
Total time in queue: 11976 seconds.
FLEXnet Licensing checkout error: Licensed number of users already reached.
Feature:       standard
License path:  1761@license1.csc.fi:
FLEXnet Licensing error:-4,132
For further information, refer to the FLEXnet Licensing documentation,
available at "www.acresso.com".
license file(s):  1761@license1.csc.fi
"standard" license request queued for the License Server. 
Total time in queue: 12007 seconds.
"standard" license request queued for the License Server. 
Total time in queue: 12037 seconds.
"standard" license request queued for the License Server. 
Total time in queue: 12067 seconds.
"standard" license request queued for the License Server. 
Total time in queue: 12097 seconds.
"standard" license request queued for the License Server. 
Total time in queue: 12127 seconds.
"standard" license request queued for the License Server. 
Total time in queue: 12157 seconds.
"standard" license request queued for the License Server. 
Total time in queue: 12187 seconds.
"standard" license request queued for the License Server. 
Total time in queue: 12217 seconds.
"standard" license request queued for the License Server. 
Total time in queue: 12247 seconds.
"standard" license request queued for the License Server. 
Total time in queue: 12277 seconds.
"standard" license request queued for the License Server. 
Total time in queue: 12307 seconds.
"standard" license request queued for the License Server. 
Total time in queue: 12337 seconds.
"standard" license request queued for the License Server. 
Total time in queue: 12367 seconds.
"standard" license request queued for the License Server. 
Total time in queue: 12397 seconds.
"standard" license request queued for the License Server. 
Total time in queue: 12427 seconds.
"standard" license request queued for the License Server. 
Total time in queue: 12457 seconds.
"standard" license request queued for the License Server. 
Total time in queue: 12487 seconds.
"standard" license request queued for the License Server. 
Total time in queue: 12517 seconds.
"standard" license request queued for the License Server. 
Total time in queue: 12547 seconds.
"standard" license request queued for the License Server. 
Total time in queue: 12577 seconds.
"standard" license request queued for the License Server. 
Total time in queue: 12607 seconds.
"standard" license request queued for the License Server. 
Total time in queue: 12637 seconds.
"standard" license request queued for the License Server. 
Total time in queue: 12667 seconds.
"standard" license request queued for the License Server. 
Total time in queue: 12697 seconds.
"standard" license request queued for the License Server. 
Total time in queue: 12727 seconds.
"standard" license request queued for the License Server. 
Total time in queue: 12757 seconds.
"standard" license request queued for the License Server. 
Total time in queue: 12787 seconds.
"standard" license request queued for the License Server. 
Total time in queue: 12817 seconds.
"standard" license request queued for the License Server. 
Total time in queue: 12847 seconds.
"standard" license request queued for the License Server. 
Total time in queue: 12877 seconds.
FLEXnet Licensing checkout error: Licensed number of users already reached.
Feature:       standard
License path:  1761@license1.csc.fi:
FLEXnet Licensing error:-4,132
For further information, refer to the FLEXnet Licensing documentation,
available at "www.acresso.com".
license file(s):  1761@license1.csc.fi
"standard" license request queued for the License Server. 
Total time in queue: 12907 seconds.
"standard" license request queued for the License Server. 
Total time in queue: 12937 seconds.
"standard" license request queued for the License Server. 
Total time in queue: 12967 seconds.
"standard" license request queued for the License Server. 
Total time in queue: 12997 seconds.
"standard" license request queued for the License Server. 
Total time in queue: 13027 seconds.
"standard" license request queued for the License Server. 
Total time in queue: 13057 seconds.
"standard" license request queued for the License Server. 
Total time in queue: 13087 seconds.
"standard" license request queued for the License Server. 
Total time in queue: 13117 seconds.
"standard" license request queued for the License Server. 
Total time in queue: 13147 seconds.
"standard" license request queued for the License Server. 
Total time in queue: 13177 seconds.
"standard" license request queued for the License Server. 
Total time in queue: 13207 seconds.
"standard" license request queued for the License Server. 
Total time in queue: 13237 seconds.
"standard" license request queued for the License Server. 
Total time in queue: 13267 seconds.
"standard" license request queued for the License Server. 
Total time in queue: 13297 seconds.
"standard" license request queued for the License Server. 
Total time in queue: 13327 seconds.
"standard" license request queued for the License Server. 
Total time in queue: 13357 seconds.
"standard" license request queued for the License Server. 
Total time in queue: 13387 seconds.
"standard" license request queued for the License Server. 
Total time in queue: 13417 seconds.
"standard" license request queued for the License Server. 
Total time in queue: 13447 seconds.
"standard" license request queued for the License Server. 
Total time in queue: 13477 seconds.
"standard" license request queued for the License Server. 
Total time in queue: 13507 seconds.
"standard" license request queued for the License Server. 
Total time in queue: 13537 seconds.
"standard" license request queued for the License Server. 
Total time in queue: 13567 seconds.
"standard" license request queued for the License Server. 
Total time in queue: 13597 seconds.
"standard" license request queued for the License Server. 
Total time in queue: 13627 seconds.
"standard" license request queued for the License Server. 
Total time in queue: 13657 seconds.
"standard" license request queued for the License Server. 
Total time in queue: 13687 seconds.
"standard" license request queued for the License Server. 
Total time in queue: 13717 seconds.
"standard" license request queued for the License Server. 
Total time in queue: 13747 seconds.
"standard" license request queued for the License Server. 
Total time in queue: 13777 seconds.
"standard" license request queued for the License Server. 
Total time in queue: 13807 seconds.
FLEXnet Licensing checkout error: Licensed number of users already reached.
Feature:       standard
License path:  1761@license1.csc.fi:
FLEXnet Licensing error:-4,132
For further information, refer to the FLEXnet Licensing documentation,
available at "www.acresso.com".
license file(s):  1761@license1.csc.fi
"standard" license request queued for the License Server. 
Total time in queue: 13837 seconds.
"standard" license request queued for the License Server. 
Total time in queue: 13867 seconds.
"standard" license request queued for the License Server. 
Total time in queue: 13897 seconds.
"standard" license request queued for the License Server. 
Total time in queue: 13927 seconds.
"standard" license request queued for the License Server. 
Total time in queue: 13957 seconds.
"standard" license request queued for the License Server. 
Total time in queue: 13987 seconds.
"standard" license request queued for the License Server. 
Total time in queue: 14017 seconds.
"standard" license request queued for the License Server. 
Total time in queue: 14047 seconds.
"standard" license request queued for the License Server. 
Total time in queue: 14077 seconds.
"standard" license request queued for the License Server. 
Total time in queue: 14107 seconds.
"standard" license request queued for the License Server. 
Total time in queue: 14137 seconds.
"standard" license request queued for the License Server. 
Total time in queue: 14167 seconds.
"standard" license request queued for the License Server. 
Total time in queue: 14197 seconds.
"standard" license request queued for the License Server. 
Total time in queue: 14227 seconds.
"standard" license request queued for the License Server. 
Total time in queue: 14257 seconds.
"standard" license request queued for the License Server. 
Total time in queue: 14287 seconds.
"standard" license request queued for the License Server. 
Total time in queue: 14317 seconds.
"standard" license request queued for the License Server. 
Total time in queue: 14348 seconds.
"standard" license request queued for the License Server. 
Total time in queue: 14378 seconds.
"standard" license request queued for the License Server. 
Total time in queue: 14408 seconds.
"standard" license request queued for the License Server. 
Total time in queue: 14438 seconds.
"standard" license request queued for the License Server. 
Total time in queue: 14468 seconds.
"standard" license request queued for the License Server. 
Total time in queue: 14498 seconds.
"standard" license request queued for the License Server. 
Total time in queue: 14528 seconds.
"standard" license request queued for the License Server. 
Total time in queue: 14558 seconds.
"standard" license request queued for the License Server. 
Total time in queue: 14588 seconds.
"standard" license request queued for the License Server. 
Total time in queue: 14618 seconds.
"standard" license request queued for the License Server. 
Total time in queue: 14648 seconds.
"standard" license request queued for the License Server. 
Total time in queue: 14678 seconds.
"standard" license request queued for the License Server. 
Total time in queue: 14708 seconds.
FLEXnet Licensing checkout error: Licensed number of users already reached.
Feature:       standard
License path:  1761@license1.csc.fi:
FLEXnet Licensing error:-4,132
For further information, refer to the FLEXnet Licensing documentation,
available at "www.acresso.com".
license file(s):  1761@license1.csc.fi
"standard" license request queued for the License Server. 
Total time in queue: 14738 seconds.
"standard" license request queued for the License Server. 
Total time in queue: 14768 seconds.
"standard" license request queued for the License Server. 
Total time in queue: 14798 seconds.
"standard" license request queued for the License Server. 
Total time in queue: 14828 seconds.
Checkout succeeded: standard/83BC504A2998
	License file: 1761@license1.csc.fi
	No server used
Checkout succeeded: parallel/7F239B22E8AA
	License file: 1761@license1.csc.fi
	License Server: 1761@license1.csc.fi
Abaqus License Manager checked out the following licenses:
Abaqus/Standard checked out 12 tokens from Flexnet server license1.csc.fi.
<0 out of 600 licenses remain available>.
Intel(R) Fortran Intel(R) 64 Compiler Classic for applications running on Intel(R) 64, Version 2021.6.0 Build 20220226_000000
Copyright (C) 1985-2022 Intel Corporation.  All rights reserved.

ifort: command line warning #10434: option '-extend_source' use with underscore is deprecated; use '-extend-source' instead
/scratch/project_2008630/AA_Binh_Master_Thesis/CP1000_fit1/NDBR2p5_denser_mesh/helper_functions.f90(105): remark #15009: calc_matrix_log_ has been targeted for automatic cpu dispatch
/scratch/project_2008630/AA_Binh_Master_Thesis/CP1000_fit1/NDBR2p5_denser_mesh/helper_functions.f90(161): remark #15009: calc_matrix_sqrt_ has been targeted for automatic cpu dispatch
/scratch/project_2008630/AA_Binh_Master_Thesis/CP1000_fit1/NDBR2p5_denser_mesh/helper_functions.f90(209): remark #15009: calc_matrix_inv_ has been targeted for automatic cpu dispatch
/scratch/project_2008630/AA_Binh_Master_Thesis/CP1000_fit1/NDBR2p5_denser_mesh/helper_functions.f90(240): remark #15009: calc_max_principal_stress_ has been targeted for automatic cpu dispatch
/scratch/project_2008630/AA_Binh_Master_Thesis/CP1000_fit1/NDBR2p5_denser_mesh/helper_functions.f90(284): remark #15009: sort_descending_ has been targeted for automatic cpu dispatch
deformation_diffusion.f90(428): remark #15009: uexternaldb_ has been targeted for automatic cpu dispatch
deformation_diffusion.f90(926): remark #15009: umat_ has been targeted for automatic cpu dispatch
deformation_diffusion.f90(819): remark #15009: calc_sig_h_grad_all_elems_at_inpts_ has been targeted for automatic cpu dispatch
deformation_diffusion.f90(1259): remark #15009: umatht_ has been targeted for automatic cpu dispatch
deformation_diffusion.f90(1563): remark #15009: uvarm_ has been targeted for automatic cpu dispatch
Intel(R) Fortran Intel(R) 64 Compiler Classic for applications running on Intel(R) 64, Version 2021.6.0 Build 20220226_000000
Copyright (C) 1985-2022 Intel Corporation.  All rights reserved.

