1
0
1
ASSEMBLY
1
NDBR2P5
NDBR2P5
1
NDBR2P5
14
-2147483646
0
48 1 16 5 0 1 0 -1 -1 136548 1 -1879048189 1 136548 
14
48 1 16 5 0 1 0 -1 -1 136548 1 -1879048189 1 136548 
0
1
NDBR2P5
14
-2147483646
0
48 1 16 5 0 1 0 -1 -1 121375 1 -1879048189 1 121375 
14
48 1 16 5 0 1 0 -1 -1 121375 1 -1879048189 1 121375 
0
6
BOTTOM_PART
0
1
0
1
NDBR2P5
14
-2147483647
48 1 16 5 0 1 0 -1 -1 720 1 -1879048189 721 720 
0
HYDROGEN_SURFACE
0
1
0
1
NDBR2P5
2289
-2147483647
9148 1 16 2280 0 1 0 -1 -1 15932 662 -1879047528 -1610612070 -1879047523 -1342176609 -1879047517 -1342176603 -1879047511 -1342176597 -1879047505 -1342176591 -1879047499 -1342176585 -1879047493 -1342176579 -1879047487 -1342176573 -1879047481 -1342176567 -1879047475 -1342176561 -1879047469 -1342176555 -1879047463 -1342176549 -1879047457 -1342176543 -1879047451 -1610611993 -1879047446 -1610611988 -1879047441 -1610611983 -1879047436 -1610611978 -1879047431 -1879047429 -1879047427 -1610611969 -1879047422 -1879047420 -1610611962 -1879047415 -1879047413 -1610611955 -1879047408 -1879047406 -1610611948 -1879047401 -1879047399 -1610611941 -1879047394 -1879047392 -1610611934 -1879047387 -1879047385 -1610611927 -1879047380 -1879047378 -1610611920 -1879047373 -1879047371 -1610611913 -1879047366 -1879047364 -1610611906 -1879047359 -1879047357 -1610611899 -1879047352 -1879047350 -1610611892 -1879047345 -1879047343 -1610611885 -1879047338 -1879047336 -1879047334 -1610611876 -1879047329 -1879047327 -1610611869 -1879047322 -1879047320 -1610611862 -1879047315 -1879047313 -1610611855 -1879047308 -1879047306 -1610611848 -1879047301 -1879047299 -1610611841 -1879047294 -1879047292 -1610611834 -1879047287 -1879047285 -1610611827 -1879047280 -1879047278 -1610611820 -1879047273 -1879047271 -1610611813 -1879047266 -1879047264 -1610611806 -1879047259 -1879047257 -1610611799 -1879047252 -1342176338 -1879047246 -1879047244 -1879047242 -1879047240 -1879047238 -1879047236 -1879047234 -1879047232 -1879047230 -1879047228 -1879047226 -1879047224 -1342176310 -1879047218 -1879047216 -1879047214 -1879047212 -1879047210 -1879047208 -1879047206 -1879047204 -1879047202 -1879047200 -1879047198 -1342176284 -1879047192 -1879047190 -1879047188 -1879047186 -1879047184 -1879047182 -1879047180 -1879047178 -1879047176 -1879047174 -1879047172 -1342176258 -1879047166 -1879047164 -1879047162 -1879047160 -1879047158 -1879047156 -1879047154 -1879047152 -1879047150 -1879047148 -1879047146 -1342176232 -1879047140 -1879047138 -1879047136 -1879047134 -1879047132 -1879047130 -1879047128 -1879047126 -1879047124 -1879047122 -1879047120 -1342176206 -1879047114 -1879047112 -1879047110 -1879047108 -1879047106 -1879047104 -1879047102 -1879047100 -1879047098 -1879047096 -1879047094 -1342176180 -1879047088 -1879047086 -1879047084 -1879047082 -1879047080 -1879047078 -1879047076 -1879047074 -1879047072 -1879047070 -1879047068 -1342176154 -1879047062 -1879047060 -1879047058 -1879047056 -1879047054 -1879047052 -1879047050 -1879047048 -1879047046 -1879047044 -1879047042 -1342176128 -1879047036 -1879047034 -1879047032 -1879047030 -1879047028 -1879047026 -1879047024 -1879047022 -1879047020 -1879047018 -1879047016 -1342176102 -1879047010 -1879047008 -1342176094 -1879047002 -1879047000 -1879046998 -1879046996 -1610611538 -1879046991 -1610611533 -1342176074 -1342176070 -1879046978 -1879046976 -1879046974 -1879046972 -1610611514 -1879046967 -1610611509 -1342176050 -1342176046 -1879046954 -1879046952 -1879046950 -1879046948 -1610611490 -1879046943 -1610611485 -1342176026 -1342176022 -1879046930 -1879046928 -1879046926 -1879046924 -1610611466 -1879046919 -1610611461 -1342176002 -1342175998 -1879046906 -1879046904 -1879046902 -1879046900 -1610611442 -1879046895 -1610611437 -1342175978 -1342175974 -1879046882 -1879046880 -1879046878 -1879046876 -1610611418 -1879046871 -1610611413 -1342175954 -1342175950 -1879046858 -1879046856 -1879046854 -1879046852 -1610611394 -1879046847 -1610611389 -1342175930 -1342175926 -1879046834 -1879046832 -1879046830 -1879046828 -1610611370 -1879046823 -1610611365 -1342175906 -1342175902 -1879046810 -1879046808 -1879046806 -1879046804 -1610611346 -1879046799 -1610611341 -1879046794 -1879046792 -1879046790 -1879046788 -1879046786 -1879046784 -1610611326 -1879046779 -1879046777 -1610611319 -1879046772 -1879046770 -1342175856 -1879046764 -1610611306 -1879046759 -1879046757 -1879046755 -1879046753 -1610611295 -1342175836 -1879046744 -1610611286 -1879046739 -1879046737 -1879046735 -1879046733 -1610611275 -1879046728 -1879046726 -1610611268 -1879046721 -1879046719 -1342175805 -1879046713 -1610611255 -1879046708 -1879046706 -1879046704 -1879046702 -1610611244 -1342175785 -1879046693 -1610611235 -1879046688 -1879046686 -1879046684 -1879046682 -1610611224 -1879046677 -1879046675 -1610611217 -1879046670 -1879046668 -1342175754 -1879046662 -1610611204 -1879046657 -1879046655 -1879046653 -1879046651 -1610611193 -1342175734 -1879046642 -1610611184 -1879046637 -1879046635 -1879046633 -1879046631 -1610611173 -1879046626 -1879046624 -1610611166 -1879046619 -1879046617 -1342175703 -1879046611 -1610611153 -1879046606 -1879046604 -1879046602 -1879046600 -1610611142 -1342175683 -1879046591 -1610611133 -1879046586 -1879046584 -1879046582 -1879046580 -1610611122 -1879046575 -1879046573 -1610611115 -1879046568 -1879046566 -1342175652 -1879046560 -1610611102 -1879046555 -1879046553 -1879046551 -1879046549 -1610611091 -1342175632 -1879046540 -1610611082 -1879046535 -1879046533 -1879046531 -1879046529 -1610611071 -1879046524 -1879046522 -1610611064 -1879046517 -1879046515 -1342175601 -1879046509 -1610611051 -1879046504 -1879046502 -1879046500 -1879046498 -1610611040 -1342175581 -1879046489 -1610611031 -1879046484 -1879046482 -1879046480 -1879046478 -1610611020 -1879046473 -1879046471 -1610611013 -1879046466 -1879046464 -1342175550 -1879046458 -1610611000 -1879046453 -1879046451 -1879046449 -1879046447 -1610610989 -1342175530 -1879046438 -1610610980 -1879046433 -1879046431 -1879046429 -1879046427 -1610610969 -1879046422 -1879046420 -1610610962 -1879046415 -1879046413 -1342175499 -1879046407 -1610610949 -1879046402 -1879046400 -1879046398 -1879046396 -1610610938 -1342175479 -1879046387 -1610610929 -1879046382 -1879046380 -1879046378 -1879046376 -1610610918 -1879046371 -1879046369 -1610610911 -1879046364 -1879046362 -1342175448 -1879046356 -1610610898 -1879046351 -1879046349 -1879046347 -1879046345 -1610610887 -1342175428 -1879046336 -1610610878 -1879046331 -1610610873 -1879046326 -1879046324 -1879046322 -1879046320 -1342175406 -1879046314 -1879046312 -1610610854 -1610610851 -1879046304 -1342175390 -1879046298 -1879046296 -1610610838 -1879046291 -1610610833 -1879046286 -1610610828 -1879046281 -1879046279 -1879046277 -1879046275 -1342175361 -1879046269 -1879046267 -1610610809 -1610610806 -1879046259 -1342175345 -1879046253 -1879046251 -1610610793 -1879046246 -1610610788 -1879046241 -1610610783 -1879046236 -1879046234 -1879046232 -1879046230 -1342175316 -1879046224 -1879046222 -1610610764 -1610610761 -1879046214 -1342175300 -1879046208 -1879046206 -1610610748 -1879046201 -1610610743 -1879046196 -1610610738 -1879046191 -1879046189 -1879046187 -1879046185 -1342175271 -1879046179 -1879046177 -1610610719 -1610610716 -1879046169 -1342175255 -1879046163 -1879046161 -1610610703 -1879046156 -1610610698 -1879046151 -1610610693 -1879046146 -1879046144 -1879046142 -1879046140 -1342175226 -1879046134 -1879046132 -1610610674 -1610610671 -1879046124 -1342175210 -1879046118 -1879046116 -1610610658 -1879046111 -1610610653 -1879046106 -1610610648 -1879046101 -1879046099 -1879046097 -1879046095 -1342175181 -1879046089 -1879046087 -1610610629 -1610610626 -1879046079 -1342175165 -1879046073 -1879046071 -1610610613 -1879046066 -1610610608 -1879046061 -1610610603 -1879046056 -1879046054 -1879046052 -1879046050 -1342175136 -1879046044 -1879046042 -1610610584 -1610610581 -1879046034 -1342175120 -1879046028 -1879046026 -1610610568 -1879046021 -1610610563 -1879046016 -1610610558 -1879046011 -1879046009 -1879046007 -1879046005 -1342175091 -1879045999 -1879045997 -1610610539 -1610610536 -1879045989 -1342175075 -1879045983 -1879045981 -1610610523 -1879045976 -1610610518 -1879045971 -1610610513 -1879045966 -1879045964 -1879045962 -1879045960 -1342175046 -1879045954 -1879045952 -1610610494 -1610610491 -1879045944 -1342175030 -1879045938 -1879045936 -1610610478 -1879045931 -1610610473 -1879045926 -1342175012 -1879045920 -1342175006 -1879045914 1 49 53 155 4 673 64 750 2 2 15 780 17 810 2 2 15 840 17 870 2 2 15 900 17 930 2 2 15 960 17 990 2 2 15 1020 17 1050 2 2 15 1080 17 1110 2 2 15 1140 17 1170 2 2 15 1200 17 1230 2 2 15 1260 17 1290 2 2 15 1320 17 1350 2 2 15 1380 17 1410 2 2 15 1440 53 1496 168 4 2168 102 2273 155 4 2893 185 3081 441 4 4845 272 5120 441 4 6884 166 7059 3 7063 1 7075 2 2 7088 3 7092 1 7104 2 2 7117 3 7121 1 7133 2 2 7146 3 7150 1 7162 2 2 7175 3 7179 1 7191 2 2 7204 3 7208 1 7220 2 2 7233 3 7237 1 7249 2 2 7262 3 7266 1 7278 2 2 7291 3 7295 1 7307 2 2 7320 3 7324 1 7336 2 2 7349 3 7353 1 7365 2 2 7378 3 7382 1 7394 2 2 7407 3 7411 1 7423 2 2 7427 60 7491 3 7509 1 7514 2 2 7521 3 7539 1 7544 2 2 7551 3 7569 1 7574 2 2 7581 3 7599 1 7604 2 2 7611 3 7629 1 7634 2 2 7641 3 7659 1 7664 2 2 7671 3 7689 1 7694 2 2 7701 3 7719 1 7724 2 2 7731 3 7749 1 7754 2 2 7761 3 7779 1 7784 2 2 7791 3 7809 1 7814 2 2 7821 3 7839 1 7844 2 2 7851 3 7869 1 2 5 7876 643 8542 1 8553 3 8640 1 8642 3 8647 1 8652 2 8656 4 8672 1 8739 2 8743 1 8747 2 8753 1 2 355 9155 1 9166 3 9253 1 9255 3 9260 1 9265 2 9269 4 9285 1 9352 2 9356 1 9360 2 9366 1 2 355 9768 1 9779 3 9866 1 9868 3 9873 1 9878 2 9882 4 9898 1 9965 2 9969 1 9973 2 9979 1 2 355 10381 1 10392 3 10479 1 10481 3 10486 1 10491 2 10495 4 10511 1 10578 2 10582 1 10586 2 10592 1 2 355 10994 1 11005 3 11092 1 11094 3 11099 1 11104 2 11108 4 11124 1 11191 2 11195 1 11199 2 11205 1 2 355 11607 1 11618 3 11705 1 11707 3 11712 1 11717 2 11721 4 11737 1 11804 2 11808 1 11812 2 11818 1 2 355 12220 1 12231 3 12318 1 12320 3 12325 1 12330 2 12334 4 12350 1 12417 2 12421 1 12425 2 12431 1 2 355 12833 1 12844 3 12931 1 12933 3 12938 1 12943 2 12947 4 12963 1 13030 2 13034 1 13038 2 13044 1 2 355 13446 1 13457 3 13544 1 13546 3 13551 1 13556 2 13560 4 13576 1 13643 2 13647 1 13651 2 13657 1 2 355 14036 584 14641 1 14650 2 2 7 14660 5 14666 1 14736 5 14743 1 14827 2 3 14834 1 14839 2 3 14848 1 2 377 15234 2 2 7 15244 5 15250 1 15320 5 15327 1 15411 2 3 15418 1 15423 2 3 15432 1 2 377 15818 2 2 7 15828 5 15834 1 15904 5 15911 1 15995 2 3 16002 1 16007 2 3 16016 1 2 377 16402 2 2 7 16412 5 16418 1 16488 5 16495 1 16579 2 3 16586 1 16591 2 3 16600 1 2 377 16986 2 2 7 16996 5 17002 1 17072 5 17079 1 17163 2 3 17170 1 17175 2 3 17184 1 2 377 17570 2 2 7 17580 5 17586 1 17656 5 17663 1 17747 2 3 17754 1 17759 2 3 17768 1 2 377 18154 2 2 7 18164 5 18170 1 18240 5 18247 1 18331 2 3 18338 1 18343 2 3 18352 1 2 377 18738 2 2 7 18748 5 18754 1 18824 5 18831 1 18915 2 3 18922 1 18927 2 3 18936 1 2 377 19322 2 2 7 19332 5 19338 1 19408 5 19415 1 19499 2 3 19506 1 19511 2 3 19520 1 19876 3077 23002 3 23089 2 23170 1 23182 3 23190 2 4 23349 1 23355 2 23367 2 5 23377 1 23381 4 23386 1 2 151 23618 2 23685 2 63 23995 2 23998 3 24042 6 24164 1 24168 2 3 24256 1 2 4 24263 2 24268 3 2 26079 3 26166 2 26247 1 26259 3 26267 2 4 26426 1 26432 2 26444 2 5 26454 1 26458 4 26463 1 2 151 26695 2 26762 2 63 27072 2 27075 3 27119 6 27241 1 27245 2 3 27333 1 2 4 27340 2 27345 3 2 29156 3 29243 2 29324 1 29336 3 29344 2 4 29503 1 29509 2 29521 2 5 29531 1 29535 4 29540 1 2 151 29772 2 29839 2 63 30149 2 30152 3 30196 6 30318 1 30322 2 3 30410 1 2 4 30417 2 30422 3 2 32233 3 32320 2 32401 1 32413 3 32421 2 4 32580 1 32586 2 32598 2 5 32608 1 32612 4 32617 1 2 151 32849 2 32916 2 63 33226 2 33229 3 33273 6 33395 1 33399 2 3 33487 1 2 4 33494 2 33499 3 2 35310 3 35397 2 35478 1 35490 3 35498 2 4 35657 1 35663 2 35675 2 5 35685 1 35689 4 35694 1 2 151 35926 2 35993 2 63 36303 2 36306 3 36350 6 36472 1 36476 2 3 36564 1 2 4 36571 2 36576 3 2 38387 3 38474 2 38555 1 38567 3 38575 2 4 38734 1 38740 2 38752 2 5 38762 1 38766 4 38771 1 2 151 39003 2 39070 2 63 39380 2 39383 3 39427 6 39549 1 39553 2 3 39641 1 2 4 39648 2 39653 3 2 41464 3 41551 2 41632 1 41644 3 41652 2 4 41811 1 41817 2 41829 2 5 41839 1 41843 4 41848 1 2 151 42080 2 42147 2 63 42457 2 42460 3 42504 6 42626 1 42630 2 3 42718 1 2 4 42725 2 42730 3 2 44541 3 44628 2 44709 1 44721 3 44729 2 4 44888 1 44894 2 44906 2 5 44916 1 44920 4 44925 1 2 151 45157 2 45224 2 63 45534 2 45537 3 45581 6 45703 1 45707 2 3 45795 1 2 4 45802 2 45807 3 2 47618 3 47705 2 47786 1 47798 3 47806 2 4 47965 1 47971 2 47983 2 5 47993 1 47997 4 48002 1 2 151 48234 2 48301 2 63 48611 2 48614 3 48658 6 48780 1 48784 2 3 48872 1 2 4 48879 2 48884 3 2 50646 3042 53745 2 2 53751 3 53798 1 53885 4 53891 1 53972 2 2 6 53987 7 54061 1 54427 2 10 54551 2 43 54644 5 54650 1 2 88 54740 6 54960 1 54963 2 2 54967 2 54971 2 4 56728 1 56786 2 2 56792 3 56839 1 56926 4 56932 1 57013 2 2 6 57028 7 57102 1 57468 2 10 57592 2 43 57685 5 57691 1 2 88 57781 6 58001 1 58004 2 2 58008 2 58012 2 4 59769 1 59827 2 2 59833 3 59880 1 59967 4 59973 1 60054 2 2 6 60069 7 60143 1 60509 2 10 60633 2 43 60726 5 60732 1 2 88 60822 6 61042 1 61045 2 2 61049 2 61053 2 4 62810 1 62868 2 2 62874 3 62921 1 63008 4 63014 1 63095 2 2 6 63110 7 63184 1 63550 2 10 63674 2 43 63767 5 63773 1 2 88 63863 6 64083 1 64086 2 2 64090 2 64094 2 4 65851 1 65909 2 2 65915 3 65962 1 66049 4 66055 1 66136 2 2 6 66151 7 66225 1 66591 2 10 66715 2 43 66808 5 66814 1 2 88 66904 6 67124 1 67127 2 2 67131 2 67135 2 4 68892 1 68950 2 2 68956 3 69003 1 69090 4 69096 1 69177 2 2 6 69192 7 69266 1 69632 2 10 69756 2 43 69849 5 69855 1 2 88 69945 6 70165 1 70168 2 2 70172 2 70176 2 4 71933 1 71991 2 2 71997 3 72044 1 72131 4 72137 1 72218 2 2 6 72233 7 72307 1 72673 2 10 72797 2 43 72890 5 72896 1 2 88 72986 6 73206 1 73209 2 2 73213 2 73217 2 4 74974 1 75032 2 2 75038 3 75085 1 75172 4 75178 1 75259 2 2 6 75274 7 75348 1 75714 2 10 75838 2 43 75931 5 75937 1 2 88 76027 6 76247 1 76250 2 2 76254 2 76258 2 4 78015 1 78073 2 2 78079 3 78126 1 78213 4 78219 1 78300 2 2 6 78315 7 78389 1 78755 2 10 78879 2 43 78972 5 78978 1 2 88 79068 6 79288 1 79291 2 2 79295 2 79299 2 4 81056 2017 83197 2 143 126 101215 2018 103357 2 143 126 121375 1 
0
TOP_PART
0
1
0
1
NDBR2P5
14
-2147483647
48 1 16 5 0 1 0 -1 -1 720 1 -1879048189 2221 720 
0
TOP_SURFACE
0
1
0
1
NDBR2P5
60
2265 2266 2267 2268 2313 2314 2315 2316 2361 2362 2363 2364 2409 2410 2411 2412 2457 2458 2459 2460 2505 2506 2507 2508 2553 2554 2555 2556 2601 2602 2603 2604 2649 2650 2651 2652 2697 2698 2699 2700 2745 2746 2747 2748 2793 2794 2795 2796 2841 2842 2843 2844 2889 2890 2891 2892 2937 2938 2939 2940 
0
WHOLE_PART
0
1
0
1
NDBR2P5
14
-2147483647
48 1 16 5 0 1 0 -1 -1 121375 1 -1879048189 1 121375 
0
ZSYMM
0
1
0
1
NDBR2P5
355
-2147483647
1412 1 16 346 0 1 0 -1 -1 13282 102 -1610612632 -1342177173 -1879048081 -1610612623 -1610612620 -1879048073 -1610612615 -1879048068 -1610612610 -1879048063 -1879048061 -1610612603 -1879048056 -1879048054 -1610612596 -1879048049 -1879048047 -1610612589 -1879048042 -1879048040 -1610612582 -1879048035 -1879048033 -1610612575 -1879048028 -1879048026 -1610612568 -1879048021 -1879048019 -1610612561 -1879048014 -1879048012 -1610612554 -1879048007 -1879048005 -1610612547 -1879048000 -1879047998 -1610612540 -1879047993 -1879047991 -1610612533 -1879047986 -1879047984 -1610612526 -1879047979 -1879047977 -1610612519 -1879047972 -1879047970 -1610612512 -1879047965 -1610612507 -1879047960 -1879047958 -1610612500 -1879047953 -1879047951 -1610612493 -1879047946 -1879047944 -1610612486 -1879047939 -1879047937 -1610612479 -1879047932 -1879047930 -1610612472 -1879047925 -1879047923 -1610612465 -1879047918 -1879047916 -1610612458 -1879047911 -1879047909 -1610612451 -1879047904 -1879047902 -1610612444 -1879047897 -1879047895 -1610612437 -1879047890 -1879047888 -1610612430 -1879047883 -1879047881 -1610612423 -1879047876 -1879047874 -1610612416 -1879047869 -1879047867 -1610612409 -1879047862 -1879047860 -1879047858 -1879047856 -1879047854 -1879047852 -1342176938 4 180 4 766 15 11 60 1426 16 1445 194 4 2224 689 4 4980 2 4985 509 4 7029 1 7035 2 2 7039 3 7058 1 7064 2 2 7068 3 7087 1 7093 2 2 7097 3 7116 1 7122 2 2 7126 3 7145 1 7151 2 2 7155 3 7174 1 7180 2 2 7184 3 7203 1 7209 2 2 7213 3 7232 1 7238 2 2 7242 3 7261 1 7267 2 2 7271 3 7290 1 7296 2 2 7300 3 7319 1 7325 2 2 7329 3 7348 1 7354 2 2 7358 3 7377 1 7383 2 2 7387 3 7406 1 7412 2 2 7416 3 7435 1 7441 2 2 7445 3 7457 2 3 7469 1 7471 3 7487 2 3 7499 1 7501 3 7517 2 3 7529 1 7531 3 7547 2 3 7559 1 7561 3 7577 2 3 7589 1 7591 3 7607 2 3 7619 1 7621 3 7637 2 3 7649 1 7651 3 7667 2 3 7679 1 7681 3 7697 2 3 7709 1 7711 3 7727 2 3 7739 1 7741 3 7757 2 3 7769 1 7771 3 7787 2 3 7799 1 7801 3 7817 2 3 7829 1 7831 3 7847 2 3 7859 1 7861 3 7877 2 3 7889 1 7891 3 13423 613 19292 584 47569 3077 78015 3041 99200 2016 2 20160 
0
1
NDBR2P5
1
SET-1
0
1
14
-2147483647
48 1 16 5 0 1 0 -1 -1 121375 1 -1879048189 1 121375 
0
0
0
6
BOTTOM_PART
0
1
0
1
NDBR2P5
41
-2147483647
156 1 16 32 0 1 0 -1 -1 1040 8 -1342177270 -1879048178 -1342177264 -1342177260 -1879048168 -1879048166 -1879048164 -1879048162 3 2 2 3 13 4 39 3 2 28 81 14 2 28 171 78 825 42 909 416 2653 462 
0
HYDROGEN_SURFACE
0
1
0
1
NDBR2P5
891
-2147483647
3556 1 16 882 0 1 0 -1 -1 16694 23 -1073741799 -1073741777 -1073741767 -1073741762 -1073741745 -1073741719 -1073741709 -1073741702 -1073741672 -1073741661 -1073741646 -1073741626 -1073741612 -1073741553 -1073741511 -1073741500 -1073741371 -1073741341 -1073741325 -1073741313 -1073741244 -1073741101 -1073741072 1 640 -1 -1 -1 4095 268435200 134216704 -512 -1 -1 -268419073 -1 -1 -16776193 -1 -1 -1 -1 -1 -1 1048575 929 256 -4194304 -1 -1 -1 -1 -1 -1 262143 1313 96 -4096 -1 1048575 1537 480 -268435456 -1 -1 -1 -1 -1 15 -16384 -1 -1 -1 -1 -1 -1 1023 4065 768 -1879048192 4194303 0 -1 -1 -1 -1 -1 -1 -1 -1 -1 -1 -1 -1 -1 -1 -1 -1 -1 -1 -1 -1 3 5185 256 -1048576 -1 -1 -1 1610612799 65535 -1048576 63 6785 160 -1073741824 31 -32768 77594623 62 7265 896 -4096 -1 -1 -1 -1 -1 -1 -1 -1 -1 -1 -1 -1 -1 -1 -1 -1 -1 507807 1879048188 -603979773 -62 65535 -67108864 -1 -1 -1082130433 63 9537 288 -1048576 1442778815 2424828 -148480 1048575 0 -67108864 -1 -1 10113 416 -16449536 63 0 1124073472 58785896 32518913 2139812454 -814057997 -1279262725 -1883422921 769431574 -152536608 11 10753 576 360448 0 0 88080384 134742016 32768 536870912 -67108864 143 0 1075873808 4194272 21234240 270336 2080374784 19246043 456050688 65536 11489 384 -1207959552 9 0 0 16777272 95944704 50331648 458739 0 0 0 1875968 12481 1824 320880640 641763332 572292863 -1070988322 67190784 1073742932 1250297993 672399648 1073744160 2 304399168 -1345453052 939590752 541217540 543490057 1763690608 -1755659140 -1841011409 2139028671 -140323650 -51104151 127350638 1538721115 -1778998302 -342951426 -412052565 2070151048 737914839 1012256094 -2016941057 -1007446218 -909742595 257248231 1538107392 526761005 -456983719 1843896359 585629538 -1206779635 431303684 1703916662 438301026 -205247969 -1 1933508607 -1479213069 1576754801 -281410545 365257492 -615799241 1070619645 435801060 -2061957641 2046192487 31953663 -1170687806 6197183 19201 1280 -1611368592 83246909 -2060592982 -113852901 1710209695 -246959901 -153328942 -1557210289 2080238318 1811938791 2098323597 -1524977957 265670381 1391875179 1873787627 1728192858 -318806715 -967793363 687696802 1260573757 261226446 -200286620 -335790213 1345190532 113439388 115820891 132369966 -589202273 -1695808514 -103851341 2105400553 -304187125 -1076501729 -67669187 964473735 47930621 1056767757 1032805931 2046204796 31821 25729 288 -4096 -1 -1 -1 -1 -1 -1 -1 255 27105 4064 -8192 -1 -1 -1 -1 -1073741825 -524361 -1 -1 -1 -1 -1 -1 -1 -1 -1 -1 -1 -1 -1 -1 -1 1335752575 -54300 -1 -1 -1 -1 -1 -1 -1 1023 0 0 0 -128 -1 -1 -1 -1 -1 -1 -1 -1 -1 -1 -1 -1 -36876358 -4 -1 -1 -1 -1 -1 -1 -1 -1 -1 -1 -1 -1 -1 -1 -1 -1 -1 -1 -1 -1 -1 -1 -1 1023 -1207959552 -1260882219 -761007150 -277942404 -1209600769 -1486975535 -178847755 -1321460074 -645595350 193888252 2142969688 -1811616804 1655156157 423147437 -1171633201 -1745431527 -1783648444 1224734392 1956641791 837009406 -1659305717 -12141855 1840771814 -602016232 -433483782 -548457980 -1998982356 -2084909321 656372795 -780478229 -58445107 1073469275 -1679614705 -2048565086 902285131 1877574671 2035621821 -51206 -1 -4194305 -1 -1 -1 -1 -1 -1 -1 -1 -1 -1 -1 -1 -1 59361 896 -4096 -1 -1 -1 -1 -1 -1 -1 -1 -1 -1 -1 -1 -1 -1 -1 -1 -1 -1 -1 -1 -1 -1 -1 -1 -1 -1 16383 63137 448 -64 -1 -1 -1 -1 -1 -1 -1 -1 -1 -1 -1 -1 15 63841 320 -537133072 -8449 -1343258641 -262273 -68157697 1071472511 -539050113 -1074790467 931117567 1073741799 64993 2144 -671088648 -1 -2106369 2013257727 -8321 -524581 -1 -9437185 -16897 -257 -16385 -18939905 -1447518 -401547 -1 -1 -1 -1 -17 -524289 -268435457 -1 -67108873 -5768193 -4210721 -16417 -161 -204801 -1073741825 -1057 -18949 -1 -2305 -603979777 -67670017 -1048593 -1 -1048593 -5 -562036737 -5 -262150 -1 -1 -1 -1 -1 -1 -1 -1 -1 -1 -1 -1 -1 -1 -1 -1 -1 -1 -1 -1 -1 -1 -1 -1 1 93217 4512 -1744830464 1077189849 672675332 329261271 1209153801 1715490844 6721544 545563141 -2010644080 5382224 213024 -2146819004 190219830 -1777335807 -1163906528 -1639979468 1568001159 955518790 942667487 -463665698 -340142807 -90867851 4195579 -2147481440 268444672 4194912 17891392 -1744830458 1078462722 134217732 134219266 0 -2147483648 551813124 -2147327984 52707346 811623180 34088193 -261112 -1 -1 -1 -1 -1 -1 -1 -1 -1 -1 -1 -1 -1 -1 -1 -1 -1 1649027727 268436624 -1410341852 349620123 -1542455611 1379032345 594616150 -663939008 1204357627 1794714226 -2072337971 -1095753119 -1573993033 555762703 1511666179 1655764671 -2128297439 1679570788 -2136977648 -1 -1 -1 -1 -1 -1 -1 262143 0 0 0 1011499008 220105582 29838979 -1942526820 858267808 -671688505 -806011404 -2129885173 1022490122 1896997649 480155972 357050837 709205819 613565108 526262306 -395448670 1100315231 1343751944 141972192 805831560 67711187 336604244 -1269453920 -27781756 -909888490 1051797115 -136507140 1172533118 -768283684 -1250214131 -805422094 2120400574 372391891 -1009614332 1950420738 2034303835 -1144646198 1877522651 -199711106 -167747042 452525977 -1448030208 944385816 -2146824202 -967044989 -264200167 -1868560735 1124368512 -1870629792 6430912 -637403120 324976119 -1224957952 34619393 131072 97857 864 -2130182144 1187984 19398784 -619520 -1811823713 -8388481 -3931648 821035007 0 -2143289344 4194560 1007026752 0 10 553996433 268436480 8390656 738214184 1094713347 2101380 741113606 139522 222304528 1137426954 402701576 -654311248 161087488 115585 4096 -673448448 -5251137 -1583349793 -622163619 -671191433 -55664842 -1629352659 -1712623909 -1812445478 -2067130156 -720938906 1695791422 657448831 -136762163 -1076336579 -2133918817 1868830786 -1596219390 1847683178 -830963277 -2071973176 342119560 -2027823327 287440416 -1556937454 125488536 -618739640 1030573559 472512178 -532398080 994624137 -110938893 -384719761 675866413 -187342334 -21070982 -404767778 -18120717 -1209024539 -242296067 -304614945 -805405213 2147481599 268419071 -1078200383 -167823138 1745977311 428097051 -1357549221 -43600391 1497226174 2105165713 -1681085508 -264459 -1306517234 1306351622 -887900876 -694672567 1165495375 -1645681442 1103110636 639231025 510870443 433831755 -1748578433 -1637557761 1387757532 -34870149 2070902777 -812214649 -17437315 -135 2119130878 1852627446 -1718537738 -155525773 -544233224 -1416405323 -370050287 162500591 -570705168 -605946402 717208415 230686861 1948012659 1299760746 2147450978 1170439871 2013312192 1074365530 75564400 1964400918 -1577537781 2097154 1220560512 263108 1728204032 2951938 0 0 603979776 -1861950704 1663194112 1095761920 135548928 14680465 555814497 -569671668 1128899450 404183078 -14154 -746520577 1227714516 965551226 -427941481 2077731952 30246981 -1084093456 -1377584805 1295873776 870436278 -2650474 -1 1610350591 -217980930 -1049089 2145123327 33554431 
0
TOP_PART
0
1
0
1
NDBR2P5
28
-2147483647
104 1 16 19 0 1 0 -1 -1 1040 5 -1879048185 -1342177271 -1879048179 -1879048177 -1879048175 17 8 261 3 2 27 303 106 1733 458 3619 462 
0
TOP_SURFACE
0
1
0
1
NDBR2P5
80
21 22 23 24 342 343 344 367 368 369 381 382 383 384 385 386 387 388 389 390 391 392 393 394 395 396 397 398 399 400 401 402 403 404 405 406 407 408 2149 2150 2151 2152 2153 2154 2155 2156 2157 2158 2159 2160 2161 2162 2163 2164 2165 2166 2167 2168 2169 2170 2171 2172 2173 2174 2175 2176 2177 2178 2179 2180 2181 2182 2183 2184 2185 2186 2187 2188 2189 2190 
0
WHOLE_PART
0
1
0
1
NDBR2P5
14
-2147483647
48 1 16 5 0 1 0 -1 -1 136548 1 -1879048189 1 136548 
0
ZSYMM
0
1
0
1
NDBR2P5
901
-2147483647
3596 1 16 892 0 1 0 -1 -1 13532 28 -1073741794 -1073741779 -1073741771 -1073741756 -1073741748 -1073741744 -1073741723 -1073741705 -1073741691 -1073741682 -1073741667 -1073741648 -1073741634 -1073741576 -1073741533 -1073741510 -1073741504 -1073741500 -1073741492 -1073741474 -1073741423 -1073741365 -1073741271 -1073741259 -1073741215 -1073741174 -1073741153 -1073741061 2 416 -64134373 -4194273 1 -2048 -134217601 -67108353 4192511 4094 262080 134217726 1048064 8188 8388096 610 192 -524288 -1 -1 -1 -1 8191 1154 416 -131072 -1 -1 -1 -1 2047 0 -524288 -1 -1 -1 -1 134217727 1986 192 -512 -1 -1 -1 -1 7 4066 64 939491328 49152 4802 608 -2 -1 -1 -1 -1 -1 -1 -1 -1 -1 -1 -1 16777215 -32768 3 -8192 -1 -1 524287 6786 512 536838144 9 0 -38797312 -32 -1 -1 -1 -1 -1 -1 -1 -1 -1 -1 2047 7746 384 -1 1 -4 -253891 1207959553 -1845493762 30 -32768 33554431 0 0 541065216 9538 224 1074266112 -551519008 1048705 80896 -524288 -1 33554431 10114 416 1048576 0 0 -2127691776 16453 -2046820331 1077585614 482592086 639631394 -1205772188 -380521484 76268335 2 10754 544 524288 0 0 -268419072 268451840 234881025 0 0 50331672 268436140 4194304 -2147483648 67371008 4 8388608 532480 2097408 11490 384 402653184 4096 0 -19456 -65008128 85983235 2122186752 25165830 0 0 64755 75776 12514 1792 1073741960 -2147483648 534928896 470155267 1075904512 3973249 570425344 -805306364 -2 536937503 538448896 67443144 20971520 261 -881852415 886218177 920505706 -1069510240 70161824 -2121931573 2083808456 -769360558 -1257984498 171606784 -867715542 1112408123 -368957420 1708464464 -1139013120 503723110 -1692612351 -128623860 1378429951 1884103145 228491859 -921948180 1854668878 -1544093831 -215651843 -851892796 1945110350 102623984 0 -698318848 740130822 1359108295 -2006516230 1964854901 307965156 -535309823 1933777421 1030978828 1124387404 -15976832 585343902 1095712 19170 1312 -2147483648 805688391 -41623455 1030296506 56926450 1292378800 -2021906546 76664470 -1368747432 1107364552 1241579788 1098321849 762488978 2014648457 1451546090 -936893814 1283387218 159403357 -1663586967 1803635246 -613509663 -130580456 100145357 -1711152830 -672595267 2090763953 -57910446 2083396328 -1852882512 847904256 51925670 1094816155 152093562 555028080 33834601 1665246780 2123780481 1619099769 -449294102 1124381377 473 25090 672 -262144 -1 -1 -1 -1 -1 -1 -1 -1 -1 -1 -1 -1 -1 -1 -1 -1 -1 -1 -1 2047 27266 128 536870912 262180 0 262144 27810 64 -667876288 27149 28098 192 -512 -1 -1 -1 -1 2047 28450 512 33554432 0 0 0 4 -2147352576 -2129045470 4097 0 256 0 0 0 8192 0 131072 29442 1568 -512 603979775 -1517042539 -1766980074 138971201 604800384 743487767 -2058059771 -1486753612 -1824685974 -96944127 -1071484845 905808401 1319905569 1935909929 585816600 -1274767885 -1255659427 1535116451 -978320896 1728978944 829652858 -2141412721 -920385908 -1846475533 -1930741758 -1873254659 999491177 1042454660 1819297250 390239114 29222553 1610749010 -1307676296 1024282542 1696341082 1208696312 -1017810911 25602 0 2097152 526336 0 0 128 0 0 0 196608 31138 1792 -2147483648 -1 -1 -1 -1 -1 -1 -1 -1 -1 -1 -1 -1 -1 -1 -1 -1 -1 -1 -1 -1 -1 -1 -1 -1 -1 -1 -1 -1 -1 -1 -1 -1 -1 -1 -1 -1 -1 -1 -1 -1 -1 -1 -1 -1 -1 -1 -1 -1 -1 -1 -1 -1 -1 -1 32767 60226 2944 -8192 -1 -1 -1 -1 -1 -1 -1 -1 -1 -1 -1 -1 -1 -1 -1 -1 -1 -1 -1 -1 -1 -1 -1 -1 -1 -1 -1 -1 -1 -1 -1 -1 -1 -1 -1 -1 -1 -1 -1 -1 -1 -1 -1 -1 -1 -1 -1 -1 -1 -1 -1 -1 -1 -1 -1 -1 -1 -1 -1 -1 -1 -1 -1 -1 -1 -1 -1 -1 -1 -1 -1 -1 -1 -1 -1 -1 -1 -1 -1 -1 -1 -1 -1 -1 -1 -1 -1 -1 -1 -1 31 63842 320 269103104 4288 671633416 131136 34218112 1611747392 808493120 537395489 1681925056 262156 64994 1344 482345344 0 1053184 1140854784 5232704 262290 0 4718592 140032 128 67641344 -2138013696 269421358 200773 0 0 0 32 8 262144 134217728 0 33554500 1076625920 538976272 532496 67108944 102400 536870912 8389136 13570 0 6292612 444596224 33835008 2622216 0 8912904 2 1354760192 -2147483646 131074 93218 1248 805306368 -1956564975 1785980013 874958612 -616504990 -2074130479 1606428395 -995251979 -1556067049 1037454421 -1320656947 -1176451760 2052107492 -1326316809 546088551 952107109 1094721982 1644539980 -1605894016 97541440 167911465 42271809 1321867520 -1920687968 -761380789 1162869444 2016674328 859854856 -888509844 4170272 -503311238 -1 543031295 1217216452 -1074624349 -599783402 596346409 -1835906005 46555 95010 608 -904222072 -717248206 705236141 -980413440 605552669 1147552592 -465083308 297890048 470514432 1090674708 1036036864 -1604915639 675844452 -1020666816 1357014620 1254359200 -1352627646 1291076676 967395415 95842 2880 -131072 -1 -1 -1 1897027071 -263157439 1577851018 702565521 1612819881 335597832 8452 -1656636768 537002162 1080494642 1619002124 1360169809 148189218 632294020 1074851820 185084202 -637181440 326319226 -1337929081 1677303354 1286816002 -170417727 -2070674935 193853 812276 547515586 67138433 -1943779328 82119170 -2126372823 -2147450364 1074528256 71475284 -1677576543 1088184372 -1019000814 538498075 -1072979056 -2073843712 73467568 -1572765647 -1459285050 1649066001 261138436 345109308 94220115 -2077257559 7972887 -2093693617 38700831 48035698 -700440316 41839 1079301840 -81941 -1 -1 -1 -1 86753279 -15325184 -12331733 307679 903945232 839616 128117 1736441856 -1079262391 668460991 -1235814354 -503547239 1054669695 1543442154 -847948875 -738439784 -432800933 686572065 1564706342 -1235928 -1444872116 -33634178 -116235756 270145112 -1023598303 -1877869693 322064269 115586 4064 336723968 2625568 791674896 311081809 -1811887932 27832420 814676329 -1291171694 -1241260910 -1113918571 -1787014196 1299587936 1818759232 68381081 538168289 -1080524240 -934415394 -1349373954 1223642058 -1732002010 -1111497061 1976423867 -1133571985 -143720209 -1369014922 -62744269 309369819 -515286780 -236256090 266199039 1650171579 55469446 192359880 -337933207 -2053812482 -2136948158 202383888 9060358 604512269 121148033 152307472 402702606 1073742848 2013274112 -1608383457 83911568 1274494992 1933435122 678774610 -2125683453 1398870560 -1052582857 840542753 -2147351419 -1494225032 -653175812 443950437 347336283 -582747688 -1324642928 1595928329 1827868135 1892048426 1930567770 874289216 -1328704768 1453604881 17435074 1112032259 406107324 8718657 -2147483581 -1059565440 -926313724 859268868 -2069720762 272116611 708202661 185025143 -81250296 -1862131065 302973200 1788879440 2032140217 -974006330 -649880374 1073758158 -585219936 -1006656097 -537182766 -37782201 1165283188 -1358714758 -1048578 -610280257 -131555 -864102017 -1475970 -1 -1 -301989889 -1216508297 -831597057 -547880961 2079709183 2140143415 -277907249 -1862647815 -564449726 -202091540 7076 -1774223360 -613857259 1664708034 -1933512908 1108617671 -15123491 542046727 -1458691246 -647936889 -435218140 1325236 -524288 -805044225 108990464 524544 1074921984 
0
1
NDBR2P5
1
SET-1
0
1
14
-2147483647
48 1 16 5 0 1 0 -1 -1 136548 1 -1879048189 1 136548 
0
0
0
0
0
