1
0
1
ASSEMBLY
1
CHD2
CHD2
1
CHD2
14
-2147483646
0
48 1 16 5 0 1 0 -1 -1 44285 1 -1879048189 1 44285 
14
48 1 16 5 0 1 0 -1 -1 44285 1 -1879048189 1 44285 
0
1
CHD2
14
-2147483646
0
48 1 16 5 0 1 0 -1 -1 71090 1 -1879048189 1 71090 
16
56 1 16 7 0 1 0 -1 -1 71090 1 -1342177277 1 35545 2 100000 
0
5
BOTTOM_PART
0
1
0
1
CHD2
216
34922 34923 34924 34925 34926 34927 34928 34929 34930 34931 34932 34933 34934 34935 34936 34937 34938 34939 34940 34941 34942 34943 34944 34945 34946 34947 34948 34949 34950 34951 34952 34953 34954 34955 34956 34957 34958 34959 34960 34961 34962 34963 34964 34965 34966 34967 34968 34969 34970 34971 34972 34973 34974 34975 34976 34977 34978 34979 34980 34981 34982 34983 34984 34985 34986 34987 34988 34989 34990 34991 34992 34993 34994 34995 34996 34997 34998 34999 35000 35001 35002 35003 35004 35005 35006 35007 35008 35009 35010 35011 35012 35013 35014 35015 35016 35017 35018 35019 35020 35021 35022 35023 35024 35025 35026 35027 35028 35029 35030 35031 35032 35033 35034 35035 35036 35037 35038 35039 35040 35041 35042 35043 35044 35045 35046 35047 35048 35049 35050 35051 35052 35053 35054 35055 35056 35057 35058 35059 35060 35061 35062 35063 35064 35065 35066 35067 35068 35069 35070 35071 35072 35073 35074 35075 35076 35077 35078 35079 35080 35081 35082 35083 35084 35085 35086 35087 35088 35089 35090 35091 35092 35093 35094 35095 35096 35097 35098 35099 35100 35101 35102 35103 35104 35105 35106 35107 35108 35109 35110 35111 35112 35113 35114 35115 35116 35117 35118 35119 35120 35121 35122 35123 35124 35125 35126 35127 35128 35129 35130 35131 35132 35133 35134 35135 35136 35137 
0
HYDROGEN_SURFACE
0
1
0
1
CHD2
521
-2147483647
2076 1 16 512 0 1 0 -1 -1 8279 22 -1073741800 -1073741708 -268435331 -1073741691 -268435314 -1073741674 -268435297 -1073741657 -1073741648 -1073741644 -1073741550 -1073741544 -1073741541 -1073741537 -1073741531 -1073741527 -1073741524 -268435150 -1073741510 -1073741505 -1073741502 -1073741449 1 2880 -1 -1 -1 -1 -1 -1 -1 -1 -1 -1 -1 -1 -1 -1 -1 -1 -1 -1 -1 -1 -1 -1 -1 -1 -1 -1 -1 -1 -1 -1 -1 -1 -1 -1 -1 -1 -1 -1 -1 -1 -1 -1 -1 -1 -1 -1 -1 -1 -1 -1 -1 -1 -1 -1 -1 -1 -1 -1 -1 -1 -1 -1 -1 -1 -1 -1 -1 -1 -1 -1 -1 -1 -1 -1 -1 -1 -1 -1 -1 -1 -1 -1 -1 -1 -1 -1 -1 -1 -1 31 3681 224 -2147483648 -2004318072 8 0 0 -1610612736 1047210 4769 64 2 896 -536870912 1048575 -128 15 6529 224 1073741824 1145324612 4 0 0 1342177280 523605 7617 64 2 896 -268435456 524287 -64 7 9377 224 536870912 572662306 2 0 0 -1476395008 261802 10465 64 2 896 -134217728 262143 -32 3 12225 224 268435456 286331153 1 0 0 1409286144 130901 13313 64 -67108864 131071 14209 2944 -16 -1 -1 -1 -1 -1 -1 -1 -1 -1 -1 -1 -1 -1 -1 -1 -1 -1 -1 -1 -1 -1 -1 -1 -1 -1 -1 -1 -1 -1 -1 -1 -1 -1 -1 -1 -1 -1 -1 -1 -1 -1 -1 -1 -1 -1 -1 -1 -1 -1 -1 -1 -1 -1 -1 -1 -1 -1 -1 -1 -1 -1 -1 -1 -1 -1 -1 -1 -1 -1 -1 -1 -1 -1 -1 -1 -1 -1 -1 -1 -1 -1 -1 -1 -1 -1 -1 -1 -1 -1 -1 4095 17665 128 4088 0 -2801664 3 19457 32 2147483392 19969 64 -8388608 4194303 20545 128 4186112 0 1426063360 4095 22337 64 -262144 511 22881 32 -2 23425 128 -8388608 0 0 4193620 25217 64 2 544 -268435456 524287 -2048 1023 26337 96 1022 0 -700416 28129 32 536870848 28641 1632 -2097152 -2013265921 1478844565 -1786620407 -380099232 -1 -1 -1 -1 -1 -1 -1 -1 -1 -1 -1 -1 -1 -1568636673 6 0 1073908736 4194304 0 0 8 0 0 0 671088704 16 -732950528 0 0 134238592 524288 0 0 1 0 0 0 83886088 2 445252096 0 0 16779824 65536 0 536870912 30401 4320 1084227585 0 55656512 0 0 2097478 8192 0 67108864 0 0 0 536870912 135528448 -268435456 1376078847 354440321 -1051589304 -1 -1 -1 -1 -1 -1 -1 -1 -1 -1 -1 -1 -1 -1 -1 -1 12583039 0 0 1879048192 16384 0 80 65792 0 32 1048576 0 384 0 1879050240 0 393216 0 0 58720256 512 -2147483648 2 2056 0 1 32768 0 12 0 58720320 0 12288 0 0 1835008 16 335544320 1073741824 64 134217728 0 1024 1610612736 0 0 1835010 0 384 0 0 -2147426304 0 10485760 33554432 2 4194304 0 32 50331648 0 268435456 57344 -524288 -1 1442840575 1431655765 1431655765 1431655765 1431655765 1431655765 1431655765 1431655765 1431655765 1431655765 1431655765 1431655765 1431655765 1431655765 1431655765 1431655765 -3 -1 -1 -1 -1431633921 -1431655766 -1431655766 -1431655766 -1431655766 -1431655766 -1431655766 -1431655766 -1431655766 -1431655766 -1431655766 -1431655766 -1431655766 -349526 -1 33554431 
0
TOP_PART
0
1
0
1
CHD2
192
35354 35355 35356 35357 35358 35359 35360 35361 35362 35363 35364 35365 35366 35367 35368 35369 35370 35371 35372 35373 35374 35375 35376 35377 35378 35379 35380 35381 35382 35383 35384 35385 35386 35387 35388 35389 35390 35391 35392 35393 35394 35395 35396 35397 35398 35399 35400 35401 35402 35403 35404 35405 35406 35407 35408 35409 35410 35411 35412 35413 35414 35415 35416 35417 35418 35419 35420 35421 35422 35423 35424 35425 35426 35427 35428 35429 35430 35431 35432 35433 35434 35435 35436 35437 35438 35439 35440 35441 35442 35443 35444 35445 35446 35447 35448 35449 35450 35451 35452 35453 35454 35455 35456 35457 35458 35459 35460 35461 35462 35463 35464 35465 35466 35467 35468 35469 35470 35471 35472 35473 35474 35475 35476 35477 35478 35479 35480 35481 35482 35483 35484 35485 35486 35487 35488 35489 35490 35491 35492 35493 35494 35495 35496 35497 35498 35499 35500 35501 35502 35503 35504 35505 35506 35507 35508 35509 35510 35511 35512 35513 35514 35515 35516 35517 35518 35519 35520 35521 35522 35523 35524 35525 35526 35527 35528 35529 35530 35531 35532 35533 35534 35535 35536 35537 35538 35539 35540 35541 35542 35543 35544 35545 
0
TOP_SURFACE
0
1
0
1
CHD2
16
35376 35377 35400 35401 35424 35425 35448 35449 35472 35473 35496 35497 35520 35521 35544 35545 
0
ZSYMM
0
1
0
1
CHD2
177
-2147483647
700 1 16 168 0 1 0 -1 -1 7744 46 -1879048144 -1879048142 -1879048140 -1610612682 -1879048135 -1610612677 -1879048130 -1610612672 -1879048125 -1610612667 -1879048120 -1610612662 -1879048115 -1610612657 -1879048110 -1610612652 -1879048105 -1610612647 -1879048100 -1610612642 -1879048095 -1879048093 -1879048091 -1342177177 -1879048085 -1342177171 -1879048079 -1342177165 -1879048073 -1342177159 -1879048067 -1342177153 -1879048061 -1342177147 -1879048055 -1342177141 -1879048049 -1879048047 -1879048045 -1610612587 -1610612584 -1879048037 -1610612579 -1610612576 -1879048029 -1610612571 11389 2847 25796 2890 28687 2 28694 2 3 28701 2 28708 2 3 28715 2 28722 2 3 28729 2 28736 2 3 28743 2 28750 2 3 28757 2 28764 2 3 28771 2 28778 2 3 28785 2 28792 2 3 28799 2 28806 2 3 30464 413 30884 1 30886 3 30890 1 2 8 30900 3 30904 1 2 8 30914 3 30918 1 2 8 30928 3 30932 1 2 8 30942 3 30946 1 2 8 30956 3 30960 1 2 8 30970 3 30974 1 2 8 30984 3 30988 1 33017 508 33526 314 2 34155 279 2 34713 2 34716 211 2 35139 107 2 35353 2 35356 95 2 
0
1
CHD2
3
SET-1
0
1
14
-2147483647
48 1 16 5 0 1 0 -1 -1 35545 1 -1879048189 1 35545 
0
0
SOLID
0
1
14
-2147483647
48 1 16 5 0 1 0 -1 -1 35545 1 -1879048189 1 35545 
0
0
VISUALIZATION
0
1
14
-2147483647
48 1 16 5 0 1 0 -1 -1 35545 1 -1879048189 35546 35545 
0
0
0
6
BOTTOM_PART
0
1
0
1
CHD2
41
-2147483647
156 1 16 32 0 1 0 -1 -1 390 10 -1879048180 -1879048178 -1879048176 -1879048174 -1879048172 -1879048170 -1879048168 -1879048166 -1879048164 -1879048162 43005 22 43131 4 43139 8 43167 4 43343 5 43369 134 43532 54 43729 13 43862 58 44033 88 
0
HYDROGEN_SURFACE
0
1
0
1
CHD2
82
-2147483647
320 1 16 73 0 1 0 -1 -1 8818 23 -1879048167 -1879048165 -1879048163 -1879048161 -1879048159 -1342177245 -1879048153 -1879048151 -1879048149 -1879048147 -1879048145 -1879048143 -1879048141 -1879048139 -1879048137 -1879048135 -1879048133 -1879048131 -1879048129 -1879048127 -1879048125 -1879048123 -1879048121 1 356 481 22 560 31 649 282 1056 2711 6455 88 2 584 7355 124 7711 2730 13171 212 13883 92 35647 41 35751 432 36615 82 36711 72 36799 82 36937 32 36977 338 37653 58 40957 272 41237 306 41788 149 41944 168 42120 50 
0
TOP_NODES
0
1
0
1
CHD2
27
42998 42999 43000 43001 43002 43003 43004 43082 43105 43117 43118 43119 43120 43121 43122 43123 43124 43125 43126 43127 43128 43129 43130 43147 43148 43149 43150 
0
TOP_PART
0
1
0
1
CHD2
44
-2147483647
168 1 16 35 0 1 0 -1 -1 351 9 -1879048181 -1879048179 -1342177265 -1879048173 -1879048171 -1342177257 -1342177253 -1879048161 -1879048159 42891 114 43071 60 43135 4 2 12 43227 40 43722 7 43754 1 2 25 43792 7 2 63 43920 29 44209 77 
0
TOP_SURFACE
0
1
0
1
CHD2
27
42998 42999 43000 43001 43002 43003 43004 43082 43105 43117 43118 43119 43120 43121 43122 43123 43124 43125 43126 43127 43128 43129 43130 43147 43148 43149 43150 
0
ZSYMM
0
1
0
1
CHD2
175
-2147483647
692 1 16 166 0 1 0 -1 -1 7977 52 -1879048138 -1879048136 -1879048134 -1879048132 -1879048130 -1879048128 -1879048126 -1879048124 -1879048122 -1879048120 -1879048118 -1879048116 -1879048114 -1879048112 -1342177198 -1879048106 -1879048104 -1879048102 -1879048100 -1879048098 -1879048096 -1879048094 -1879048092 -1342177178 -1879048086 -1342177172 -1879048080 -1879048078 -1879048076 -1879048074 -1879048072 -1879048070 -1342177156 -1879048064 -1879048062 -1879048060 -1879048058 -1879048056 -1879048054 -1879048052 -1879048050 -1879048048 -1879048046 -1879048044 -1879048042 -1879048040 -1879048038 -1879048036 -1879048034 -1879048032 -1879048030 -1879048028 7 6 16 3 357 314 879 200 3767 2688 10441 2730 35695 28 36183 432 36679 4 36697 14 36715 4 36739 17 36758 2 36762 1 36764 2 2 4 36772 3 36783 16 36824 3 36843 16 36881 24 37315 338 40896 61 41543 238 41793 34 2 69 41937 7 41956 1 2 3 41961 2 42021 34 42078 42 42170 211 42891 30 43005 6 43027 11 2 22 43083 11 43106 18 43131 4 43136 1 43138 2 43142 1 43145 2 43148 1 43150 77 43249 18 43327 16 43369 29 43452 51 43586 52 43755 12 43780 28 43832 23 43875 11 43899 50 
0
1
CHD2
1
SET-1
0
1
14
-2147483647
48 1 16 5 0 1 0 -1 -1 44285 1 -1879048189 1 44285 
0
0
0
0
0
