1
0
1
ASSEMBLY
1
NDBR40-M-1
NDBR40-M
1
NDBR40-M-1
14
-2147483646
0
48 1 16 5 0 1 0 -1 -1 42030 1 -1879048189 1 42030 
14
48 1 16 5 0 1 0 -1 -1 42030 1 -1879048189 1 42030 
0
1
NDBR40-M-1
14
-2147483646
0
48 1 16 5 0 1 0 -1 -1 33797 1 -1879048189 1 33797 
14
48 1 16 5 0 1 0 -1 -1 33797 1 -1879048189 1 33797 
0
4
SET-1
0
1
0
1
NDBR40-M-1
192
625 626 627 628 629 630 631 632 633 634 635 636 637 638 639 640 641 642 643 644 645 646 647 648 649 650 651 652 653 654 655 656 657 658 659 660 661 662 663 664 665 666 667 668 669 670 671 672 673 674 675 676 677 678 679 680 681 682 683 684 685 686 687 688 689 690 691 692 693 694 695 696 697 698 699 700 701 702 703 704 705 706 707 708 709 710 711 712 713 714 715 716 717 718 719 720 721 722 723 724 725 726 727 728 729 730 731 732 733 734 735 736 737 738 739 740 741 742 743 744 745 746 747 748 749 750 751 752 753 754 755 756 757 758 759 760 761 762 763 764 765 766 767 768 769 770 771 772 773 774 775 776 777 778 779 780 781 782 783 784 785 786 787 788 789 790 791 792 793 794 795 796 797 798 799 800 801 802 803 804 805 806 807 808 809 810 811 812 813 814 815 816 
0
SET-2
0
1
0
1
NDBR40-M-1
216
-2147483647
856 1 16 207 0 1 0 -1 -1 6793 54 -1610612680 -1342177221 -1610612673 -1879048126 -1610612668 -1879048121 -1342177207 -1879048115 -1342177201 -1879048109 -1342177195 -1879048103 -1342177189 -1879048097 -1342177183 -1879048091 -1342177177 -1879048085 -1342177171 -1879048079 -1342177165 -1879048073 -1879048071 -1879048069 -1879048067 -1342177153 -1879048061 -1342177147 -1879048055 -1342177141 -1879048049 -1342177135 -1879048043 -1342177129 -1879048037 -1342177123 -1879048031 -1342177117 -1879048025 -1879048023 -1879048021 -1879048019 -1610612561 -1610612558 -1610612555 -1610612552 -1342177093 -1610612545 -1879047998 -1879047996 -1610612538 -1879047991 -1879047989 -1879047987 1 312 2 633 8 12 16 818 311 2 1440 2 1443 95 2 1633 3 1638 1 2 6 1646 3 1651 1 2 6 1659 3 1664 1 2 6 1672 3 1677 1 2 6 1685 3 1690 1 2 6 1698 3 1703 1 2 6 1711 3 1716 1 2 6 1724 3 1729 1 2 6 1737 93 2202 94 2672 1 2674 2 2677 1 2 7 2686 2 2689 1 2 7 2698 2 2701 1 2 7 2710 2 2713 1 2 7 2722 2 2725 1 2 7 2734 2 2737 1 2 7 2746 2 2749 1 2 7 2758 2 2761 1 10608 1960 20408 2851 28128 3 3 28142 2 4 28153 4 2 28165 3 2 28172 1 2 11 28186 2 2 28192 6 28203 1 28211 2 2 28215 3 28220 2 32921 877 
0
SET-3
0
1
0
1
NDBR40-M-1
192
1441 1442 1443 1444 1445 1446 1447 1448 1449 1450 1451 1452 1453 1454 1455 1456 1457 1458 1459 1460 1461 1462 1463 1464 1465 1466 1467 1468 1469 1470 1471 1472 1473 1474 1475 1476 1477 1478 1479 1480 1481 1482 1483 1484 1485 1486 1487 1488 1489 1490 1491 1492 1493 1494 1495 1496 1497 1498 1499 1500 1501 1502 1503 1504 1505 1506 1507 1508 1509 1510 1511 1512 1513 1514 1515 1516 1517 1518 1519 1520 1521 1522 1523 1524 1525 1526 1527 1528 1529 1530 1531 1532 1533 1534 1535 1536 1537 1538 1539 1540 1541 1542 1543 1544 1545 1546 1547 1548 1549 1550 1551 1552 1553 1554 1555 1556 1557 1558 1559 1560 1561 1562 1563 1564 1565 1566 1567 1568 1569 1570 1571 1572 1573 1574 1575 1576 1577 1578 1579 1580 1581 1582 1583 1584 1585 1586 1587 1588 1589 1590 1591 1592 1593 1594 1595 1596 1597 1598 1599 1600 1601 1602 1603 1604 1605 1606 1607 1608 1609 1610 1611 1612 1613 1614 1615 1616 1617 1618 1619 1620 1621 1622 1623 1624 1625 1626 1627 1628 1629 1630 1631 1632 
0
SET-4
0
1
0
1
NDBR40-M-1
16
1463 1464 1487 1488 1511 1512 1535 1536 1559 1560 1583 1584 1607 1608 1631 1632 
0
1
NDBR40-M-1
2
SET-1
0
1
17
-2147483647
60 1 16 8 0 1 0 -1 -1 31207 2 -1879048188 -1879048186 1 26822 29413 4385 
0
0
SET-106
0
1
14
-2147483647
48 1 16 5 0 1 0 -1 -1 2590 1 -1879048189 26823 2590 
0
0
0
4
SET-1
0
1
0
1
NDBR40-M-1
39
-2147483647
148 1 16 30 0 1 0 -1 -1 351 9 -1879048181 -1879048179 -1879048177 -1610612719 -1879048172 -1879048170 -1879048168 -1879048166 -1879048164 1 2 5 1 8 5 41 2 78 204 7 218 67 1345 7 1359 183 3307 77 
0
SET-2
0
1
0
1
NDBR40-M-1
304
-2147483647
1208 1 16 295 0 1 0 -1 -1 7027 91 -1610612643 -1342177184 -1342177180 -1610612632 -1342177173 -1879048081 -1879048079 -1879048077 -1879048075 -1342177161 -1342177157 -1879048065 -1879048063 -1879048061 -1879048059 -1879048057 -1879048055 -1879048053 -1879048051 -1879048049 -1879048047 -1879048045 -1879048043 -1879048041 -1879048039 -1879048037 -1342177123 -1879048031 -1879048029 -1879048027 -1879048025 -1879048023 -1879048021 -1879048019 -1879048017 -1879048015 -1879048013 -1879048011 -1879048009 -1879048007 -1879048005 -1879048003 -1879048001 -1879047999 -1879047997 -1879047995 -1879047993 -1879047991 -1879047989 -1610612531 -1879047984 -1610612526 -1879047979 -1879047977 -1879047975 -1610612517 -1879047970 -1879047968 -1879047966 -1879047964 -1879047962 -1879047960 -1879047958 -1879047956 -1879047954 -1879047952 -1879047950 -1610612492 -1879047945 -1879047943 -1879047941 -1879047939 -1879047937 -1879047935 -1879047933 -1879047931 -1879047929 -1879047927 -1879047925 -1879047923 -1879047921 -1879047919 -1879047917 -1610612459 -1879047912 -1879047910 -1610612452 -1879047905 -1879047903 -1879047901 -1879047899 1 2 3 7 2 2 4 14 2 2 3 22 2 2 26 2 2 3 33 4 81 38 159 52 233 7 241 11 2 22 286 38 2 78 455 14 481 11 504 18 534 4 545 11 561 33 635 40 731 6 813 266 1465 77 1884 266 2186 77 2396 100 2700 73 3020 21 4430 1863 2 4218 10727 21 10825 69 11025 123 11202 56 11260 4 11345 48 28687 26 28725 38 28869 168 29060 21 29095 38 29156 154 29327 52 29457 31 29532 35 30179 65 30289 47 30393 2 30407 8 30449 196 35900 2 35909 1 35912 2 2 35917 1 35925 2 5 35936 1 35940 2 35943 1 35946 3 2 35957 2 35963 1 35979 8 35988 1 36991 600 37764 16 37781 11 37826 2 37830 7 37849 1 37851 5 37858 2 13 37943 3 37954 2 37985 1 37988 3 37994 2 38007 12 38020 1 38024 21 38061 28 38135 6 38142 1 38145 17 38164 11 38209 16 38231 2 38235 2 3 38264 2 38277 16 38322 2 4 38352 11 38384 3 38391 10 38735 24 
0
SET-3
0
1
0
1
NDBR40-M-1
38
-2147483647
144 1 16 29 0 1 0 -1 -1 351 7 -1342177271 -1879048179 -1342177265 -1342177261 -1879048169 -1879048167 -1879048165 15 2 2 3 21 4 324 1 2 78 441 7 2 14 469 60 2157 190 3650 77 
0
SET-4
0
1
0
1
NDBR40-M-1
27
21 22 23 24 480 503 515 516 517 518 519 520 521 522 523 524 525 526 527 528 2340 2341 2342 2343 2344 2345 2346 
0
1
NDBR40-M-1
2
SET-1
0
1
66
-2147483647
256 1 16 57 0 1 0 -1 -1 39174 17 -1879048173 -1879048171 -1879048169 -1879048167 -1342177253 -1879048161 -1879048159 -1879048157 -1879048155 -1879048153 -1879048151 -1610612693 -1879048146 -1610612688 -1879048141 -1879048139 -1879048137 1 33972 35743 100 35889 13 35906 2 35909 6 2 8 35925 3 35930 2 35933 6 35940 2 35943 1 35946 3 35950 2 2 35956 3 35963 2 2 35977 1 35979 10 36991 5040 
0
0
SET-106
0
1
54
-2147483647
208 1 16 45 0 1 0 -1 -1 3552 13 -1879048177 -1879048175 -1879048173 -1879048171 -1342177257 -1879048165 -1879048163 -1342177249 -1879048157 -1879048155 -1879048153 -1879048151 -1879048149 29 6 37 2 563 29 594 8 604 29 2 31 675 4 687 33 2576 116 2 306 30035 100 30289 25 30336 33 30393 4 33973 3018 
0
0
0
0
0
