1
0
1
ASSEMBLY
1
NDBR40-M-1
NDBR40-M
1
NDBR40-M-1
14
-2147483646
0
48 1 16 5 0 1 0 -1 -1 64584 1 -1879048189 1 64584 
14
48 1 16 5 0 1 0 -1 -1 64584 1 -1879048189 1 64584 
0
1
NDBR40-M-1
14
-2147483646
0
48 1 16 5 0 1 0 -1 -1 55480 1 -1879048189 1 55480 
14
48 1 16 5 0 1 0 -1 -1 55480 1 -1879048189 1 55480 
0
6
SET-1
0
1
0
1
NDBR40-M-1
14
-2147483647
48 1 16 5 0 1 0 -1 -1 384 1 -1879048189 1249 384 
0
SET-2
0
1
0
1
NDBR40-M-1
235
-2147483647
932 1 16 226 0 1 0 -1 -1 6545 58 -1610612676 -1342177217 -1610612669 -1879048122 -1610612664 -1610612661 -1610612658 -1610612655 -1610612652 -1610612649 -1610612646 -1610612643 -1610612640 -1610612637 -1610612634 -1610612631 -1610612628 -1610612625 -1610612622 -1610612619 -1879048072 -1342177158 -1610612610 -1610612607 -1610612604 -1610612601 -1610612598 -1610612595 -1610612592 -1610612589 -1610612586 -1610612583 -1610612580 -1610612577 -1610612574 -1610612571 -1610612568 -1610612565 -1879048018 -1879048016 -1610612558 -1610612555 -1610612552 -1879048005 -1610612547 -1610612544 -1342177085 -1879047993 -1879047991 -1610612533 -1879047986 -1342177072 -1879047980 -1879047978 -1342177064 -1879047972 -1879047970 -1879047968 1 312 4 1273 8 12 32 1636 311 4 2880 2 2885 96 4 3272 2 5 3285 2 3 3295 2 5 3308 2 3 3318 2 5 3331 2 3 3341 2 5 3354 2 3 3364 2 5 3377 2 3 3387 2 5 3400 2 3 3410 2 5 3423 2 3 3433 2 5 3446 1 3449 1568 2 12544 28538 2 6 28553 2 5 28564 2 6 28579 2 5 28590 2 6 28605 2 5 28616 2 6 28631 2 5 28642 2 6 28657 2 5 28668 2 6 28683 2 5 28694 2 6 28709 2 5 28720 2 6 28735 2 5 28745 1167 45844 1216 47814 2 8 47852 2 3 47861 2 11 47884 1 47895 2 2 47907 2 7 47921 1 2 6 47932 2 47935 1 47940 2 2 47947 3 47954 1 2 9 47969 3 47973 2 47976 1 2 8 47989 2 48000 1 51169 113 
0
SET-3
0
1
0
1
NDBR40-M-1
14
-2147483647
48 1 16 5 0 1 0 -1 -1 384 1 -1879048189 2881 384 
0
SET-4
0
1
0
1
NDBR40-M-1
32
2925 2926 2927 2928 2973 2974 2975 2976 3021 3022 3023 3024 3069 3070 3071 3072 3117 3118 3119 3120 3165 3166 3167 3168 3213 3214 3215 3216 3261 3262 3263 3264 
0
SET-5
0
1
0
1
NDBR40-M-1
14
-2147483647
48 1 16 5 0 1 0 -1 -1 384 1 -1879048189 2881 384 
0
SET-6
0
1
0
1
NDBR40-M-1
32
2925 2926 2927 2928 2973 2974 2975 2976 3021 3022 3023 3024 3069 3070 3071 3072 3117 3118 3119 3120 3165 3166 3167 3168 3213 3214 3215 3216 3261 3262 3263 3264 
0
1
NDBR40-M-1
2
SET-1
0
1
17
-2147483647
60 1 16 8 0 1 0 -1 -1 48712 2 -1879048188 -1879048186 1 47808 51169 904 
0
0
SET-106
0
1
17
-2147483647
60 1 16 8 0 1 0 -1 -1 6768 2 -1879048188 -1879048186 47809 3360 52073 3408 
0
0
0
6
SET-1
0
1
0
1
NDBR40-M-1
40
-2147483647
152 1 16 31 0 1 0 -1 -1 585 9 -1879048181 -1879048179 -1879048177 -1342177263 -1879048171 -1879048169 -1879048167 -1879048165 -1879048163 1 2 5 1 8 5 45 3 2 82 216 7 230 71 1977 21 2019 241 12172 231 
0
SET-2
0
1
0
1
NDBR40-M-1
165
-2147483647
652 1 16 156 0 1 0 -1 -1 6803 46 -1610612688 -1342177229 -1342177225 -1879048133 -1879048131 -1879048129 -1879048127 -1879048125 -1879048123 -1879048121 -1879048119 -1342177205 -1342177201 -1879048109 -1879048107 -1879048105 -1879048103 -1879048101 -1879048099 -1879048097 -1879048095 -1879048093 -1879048091 -1879048089 -1879048087 -1879048085 -1879048083 -1879048081 -1342177167 -1879048075 -1879048073 -1879048071 -1342177157 -1610612609 -1879048062 -1879048060 -1879048058 -1879048056 -1879048054 -1879048052 -1879048050 -1342177136 -1879048044 -1879048042 -1879048040 -1879048038 1 2 3 7 2 2 4 14 2 2 3 22 1 24 3 30 2 35 4 41 2 89 38 171 52 247 7 257 11 2 22 304 38 2 82 479 14 507 11 532 18 557 55 689 3 699 10 786 164 1073 54 1181 7 1210 6 1445 266 2183 77 2754 266 3128 77 3774 21 4180 1485 2 3733 11353 21 34565 18 34668 22 34694 2 3 6 34712 4 5 34785 638 35544 1103 39516 478 40032 23 40060 2 56334 24 56607 37 56767 2 2 3 56943 13 57716 5 57798 79 57955 90 
0
SET-3
0
1
0
1
NDBR40-M-1
38
-2147483647
144 1 16 29 0 1 0 -1 -1 585 7 -1342177271 -1879048179 -1342177265 -1342177261 -1879048169 -1879048167 -1879048165 15 2 2 3 21 4 342 3 2 82 465 7 2 14 493 64 3041 262 13201 231 
0
SET-4
0
1
0
1
NDBR40-M-1
45
21 22 23 24 504 505 506 529 530 531 543 544 545 546 547 548 549 550 551 552 553 554 555 556 3282 3283 3284 3285 3286 3287 3288 3289 3290 3291 3292 3293 3294 3295 3296 3297 3298 3299 3300 3301 3302 
0
SET-5
0
1
0
1
NDBR40-M-1
38
-2147483647
144 1 16 29 0 1 0 -1 -1 585 7 -1342177271 -1879048179 -1342177265 -1342177261 -1879048169 -1879048167 -1879048165 15 2 2 3 21 4 342 3 2 82 465 7 2 14 493 64 3041 262 13201 231 
0
SET-6
0
1
0
1
NDBR40-M-1
45
21 22 23 24 504 505 506 529 530 531 543 544 545 546 547 548 549 550 551 552 553 554 555 556 3282 3283 3284 3285 3286 3287 3288 3289 3290 3291 3292 3293 3294 3295 3296 3297 3298 3299 3300 3301 3302 
0
1
NDBR40-M-1
2
SET-1
0
1
56
-2147483647
216 1 16 47 0 1 0 -1 -1 57366 15 -1879048175 -1879048173 -1879048171 -1879048169 -1879048167 -1879048165 -1879048163 -1879048161 -1879048159 -1879048157 -1879048155 -1879048153 -1879048151 -1879048149 -1879048147 1 55280 55361 144 56334 24 56379 225 56607 88 56758 2 56764 1 56767 5 56839 2 56892 64 56964 79 57716 42 57798 79 57955 701 61288 630 
0
0
SET-106
0
1
83
-2147483647
324 1 16 74 0 1 0 -1 -1 8451 21 -1879048169 -1342177255 -1610612707 -1879048160 -1342177246 -1879048154 -1342177240 -1879048148 -1879048146 -1342177232 -1879048140 -1879048138 -1879048136 -1879048134 -1879048132 -1879048130 -1879048128 -1879048126 -1879048124 -1879048122 -1879048120 34622 68 34694 2 3 6 34712 4 5 34739 46 37883 224 2 364 39962 32 40053 4 2 5 55180 181 55375 981 56358 21 2 78 56468 172 56644 47 56695 197 56894 32 56929 14 56946 83 57043 673 57758 40 57877 78 58656 2632 61918 2667 
0
0
0
0
0
