Abaqus/Explicit 2023.HF4                         DATE 02-Nov-2024  TIME 15:38:08
-------------------------------------------------------------------------------
 PREPROCESSOR WARNING MESSAGES
-------------------------------------------------------------------------------


***WARNING: There are 1 warning messages in the data (.dat) file.  Please
            check the data file for possible errors in the input file.


-------------------------------------------------------------------------------
 MODEL INFORMATION (IN GLOBAL X-Y COORDINATES)
-------------------------------------------------------------------------------

   Total mass in model = 0.78500
   Center of mass of model = ( 5.000000E-03, 5.000000E-03)

   Moments of Inertia :
                 About Center of Mass              About Origin
      I(XX)          7.359376E-06                  2.698437E-05
      I(YY)          7.359376E-06                  2.698437E-05
      I(XY)         -1.017501E-12                 -1.962500E-05
      I(ZZ)          1.471875E-05                  5.396875E-05

-------------------------------------------------------------------------------
 STABLE TIME INCREMENT INFORMATION
-------------------------------------------------------------------------------


  The stable time increment estimate for each element is based on
  linearization about the initial state.


   Initial time increment = 2.77435E-07

   Statistics for all elements:
      Mean = 2.77435E-07
      Standard deviation = 0.0000

   Most critical elements:
    Element number   Rank    Time increment   Increment ratio
    (Instance name)
   ----------------------------------------------------------
           1          1       2.774347E-07      1.000000E+00
    PLATE-1
           2          2       2.774347E-07      1.000000E+00
    PLATE-1
           3          3       2.774347E-07      1.000000E+00
    PLATE-1
           4          4       2.774347E-07      1.000000E+00
    PLATE-1
           5          5       2.774347E-07      1.000000E+00
    PLATE-1
           6          6       2.774347E-07      1.000000E+00
    PLATE-1
           7          7       2.774347E-07      1.000000E+00
    PLATE-1
           8          8       2.774347E-07      1.000000E+00
    PLATE-1
           9          9       2.774347E-07      1.000000E+00
    PLATE-1
          10         10       2.774347E-07      1.000000E+00
    PLATE-1


  Instance name for the most critical element will be printed if the critical
  element changes or at the beginning of a new page.



Abaqus/Explicit 2023.HF4                         DATE 02-Nov-2024  TIME 15:38:13

The single precision Abaqus/Explicit executable will be used in this analysis.


-------------------------------------------------------------------------------
 SOLUTION PROGRESS
-------------------------------------------------------------------------------

 STEP 1  ORIGIN 0.0000

  Total memory used for step 1 is approximately 421.9 kilobytes.
  Global time estimation algorithm will be used.
  Scaling factor:  1.0000
              STEP     TOTAL      WALL      STABLE    CRITICAL    KINETIC      TOTAL
INCREMENT     TIME      TIME      TIME   INCREMENT     ELEMENT     ENERGY     ENERGY
        0  0.000E+00 0.000E+00  00:00:00 2.774E-07          10  1.963E-07  1.963E-07
INSTANCE WITH CRITICAL ELEMENT: PLATE-1
Output Field Frame Number     0, of    100, at step time 0.000E+00

***WARNING: THE ANALYSIS MAY NEED A LARGE NUMBER OF INCREMENTS (MORE THAN
            300000), AND IT MAY BE AFFECTED BY ROUND-OFF ERRORS. RUNNING THE
            DOUBLE PRECISION EXECUTABLE IS RECOMMENDED.

    28065  1.000E-02 1.000E-02  00:00:00 3.562E-07          10  6.378E-07 -8.632E-06
INSTANCE WITH CRITICAL ELEMENT: PLATE-1
Output Field Frame Number     1, of    100, at step time 1.000E-02
    56174  2.000E-02 2.000E-02  00:00:01 3.557E-07          10  6.526E-07 -6.787E-06
INSTANCE WITH CRITICAL ELEMENT: PLATE-1
Output Field Frame Number     2, of    100, at step time 2.000E-02
    84282  3.000E-02 3.000E-02  00:00:01 3.552E-07          10  9.848E-07 -1.443E-04
INSTANCE WITH CRITICAL ELEMENT: PLATE-1
Output Field Frame Number     3, of    100, at step time 3.000E-02
   112520  4.000E-02 4.000E-02  00:00:01 3.546E-07           9  9.843E-07 -6.550E-04
INSTANCE WITH CRITICAL ELEMENT: PLATE-1
Output Field Frame Number     4, of    100, at step time 4.000E-02
   140776  5.000E-02 5.000E-02  00:00:02 3.540E-07          16  1.005E-06 -1.520E-03
INSTANCE WITH CRITICAL ELEMENT: PLATE-1
Output Field Frame Number     5, of    100, at step time 5.000E-02
   169033  6.000E-02 6.000E-02  00:00:02 3.534E-07          13  1.020E-06 -1.447E-03
INSTANCE WITH CRITICAL ELEMENT: PLATE-1
Output Field Frame Number     6, of    100, at step time 6.000E-02
   197515  7.000E-02 7.000E-02  00:00:02 3.528E-07          10  1.023E-06  3.799E-04
INSTANCE WITH CRITICAL ELEMENT: PLATE-1
Output Field Frame Number     7, of    100, at step time 7.000E-02
   226072  8.000E-02 8.000E-02  00:00:03 3.522E-07          10  1.034E-06  2.672E-04
INSTANCE WITH CRITICAL ELEMENT: PLATE-1
Output Field Frame Number     8, of    100, at step time 8.000E-02
   254629  9.000E-02 9.000E-02  00:00:03 3.515E-07          16  1.028E-06  4.532E-04
INSTANCE WITH CRITICAL ELEMENT: PLATE-1
Output Field Frame Number     9, of    100, at step time 9.000E-02
   283185  1.000E-01 1.000E-01  00:00:03 3.509E-07          16  1.025E-06  2.864E-03
INSTANCE WITH CRITICAL ELEMENT: PLATE-1
Output Field Frame Number    10, of    100, at step time 1.000E-01

***WARNING: THE ANALYSIS REACHED A LARGE NUMBER OF INCREMENTS (300000), AND IT
            MAY BE AFFECTED BY ROUND-OFF ERRORS. RUNNING THE DOUBLE PRECISION
            EXECUTABLE IS RECOMMENDED.

   311742  1.100E-01 1.100E-01  00:00:04 3.503E-07          16  1.024E-06  1.647E-03
INSTANCE WITH CRITICAL ELEMENT: PLATE-1
Output Field Frame Number    11, of    100, at step time 1.100E-01
   340299  1.200E-01 1.200E-01  00:00:04 3.497E-07           2  1.029E-06 -3.983E-04
INSTANCE WITH CRITICAL ELEMENT: PLATE-1
Output Field Frame Number    12, of    100, at step time 1.200E-01
   369167  1.300E-01 1.300E-01  00:00:04 3.491E-07          10  1.030E-06 -1.891E-03
INSTANCE WITH CRITICAL ELEMENT: PLATE-1
Output Field Frame Number    13, of    100, at step time 1.300E-01
   398345  1.400E-01 1.400E-01  00:00:05 3.484E-07          16  1.025E-06 -6.694E-04
INSTANCE WITH CRITICAL ELEMENT: PLATE-1
Output Field Frame Number    14, of    100, at step time 1.400E-01
   427522  1.500E-01 1.500E-01  00:00:05 3.478E-07          16  1.017E-06  5.024E-04
INSTANCE WITH CRITICAL ELEMENT: PLATE-1
Output Field Frame Number    15, of    100, at step time 1.500E-01
   456700  1.600E-01 1.600E-01  00:00:05 3.472E-07          16  1.020E-06  5.287E-04
INSTANCE WITH CRITICAL ELEMENT: PLATE-1
Output Field Frame Number    16, of    100, at step time 1.600E-01
   485878  1.700E-01 1.700E-01  00:00:06 3.465E-07          16  1.010E-06  7.585E-03
INSTANCE WITH CRITICAL ELEMENT: PLATE-1
Output Field Frame Number    17, of    100, at step time 1.700E-01
   515056  1.800E-01 1.800E-01  00:00:06 3.459E-07          16  1.004E-06  1.183E-02
INSTANCE WITH CRITICAL ELEMENT: PLATE-1
Output Field Frame Number    18, of    100, at step time 1.800E-01
   544233  1.900E-01 1.900E-01  00:00:06 3.453E-07          16  1.003E-06  1.268E-02
INSTANCE WITH CRITICAL ELEMENT: PLATE-1
Output Field Frame Number    19, of    100, at step time 1.900E-01
   573411  2.000E-01 2.000E-01  00:00:07 3.447E-07          16  1.002E-06  1.869E-02
INSTANCE WITH CRITICAL ELEMENT: PLATE-1
Output Field Frame Number    20, of    100, at step time 2.000E-01
   602589  2.100E-01 2.100E-01  00:00:07 3.441E-07          16  9.961E-07  1.634E-02
INSTANCE WITH CRITICAL ELEMENT: PLATE-1
Output Field Frame Number    21, of    100, at step time 2.100E-01
   631767  2.200E-01 2.200E-01  00:00:07 3.435E-07          16  9.969E-07  2.121E-02
INSTANCE WITH CRITICAL ELEMENT: PLATE-1
Output Field Frame Number    22, of    100, at step time 2.200E-01
   660944  2.300E-01 2.300E-01  00:00:08 3.428E-07          16  9.964E-07  1.335E-02
INSTANCE WITH CRITICAL ELEMENT: PLATE-1
Output Field Frame Number    23, of    100, at step time 2.300E-01
   690122  2.400E-01 2.400E-01  00:00:08 3.422E-07          12  9.918E-07  6.659E-03
INSTANCE WITH CRITICAL ELEMENT: PLATE-1
Output Field Frame Number    24, of    100, at step time 2.400E-01
   719300  2.500E-01 2.500E-01  00:00:08 3.416E-07          12  9.878E-07  2.723E-03
INSTANCE WITH CRITICAL ELEMENT: PLATE-1
Output Field Frame Number    25, of    100, at step time 2.500E-01
   749804  2.600E-01 2.600E-01  00:00:09 3.410E-07          12  9.828E-07 -1.250E-02
INSTANCE WITH CRITICAL ELEMENT: PLATE-1
Output Field Frame Number    26, of    100, at step time 2.600E-01
   780308  2.700E-01 2.700E-01  00:00:09 3.404E-07           4  9.827E-07 -2.440E-02
INSTANCE WITH CRITICAL ELEMENT: PLATE-1
Output Field Frame Number    27, of    100, at step time 2.700E-01
   810812  2.800E-01 2.800E-01  00:00:09 3.397E-07          12  9.778E-07 -2.955E-02
INSTANCE WITH CRITICAL ELEMENT: PLATE-1
Output Field Frame Number    28, of    100, at step time 2.800E-01
   841316  2.900E-01 2.900E-01  00:00:10 3.391E-07          12  9.731E-07 -1.246E-02
INSTANCE WITH CRITICAL ELEMENT: PLATE-1
Output Field Frame Number    29, of    100, at step time 2.900E-01
   871820  3.000E-01 3.000E-01  00:00:10 3.385E-07          12  9.671E-07  9.894E-02
INSTANCE WITH CRITICAL ELEMENT: PLATE-1
Output Field Frame Number    30, of    100, at step time 3.000E-01
   902324  3.100E-01 3.100E-01  00:00:10 3.379E-07          12  9.646E-07  2.539E-01
INSTANCE WITH CRITICAL ELEMENT: PLATE-1
Output Field Frame Number    31, of    100, at step time 3.100E-01
   932828  3.200E-01 3.200E-01  00:00:11 3.373E-07          12  9.651E-07  4.735E-01
INSTANCE WITH CRITICAL ELEMENT: PLATE-1
Output Field Frame Number    32, of    100, at step time 3.200E-01
   963332  3.300E-01 3.300E-01  00:00:11 3.366E-07          12  9.517E-07  7.781E-01
INSTANCE WITH CRITICAL ELEMENT: PLATE-1
Output Field Frame Number    33, of    100, at step time 3.300E-01
   993836  3.400E-01 3.400E-01  00:00:11 3.360E-07          12  9.528E-07  1.063E+00
INSTANCE WITH CRITICAL ELEMENT: PLATE-1
Output Field Frame Number    34, of    100, at step time 3.400E-01
  1024340  3.500E-01 3.500E-01  00:00:12 3.354E-07          12  9.428E-07  1.233E+00
INSTANCE WITH CRITICAL ELEMENT: PLATE-1
Output Field Frame Number    35, of    100, at step time 3.500E-01
  1054844  3.600E-01 3.600E-01  00:00:12 3.348E-07          10  9.463E-07  1.450E+00
INSTANCE WITH CRITICAL ELEMENT: PLATE-1
Output Field Frame Number    36, of    100, at step time 3.600E-01
  1085348  3.700E-01 3.700E-01  00:00:12 3.342E-07          10  9.540E-07  1.586E+00
INSTANCE WITH CRITICAL ELEMENT: PLATE-1
Output Field Frame Number    37, of    100, at step time 3.700E-01
  1115852  3.800E-01 3.800E-01  00:00:13 3.336E-07          12  9.413E-07  1.732E+00
INSTANCE WITH CRITICAL ELEMENT: PLATE-1
Output Field Frame Number    38, of    100, at step time 3.800E-01
  1146356  3.900E-01 3.900E-01  00:00:13 3.330E-07          12  9.431E-07  1.846E+00
INSTANCE WITH CRITICAL ELEMENT: PLATE-1
Output Field Frame Number    39, of    100, at step time 3.900E-01

 STEP 1  ORIGIN 0.0000

              STEP     TOTAL      WALL      STABLE    CRITICAL    KINETIC      TOTAL
INCREMENT     TIME      TIME      TIME   INCREMENT     ELEMENT     ENERGY     ENERGY
  1176860  4.000E-01 4.000E-01  00:00:14 3.324E-07          12  9.444E-07  1.930E+00
INSTANCE WITH CRITICAL ELEMENT: PLATE-1
Output Field Frame Number    40, of    100, at step time 4.000E-01
  1207364  4.100E-01 4.100E-01  00:00:14 3.318E-07          12  9.378E-07  1.950E+00
INSTANCE WITH CRITICAL ELEMENT: PLATE-1
Output Field Frame Number    41, of    100, at step time 4.100E-01
  1237868  4.200E-01 4.200E-01  00:00:14 3.312E-07          12  9.368E-07  1.933E+00
INSTANCE WITH CRITICAL ELEMENT: PLATE-1
Output Field Frame Number    42, of    100, at step time 4.200E-01
  1268372  4.300E-01 4.300E-01  00:00:15 3.306E-07          12  9.327E-07  1.892E+00
INSTANCE WITH CRITICAL ELEMENT: PLATE-1
Output Field Frame Number    43, of    100, at step time 4.300E-01
  1298876  4.400E-01 4.400E-01  00:00:15 3.300E-07          12  9.175E-07  1.867E+00
INSTANCE WITH CRITICAL ELEMENT: PLATE-1
Output Field Frame Number    44, of    100, at step time 4.400E-01
  1329380  4.500E-01 4.500E-01  00:00:15 3.294E-07           3  9.324E-07  1.834E+00
INSTANCE WITH CRITICAL ELEMENT: PLATE-1
Output Field Frame Number    45, of    100, at step time 4.500E-01
  1359885  4.600E-01 4.600E-01  00:00:16 3.288E-07           3  9.205E-07  1.839E+00
INSTANCE WITH CRITICAL ELEMENT: PLATE-1
Output Field Frame Number    46, of    100, at step time 4.600E-01
  1390389  4.700E-01 4.700E-01  00:00:16 3.283E-07          12  9.195E-07  1.831E+00
INSTANCE WITH CRITICAL ELEMENT: PLATE-1
Output Field Frame Number    47, of    100, at step time 4.700E-01
  1420893  4.800E-01 4.800E-01  00:00:16 3.277E-07          12  9.135E-07  1.777E+00
INSTANCE WITH CRITICAL ELEMENT: PLATE-1
Output Field Frame Number    48, of    100, at step time 4.800E-01
  1451397  4.900E-01 4.900E-01  00:00:17 3.271E-07          12  9.051E-07  1.751E+00
INSTANCE WITH CRITICAL ELEMENT: PLATE-1
Output Field Frame Number    49, of    100, at step time 4.900E-01
  1481901  5.000E-01 5.000E-01  00:00:17 3.265E-07          12  9.067E-07  1.732E+00
INSTANCE WITH CRITICAL ELEMENT: PLATE-1
Output Field Frame Number    50, of    100, at step time 5.000E-01
  1515455  5.100E-01 5.100E-01  00:00:17 3.259E-07           8  9.076E-07  1.696E+00
INSTANCE WITH CRITICAL ELEMENT: PLATE-1
Output Field Frame Number    51, of    100, at step time 5.100E-01
  1549009  5.200E-01 5.200E-01  00:00:18 3.253E-07           8  9.170E-07  1.592E+00
INSTANCE WITH CRITICAL ELEMENT: PLATE-1
Output Field Frame Number    52, of    100, at step time 5.200E-01
  1582564  5.300E-01 5.300E-01  00:00:18 3.247E-07           8  9.040E-07  1.491E+00
INSTANCE WITH CRITICAL ELEMENT: PLATE-1
Output Field Frame Number    53, of    100, at step time 5.300E-01
  1616118  5.400E-01 5.400E-01  00:00:19 3.241E-07           8  9.009E-07  1.062E+00
INSTANCE WITH CRITICAL ELEMENT: PLATE-1
Output Field Frame Number    54, of    100, at step time 5.400E-01
  1649673  5.500E-01 5.500E-01  00:00:19 3.235E-07           8  8.993E-07  6.052E-01
INSTANCE WITH CRITICAL ELEMENT: PLATE-1
Output Field Frame Number    55, of    100, at step time 5.500E-01
  1683227  5.600E-01 5.600E-01  00:00:19 3.229E-07           8  8.871E-07  2.294E+00
INSTANCE WITH CRITICAL ELEMENT: PLATE-1
Output Field Frame Number    56, of    100, at step time 5.600E-01
  1716782  5.700E-01 5.700E-01  00:00:20 3.222E-07           8  8.929E-07  5.067E+00
INSTANCE WITH CRITICAL ELEMENT: PLATE-1
Output Field Frame Number    57, of    100, at step time 5.700E-01
  1750336  5.800E-01 5.800E-01  00:00:20 3.216E-07           8  8.871E-07  7.785E+00
INSTANCE WITH CRITICAL ELEMENT: PLATE-1
Output Field Frame Number    58, of    100, at step time 5.800E-01
  1783890  5.900E-01 5.900E-01  00:00:20 3.210E-07           8  8.841E-07  1.049E+01
INSTANCE WITH CRITICAL ELEMENT: PLATE-1
Output Field Frame Number    59, of    100, at step time 5.900E-01
  1817445  6.000E-01 6.000E-01  00:00:21 3.204E-07           8  8.847E-07  1.275E+01
INSTANCE WITH CRITICAL ELEMENT: PLATE-1
Output Field Frame Number    60, of    100, at step time 6.000E-01
  1850999  6.100E-01 6.100E-01  00:00:21 3.198E-07           8  8.786E-07  1.597E+01
INSTANCE WITH CRITICAL ELEMENT: PLATE-1
Output Field Frame Number    61, of    100, at step time 6.100E-01
  1884554  6.200E-01 6.200E-01  00:00:22 3.193E-07           8  8.723E-07  2.065E+01
INSTANCE WITH CRITICAL ELEMENT: PLATE-1
Output Field Frame Number    62, of    100, at step time 6.200E-01
  1918108  6.300E-01 6.300E-01  00:00:22 3.187E-07           8  8.743E-07  2.538E+01
INSTANCE WITH CRITICAL ELEMENT: PLATE-1
Output Field Frame Number    63, of    100, at step time 6.300E-01
  1951663  6.400E-01 6.400E-01  00:00:22 3.181E-07           8  8.649E-07  3.022E+01
INSTANCE WITH CRITICAL ELEMENT: PLATE-1
Output Field Frame Number    64, of    100, at step time 6.400E-01
  1985217  6.500E-01 6.500E-01  00:00:23 3.175E-07           8  8.753E-07  3.436E+01
INSTANCE WITH CRITICAL ELEMENT: PLATE-1
Output Field Frame Number    65, of    100, at step time 6.500E-01
  2018772  6.600E-01 6.600E-01  00:00:23 3.169E-07           8  8.700E-07  3.848E+01
INSTANCE WITH CRITICAL ELEMENT: PLATE-1
Output Field Frame Number    66, of    100, at step time 6.600E-01
  2052326  6.700E-01 6.700E-01  00:00:24 3.163E-07           8  8.607E-07  4.211E+01
INSTANCE WITH CRITICAL ELEMENT: PLATE-1
Output Field Frame Number    67, of    100, at step time 6.700E-01
  2085880  6.800E-01 6.800E-01  00:00:24 3.158E-07           6  8.557E-07  4.490E+01
INSTANCE WITH CRITICAL ELEMENT: PLATE-1
Output Field Frame Number    68, of    100, at step time 6.800E-01
  2119435  6.900E-01 6.900E-01  00:00:24 3.152E-07           6  8.564E-07  4.829E+01
INSTANCE WITH CRITICAL ELEMENT: PLATE-1
Output Field Frame Number    69, of    100, at step time 6.900E-01
  2152989  7.000E-01 7.000E-01  00:00:25 3.146E-07           6  8.595E-07  5.113E+01
INSTANCE WITH CRITICAL ELEMENT: PLATE-1
Output Field Frame Number    70, of    100, at step time 7.000E-01
  2186544  7.100E-01 7.100E-01  00:00:25 3.141E-07          10  8.533E-07  5.387E+01
INSTANCE WITH CRITICAL ELEMENT: PLATE-1
Output Field Frame Number    71, of    100, at step time 7.100E-01
  2220098  7.200E-01 7.200E-01  00:00:25 3.135E-07          10  8.536E-07  5.803E+01
INSTANCE WITH CRITICAL ELEMENT: PLATE-1
Output Field Frame Number    72, of    100, at step time 7.200E-01
  2253653  7.300E-01 7.300E-01  00:00:26 3.129E-07          10  8.490E-07  6.110E+01
INSTANCE WITH CRITICAL ELEMENT: PLATE-1
Output Field Frame Number    73, of    100, at step time 7.300E-01
  2287207  7.400E-01 7.400E-01  00:00:26 3.124E-07          10  8.467E-07  6.365E+01
INSTANCE WITH CRITICAL ELEMENT: PLATE-1
Output Field Frame Number    74, of    100, at step time 7.400E-01
  2320761  7.500E-01 7.500E-01  00:00:27 3.118E-07          10  8.430E-07  6.554E+01
INSTANCE WITH CRITICAL ELEMENT: PLATE-1
Output Field Frame Number    75, of    100, at step time 7.500E-01
  2354316  7.600E-01 7.600E-01  00:00:27 3.113E-07          14  8.469E-07  6.657E+01
INSTANCE WITH CRITICAL ELEMENT: PLATE-1
Output Field Frame Number    76, of    100, at step time 7.600E-01
  2387870  7.700E-01 7.700E-01  00:00:27 3.107E-07          14  8.415E-07  6.710E+01
INSTANCE WITH CRITICAL ELEMENT: PLATE-1
Output Field Frame Number    77, of    100, at step time 7.700E-01
  2421425  7.800E-01 7.800E-01  00:00:28 3.101E-07          14  8.378E-07  6.745E+01
INSTANCE WITH CRITICAL ELEMENT: PLATE-1
Output Field Frame Number    78, of    100, at step time 7.800E-01
  2454979  7.900E-01 7.900E-01  00:00:28 3.096E-07          14  8.354E-07  6.742E+01
INSTANCE WITH CRITICAL ELEMENT: PLATE-1
Output Field Frame Number    79, of    100, at step time 7.900E-01

 STEP 1  ORIGIN 0.0000

              STEP     TOTAL      WALL      STABLE    CRITICAL    KINETIC      TOTAL
INCREMENT     TIME      TIME      TIME   INCREMENT     ELEMENT     ENERGY     ENERGY
  2488534  8.000E-01 8.000E-01  00:00:29 3.090E-07          14  8.315E-07  6.726E+01
INSTANCE WITH CRITICAL ELEMENT: PLATE-1
Output Field Frame Number    80, of    100, at step time 8.000E-01
  2522088  8.100E-01 8.100E-01  00:00:29 3.085E-07          14  8.271E-07  6.681E+01
INSTANCE WITH CRITICAL ELEMENT: PLATE-1
Output Field Frame Number    81, of    100, at step time 8.100E-01
  2555642  8.200E-01 8.200E-01  00:00:29 3.079E-07          14  8.301E-07  6.635E+01
INSTANCE WITH CRITICAL ELEMENT: PLATE-1
Output Field Frame Number    82, of    100, at step time 8.200E-01
  2589197  8.300E-01 8.300E-01  00:00:30 3.074E-07          14  8.223E-07  6.597E+01
INSTANCE WITH CRITICAL ELEMENT: PLATE-1
Output Field Frame Number    83, of    100, at step time 8.300E-01
  2622751  8.400E-01 8.400E-01  00:00:30 3.069E-07          14  8.204E-07  6.526E+01
INSTANCE WITH CRITICAL ELEMENT: PLATE-1
Output Field Frame Number    84, of    100, at step time 8.400E-01
  2656306  8.500E-01 8.500E-01  00:00:30 3.063E-07          14  8.248E-07  6.441E+01
INSTANCE WITH CRITICAL ELEMENT: PLATE-1
Output Field Frame Number    85, of    100, at step time 8.500E-01
  2689860  8.600E-01 8.600E-01  00:00:31 3.058E-07          14  8.195E-07  6.308E+01
INSTANCE WITH CRITICAL ELEMENT: PLATE-1
Output Field Frame Number    86, of    100, at step time 8.600E-01
  2723415  8.700E-01 8.700E-01  00:00:31 3.053E-07          14  8.214E-07  6.208E+01
INSTANCE WITH CRITICAL ELEMENT: PLATE-1
Output Field Frame Number    87, of    100, at step time 8.700E-01
  2756969  8.800E-01 8.800E-01  00:00:32 3.048E-07          14  8.245E-07  6.115E+01
INSTANCE WITH CRITICAL ELEMENT: PLATE-1
Output Field Frame Number    88, of    100, at step time 8.800E-01
  2790523  8.900E-01 8.900E-01  00:00:32 3.043E-07          14  8.209E-07  5.964E+01
INSTANCE WITH CRITICAL ELEMENT: PLATE-1
Output Field Frame Number    89, of    100, at step time 8.900E-01
  2824078  9.000E-01 9.000E-01  00:00:32 3.038E-07          14  8.106E-07  5.843E+01
INSTANCE WITH CRITICAL ELEMENT: PLATE-1
Output Field Frame Number    90, of    100, at step time 9.000E-01
  2857632  9.100E-01 9.100E-01  00:00:33 3.033E-07          14  8.175E-07  5.642E+01
INSTANCE WITH CRITICAL ELEMENT: PLATE-1
Output Field Frame Number    91, of    100, at step time 9.100E-01
  2891187  9.200E-01 9.200E-01  00:00:33 3.028E-07          14  8.105E-07  5.397E+01
INSTANCE WITH CRITICAL ELEMENT: PLATE-1
Output Field Frame Number    92, of    100, at step time 9.200E-01
  2924741  9.300E-01 9.300E-01  00:00:33 3.023E-07          14  8.097E-07  5.143E+01
INSTANCE WITH CRITICAL ELEMENT: PLATE-1
Output Field Frame Number    93, of    100, at step time 9.300E-01
  2958296  9.400E-01 9.400E-01  00:00:34 3.018E-07          14  8.066E-07  4.773E+01
INSTANCE WITH CRITICAL ELEMENT: PLATE-1
Output Field Frame Number    94, of    100, at step time 9.400E-01
  2991850  9.500E-01 9.500E-01  00:00:34 3.013E-07          14  8.044E-07  4.414E+01
INSTANCE WITH CRITICAL ELEMENT: PLATE-1
Output Field Frame Number    95, of    100, at step time 9.500E-01
  3025404  9.600E-01 9.600E-01  00:00:35 3.008E-07          14  8.097E-07  4.058E+01
INSTANCE WITH CRITICAL ELEMENT: PLATE-1
Output Field Frame Number    96, of    100, at step time 9.600E-01
  3058959  9.700E-01 9.700E-01  00:00:35 3.003E-07          14  8.056E-07  3.760E+01
INSTANCE WITH CRITICAL ELEMENT: PLATE-1
Output Field Frame Number    97, of    100, at step time 9.700E-01
  3092513  9.800E-01 9.800E-01  00:00:35 2.998E-07          14  8.071E-07  3.476E+01
INSTANCE WITH CRITICAL ELEMENT: PLATE-1
Output Field Frame Number    98, of    100, at step time 9.800E-01
  3126068  9.900E-01 9.900E-01  00:00:36 2.993E-07          14  7.951E-07  3.245E+01
INSTANCE WITH CRITICAL ELEMENT: PLATE-1
Output Field Frame Number    99, of    100, at step time 9.900E-01
  3159622  1.000E+00 1.000E+00  00:00:36 2.989E-07           2  7.983E-07  2.995E+01
INSTANCE WITH CRITICAL ELEMENT: PLATE-1
Restart Number  1 at 1.0000
Output Field Frame Number   100, of    100, at step time 1.000E+00
  EXPLICIT EXECUTABLE TIME SUMMARY
       USER TIME (SEC)      =   34.200
       SYSTEM TIME (SEC)    =  0.60000
       WALLCLOCK TIME (SEC) =           36
              INIT (SEC) =          0
              MAIN (SEC) =         36

  THE ANALYSIS HAS COMPLETED SUCCESSFULLY

