1
0
1
ASSEMBLY
1
SH115-M-1
SH115-M
1
SH115-M-1
14
-2147483646
0
48 1 16 5 0 1 0 -1 -1 64566 1 -1879048189 1 64566 
14
48 1 16 5 0 1 0 -1 -1 64566 1 -1879048189 1 64566 
0
1
SH115-M-1
14
-2147483646
0
48 1 16 5 0 1 0 -1 -1 54696 1 -1879048189 1 54696 
14
48 1 16 5 0 1 0 -1 -1 54696 1 -1879048189 1 54696 
0
20
SET-184
0
1
0
1
SH115-M-1
14
-2147483647
48 1 16 5 0 1 0 -1 -1 416 1 -1879048189 1825 416 
0
SET-185
0
1
0
1
SH115-M-1
32
1873 1874 1875 1876 1925 1926 1927 1928 1977 1978 1979 1980 2029 2030 2031 2032 2081 2082 2083 2084 2133 2134 2135 2136 2185 2186 2187 2188 2237 2238 2239 2240 
0
SET-23
0
1
0
1
SH115-M-1
32
1457 1458 1459 1460 1509 1510 1511 1512 1561 1562 1563 1564 1613 1614 1615 1616 1665 1666 1667 1668 1717 1718 1719 1720 1769 1770 1771 1772 1821 1822 1823 1824 
0
SET-24
0
1
0
1
SH115-M-1
72
18854 18942 18958 19227 19589 20452 20455 20671 54259 54261 54264 54279 54286 54288 54291 54306 54313 54315 54318 54333 54340 54342 54345 54360 54367 54369 54372 54387 54394 54396 54399 54414 54421 54423 54426 54441 54448 54450 54453 54468 54481 54486 54488 54499 54509 54514 54516 54527 54537 54542 54544 54555 54565 54570 54572 54583 54593 54598 54600 54611 54621 54626 54628 54639 54649 54654 54656 54667 54677 54682 54684 54695 
0
SET-25
0
1
0
1
SH115-M-1
32
1873 1874 1875 1876 1925 1926 1927 1928 1977 1978 1979 1980 2029 2030 2031 2032 2081 2082 2083 2084 2133 2134 2135 2136 2185 2186 2187 2188 2237 2238 2239 2240 
0
SET-26
0
1
0
1
SH115-M-1
32
1457 1458 1459 1460 1509 1510 1511 1512 1561 1562 1563 1564 1613 1614 1615 1616 1665 1666 1667 1668 1717 1718 1719 1720 1769 1770 1771 1772 1821 1822 1823 1824 
0
SET-27
0
1
0
1
SH115-M-1
64
54259 54261 54264 54279 54286 54288 54291 54306 54313 54315 54318 54333 54340 54342 54345 54360 54367 54369 54372 54387 54394 54396 54399 54414 54421 54423 54426 54441 54448 54450 54453 54468 54481 54486 54488 54499 54509 54514 54516 54527 54537 54542 54544 54555 54565 54570 54572 54583 54593 54598 54600 54611 54621 54626 54628 54639 54649 54654 54656 54667 54677 54682 54684 54695 
0
SET-28
0
1
0
1
SH115-M-1
32
1873 1874 1875 1876 1925 1926 1927 1928 1977 1978 1979 1980 2029 2030 2031 2032 2081 2082 2083 2084 2133 2134 2135 2136 2185 2186 2187 2188 2237 2238 2239 2240 
0
SET-42
0
1
0
1
SH115-M-1
32
1457 1458 1459 1460 1509 1510 1511 1512 1561 1562 1563 1564 1613 1614 1615 1616 1665 1666 1667 1668 1717 1718 1719 1720 1769 1770 1771 1772 1821 1822 1823 1824 
0
SET-43
0
1
0
1
SH115-M-1
146
-2147483647
576 1 16 137 0 1 0 -1 -1 976 2 -1073741820 -1073741704 4 3648 286331153 286331153 286331153 286331153 286331153 286331153 286331153 286331153 286331153 286331153 286331153 286331153 286331153 286331153 286331153 286331153 286331153 286331153 286331153 286331153 286331153 286331153 286331153 286331153 286331153 286331153 286331153 286331153 286331153 286331153 286331153 286331153 286331153 286331153 286331153 286331153 286331153 286331153 286331153 286331153 286331153 286331153 286331153 823202065 572662306 572662306 572662306 572662306 572662306 572662306 572662306 572662306 572662306 572662306 572662306 572662306 572662306 572662306 572662306 572662306 572662306 572662306 572662306 572662306 572662306 572662306 572662306 572662306 572662306 35791394 286331153 286331153 286331153 286331153 286331153 286331153 286331153 286331153 286331153 286331153 286331153 286331153 286331153 286331153 286331153 286331153 286331153 286331153 286331153 286331153 286331153 286331153 286331153 286331153 286331153 286331153 286331153 286331153 286331153 286331153 286331153 286331153 286331153 286331153 286331153 286331153 286331153 286331153 286331153 286331153 286331153 286331153 286331153 286331153 54244 480 1212416 1073779720 33555616 672137253 155222017 4850688 151584 -2146164735 134300160 8393760 537395522 1107329044 337643521 21102720 8 
0
SET-44
0
1
0
1
SH115-M-1
104
1825 1829 1833 1837 1841 1845 1849 1853 1857 1861 1865 1869 1873 1877 1881 1885 1889 1893 1897 1901 1905 1909 1913 1917 1921 1925 1929 1933 1937 1941 1945 1949 1953 1957 1961 1965 1969 1973 1977 1981 1985 1989 1993 1997 2001 2005 2009 2013 2017 2021 2025 2029 2033 2037 2041 2045 2049 2053 2057 2061 2065 2069 2073 2077 2081 2085 2089 2093 2097 2101 2105 2109 2113 2117 2121 2125 2129 2133 2137 2141 2145 2149 2153 2157 2161 2165 2169 2173 2177 2181 2185 2189 2193 2197 2201 2205 2209 2213 2217 2221 2225 2229 2233 2237 
0
SET-45
0
1
0
1
SH115-M-1
32
1873 1874 1875 1876 1925 1926 1927 1928 1977 1978 1979 1980 2029 2030 2031 2032 2081 2082 2083 2084 2133 2134 2135 2136 2185 2186 2187 2188 2237 2238 2239 2240 
0
SET-46
0
1
0
1
SH115-M-1
14
-2147483647
48 1 16 5 0 1 0 -1 -1 416 1 -1879048189 1409 416 
0
SET-47
0
1
0
1
SH115-M-1
97
-2147483647
380 1 16 88 0 1 0 -1 -1 840 20 -1610612714 -1879048167 -1610612709 -1610612706 -1610612703 -1342177244 -1610612696 -1342177237 -1610612689 -1342177230 -1610612682 -1342177223 -1610612675 -1342177216 -1610612668 -1342177209 -1610612661 -1342177202 -1610612654 -1610612651 4 351 4 1408 2 1413 103 4 2244 352 4 54259 2 2 54264 1 2 15 54286 2 2 54291 1 2 15 54313 2 2 54318 1 2 15 54340 2 2 54345 1 2 15 54367 2 2 54372 1 2 15 54394 2 2 54399 1 2 15 54421 2 2 54426 1 2 15 54448 2 2 54453 2 15 
0
SET-57
0
1
0
1
SH115-M-1
14
-2147483647
48 1 16 5 0 1 0 -1 -1 416 1 -1879048189 1825 416 
0
SET-58
0
1
0
1
SH115-M-1
71
-2147483647
276 1 16 62 0 1 0 -1 -1 736 2 -536870908 -1073741772 4 1408 2 2240 286331153 286331153 286331153 286331153 286331153 286331153 286331153 286331153 286331153 286331153 286331153 286331153 286331153 286331153 286331153 286331153 286331153 286331153 286331153 286331153 286331153 286331153 286331153 286331153 286331153 286331153 286331153 286331153 286331153 286331153 286331153 286331153 286331153 286331153 286331153 286331153 286331153 286331153 286331153 286331153 286331153 286331153 286331153 286331153 54244 256 1212416 1073779720 33555616 672137253 155222017 4850688 151584 1 
0
SET-59
0
1
0
1
SH115-M-1
78
-2147483647
304 1 16 69 0 1 0 -1 -1 768 2 -536870908 -1073741772 4 1408 2 2240 286331153 286331153 286331153 286331153 286331153 286331153 286331153 286331153 286331153 286331153 286331153 286331153 286331153 286331153 286331153 286331153 286331153 286331153 286331153 286331153 286331153 286331153 286331153 286331153 286331153 286331153 286331153 286331153 286331153 286331153 286331153 286331153 286331153 286331153 286331153 286331153 286331153 286331153 286331153 286331153 286331153 286331153 286331153 286331153 54244 480 1212416 1073779720 33555616 672137253 155222017 4850688 151584 -2146164735 134300160 8393760 537395522 1107329044 337643521 21102720 8 
0
SET-65
0
1
0
1
SH115-M-1
14
-2147483647
48 1 16 5 0 1 0 -1 -1 416 1 -1879048189 1409 416 
0
SET-66
0
1
0
1
SH115-M-1
146
-2147483647
576 1 16 137 0 1 0 -1 -1 976 2 -1073741820 -1073741704 4 3648 286331153 286331153 286331153 286331153 286331153 286331153 286331153 286331153 286331153 286331153 286331153 286331153 286331153 286331153 286331153 286331153 286331153 286331153 286331153 286331153 286331153 286331153 286331153 286331153 286331153 286331153 286331153 286331153 286331153 286331153 286331153 286331153 286331153 286331153 286331153 286331153 286331153 286331153 286331153 286331153 286331153 286331153 286331153 823202065 572662306 572662306 572662306 572662306 572662306 572662306 572662306 572662306 572662306 572662306 572662306 572662306 572662306 572662306 572662306 572662306 572662306 572662306 572662306 572662306 572662306 572662306 572662306 572662306 572662306 35791394 286331153 286331153 286331153 286331153 286331153 286331153 286331153 286331153 286331153 286331153 286331153 286331153 286331153 286331153 286331153 286331153 286331153 286331153 286331153 286331153 286331153 286331153 286331153 286331153 286331153 286331153 286331153 286331153 286331153 286331153 286331153 286331153 286331153 286331153 286331153 286331153 286331153 286331153 286331153 286331153 286331153 286331153 286331153 286331153 54244 480 1212416 1073779720 33555616 672137253 155222017 4850688 151584 -2146164735 134300160 8393760 537395522 1107329044 337643521 21102720 8 
0
SET-67
0
1
0
1
SH115-M-1
14
-2147483647
48 1 16 5 0 1 0 -1 -1 416 1 -1879048189 1409 416 
0
1
SH115-M-1
1
SET-2
0
1
14
-2147483647
48 1 16 5 0 1 0 -1 -1 54696 1 -1879048189 1 54696 
0
0
0
20
SET-184
0
1
0
1
SH115-M-1
50
-2147483647
192 1 16 41 0 1 0 -1 -1 630 3 -1073741819 -1073741806 -1073741794 2853 352 -1593884477 59514362 6750300 0 0 0 -2147483648 449983231 1737431090 4718576 16256 3429 320 -2097152 -1 -1 -1 -1 -1 -1 -1 -1 32767 4197 288 -2147483648 -1 -1 -1 -1 -1 -1 -1 134217727 
0
SET-185
0
1
0
1
SH115-M-1
45
2871 2873 2875 2876 2888 2889 2890 2897 2910 2939 3086 3089 3090 3104 3114 3121 3126 3127 3133 3138 3155 3156 3157 3163 3711 3712 3713 3714 3715 3716 3717 3718 3719 3720 3721 3722 3723 3724 3725 3726 3727 3728 3729 3730 3731 
0
SET-23
0
1
0
1
SH115-M-1
45
2849 2906 2907 2911 2924 2929 2930 2932 2943 2944 3087 3106 3107 3112 3118 3123 3124 3137 3140 3160 3161 3162 3164 3165 3429 3430 3431 3432 3433 3434 3435 3436 3437 3438 3439 3440 3441 3442 3443 3444 3445 3446 3447 3448 3449 
0
SET-24
0
1
0
1
SH115-M-1
90
2 4 16 18 30 32 44 46 58 60 72 74 86 88 100 102 114 116 199 200 201 202 203 204 205 206 207 208 209 210 219 233 240 241 244 245 64112 64113 64114 64115 64119 64133 64134 64140 64148 64153 64157 64159 64161 64163 64165 64167 64168 64176 64192 64197 64199 64200 64201 64202 64205 64207 64208 64335 64338 64341 64345 64346 64348 64360 64370 64372 64375 64376 64377 64386 64391 64392 64397 64406 64412 64414 64422 64424 64427 64428 64429 64434 64436 64439 
0
SET-25
0
1
0
1
SH115-M-1
45
2871 2873 2875 2876 2888 2889 2890 2897 2910 2939 3086 3089 3090 3104 3114 3121 3126 3127 3133 3138 3155 3156 3157 3163 3711 3712 3713 3714 3715 3716 3717 3718 3719 3720 3721 3722 3723 3724 3725 3726 3727 3728 3729 3730 3731 
0
SET-26
0
1
0
1
SH115-M-1
45
2849 2906 2907 2911 2924 2929 2930 2932 2943 2944 3087 3106 3107 3112 3118 3123 3124 3137 3140 3160 3161 3162 3164 3165 3429 3430 3431 3432 3433 3434 3435 3436 3437 3438 3439 3440 3441 3442 3443 3444 3445 3446 3447 3448 3449 
0
SET-27
0
1
0
1
SH115-M-1
90
2 4 16 18 30 32 44 46 58 60 72 74 86 88 100 102 114 116 199 200 201 202 203 204 205 206 207 208 209 210 219 233 240 241 244 245 64112 64113 64114 64115 64119 64133 64134 64140 64148 64153 64157 64159 64161 64163 64165 64167 64168 64176 64192 64197 64199 64200 64201 64202 64205 64207 64208 64335 64338 64341 64345 64346 64348 64360 64370 64372 64375 64376 64377 64386 64391 64392 64397 64406 64412 64414 64422 64424 64427 64428 64429 64434 64436 64439 
0
SET-28
0
1
0
1
SH115-M-1
45
2871 2873 2875 2876 2888 2889 2890 2897 2910 2939 3086 3089 3090 3104 3114 3121 3126 3127 3133 3138 3155 3156 3157 3163 3711 3712 3713 3714 3715 3716 3717 3718 3719 3720 3721 3722 3723 3724 3725 3726 3727 3728 3729 3730 3731 
0
SET-42
0
1
0
1
SH115-M-1
45
2849 2906 2907 2911 2924 2929 2930 2932 2943 2944 3087 3106 3107 3112 3118 3123 3124 3137 3140 3160 3161 3162 3164 3165 3429 3430 3431 3432 3433 3434 3435 3436 3437 3438 3439 3440 3441 3442 3443 3444 3445 3446 3447 3448 3449 
0
SET-43
0
1
0
1
SH115-M-1
91
-2147483647
356 1 16 82 0 1 0 -1 -1 1116 5 -1073741817 -1073741807 -1073741788 -1073741760 -1073741755 2 256 1342259205 83891200 5243200 327700 0 0 33685472 835712 770 544 -16384 -1 -1 -1 -1 -1 -1 -1 -1 134217727 11337728 -62978042 -1073741569 1778384895 -2053111776 508162303 924412 2530 832 -262144 -1 -1 -1 -1 -1 -1 -1 -1 2147483647 -102440171 595644986 -1570732936 4194303 0 -2 4095 -1351005248 -195969564 1048961 524280 0 -134217728 -1 -1 32767 3522 96 -1 -1 1048575 64098 352 2342912 -1467743208 1073758314 27112 0 0 0 92872704 15007808 336595041 2428496 
0
SET-44
0
1
0
1
SH115-M-1
126
2854 2859 2871 2872 2873 2874 2886 2891 2896 2897 2919 2920 2935 2939 3080 3081 3082 3083 3090 3094 3099 3100 3105 3113 3114 3121 3126 3128 3132 3134 3135 3138 3145 3146 3158 3180 3181 3182 3183 3184 3185 3186 3522 3523 3524 3525 3526 3527 3528 3529 3530 3531 3532 3533 3534 3535 3536 3537 3538 3539 3540 3541 3542 3543 3544 3545 3546 3547 3548 3549 3550 3551 3552 3553 3554 3555 3556 3557 3558 3559 3560 3561 3562 3563 3564 3565 3566 3567 3568 3569 3570 3571 3572 3573 3574 3575 3576 3577 3578 3579 3580 3581 3582 3583 3584 3585 3586 3587 3588 3589 3590 3591 3592 3593 3594 3595 3596 3597 3598 3599 3600 3601 3602 3603 3604 3605 
0
SET-45
0
1
0
1
SH115-M-1
45
2871 2873 2875 2876 2888 2889 2890 2897 2910 2939 3086 3089 3090 3104 3114 3121 3126 3127 3133 3138 3155 3156 3157 3163 3711 3712 3713 3714 3715 3716 3717 3718 3719 3720 3721 3722 3723 3724 3725 3726 3727 3728 3729 3730 3731 
0
SET-46
0
1
0
1
SH115-M-1
54
-2147483647
208 1 16 45 0 1 0 -1 -1 630 3 -1073741819 -1073741811 -1073741790 1085 192 1075838975 64512 0 -545259513 1073743360 270532624 2845 608 4078832 1879048192 15762180 60 0 0 0 206307440 1355253856 -1207955568 -16744449 -1 -1 -1 -1 -1 -1 -1 536870911 3965 288 -2048 -1 -1 -1 -1 -1 -1 -1 127 
0
SET-47
0
1
0
1
SH115-M-1
78
-2147483647
304 1 16 69 0 1 0 -1 -1 963 4 -1073741818 -1073741808 -1073741789 -1073741761 4 256 268451841 16778240 1048640 65540 0 0 8421368 208928 772 544 -4096 -1 -1 -1 -1 -1 -1 -1 -1 33554431 -2144649216 -15744511 -268435393 444596223 -513277944 127040575 231103 2532 832 -65536 -1 -1 -1 -1 -1 -1 -1 -1 1610612735 -1101973439 148903054 -401596154 1048575 -2147483648 -1 1023 190452224 1023430425 0 98558 0 -33554432 -1 -1 8191 64100 128 585728 -1440677626 268439578 6778 
0
SET-57
0
1
0
1
SH115-M-1
50
-2147483647
192 1 16 41 0 1 0 -1 -1 630 3 -1073741819 -1073741806 -1073741794 2853 352 -1593884477 59514362 6750300 0 0 0 -2147483648 449983231 1737431090 4718576 16256 3429 320 -2097152 -1 -1 -1 -1 -1 -1 -1 -1 32767 4197 288 -2147483648 -1 -1 -1 -1 -1 -1 -1 134217727 
0
SET-58
0
1
0
1
SH115-M-1
73
-2147483647
284 1 16 64 0 1 0 -1 -1 846 4 -1073741818 -1073741808 -1073741789 -1073741766 4 256 268451841 16778240 1048640 65540 0 0 8421368 208928 772 544 -4096 -1 -1 -1 -1 -1 -1 -1 -1 33554431 -2144649216 -15744511 -268435393 444596223 -513277944 127040575 231103 2532 672 -65536 -1 -1 -1 -1 -1 -1 -1 -1 536870911 -1101987840 5262 -2146435072 1048575 -2147483648 -1 1023 188875264 486555657 0 98304 64100 128 585728 -1440677626 268439578 6778 
0
SET-59
0
1
0
1
SH115-M-1
80
-2147483647
312 1 16 71 0 1 0 -1 -1 882 4 -1073741818 -1073741808 -1073741789 -1073741766 2 256 1342259205 83891200 5243200 327700 0 0 33685472 835712 770 544 -16384 -1 -1 -1 -1 -1 -1 -1 -1 134217727 11337728 -62978042 -1073741569 1778384895 -2053111776 508162303 924412 2530 672 -262144 -1 -1 -1 -1 -1 -1 -1 -1 2147483647 -112984064 21050 4194304 4194302 0 -2 4095 755501056 1946222628 0 393216 64098 352 2342912 -1467743208 1073758314 27112 0 0 0 92872704 15007808 336595041 2428496 
0
SET-65
0
1
0
1
SH115-M-1
54
-2147483647
208 1 16 45 0 1 0 -1 -1 630 3 -1073741819 -1073741811 -1073741790 1085 192 1075838975 64512 0 -545259513 1073743360 270532624 2845 608 4078832 1879048192 15762180 60 0 0 0 206307440 1355253856 -1207955568 -16744449 -1 -1 -1 -1 -1 -1 -1 536870911 3965 288 -2048 -1 -1 -1 -1 -1 -1 -1 127 
0
SET-66
0
1
0
1
SH115-M-1
91
-2147483647
356 1 16 82 0 1 0 -1 -1 1116 5 -1073741817 -1073741807 -1073741788 -1073741760 -1073741755 2 256 1342259205 83891200 5243200 327700 0 0 33685472 835712 770 544 -16384 -1 -1 -1 -1 -1 -1 -1 -1 134217727 11337728 -62978042 -1073741569 1778384895 -2053111776 508162303 924412 2530 832 -262144 -1 -1 -1 -1 -1 -1 -1 -1 2147483647 -102440171 595644986 -1570732936 4194303 0 -2 4095 -1351005248 -195969564 1048961 524280 0 -134217728 -1 -1 32767 3522 96 -1 -1 1048575 64098 352 2342912 -1467743208 1073758314 27112 0 0 0 92872704 15007808 336595041 2428496 
0
SET-67
0
1
0
1
SH115-M-1
54
-2147483647
208 1 16 45 0 1 0 -1 -1 630 3 -1073741819 -1073741811 -1073741790 1085 192 1075838975 64512 0 -545259513 1073743360 270532624 2845 608 4078832 1879048192 15762180 60 0 0 0 206307440 1355253856 -1207955568 -16744449 -1 -1 -1 -1 -1 -1 -1 536870911 3965 288 -2048 -1 -1 -1 -1 -1 -1 -1 127 
0
1
SH115-M-1
1
SET-2
0
1
14
-2147483647
48 1 16 5 0 1 0 -1 -1 64566 1 -1879048189 1 64566 
0
0
0
0
0
