1
0
1
ASSEMBLY
1
CHD2
CHD2
1
CHD2
14
-2147483646
0
48 1 16 5 0 1 0 -1 -1 43540 1 -1879048189 1 43540 
14
48 1 16 5 0 1 0 -1 -1 43540 1 -1879048189 1 43540 
0
1
CHD2
14
-2147483646
0
48 1 16 5 0 1 0 -1 -1 34894 1 -1879048189 1 34894 
14
48 1 16 5 0 1 0 -1 -1 34894 1 -1879048189 1 34894 
0
7
ALLE
0
1
0
1
CHD2
14
-2147483647
48 1 16 5 0 1 0 -1 -1 34894 1 -1879048189 1 34894 
0
BOTTOM_PART
0
1
0
1
CHD2
216
34679 34680 34681 34682 34683 34684 34685 34686 34687 34688 34689 34690 34691 34692 34693 34694 34695 34696 34697 34698 34699 34700 34701 34702 34703 34704 34705 34706 34707 34708 34709 34710 34711 34712 34713 34714 34715 34716 34717 34718 34719 34720 34721 34722 34723 34724 34725 34726 34727 34728 34729 34730 34731 34732 34733 34734 34735 34736 34737 34738 34739 34740 34741 34742 34743 34744 34745 34746 34747 34748 34749 34750 34751 34752 34753 34754 34755 34756 34757 34758 34759 34760 34761 34762 34763 34764 34765 34766 34767 34768 34769 34770 34771 34772 34773 34774 34775 34776 34777 34778 34779 34780 34781 34782 34783 34784 34785 34786 34787 34788 34789 34790 34791 34792 34793 34794 34795 34796 34797 34798 34799 34800 34801 34802 34803 34804 34805 34806 34807 34808 34809 34810 34811 34812 34813 34814 34815 34816 34817 34818 34819 34820 34821 34822 34823 34824 34825 34826 34827 34828 34829 34830 34831 34832 34833 34834 34835 34836 34837 34838 34839 34840 34841 34842 34843 34844 34845 34846 34847 34848 34849 34850 34851 34852 34853 34854 34855 34856 34857 34858 34859 34860 34861 34862 34863 34864 34865 34866 34867 34868 34869 34870 34871 34872 34873 34874 34875 34876 34877 34878 34879 34880 34881 34882 34883 34884 34885 34886 34887 34888 34889 34890 34891 34892 34893 34894 
0
HYDROGEN_SURFACE
0
1
0
1
CHD2
585
-2147483647
2332 1 16 576 0 1 0 -1 -1 8696 168 -1879048022 -1610612564 -1879048017 -1879048015 -1879048013 -1610612555 -1879048008 -1879048006 -1610612548 -1879048001 -1879047999 -1879047997 -1610612539 -1879047992 -1879047990 -1610612532 -1879047985 -1879047983 -1879047981 -1610612523 -1879047976 -1879047974 -1610612516 -1879047969 -1879047967 -1879047965 -1610612507 -1879047960 -1879047958 -1610612500 -1879047953 -1879047951 -1879047949 -1610612491 -1879047944 -1879047942 -1879047940 -1610612482 -1879047935 -1879047933 -1879047931 -1610612473 -1879047926 -1879047924 -1879047922 -1879047920 -1879047918 -1879047916 -1879047914 -1879047912 -1879047910 -1879047908 -1610612450 -1610612447 -1879047900 -1610612442 -1879047895 -1879047893 -1879047891 -1879047889 -1879047887 -1879047885 -1879047883 -1610612425 -1610612422 -1879047875 -1610612417 -1879047870 -1879047868 -1879047866 -1879047864 -1879047862 -1879047860 -1879047858 -1610612400 -1610612397 -1879047850 -1610612392 -1879047845 -1879047843 -1879047841 -1879047839 -1879047837 -1879047835 -1879047833 -1610612375 -1610612372 -1879047825 -1610612367 -1879047820 -1610612362 -1879047815 -1610612357 -1879047810 -1610612352 -1879047805 -1610612347 -1879047800 -1610612342 -1879047795 -1610612337 -1879047790 -1610612332 -1879047785 -1879047783 -1342176869 -1879047777 -1610612319 -1879047772 -1610612314 -1879047767 -1610612309 -1879047762 -1342176848 -1342176844 -1879047752 -1610612294 -1879047747 -1610612289 -1879047742 -1610612284 -1879047737 -1342176823 -1342176819 -1879047727 -1610612269 -1879047722 -1610612264 -1879047717 -1610612259 -1879047712 -1342176798 -1342176794 -1879047702 -1610612244 -1879047697 -1610612239 -1879047692 -1610612234 -1879047687 -1879047685 -1879047683 -1610612225 -1879047678 -1610612220 -1879047673 -1610612215 -1879047668 -1610612210 -1879047663 -1610612205 -1879047658 -1610612200 -1879047653 -1610612195 -1879047648 -1610612190 -1879047643 -1610612185 -1879047638 -1610612180 -1879047633 -1610612175 -1879047628 -1610612170 -1879047623 -1610612165 -1879047618 1 2790 2987 15 53 3782 8 4154 7 4305 16 4374 6 54 4698 17 5563 9 5768 15 53 6563 8 6935 7 7086 16 7155 6 54 7479 17 8344 9 8549 15 53 9344 8 9716 7 9867 16 9936 6 54 10260 17 11125 9 11330 15 53 12125 8 12497 7 12648 16 12717 6 54 13041 17 13906 2830 17590 7 3 17807 16 18651 23 19525 32 20411 7 3 20628 16 21472 23 22346 32 23232 7 3 23449 16 24293 23 25167 32 26053 7 3 26270 16 27114 23 27988 440 28441 1 28446 3 28451 1 28529 2 28533 1 28535 2 28546 1 28561 2 2 28622 2 9 28657 1 28708 2 22 28858 1 28863 3 28868 1 28946 2 28950 1 28952 2 28963 1 28978 2 2 29039 2 9 29074 1 29125 2 22 29275 1 29280 3 29285 1 29363 2 29367 1 29369 2 29380 1 29395 2 2 29456 2 9 29491 1 29542 2 22 29692 1 29697 3 29702 1 29780 2 29784 1 29786 2 29797 1 29812 2 2 29873 2 9 29908 1 29959 2 22 30096 15 30112 2 2 30122 3 30126 2 2 30136 3 30140 2 2 30150 3 30154 2 2 30164 3 30168 2 2 30178 3 30182 2 2 30192 3 30196 2 2 30206 499 30718 2 30797 1 2 10 30810 2 30813 2 7 30843 2 30925 2 2 30931 1 30994 2 5 31153 1 31184 2 2 15 31278 1 2 10 31291 2 31294 2 7 31324 2 31406 2 2 31412 1 31475 2 5 31634 1 31665 2 2 15 31759 1 2 10 31772 2 31775 2 7 31805 2 31887 2 2 31893 1 31956 2 5 32115 1 32146 2 2 15 32240 1 2 10 32253 2 32256 2 7 32286 2 32368 2 2 32374 1 32437 2 5 32596 1 32627 14 32642 1 32645 3 2 32656 1 32659 3 2 32670 1 32673 3 2 32684 1 32687 3 2 32698 1 32701 3 2 32712 1 32715 3 2 32726 1 32729 3 2 32739 85 32825 244 2 33313 140 33454 244 2 33942 97 34040 90 2 34220 52 34273 83 2 34439 49 34489 83 2 34655 49 34705 83 2 34871 24 
0
TOP_PART
0
1
0
1
CHD2
216
34247 34248 34249 34250 34251 34252 34253 34254 34255 34256 34257 34258 34259 34260 34261 34262 34263 34264 34265 34266 34267 34268 34269 34270 34271 34272 34273 34274 34275 34276 34277 34278 34279 34280 34281 34282 34283 34284 34285 34286 34287 34288 34289 34290 34291 34292 34293 34294 34295 34296 34297 34298 34299 34300 34301 34302 34303 34304 34305 34306 34307 34308 34309 34310 34311 34312 34313 34314 34315 34316 34317 34318 34319 34320 34321 34322 34323 34324 34325 34326 34327 34328 34329 34330 34331 34332 34333 34334 34335 34336 34337 34338 34339 34340 34341 34342 34343 34344 34345 34346 34347 34348 34349 34350 34351 34352 34353 34354 34355 34356 34357 34358 34359 34360 34361 34362 34363 34364 34365 34366 34367 34368 34369 34370 34371 34372 34373 34374 34375 34376 34377 34378 34379 34380 34381 34382 34383 34384 34385 34386 34387 34388 34389 34390 34391 34392 34393 34394 34395 34396 34397 34398 34399 34400 34401 34402 34403 34404 34405 34406 34407 34408 34409 34410 34411 34412 34413 34414 34415 34416 34417 34418 34419 34420 34421 34422 34423 34424 34425 34426 34427 34428 34429 34430 34431 34432 34433 34434 34435 34436 34437 34438 34439 34440 34441 34442 34443 34444 34445 34446 34447 34448 34449 34450 34451 34452 34453 34454 34455 34456 34457 34458 34459 34460 34461 34462 
0
TOP_SURFACE
0
1
0
1
CHD2
18
34269 34270 34293 34294 34317 34318 34341 34342 34365 34366 34389 34390 34413 34414 34437 34438 34461 34462 
0
WHOLE_PART
0
1
0
1
CHD2
14
-2147483647
48 1 16 5 0 1 0 -1 -1 34894 1 -1879048189 1 34894 
0
ZSYMM
0
1
0
1
CHD2
173
-2147483647
684 1 16 164 0 1 0 -1 -1 7652 45 -1879048145 -1879048143 -1879048141 -1879048139 -1879048137 -1610612679 -1879048132 -1610612674 -1879048127 -1610612669 -1879048122 -1610612664 -1879048117 -1610612659 -1879048112 -1610612654 -1879048107 -1610612649 -1879048102 -1610612644 -1879048097 -1879048095 -1879048093 -1879048091 -1879048089 -1342177175 -1879048083 -1342177169 -1879048077 -1342177163 -1879048071 -1342177157 -1879048065 -1342177151 -1879048059 -1342177145 -1879048053 -1342177139 -1879048047 -1342177133 -1879048041 -1610612583 -1879048036 -1610612578 -1610612575 11125 2781 25190 2821 29679 417 30097 1 30103 2 30106 2 5 30117 2 30120 2 5 30131 2 30134 2 5 30145 2 30148 2 5 30159 2 30162 2 5 30173 2 30176 2 5 30187 2 30190 2 5 30201 2 30204 2 5 30215 2 30218 1 32146 481 32634 1 32636 3 32640 1 2 8 32650 3 32654 1 2 8 32664 3 32668 1 2 8 32678 3 32682 1 2 8 32692 3 32696 1 2 8 32706 3 32710 1 2 8 32720 3 32724 1 2 8 32734 3 32738 1 2 8 32748 3 32752 315 2 33382 2 33385 431 2 34248 324 2 
0
1
CHD2
1
SET-1
0
1
14
-2147483647
48 1 16 5 0 1 0 -1 -1 34894 1 -1879048189 1 34894 
0
0
0
7
ALLN
0
1
0
1
CHD2
14
-2147483647
48 1 16 5 0 1 0 -1 -1 43540 1 -1879048189 1 43540 
0
BOTTOM_PART
0
1
0
1
CHD2
36
-2147483647
136 1 16 27 0 1 0 -1 -1 390 1 -1073741821 42842 704 18883649 33890336 8 100868105 0 1744831008 264 69738496 0 0 -524288 -1 -1 -1 -1 -1 -1 -1 -1 -1 -1 134217727 
0
HYDROGEN_SURFACE
0
1
0
1
CHD2
461
-2147483647
1836 1 16 452 0 1 0 -1 -1 9381 12 -1073741810 -268435337 -1073741657 -1073741581 -1073741576 -1073741535 -1073741517 -1073741513 -1073741507 -1073741479 -1073741446 -1073741418 1 3296 -1 -1 -1 -1 -1 -1 -1 -1 -1 -1 -1 -1 -1 -1 -1 -1 -1 -1 -1 -1 -1 -1 -1 -1 -1 -1 -1 -1 -1 -1 -1 -1 -1 -1 -1 -1 -1 -1 -1 -1 -1 -1 -1 -1 -1 -1 -1 -1 -1 -1 -1 -1 -1 -1 -1 -1 -1 -1 -1 -1 -1 -1 -1 -1 -1 -1 -1 -1 -1 -1 -1 -1 -1 -1 -1 -1 -1 -1 -1 -1 -1 -1 -1 -1 -1 -1 -1 -1 -1 -1 -1 -134217729 131071 0 -1073741824 1048575 0 0 0 4194176 0 -4096 3 5857 352 4 2944 -3145728 2047 0 -16777216 16383 0 0 0 65534 0 268435392 -49152 31 0 -262144 255 0 0 -134217728 1023 0 4194303 2147482880 0 0 -4096 3 0 0 -2097152 15 -67108864 65535 33554420 0 0 268435392 0 0 0 1073709056 0 -1048576 1023 17633 2368 -4 -1 -1 -1 -1 -1 -1 -1 -1 -1 -1 -1 -1 -1 -1 -1 -1 -1 -1 -1 -1 -1 -1 -1 -1 -1 -1 -1 -1 -1 -1 -1 -1 -1 -1 -1 -1 -1 -1 -1 -1 -1 -1 -1 -1 -1 -1 -1 -1 -1 -1 -1 -1 -1 -1 -1 -1 -1 -1 -1 -1 -1 -1 -1 -1 -1 -1 -1 -1 -1 -1 -1 -1 1048575 22337 96 -64 -1 1073741823 22913 1248 -16384 -1 -1 -1 -1 -1 -1 -1 504365055 -16517261 134217727 -4063296 -134217721 -1 -1073676289 1048575 1073709024 0 0 -16 -1 15 0 -64 -1 2147483151 -2097152 7 0 -1 -1 -1 65535 -16 67108863 0 -1024 -4194304 4095 34817 512 245760 -262144 -1 -2049 -33 -16433 -131073 -268435457 -257 -1 -1 -1 -1 -1 -1 15 35617 64 -67108864 4194303 37025 128 -5275648 1073631199 -234880587 -68006021 37313 832 -553648128 1576033769 -66846721 -49153 -1 1106247741 -234880291 7365216 1140916108 -130023486 1572863 -16777216 59 1610612736 -49752 -1 -9734657 -1 -1 -1 -2080374785 251716095 15973372 -2 -1 239 39777 992 -100663296 -363870759 -1309490594 -2130742577 227 0 -754056 -1 -1073740274 244218967 -1207959552 8386583 937951371 -1024720348 -1065221 -57345 -1 -1 -1 -1 1072644099 741 -16 -524255233 365920287 -530841604 33553535 352379020 -49278 138110908 1572 40993 832 -268435456 1995915864 105898772 -268926464 -77201481 1573955172 2034870156 879 6 1048576 -131 -1 -1 -1 -1443889153 948932922 -676857125 -19267622 -1 -1110843393 -17648 3 -12416 1593410559 939507707 15 42049 1408 -29360128 -268173852 -1493225667 1554433535 726096534 1593767248 -310730772 -1222713351 1808060959 119981023 0 0 805306368 -1724917851 1341255932 796024515 -1085239362 -125886468 1203527679 -1476579762 941411279 3724 0 0 1505748832 -535809653 1882624663 -305710379 -404006724 -594248 -39990657 -23251 702409 0 0 -2040639488 -681604099 -83987409 3519 -2018377856 98200287 -239313538 -763363339 201181179 
0
TOP_PART
0
1
0
1
CHD2
37
-2147483647
140 1 16 28 0 1 0 -1 -1 390 1 -1073741821 42099 736 4351 1073750016 25165824 2097294 1114112 604012544 196614 604241920 0 0 0 -1024 -1 -1 -1 -1 -1 -1 -1 -1 -1 -1 262143 
0
TOP_SURFACE
0
1
0
1
CHD2
30
42473 42476 42490 42491 42494 42515 42528 42544 42567 42579 42580 42586 42591 42601 42619 42639 42640 42647 42667 42681 42682 42684 42696 42697 42701 42708 42718 42723 42730 42731 
0
WHOLE_PART
0
1
0
1
CHD2
14
-2147483647
48 1 16 5 0 1 0 -1 -1 43540 1 -1879048189 1 43540 
0
ZSYMM
0
1
0
1
CHD2
391
-2147483647
1556 1 16 382 0 1 0 -1 -1 7885 10 -1073741812 -1073741718 -1073741641 -1073741606 -1073741598 -1073741585 -1073741557 -1073741549 -1073741516 -1073741488 14691 2944 -1 -1 -1 -1 -1 -1 -1 -1 -1 -1 -1 -1 -1 -1 -1 -1 -1 -1 -1 -1 -1 -1 -1 -1 -1 -1 -1 -1 -1 -1 -1 -1 -1 -1 -1 -1 -1 -1 -1 -1 -1 -1 -1 -1 -1 -1 -1 -1 -1 -1 -1 -1 -1 -1 -1 -1 -1 -1 -1 -1 -1 -1 -1 -1 -1 -1 -1 -1 -1 -1 -1 -1 -1 -1 -1 -1 -1 -1 -1 -1 -1 -1 -1 -1 -1 -1 -1 -1 -1 -1 -1 -1 19971 2400 -262144 -1 -1 -1 -1 -1 -1 -1 -1 -1 -1 -1 -1 -1 -1 -1 -1 -1 -1 -1 -1 -1 -1 -1 -1 -1 -1 -1 -1 -1 -1 -1 -1 -1 -1 -1 -1 -1 -1 -1 -1 -1 -1 -1 -1 -1 -1 -1 -1 -1 -1 -1 -1 -1 -1 -1 -1 -1 -1 -1 -1 -1 -1 -1 -1 -1 -1 -1 -1 -1 -1 -1 -1 -1 15 23139 1056 -65536 947863551 4129315 -33554432 1048559 33554430 0 -16384 -1 -268427257 -1 -1 3 0 -4 -1 15 0 -536870788 -1 -2 1073741823 0 0 0 -16384 3 -16777216 -1 -1073741569 1048575 -1024 15 34915 192 92275200 -1073741784 -2147479539 32768 1159262208 2144 35299 352 -4 -1 -1 -1 -1 -1 -1 -1 -1 -1 16777215 37027 832 -2129391616 -1342157749 545259408 17499141 0 -4194304 -1 -1 -1 -2009071617 679733381 16711680 8192 -2147483648 -1347158032 -813727672 268691303 1862254620 7340047 -393216 1073741823 -15 -402653185 12437 0 2433664 37987 192 -65009792 2143490304 32256 0 -60 1073741823 39779 992 -2143289344 -735199703 58969897 1606427468 196 0 188513 1073741824 268385916 -61054742 285212671 1071645178 -234487843 54853494 266305 -18432 131071 -1048576 4194303 0 -1338757121 -190 3 131063808 -99868680 132710400 -8388384 2059388892 -1073729505 -34527744 630 40995 832 1073741824 -490590360 -26475718 67166079 -1054375918 -401877402 565020188 2147483428 -2 -1074003969 32 -2048 8191 -65536 1434976255 568073137 1242956105 4816905 0 -796030976 4411 -1 3103 675389184 805310465 12 42051 1408 -799014912 -2097151354 382219312 1825984128 -181524133 -398146629 -1532665883 305680129 655281016 37117738 0 0 -268435456 -655095274 1275306945 1948469455 -1070867456 -2131740672 2121395263 -1811630484 -235222708 92 0 0 161232436 670791567 -1544389814 -1053904566 -972805296 537054289 -2137485856 -2145446220 88605 0 0 -1630773248 178797840 163627764 -319 370376735 -23369792 -1567561554 1533018114 50335361 
0
1
CHD2
1
SET-1
0
1
14
-2147483647
48 1 16 5 0 1 0 -1 -1 43540 1 -1879048189 1 43540 
0
0
0
0
0
