1
0
1
ASSEMBLY
1
NDBR2P5
NDBR2P5
1
NDBR2P5
14
-2147483646
0
48 1 16 5 0 1 0 -1 -1 41937 1 -1879048189 1 41937 
14
48 1 16 5 0 1 0 -1 -1 41937 1 -1879048189 1 41937 
0
1
NDBR2P5
14
-2147483646
0
48 1 16 5 0 1 0 -1 -1 67286 1 -1879048189 1 67286 
16
56 1 16 7 0 1 0 -1 -1 67286 1 -1342177277 1 33643 2 100000 
0
5
BOTTOM_PART
0
1
0
1
NDBR2P5
192
31596 31597 31598 31599 31600 31601 31602 31603 31604 31605 31606 31607 31608 31609 31610 31611 31612 31613 31614 31615 31616 31617 31618 31619 31620 31621 31622 31623 31624 31625 31626 31627 31628 31629 31630 31631 31632 31633 31634 31635 31636 31637 31638 31639 31640 31641 31642 31643 31644 31645 31646 31647 31648 31649 31650 31651 31652 31653 31654 31655 31656 31657 31658 31659 31660 31661 31662 31663 31664 31665 31666 31667 31668 31669 31670 31671 31672 31673 31674 31675 31676 31677 31678 31679 31680 31681 31682 31683 31684 31685 31686 31687 31688 31689 31690 31691 31692 31693 31694 31695 31696 31697 31698 31699 31700 31701 31702 31703 31704 31705 31706 31707 31708 31709 31710 31711 31712 31713 31714 31715 31716 31717 31718 31719 31720 31721 31722 31723 31724 31725 31726 31727 31728 31729 31730 31731 31732 31733 31734 31735 31736 31737 31738 31739 31740 31741 31742 31743 31744 31745 31746 31747 31748 31749 31750 31751 31752 31753 31754 31755 31756 31757 31758 31759 31760 31761 31762 31763 31764 31765 31766 31767 31768 31769 31770 31771 31772 31773 31774 31775 31776 31777 31778 31779 31780 31781 31782 31783 31784 31785 31786 31787 
0
HYDROGEN_SURFACE
0
1
0
1
NDBR2P5
804
-2147483647
3208 1 16 795 0 1 0 -1 -1 8327 226 -1879047964 -1342177050 -1610612502 -1879047955 -1342177041 -1342177037 -1879047945 -1879047943 -1879047941 -1610612483 -1879047936 -1879047934 -1879047932 -1879047930 -1879047928 -1610612470 -1342177011 -1610612463 -1879047916 -1342177002 -1342176998 -1879047906 -1879047904 -1879047902 -1610612444 -1879047897 -1879047895 -1879047893 -1879047891 -1879047889 -1610612431 -1342176972 -1610612424 -1879047877 -1342176963 -1342176959 -1879047867 -1879047865 -1879047863 -1610612405 -1879047858 -1879047856 -1879047854 -1879047852 -1879047850 -1610612392 -1342176933 -1610612385 -1879047838 -1342176924 -1342176920 -1879047828 -1879047826 -1879047824 -1610612366 -1879047819 -1879047817 -1879047815 -1879047813 -1879047811 -1610612353 -1879047806 -1879047804 -1610612346 -1879047799 -1879047797 -1879047795 -1879047793 -1879047791 -1610612333 -1879047786 -1879047784 -1879047782 -1879047780 -1879047778 -1610612320 -1879047773 -1879047771 -1879047769 -1879047767 -1879047765 -1610612307 -1879047760 -1879047758 -1879047756 -1879047754 -1879047752 -1610612294 -1879047747 -1610612289 -1610612286 -1610612283 -1610612280 -1342176821 -1879047729 -1879047727 -1879047725 -1879047723 -1879047721 -1879047719 -1879047717 -1879047715 -1879047713 -1879047711 -1342176797 -1610612249 -1879047702 -1610612244 -1610612241 -1610612238 -1610612235 -1342176776 -1879047684 -1879047682 -1879047680 -1879047678 -1879047676 -1879047674 -1879047672 -1879047670 -1879047668 -1879047666 -1342176752 -1610612204 -1879047657 -1610612199 -1610612196 -1610612193 -1610612190 -1342176731 -1879047639 -1879047637 -1879047635 -1879047633 -1879047631 -1879047629 -1879047627 -1879047625 -1879047623 -1879047621 -1342176707 -1610612159 -1879047612 -1610612154 -1610612151 -1610612148 -1610612145 -1342176686 -1879047594 -1879047592 -1879047590 -1879047588 -1879047586 -1879047584 -1879047582 -1879047580 -1879047578 -1879047576 -1342176662 -1879047570 -1342176656 -1879047564 -1342176650 -1879047558 -1879047556 -1610612098 -1879047551 -1879047549 -1342176635 -1610612087 -1879047540 -1610612082 -1879047535 -1879047533 -1342176619 -1610612071 -1879047524 -1610612066 -1879047519 -1879047517 -1342176603 -1610612055 -1879047508 -1610612050 -1879047503 -1879047501 -1342176587 -1610612039 -1879047492 -1342176578 -1879047486 -1610612028 -1879047481 -1610612023 -1879047476 -1610612018 -1879047471 -1610612013 -1879047466 -1610612008 -1879047461 -1879047459 -1879047457 -1879047455 -1879047453 -1879047451 -1879047449 -1879047447 -1879047445 -1879047443 -1879047441 -1879047439 -1879047437 -1610611979 -1610611976 -1610611973 -1610611970 -1610611967 -1610611964 -1610611961 -1610611958 -1610611955 -1610611952 -1610611949 -1610611946 -1879047399 1 1666 1712 4 2 58 1826 2 5 1837 1 1958 2 2 3 1968 1 2 108 2078 2 2212 1 2259 10 2270 2 2 2307 4 2312 9 2328 2 2332 1 2334 3 2338 2 2 3378 4 2 58 3492 2 5 3503 1 3624 2 2 3 3634 1 2 108 3744 2 3878 1 3925 10 3936 2 2 3973 4 3978 9 3994 2 3998 1 4000 3 4004 2 2 5044 4 2 58 5158 2 5 5169 1 5290 2 2 3 5300 1 2 108 5410 2 5544 1 5591 10 5602 2 2 5639 4 5644 9 5660 2 5664 1 5666 3 5670 2 2 6710 4 2 58 6824 2 5 6835 1 6956 2 2 3 6966 1 2 108 7076 2 7210 1 7257 10 7268 2 2 7305 4 7310 9 7326 2 7330 1 7332 3 7336 2 2 8331 209 8541 2 8549 2 3 8603 3 8607 1 8627 2 8653 1 8750 2 8758 2 3 8812 3 8816 1 8836 2 8862 1 8959 2 8967 2 3 9021 3 9025 1 9045 2 9071 1 9168 2 9176 2 3 9230 3 9234 1 9254 2 9280 1 9376 1598 11016 2 2 11021 2 11024 2 75 11216 2 2 11226 2 2 11241 2 7 11385 1 2 100 11519 2 11548 3 11552 1 11554 8 11608 12 11621 3 11625 1 11627 2 11630 1 11632 4 11703 1 2 801 12614 2 2 12619 2 12622 2 75 12814 2 2 12824 2 2 12839 2 7 12983 1 2 100 13117 2 13146 3 13150 1 13152 8 13206 12 13219 3 13223 1 13225 2 13228 1 13230 4 13301 1 2 801 14212 2 2 14217 2 14220 2 75 14412 2 2 14422 2 2 14437 2 7 14581 1 2 100 14715 2 14744 3 14748 1 14750 8 14804 12 14817 3 14821 1 14823 2 14826 1 14828 4 14899 1 2 801 15810 2 2 15815 2 15818 2 75 16010 2 2 16020 2 2 16035 2 7 16179 1 2 100 16313 2 16342 3 16346 1 16348 8 16402 12 16415 3 16419 1 16421 2 16424 1 16426 4 16497 1 2 801 17366 1321 18773 2 59 88 23965 1322 25373 2 59 88 30565 207 30774 2 30830 2 3 30837 1 30840 2 30868 1 2 16 30895 2 7 30980 2 31036 2 3 31043 1 31046 2 31074 1 2 16 31101 2 7 31186 2 31242 2 3 31249 1 31252 2 31280 1 2 16 31307 2 7 31392 2 31448 2 3 31455 1 31458 2 31486 1 2 16 31513 2 7 31596 9 31611 10 11 16 31787 26 31814 71 2 31956 92 32049 203 2 32455 93 32549 71 2 32691 52 32744 77 2 32898 94 32993 203 2 33399 81 33486 2 33490 1 33497 2 33501 1 33508 2 33512 1 33519 2 33523 1 33530 2 33534 1 33541 2 33545 22 33568 2 3 33574 2 2 33579 2 3 33585 2 2 33590 2 3 33596 2 2 33601 2 3 33607 2 2 33612 2 3 33618 2 2 33623 2 3 33629 2 2 33633 11 
0
TOP_PART
0
1
0
1
NDBR2P5
192
32524 32525 32526 32527 32528 32529 32530 32531 32532 32533 32534 32535 32536 32537 32538 32539 32540 32541 32542 32543 32544 32545 32546 32547 32548 32549 32550 32551 32552 32553 32554 32555 32556 32557 32558 32559 32560 32561 32562 32563 32564 32565 32566 32567 32568 32569 32570 32571 32572 32573 32574 32575 32576 32577 32578 32579 32580 32581 32582 32583 32584 32585 32586 32587 32588 32589 32590 32591 32592 32593 32594 32595 32596 32597 32598 32599 32600 32601 32602 32603 32604 32605 32606 32607 32608 32609 32610 32611 32612 32613 32614 32615 32616 32617 32618 32619 32620 32621 32622 32623 32624 32625 32626 32627 32628 32629 32630 32631 32632 32633 32634 32635 32636 32637 32638 32639 32640 32641 32642 32643 32644 32645 32646 32647 32648 32649 32650 32651 32652 32653 32654 32655 32656 32657 32658 32659 32660 32661 32662 32663 32664 32665 32666 32667 32668 32669 32670 32671 32672 32673 32674 32675 32676 32677 32678 32679 32680 32681 32682 32683 32684 32685 32686 32687 32688 32689 32690 32691 32692 32693 32694 32695 32696 32697 32698 32699 32700 32701 32702 32703 32704 32705 32706 32707 32708 32709 32710 32711 32712 32713 32714 32715 
0
TOP_SURFACE
0
1
0
1
NDBR2P5
16
32546 32547 32570 32571 32594 32595 32618 32619 32642 32643 32666 32667 32690 32691 32714 32715 
0
ZSYMM
0
1
0
1
NDBR2P5
151
-2147483647
596 1 16 142 0 1 0 -1 -1 7311 36 -1879048154 -1879048152 -1879048150 -1342177236 -1879048144 -1342177230 -1610612682 -1879048135 -1610612677 -1610612674 -1879048127 -1610612669 -1342177210 -1342177206 -1342177202 -1342177198 -1342177194 -1342177190 -1342177186 -1342177182 -1610612634 -1879048087 -1610612629 -1879048082 -1610612624 -1879048077 -1610612619 -1879048072 -1610612614 -1879048067 -1610612609 -1879048062 -1610612604 -1879048057 -1610612599 -1879048052 6665 1666 9167 209 15768 1598 22646 1320 2 6600 31390 206 31604 8 12 16 31789 95 2 31979 2 31982 367 2 32717 103 2 32923 2 32926 271 2 33468 2 2 5 33479 2 2 5 33490 2 2 5 33501 2 2 5 33512 2 2 5 33523 2 2 5 33534 2 2 5 33545 2 2 5 33558 2 2 33564 1 33569 2 2 33575 1 33580 2 2 33586 1 33591 2 2 33597 1 33602 2 2 33608 1 33613 2 2 33619 1 33624 2 2 33630 1 33635 2 2 33641 1 
0
1
NDBR2P5
3
SET-1
0
1
14
-2147483647
48 1 16 5 0 1 0 -1 -1 33643 1 -1879048189 1 33643 
0
0
SOLID
0
1
14
-2147483647
48 1 16 5 0 1 0 -1 -1 33643 1 -1879048189 1 33643 
0
0
VISUALIZATION
0
1
14
-2147483647
48 1 16 5 0 1 0 -1 -1 33643 1 -1879048189 33644 33643 
0
0
0
6
BOTTOM_PART
0
1
0
1
NDBR2P5
14
-2147483647
48 1 16 5 0 1 0 -1 -1 351 1 -1879048189 38545 351 
0
HYDROGEN_SURFACE
0
1
0
1
NDBR2P5
456
-2147483647
1816 1 16 447 0 1 0 -1 -1 9016 15 -1073741807 -1073741802 -1073741795 -1073741731 -1073741702 -1073741625 -1073741621 -1073741613 -1073741585 -1073741580 -1073741555 -1073741535 -1073741493 -268435109 -1073741385 1 96 -1 -1 4194303 865 160 -32768 -1 -1 -1 7 1313 1984 -2147483648 -1 -1 -1 -1 -1 -1 -1 -1 -1 -1 -1 -1 -1 -1 -1 -1 -1 -1 -1 -1 -1 -1 -1 -1 1 0 -16777216 -1 -1 -1 -1 -1 -1 -1 -1 -1 -1 -1 -1 -1 -1 -1 -1 -1 -1 -1 -1 -1 -1 -1 -1 -1 -1 -1 -1 -1 -1 -1 -1 -1 33554431 10657 864 1048448 491523 0 0 0 -8388608 2047 0 0 -32 1048575 0 -1073741824 -524045 -534776801 -268434945 -1 -1 -1 -1 2147483647 0 0 -1073741824 939524223 16256 4210176 12289 2400 4194304 16711680 0 0 0 -2097152 -1 -1 -1 -1 -1 255 0 -2147483648 -2113929217 127 0 -262144 255 0 -2 4194303 -536870912 -516097 -1 -1 -1 -1 -1 -1 -1 -1 -1 -1 -1 -1 32767 -1073741824 -1 -1 -1 -1 -1 32767 -67108864 -1 8191 0 0 -1048576 -1 -1 -1 -1 -1 -1 -1 -1 -1 -1 -1 -1 -1 -1 -1 -1 -1 -1 -1 -1 -1 -1 -1 -1 3 15361 64 -262144 32767 15777 192 -134217728 -1 -1 -1 -1 1023 21985 832 -64 -1 -1 -1 -1 -1 -1 -1 -1 -1 -1 -1 -1 -1 -1 -1 -1 -1 -1 -1 -1 -1 -1 -1 -1 8191 24001 96 -32768 -1 127 24417 736 -8 -1 -1 -1 -1 4194303 0 0 -8192 -1 -1 -1 -1 -1 -1 -1 -1 -1 -1 -1 -1 -1 255 30113 576 -64 -1 -1 -1 -16760833 -1 -1 0 -2 -1 -1 536870911 0 524286 -1024 2097151 -16777197 63 30817 1280 -32768 -1 -1 -1 -1 -1 -1 -1 -262017 -112641 -8126585 -1 -1 67633151 -524289 -268435458 -136315393 2140141695 -2146959488 -260612 -32743 -31457281 4192579 -16 -67108857 16383 268434432 812646424 2145388540 0 0 -2 -1 -1 -1 -1 -1 -1 -1 262143 37473 448 1649018496 -1912564121 -403698849 -1074290819 937772713 1334377045 -290450 -1846417029 -278784916 1213432873 -1228857091 -19361 -1008207101 18 38529 1408 2 1600 -65536 -1006632961 -1728 -629761 231376407 989085088 -1346204334 1193206139 505640 2 0 -2129920 2066520303 -268992815 898646060 128965620 -48536654 2121875054 -587523141 59 0 -613941248 -48767730 -17056001 -1082294289 1272511475 2145255247 -570475523 -111937921 401891262 4 -1263534080 -151128065 -536952897 -234948961 -2039070721 -2007629825 1980 -505405952 -31994 -1702888324 -16976385 -293730380 1 935686656 -135939838 -675825453 -1044991201 -86050178 -1402397765 -246024487 1574145011 96127988 0 0 1619768320 -691787309 2128576380 -1610613146 -8143761 1722982389 1886740296 1002428080 195455 0 0 1032064 1040384 -31457184 -504401956 -19825349 2147483583 1509381088 1063698424 -1407713422 -8865320 1073572265 -3122 1071661055 545066175 -610309585 1272881067 1845669679 -682908417 -210442641 2147472297 -2144129 4194303 41729 192 1610612736 -529748153 915427 1266679808 1845484175 14335 
0
TOP_NODES
0
1
0
1
NDBR2P5
27
40148 40159 40160 40161 40169 40172 40197 40205 40219 40241 40243 40263 40264 40265 40296 40297 40298 40309 40313 40320 40363 40370 40372 40374 40397 40398 40411 
0
TOP_PART
0
1
0
1
NDBR2P5
14
-2147483647
48 1 16 5 0 1 0 -1 -1 351 1 -1879048189 40138 351 
0
TOP_SURFACE
0
1
0
1
NDBR2P5
27
40148 40159 40160 40161 40169 40172 40197 40205 40219 40241 40243 40263 40264 40265 40296 40297 40298 40309 40313 40320 40363 40370 40372 40374 40397 40398 40411 
0
ZSYMM
0
1
0
1
NDBR2P5
432
-2147483647
1720 1 16 423 0 1 0 -1 -1 7540 22 -1073741800 -1073741793 -1073741777 -1073741769 -1073741730 -268435353 -1073741709 -1073741698 -1073741682 -1073741678 -1073741669 -1073741644 -1073741640 -1073741635 -1073741594 -1073741587 -1073741558 -1073741533 -1073741514 -1073741498 -1073741454 -1073741409 3 160 3 0 -1048576 -1 1073741823 451 448 -64 -1 -1 -1 -1 -1 -1 -1 -1 -1 -1 -1 -1 8191 2083 192 -2147483648 -1 -1 -1 -1 7864831 3267 1184 -8388608 -1 -1 -1 -1 -1 -1 -1 -1 -1 -1 -1 -1 -1 -1 -1 -1 -1 -1 -1 -1 -1 -1 -1 -1 -1 -1 -1 -1 -1 -1 -1 -1 -1 -1 -1 63 10627 224 -1073741824 1073872927 0 0 -131072 -1 2097151 10979 128 2 320 -8192 -1 -1 48 -536870912 -1 -1 268435455 12195 288 -16 -1 -1 -1048577 -4177921 -1 -1 -1 524287 12611 448 -8192 -1 -1 -1 536870911 -2 -1 65535 -64 2147483647 0 -1048576 134217727 129024 13443 64 -8192 268435455 13667 224 -8192 16777215 0 -2048 -1 -1 262143 14659 736 -1 -1 -1 -1 -1 -1 -1 -1 -1 -1 -1 -1 -1 -1 -1 -1 -1 -1 -1 -1 -1 -1 65535 15747 64 -512 33554431 15939 96 -256 -1 268435455 22787 1248 -2048 -1 -1 -1 -1 -1 -1 -1 -1 -1 -1 -1 -1 -1 -1 -1 -1 -1 -1 -1 -1 -1 -1 -1 -1 -1 -1 -1 -1 -1 -1 -1 -1 -1 -1 -1 -1 -1 8191 24579 160 -64 -1 -1 33554431 100663296 29987 864 -16384 -1 -1 -1 15 0 -67108864 4194303 4190208 0 -1073741824 2147483647 0 0 0 -134217728 2147483647 -131072 255 1073217536 4194299 -16 -1 -1 -1 -1 8191 31075 736 65504 28160 2031646 0 0 1056833536 1073872896 67108864 34078848 -535035424 -537001953 -2147418496 8185 7864320 -1048145 3 16777214 -4096 -67108609 -203161607 -536347136 -1 2147483647 32067 544 -65536 -1 -1 -1 -1 -1 -1 -1 -1 -1 -1 -1 -1 -1 -1 -1 67108863 37475 448 4218976 480280580 -2046558936 -1878910944 -1308185003 1813889386 336665509 -612137055 -2061010202 -1075110155 307214272 4840 1325793599 16379 38563 1344 -285212672 -134168145 157503 -57844102 1900736695 -737182485 -293845061 4725 0 0 234897408 -1892361780 -1006231479 -224407562 2114980634 -793237613 543273447 147405329 9 0 1227096064 12229309 1279266884 406365582 764012818 -1610042388 -2002177760 -911523206 -340592624 -2 47448063 47220224 402805776 58737240 526544896 -638599080 -496 1473247487 -1073733825 1497694688 -1069490047 -2074018278 40131 1376 -2108771584 37914047 171053643 1337152376 155871024 -1800035047 61571659 -394060661 1174850 0 0 265622080 -363924053 1682441249 412058214 -14741276 -413968374 -470638547 19925587 119072 0 0 -258048 -260097 -1065877529 260449288 35366069 -536870256 -377345273 1906735137 -705019933 -1071517299 1883284885 -3314 1879572479 937462993 186133876 755521557 -1535159276 170726912 -2094348732 536874781 540128 41731 192 805306368 -941296466 33319 1023410176 612371804 545 
0
1
NDBR2P5
1
SET-1
0
1
14
-2147483647
48 1 16 5 0 1 0 -1 -1 41937 1 -1879048189 1 41937 
0
0
0
0
0
