1
0
1
ASSEMBLY
1
ELASTIC-HOLD-PLATE-1
ELASTIC-HOLD-PLATE
1
ELASTIC-HOLD-PLATE-1
14
-2147483646
0
48 1 16 5 0 1 0 -1 -1 3196 1 -1879048189 1 3196 
14
48 1 16 5 0 1 0 -1 -1 3196 1 -1879048189 1 3196 
0
1
ELASTIC-HOLD-PLATE-1
14
-2147483646
0
48 1 16 5 0 1 0 -1 -1 1499 1 -1879048189 1 1499 
14
48 1 16 5 0 1 0 -1 -1 1499 1 -1879048189 1 1499 
0
6
WHOLE_PART
0
1
0
1
ELASTIC-HOLD-PLATE-1
14
-2147483647
48 1 16 5 0 1 0 -1 -1 1499 1 -1879048189 1 1499 
0
XSYMM_SIDE
0
1
0
1
ELASTIC-HOLD-PLATE-1
56
169 170 171 172 173 174 175 176 177 178 179 180 181 182 183 184 185 186 187 188 189 700 701 705 708 717 718 720 722 724 725 726 727 728 729 730 731 732 733 734 735 736 737 738 739 740 803 807 812 824 826 829 832 842 888 917 
0
YSYMM_SIDE
0
1
0
1
ELASTIC-HOLD-PLATE-1
53
683 684 685 686 687 688 689 690 691 692 693 694 695 696 697 698 699 741 762 763 765 766 767 768 769 770 771 772 773 774 775 776 777 778 779 780 781 782 783 784 786 787 789 791 792 793 811 815 821 853 867 875 882 
0
ZSYMM_SIDE
0
1
0
1
ELASTIC-HOLD-PLATE-1
14
-2147483647
48 1 16 5 0 1 0 -1 -1 1499 1 -1879048189 1 1499 
0
_SURF-1_S5
0
2
0
1
ELASTIC-HOLD-PLATE-1
17
210 231 252 273 294 315 336 357 378 399 420 441 462 483 504 525 546 
0
_SURF-1_S6
0
2
0
1
ELASTIC-HOLD-PLATE-1
9
1 22 43 64 85 106 127 148 169 
0
1
ELASTIC-HOLD-PLATE-1
1
SET-1
0
1
14
-2147483647
48 1 16 5 0 1 0 -1 -1 1499 1 -1879048189 1 1499 
0
0
0
4
WHOLE_PART
0
1
0
1
ELASTIC-HOLD-PLATE-1
14
-2147483647
48 1 16 5 0 1 0 -1 -1 3196 1 -1879048189 1 3196 
0
XSYMM_SIDE
0
1
0
1
ELASTIC-HOLD-PLATE-1
114
3 4 6 7 17 20 49 50 51 52 53 54 55 56 57 58 59 60 61 62 63 64 65 66 67 68 105 106 107 108 109 110 111 112 113 114 115 116 117 118 119 120 121 122 123 124 301 302 303 304 305 306 307 308 309 310 311 312 313 314 315 316 317 318 319 320 321 322 323 324 325 326 327 328 329 330 331 332 333 334 465 466 467 468 469 470 471 472 473 474 475 476 477 478 479 480 481 482 483 484 485 486 487 488 489 490 491 492 493 494 495 496 497 498 
0
YSYMM_SIDE
0
1
0
1
ELASTIC-HOLD-PLATE-1
108
13 14 15 16 18 19 245 246 247 248 249 250 251 252 253 254 255 256 257 258 259 260 277 278 279 280 281 282 283 284 285 286 287 288 289 290 291 292 365 366 367 368 369 370 371 372 373 374 375 376 377 378 379 380 381 382 383 384 385 386 387 388 389 390 391 392 393 394 395 396 397 398 399 400 401 402 403 404 405 406 407 408 409 410 411 412 413 414 415 416 417 418 419 420 421 422 423 424 425 426 427 428 429 430 431 432 433 434 
0
ZSYMM_SIDE
0
1
0
1
ELASTIC-HOLD-PLATE-1
14
-2147483647
48 1 16 5 0 1 0 -1 -1 3196 1 -1879048189 1 3196 
0
1
ELASTIC-HOLD-PLATE-1
1
SET-1
0
1
14
-2147483647
48 1 16 5 0 1 0 -1 -1 3196 1 -1879048189 1 3196 
0
0
0
0
1
SURF-1
0
0
0
1
ELASTIC-HOLD-PLATE-1
0
0
2
S5
17
210 231 252 273 294 315 336 357 378 399 420 441 462 483 504 525 546 
S6
9
1 22 43 64 85 106 127 148 169 
