1
0
1
ASSEMBLY
1
NDBR6
NDBR6
1
NDBR6
14
-2147483646
0
48 1 16 5 0 1 0 -1 -1 136853 1 -1879048189 1 136853 
14
48 1 16 5 0 1 0 -1 -1 136853 1 -1879048189 1 136853 
0
1
NDBR6
14
-2147483646
0
48 1 16 5 0 1 0 -1 -1 121695 1 -1879048189 1 121695 
14
48 1 16 5 0 1 0 -1 -1 121695 1 -1879048189 1 121695 
0
6
BOTTOM_PART
0
1
0
1
NDBR6
14
-2147483647
48 1 16 5 0 1 0 -1 -1 900 1 -1879048189 5551 900 
0
HYDROGEN_SURFACE
0
1
0
1
NDBR6
1385
-2147483647
5532 1 16 1376 0 1 0 -1 -1 16127 379 -1879047811 -1610612353 -1879047806 -1610612348 -1879047801 -1610612343 -1879047796 -1342176882 -1879047790 -1342176876 -1879047784 -1342176870 -1879047778 -1342176864 -1879047772 -1342176858 -1879047766 -1342176852 -1879047760 -1342176846 -1879047754 -1342176840 -1879047748 -1342176834 -1879047742 -1342176828 -1879047736 -1342176822 -1879047730 -1342176816 -1879047724 -1610612266 -1879047719 -1610612261 -1879047714 -1879047712 -1610612254 -1610612251 -1610612248 -1610612245 -1610612242 -1610612239 -1610612236 -1610612233 -1610612230 -1610612227 -1610612224 -1610612221 -1610612218 -1610612215 -1610612212 -1610612209 -1610612206 -1610612203 -1610612200 -1610612197 -1610612194 -1610612191 -1610612188 -1610612185 -1610612182 -1879047635 -1879047633 -1610612175 -1342176716 -1879047624 -1879047622 -1610612164 -1342176705 -1879047613 -1879047611 -1610612153 -1342176694 -1879047602 -1879047600 -1610612142 -1342176683 -1879047591 -1879047589 -1610612131 -1342176672 -1879047580 -1879047578 -1610612120 -1342176661 -1879047569 -1879047567 -1610612109 -1342176650 -1879047558 -1879047556 -1610612098 -1342176639 -1879047547 -1879047545 -1610612087 -1342176628 -1879047536 -1879047534 -1879047532 -1879047530 -1879047528 -1879047526 -1342176612 -1610612064 -1879047517 -1879047515 -1879047513 -1879047511 -1342176597 -1610612049 -1879047502 -1879047500 -1879047498 -1879047496 -1342176582 -1610612034 -1879047487 -1879047485 -1879047483 -1879047481 -1342176567 -1610612019 -1879047472 -1879047470 -1879047468 -1879047466 -1342176552 -1610612004 -1879047457 -1879047455 -1879047453 -1879047451 -1342176537 -1610611989 -1879047442 -1879047440 -1879047438 -1879047436 -1342176522 -1610611974 -1879047427 -1879047425 -1879047423 -1879047421 -1342176507 -1610611959 -1879047412 -1879047410 -1879047408 -1879047406 -1342176492 -1610611944 -1879047397 -1342176483 -1610611935 -1342176476 -1610611928 -1342176469 -1610611921 -1342176462 -1610611914 -1342176455 -1610611907 -1342176448 -1610611900 -1342176441 -1610611893 -1342176434 -1610611886 -1342176427 -1610611879 -1342176420 -1610611872 -1342176413 -1610611865 -1342176406 -1610611858 -1342176399 -1342176395 -1879047303 -1342176389 -1879047297 -1342176383 -1879047291 -1342176377 -1879047285 -1342176371 -1879047279 -1342176365 -1879047273 -1879047271 -1342176357 -1610611809 -1879047262 -1879047260 -1879047258 -1610611800 -1342176341 -1879047249 -1879047247 -1342176333 -1610611785 -1879047238 -1879047236 -1879047234 -1610611776 -1342176317 -1879047225 -1879047223 -1342176309 -1610611761 -1879047214 -1879047212 -1879047210 -1610611752 -1342176293 -1879047201 -1879047199 -1342176285 -1610611737 -1879047190 -1879047188 -1879047186 -1610611728 -1342176269 -1879047177 -1879047175 -1342176261 -1610611713 -1879047166 -1879047164 -1879047162 -1610611704 -1342176245 -1879047153 -1879047151 -1342176237 -1610611689 -1879047142 -1879047140 -1879047138 -1610611680 -1342176221 -1879047129 -1879047127 -1342176213 -1610611665 -1879047118 -1879047116 -1879047114 -1610611656 -1342176197 -1879047105 -1879047103 -1342176189 -1610611641 -1879047094 -1879047092 -1879047090 -1610611632 -1342176173 -1879047081 -1879047079 -1342176165 -1610611617 -1879047070 -1879047068 -1879047066 -1610611608 -1879047061 -1879047059 -1879047057 -1879047055 -1879047053 -1610611595 -1342176136 -1879047044 -1879047042 -1879047040 -1879047038 -1879047036 -1879047034 -1879047032 -1879047030 -1879047028 -1879047026 -1610611568 -1342176109 -1879047017 -1879047015 -1879047013 -1879047011 -1879047009 -1879047007 -1879047005 -1879047003 -1879047001 -1879046999 -1610611541 -1342176082 -1879046990 -1879046988 -1879046986 -1879046984 -1879046982 -1879046980 -1879046978 -1879046976 -1879046974 -1879046972 -1610611514 -1342176055 -1879046963 -1879046961 -1879046959 -1879046957 -1879046955 -1879046953 -1879046951 -1879046949 -1879046947 -1879046945 -1610611487 -1342176028 -1879046936 -1879046934 -1879046932 -1879046930 -1879046928 -1879046926 -1879046924 -1879046922 -1879046920 -1879046918 -1610611460 -1342176001 -1879046909 -1879046907 -1879046905 -1879046903 -1879046901 -1879046899 -1879046897 -1879046895 -1879046893 -1879046891 -1610611433 -1342175974 -1879046882 -1879046880 -1879046878 -1879046876 -1879046874 -1879046872 -1879046870 -1879046868 -1879046866 -1879046864 -1610611406 -1342175947 -1879046855 -1879046853 -1879046851 -1879046849 -1879046847 -1879046845 -1879046843 -1879046841 -1879046839 -1879046837 -1610611379 -1342175920 -1879046828 -1879046826 -1879046824 -1879046822 -1879046820 -1879046818 1 61 66 155 5 841 216 1061 402 5 3071 310 3385 402 5 5395 172 5580 2 3 15 5625 17 5655 2 3 15 5700 17 5730 2 3 15 5775 17 5805 2 3 15 5850 17 5880 2 3 15 5925 17 5955 2 3 15 6000 17 6030 2 3 15 6075 17 6105 2 3 15 6150 17 6180 2 3 15 6225 17 6255 2 3 15 6300 17 6330 2 3 15 6375 17 6405 2 3 15 6450 66 6520 168 5 7360 127 7491 155 5 8266 87 8354 1 8362 2 3 8377 2 4 8389 2 3 8404 2 4 8416 2 3 8431 2 4 8443 2 3 8458 2 4 8470 2 3 8485 2 4 8497 2 3 8512 2 4 8524 2 3 8539 2 4 8551 2 3 8566 2 4 8578 2 3 8593 2 4 8605 2 3 8620 2 4 8632 2 3 8647 2 4 8659 2 3 8674 2 4 8686 2 3 8701 1 8704 163 8869 2 3 8882 2 2 3 8909 2 8912 5 9005 2 3 9018 2 2 3 9045 2 9048 5 9141 2 3 9154 2 2 3 9181 2 9184 5 9277 2 3 9290 2 2 3 9317 2 9320 5 9413 2 3 9426 2 2 3 9453 2 9456 5 9549 2 3 9562 2 2 3 9589 2 9592 5 9685 2 3 9698 2 2 3 9725 2 9728 5 9821 2 3 9834 2 2 3 9861 2 9864 5 9957 2 3 9970 2 2 3 9997 2 10000 5 10091 1 10093 2 10118 1 10121 3 10134 2 2 3 10141 2 5 10216 1 10218 2 10243 1 10246 3 10259 2 2 3 10266 2 5 10341 1 10343 2 10368 1 10371 3 10384 2 2 3 10391 2 5 10466 1 10468 2 10493 1 10496 3 10509 2 2 3 10516 2 5 10591 1 10593 2 10618 1 10621 3 10634 2 2 3 10641 2 5 10716 1 10718 2 10743 1 10746 3 10759 2 2 3 10766 2 5 10841 1 10843 2 10868 1 10871 3 10884 2 2 3 10891 2 5 10966 1 10968 2 10993 1 10996 3 11009 2 2 3 11016 2 5 11091 1 11093 2 11118 1 11121 3 11134 2 2 3 11141 2 5 11216 152 11377 1 2 7 11389 2 4 11404 1 2 7 11416 2 4 11431 1 2 7 11443 2 4 11458 1 2 7 11470 2 4 11485 1 2 7 11497 2 4 11512 1 2 7 11524 2 4 11539 1 2 7 11551 2 4 11566 1 2 7 11578 2 4 11593 1 2 7 11605 2 4 11620 1 2 7 11632 2 4 11647 1 2 7 11659 2 4 11674 1 2 7 11686 2 4 11701 1 2 7 11713 1 2 4 11719 2000 13833 2 152 116 31465 1974 33553 2 152 116 51185 2206 53505 2 170 116 73225 2206 75545 2 170 116 95265 1344 96622 1 2 53 96679 2 96709 1 96712 3 2 5 96784 2 6 96859 9 96874 7 96993 1 97002 2 5 97965 1 2 53 98022 2 98052 1 98055 3 2 5 98127 2 6 98202 9 98217 7 98336 1 98345 2 5 99308 1 2 53 99365 2 99395 1 99398 3 2 5 99470 2 6 99545 9 99560 7 99679 1 99688 2 5 100651 1 2 53 100708 2 100738 1 100741 3 2 5 100813 2 6 100888 9 100903 7 101022 1 101031 2 5 101994 1 2 53 102051 2 102081 1 102084 3 2 5 102156 2 6 102231 9 102246 7 102365 1 102374 2 5 103337 1 2 53 103394 2 103424 1 103427 3 2 5 103499 2 6 103574 9 103589 7 103708 1 103717 2 5 104680 1 2 53 104737 2 104767 1 104770 3 2 5 104842 2 6 104917 9 104932 7 105051 1 105060 2 5 106023 1 2 53 106080 2 106110 1 106113 3 2 5 106185 2 6 106260 9 106275 7 106394 1 106403 2 5 107366 1 2 53 107423 2 107453 1 107456 3 2 5 107528 2 6 107603 9 107618 7 107737 1 107746 2 5 108696 1300 110017 5 110052 1 110086 3 110094 2 110133 2 5 110154 1 2 27 110187 3 110191 4 110265 2 110268 5 110386 2 110389 1 111317 5 111352 1 111386 3 111394 2 111433 2 5 111454 1 2 27 111487 3 111491 4 111565 2 111568 5 111686 2 111689 1 112617 5 112652 1 112686 3 112694 2 112733 2 5 112754 1 2 27 112787 3 112791 4 112865 2 112868 5 112986 2 112989 1 113917 5 113952 1 113986 3 113994 2 114033 2 5 114054 1 2 27 114087 3 114091 4 114165 2 114168 5 114286 2 114289 1 115217 5 115252 1 115286 3 115294 2 115333 2 5 115354 1 2 27 115387 3 115391 4 115465 2 115468 5 115586 2 115589 1 116517 5 116552 1 116586 3 116594 2 116633 2 5 116654 1 2 27 116687 3 116691 4 116765 2 116768 5 116886 2 116889 1 117817 5 117852 1 117886 3 117894 2 117933 2 5 117954 1 2 27 117987 3 117991 4 118065 2 118068 5 118186 2 118189 1 119117 5 119152 1 119186 3 119194 2 119233 2 5 119254 1 2 27 119287 3 119291 4 119365 2 119368 5 119486 2 119489 1 120417 5 120452 1 120486 3 120494 2 120533 2 5 120554 1 2 27 120587 3 120591 4 120665 2 120668 5 120786 2 120789 1 
0
TOP_PART
0
1
0
1
NDBR6
14
-2147483647
48 1 16 5 0 1 0 -1 -1 900 1 -1879048189 7426 900 
0
TOP_SURFACE
0
1
0
1
NDBR6
75
7481 7482 7483 7484 7485 7541 7542 7543 7544 7545 7601 7602 7603 7604 7605 7661 7662 7663 7664 7665 7721 7722 7723 7724 7725 7781 7782 7783 7784 7785 7841 7842 7843 7844 7845 7901 7902 7903 7904 7905 7961 7962 7963 7964 7965 8021 8022 8023 8024 8025 8081 8082 8083 8084 8085 8141 8142 8143 8144 8145 8201 8202 8203 8204 8205 8261 8262 8263 8264 8265 8321 8322 8323 8324 8325 
0
WHOLE_PART
0
1
0
1
NDBR6
14
-2147483647
48 1 16 5 0 1 0 -1 -1 121695 1 -1879048189 1 121695 
0
ZSYMM
0
1
0
1
NDBR6
251
-2147483647
996 1 16 242 0 1 0 -1 -1 13011 71 -1610612663 -1879048116 -1610612658 -1342177199 -1879048107 -1610612649 -1610612646 -1879048099 -1879048097 -1879048095 -1879048093 -1879048091 -1879048089 -1879048087 -1879048085 -1879048083 -1879048081 -1879048079 -1879048077 -1879048075 -1879048073 -1879048071 -1879048069 -1879048067 -1879048065 -1879048063 -1879048061 -1879048059 -1879048057 -1879048055 -1879048053 -1879048051 -1879048049 -1879048047 -1879048045 -1879048043 -1610612585 -1879048038 -1610612580 -1610612577 -1879048030 -1610612572 -1879048025 -1610612567 -1879048020 -1610612562 -1879048015 -1610612557 -1879048010 -1610612552 -1879048005 -1610612547 -1879048000 -1610612542 -1879047995 -1610612537 -1879047990 -1610612532 -1879047985 -1610612527 -1879047980 -1610612522 -1879047975 -1610612517 -1879047970 -1610612512 -1610612509 -1342177050 -1342177046 -1879047954 -1879047952 5 644 5 3225 2 3231 464 5 5611 15 11 75 6436 16 6456 194 5 7430 179 5 8325 2 8336 1 8352 2 8363 1 8379 2 8390 1 8406 2 8417 1 8433 2 8444 1 8460 2 8471 1 8487 2 8498 1 8514 2 8525 1 8541 2 8552 1 8568 2 8579 1 8595 2 8606 1 8622 2 8633 1 8649 2 8660 1 8676 2 8687 1 8703 2 8714 2 16 9955 261 11341 2 9 11365 2 3 11377 1 11392 2 3 11404 1 11419 2 3 11431 1 11446 2 3 11458 1 11473 2 3 11485 1 11500 2 3 11512 1 11527 2 3 11539 1 11554 2 3 11566 1 11581 2 3 11593 1 11608 2 3 11620 1 11635 2 3 11647 1 11662 2 3 11674 1 11689 2 3 11701 1 11716 2 3 11728 2 15 29494 1972 2 19720 71022 2204 2 22040 107353 1343 120396 1300 
0
1
NDBR6
1
SET-1
0
1
14
-2147483647
48 1 16 5 0 1 0 -1 -1 121695 1 -1879048189 1 121695 
0
0
0
6
BOTTOM_PART
0
1
0
1
NDBR6
41
-2147483647
156 1 16 32 0 1 0 -1 -1 1248 8 -1342177270 -1342177266 -1879048174 -1342177260 -1879048168 -1879048166 -1879048164 -1879048162 3 2 2 3 21 4 2 43 94 4 109 14 2 28 513 80 1517 56 3901 452 10859 616 
0
HYDROGEN_SURFACE
0
1
0
1
NDBR6
784
-2147483647
3128 1 16 775 0 1 0 -1 -1 16901 32 -1073741790 -1073741747 -1073741724 -1073741714 -1073741687 -1073741682 -1073741665 -1073741660 -1073741649 -268435269 -1073741621 -1073741618 -1073741611 -1073741605 -1073741541 -1073741526 -1073741519 -1073741496 -1073741489 -1073741435 -1073741430 -1073741424 -1073741415 -1073741411 -1073741385 -1073741333 -1073741294 -1073741286 -1073741235 -1073741223 -1073741149 -1073741138 1 1312 -1 -1 -1 -1 255 -16 -1 -1 -1 -1 255 -16 -1 -1 -1 -262129 262143 -1 -1 -1 -4194049 -1 -1 -1048513 -1073676289 -1 -1 4095 15872 -1073678336 -1 -1 -1 -1 -1 -1 -1 -1 -1 -1 67108863 1569 672 -16 -1 -1 -1 -1 -1 -1 -1 -1 -1 -1 -1 -1 -1 -1 -1 -1 -1 -1 -1 16777215 2753 256 -4096 -1 -1 -1 -1 -1 -1 268435455 3425 800 -1 -1 -1 -1 -1 -1 -1 -1 -1 -1 -1 -1 -1 15 0 0 -1048576 -1 -1 -1 -1 -1 -1 -1 63 4353 96 -1 -1 -1 4609 480 -256 -1 -1 -1 -1 65535 0 -256 -1 -1 -1 -1 -1 -1 67108863 5281 96 -4096 -1 16777215 5505 288 -262144 -1 -1 1073741823 0 0 0 -1024 -1 6049 320 -32 262143 0 0 -524288 -1 -1 -1 -1 1023 6721 192 2 9440 -8192 -1 268435455 -16777216 -1 3 -33554432 -1 -1 -1 -1 3 16673 32 245760 16961 160 -8192 -1 -1 -1 262143 18593 128 -4 -1 -1 262143 19905 1984 -64 -1 -1 -1 -1 -1 -1 -1 -1 -1 -1 -1 -1 -1 -1 -1 -1 -1 -1 -1 -1 -1 -1 -1 -1 -1 -1 -1 -1 -1 -1 -1 -1 -1 -1 -1 -1 -1 -1 -1 -1 -1 -1 -1 -1 2047 0 -2 -1 -1 -1 -1 -1 -1 -1 -1 -1 -1 4095 -8388608 -1 511 22113 416 -134217728 511 -512 -1 -1 -1 -1 1073741823 0 0 0 -131072 8388577 22817 160 -524288 -1 -1 -1 2097151 39521 672 -65536 -1 -1 -1 -1 -1 -1 -1 -1 -1 -1 -1 -1 -1 -1 -1 -1 -1 -1 -1 268435455 42017 160 -4096 -1 -1 -1 268435455 43201 1664 -128 -1 -1 -1 -1 -1 -1 -1 -1 -1 -1 -1 -1 -1 -1 -1 -1 -1 1048575 0 0 0 -128 -1 -1 -1 -1 -1 -1 -1 -1 -1 -1 -1 -1 -1 -1 -1 -1 -1 -1 -1 -1 -1 -1 -1 -1 -1 -1 -1 -1 8388607 61697 96 -8192 -1 16383 61953 128 -256 1073741823 -131072 7 63361 224 -2048 -1 -1 -50331649 -1 -1 33554431 63969 64 -32 8191 64609 768 -16 -1 -1 -1 -1 -1 -1 -1 -1 -1 -1 -1 -1 -1071644673 -1 -1 -1 -1 -503316481 -481 -1 -1 32767 491520 65505 1600 -1024 -1 -1 -1 127 -33554432 -1 -1 -1 -1 -1 -1 -1 -1 -1 -1 -1 -1 -1 -1 -1 -1 -1 -1 -1 -1 -1 -1 -1 -1 -1 -1 -1 -1 -1 -1 -1 -1 -1 -1 -1 -1 -1 -1 -1 -1 -1 -1 -1 4095 85857 1184 -4096 3 -67108864 -520193 16777215 0 -1024 1073741823 -2097152 -239075331 -536870657 -1 -528941057 -1048449 -66585087 -483329 -65 -1040187393 -1 -1 -1 -1 511 0 -128 -65011713 -1 -1 -1 -1 2147483647 -16 2147483647 3705 0 0 4194048 87169 192 -1 -1 -1 -1 -1 8191 88385 1568 -8192 -1 -1 -1 -1 -1 -1 -1 -1 -1 -1 1073741823 0 -512 -1 -1 -1 -1 -1 -1 -1 -1 -1 -1 -1 -1 -1 2147483647 -12308 -1 -1073741825 -32 -1929379841 -130554626 -67113953 -8126465 -964816897 2136996991 2132270307 8126222 -16712705 -1310721 -4194305 -1008717825 526385147 0 0 -1073741824 33554431 90113 320 -2147483648 -1 -1 -1 2147483647 -524276 1048575 -4194273 -3670017 15 109025 2304 -4177920 -1 -1 -1 -1 -1 -1 -1 -1 49279 120 0 -1073741824 537379327 -33520768 -1 -16578561 1851328 -28672 -150896576 536076334 -935131384 -2013265949 2021515265 31600 209711168 16284 2129854 -2147483648 -126353251 268435455 7340032 -1294400 -535821835 -15745025 -1 -1834755 61951 1615298591 2037397504 -566231026 -2031617 6538239 -16777090 2113957919 -57820 -1 67108863 0 0 -4194304 16777215 8388604 2113929216 -491528 -229377 -264470415 2101123 -519049216 534465657 -143360 -1 -1 -1 -1 -1 -1 -1 -1 -1 -1 32767 111617 288 -256 -1 -1 2147483647 -1074051584 436200204 -100670465 -163725 131071 123169 2784 106954752 25776128 83673644 3145736 268441472 1616320568 1118324992 -1069580096 8685106 16483 524800 -127906816 -2147352451 142736135 1040580732 -2146958832 10763657 16484352 510 0 117477504 536903710 -533192580 -2111832065 29590424 929804 185073665 1610637320 -62914540 -193 -1 268435455 1086388224 524286 0 33554432 100786655 4124 655616 810516544 0 0 0 520373756 0 1695121408 376 -1 -1 -1 -1 -1 -1 -1 -1 -1 -1 -1 -1 -1 -1 -1 -1 -1 -1 -1 -1 -1 -1 -1 -1 -1 -1 -1 -1 -1 -1 -1 -1 -1 -1 1999 17038304 -134217224 134218239 -1626468304 1409352007 
0
TOP_PART
0
1
0
1
NDBR6
28
-2147483647
104 1 16 19 0 1 0 -1 -1 1248 5 -1879048185 -1342177271 -1879048179 -1879048177 -1879048175 25 8 605 4 2 28 649 108 4785 508 12147 616 
0
TOP_SURFACE
0
1
0
1
NDBR6
96
29 30 31 32 688 689 690 691 714 715 716 717 729 730 731 732 733 734 735 736 737 738 739 740 741 742 743 744 745 746 747 748 749 750 751 752 753 754 755 756 5237 5238 5239 5240 5241 5242 5243 5244 5245 5246 5247 5248 5249 5250 5251 5252 5253 5254 5255 5256 5257 5258 5259 5260 5261 5262 5263 5264 5265 5266 5267 5268 5269 5270 5271 5272 5273 5274 5275 5276 5277 5278 5279 5280 5281 5282 5283 5284 5285 5286 5287 5288 5289 5290 5291 5292 
0
WHOLE_PART
0
1
0
1
NDBR6
14
-2147483647
48 1 16 5 0 1 0 -1 -1 136853 1 -1879048189 1 136853 
0
ZSYMM
0
1
0
1
NDBR6
691
-2147483647
2756 1 16 682 0 1 0 -1 -1 13263 33 -1073741789 -1073741753 -268435377 -1073741713 -1073741697 -1073741689 -1073741678 -268435304 -1073741664 -1073741661 -1073741657 -1073741654 -1073741647 -1073741628 -1073741601 -1073741585 -1073741567 -1073741506 -1073741498 -1073741489 -1073741426 -1073741403 -1073741395 -1073741376 -1073741370 -1073741357 -1073741321 -1073741316 -1073741278 -1073741275 -1073741221 -1073741200 -1073741151 2 1088 761600795 1073219555 268304384 0 -128 -121 31 -2048 511 0 -128 7 -32 7 -32 131071 2147352576 -33538056 -2147483633 -134215681 2097151 -536854536 255 -2146959392 2147450881 0 0 -32 -1 -1 7 0 1610612736 96 1282 192 -33554432 -1 -1 -1 -1 524287 2210 448 2 768 -8388608 -1 -1 -1 -1 -1 -1 -1 -1 -1 -1 -1 -1 134217727 -134217728 -1 -1 -1 -1 -1 -1 -1 -1 -1 -1 -1 -1 2147483647 4194 448 -32 -1 -1 -1 2147483647 0 0 -2147483648 -1 -1 -1 -1 -1 127 5058 192 -33554432 -1 -1 -1 -1 524287 5474 288 -2097152 131071 0 0 -536870912 -1 -1 -1 511 6082 128 -131072 -1 -1 262143 6786 64 2 8288 -134217728 8388607 -1024 2097151 16162 32 218103807 16322 64 -2 131071 16674 32 98304 17090 160 -131072 -1 -1 -1 15 18274 544 -32 -1 -1 -1 -1 -1 -1 -1 -1 -1 1 0 0 -131072 -1 -1 32767 19138 800 -4096 -1 -1 -1 -1 -1 -1 -1 -1 -1 -1 -1 -1 -1 -1 -1 -1 -1 -1 -1 -1 -1 -1 -1 31 21762 448 -2048 4194303 0 -256 -1 -1 -1 -1 -1 -1 -1 67108863 -256 255 22338 512 -8192 -1 -1 -1 -1 -4194097 -1 -1 -1 -1 -1 -1 -1 -1 -1 262143 40162 1888 -134217728 -1 -1 -1 -1 -1 -1 -1 -1 -1 -1 -1 -1 -1 -1 -1 -1 -1 -1 -1 -1 -1 -1 -1 -1 -1 -1 -1 -1 -1 -1 -1 -1 -1 -1 -1 -1 -1 -1 -1 -1 -1 -1 -1 -1 -1 -1 -1 -1 -1 -1 -1 -1 -1 -1 -1 -1 -1 2047 43778 192 -524288 -1 -1 -1 -1 831 61954 224 1536 -536870912 65535 -4 -1 -1 3 62690 1952 -8192 -1 -1 -1 -1 -1 -1 -1 -1 -1 -1 -1 -1 -1 -1 -1 -1 -1 -1 -1 -1 1023 0 0 25165824 0 0 -16777216 -1 -1 -1 -1 -1 -1 -1 -1 -1 -1 -1 -1 15 -4096 -1 -1 -1 -1 -1 -1 -1 -1 -1 -1 -1 -1 -1 -1 -1 -1 -1 -1 7 65026 672 535822336 0 0 0 -1048576 268435455 240 0 0 -16384 -245761 -1 -1 -1 -1 511 0 0 0 -64 16777215 67074 192 -2048 -1 -1 -1 -1 31 85890 544 -2 33554431 260096 -8388608 -1 511 -536870912 1048575 119537665 268435328 0 264470528 524224 33292543 243200 32 520093696 86562 128 -256 -1 63 837812224 86818 352 -1073741824 7 -1073741824 -1805 -1 -1 -2097025 -1 -1 -1 2147483647 87330 1088 -4096 -1 -1 -1 -1 -1 -1 -1 -1 -1 -1 -1 -1 -1 -1 -1 -1 -1 -1 -1 -1 -1 -1 -1 -1 -1 -1 -1 -1 -1 -1 -1 -1 4095 88738 96 -536870912 -1 255 89250 1152 -1073741824 268299 0 -1610612736 15 -1182793248 65277312 100665840 20840448 482408448 1078985152 -1066135154 2143422584 8356832 655360 2097152 536864994 -254788086 -1 -1 536870911 -16777216 -1 -1 -1 -1 -1 1073741823 0 0 0 -1073741824 262137 2146959360 2097136 1835008 109026 32 2088448 109314 1664 -24640 -61 -1 536870911 -268689664 16760383 0 -2139194368 -925665 -2147469313 -2072035361 -268038168 467565691 1006632974 -1010757633 -15801 -104855585 -8143 -1064928 1073741823 63176625 -134217728 -3670017 647199 267910917 7872512 0 917473 2147452672 -807649296 -1018698753 283115512 1015808 -3269120 8388544 -1056978960 28909 0 -33554432 -1 -1 2097151 -8388608 -7 -1056964609 245763 266452992 132235207 -1050562 259524607 -32351805 71679 111298 608 -16384 -1 -1 -1 -1 -1 -1 -1 -1 -1 127 0 0 -1073741824 -1610457857 1929383547 50335232 81862 2031616 123170 1504 -53479424 -12888065 -41836823 -1572869 -134220737 -808160285 -559162497 -1612693601 2143141094 -8242 -262401 63953407 1073676225 -71368068 -520290367 1073479415 -5381829 -8242177 -256 -1 -58738753 -268451856 266596289 -1091567616 -14795213 2147018745 -92536833 -805318661 31457269 96 -268435456 -67108865 -543181825 -262144 -1 2130706431 -50393328 -2063 -327809 -405258273 -1 -1 -1 -260186879 -1 -847560705 2147483459 125762 224 -1000 -8519153 67108611 -67109120 813234151 -704676004 1 
0
1
NDBR6
1
SET-1
0
1
14
-2147483647
48 1 16 5 0 1 0 -1 -1 136853 1 -1879048189 1 136853 
0
0
0
0
0
