1
0
1
ASSEMBLY
2
CRACK-1
CRACK
PLATE-1
PLATE
2
CRACK-1
0
PLATE-1
14
-2147483646
0
48 1 16 5 0 1 0 -1 -1 1326 1 -1879048189 1 1326 
14
48 1 16 5 0 1 0 -1 -1 1326 1 -1879048189 1 1326 
0
2
CRACK-1
0
PLATE-1
14
-2147483646
0
48 1 16 5 0 1 0 -1 -1 1250 1 -1879048189 1 1250 
14
48 1 16 5 0 1 0 -1 -1 1250 1 -1879048189 1 1250 
0
5
SET-3
0
1
0
1
PLATE-1
25
1 2 3 4 5 6 7 8 9 10 11 12 13 14 15 16 17 18 19 20 21 22 23 24 25 
0
SET-4
0
1
0
1
PLATE-1
25
1226 1227 1228 1229 1230 1231 1232 1233 1234 1235 1236 1237 1238 1239 1240 1241 1242 1243 1244 1245 1246 1247 1248 1249 1250 
0
SET-5
0
1
0
1
PLATE-1
14
-2147483647
48 1 16 5 0 1 0 -1 -1 1250 1 -1879048189 1 1250 
0
_PICKEDSET6
0
2
0
1
PLATE-1
14
-2147483647
48 1 16 5 0 1 0 -1 -1 1250 1 -1879048189 1 1250 
0
_SURF-1_S3
0
2
0
1
PLATE-1
25
1226 1227 1228 1229 1230 1231 1232 1233 1234 1235 1236 1237 1238 1239 1240 1241 1242 1243 1244 1245 1246 1247 1248 1249 1250 
0
1
PLATE-1
1
SET-1
0
1
14
-2147483647
48 1 16 5 0 1 0 -1 -1 1250 1 -1879048189 1 1250 
0
0
0
5

0
2
0
1
PLATE-1
14
-2147483647
48 1 16 5 0 1 0 -1 -1 1326 1 -1879048189 1 1326 
0
SET-3
0
1
0
1
PLATE-1
26
1 2 3 4 5 6 7 8 9 10 11 12 13 14 15 16 17 18 19 20 21 22 23 24 25 26 
0
SET-4
0
1
0
1
PLATE-1
26
1301 1302 1303 1304 1305 1306 1307 1308 1309 1310 1311 1312 1313 1314 1315 1316 1317 1318 1319 1320 1321 1322 1323 1324 1325 1326 
0
SET-5
0
1
0
1
PLATE-1
14
-2147483647
48 1 16 5 0 1 0 -1 -1 1326 1 -1879048189 1 1326 
0
_PICKEDSET6
0
2
0
1
PLATE-1
14
-2147483647
48 1 16 5 0 1 0 -1 -1 1326 1 -1879048189 1 1326 
0
1
PLATE-1
2
 P       2
0
2
14
-2147483647
48 1 16 5 0 1 0 -1 -1 1326 1 -1879048189 1 1326 
0
0
SET-1
0
1
14
-2147483647
48 1 16 5 0 1 0 -1 -1 1326 1 -1879048189 1 1326 
0
0
0
0
1
SURF-1
0
0
0
1
PLATE-1
0
0
1
S3
25
1226 1227 1228 1229 1230 1231 1232 1233 1234 1235 1236 1237 1238 1239 1240 1241 1242 1243 1244 1245 1246 1247 1248 1249 1250 
