Analysis initiated from SIMULIA established products
Abaqus JOB Job-1
Abaqus 2023.HF4
Abaqus License Manager checked out the following licenses:
Abaqus/Standard checked out 8 tokens from Flexnet server lic-abaqus.aalto.fi.
<72 out of 100 licenses remain available>.
Begin Analysis Input File Processor
2024-08-13 5:00:23 PM
Run pre.exe
2024-08-13 5:00:30 PM
End Analysis Input File Processor
Begin Abaqus/Standard Analysis
2024-08-13 5:00:30 PM
Run standard.exe
2024-08-13 5:00:45 PM
Abaqus Error: Abaqus/Standard Analysis exited with an error - Please see the 
message file for possible error messages if the file exists.
Begin SIM Wrap-up
2024-08-13 5:00:46 PM
Run SMASimUtility.exe
2024-08-13 5:00:46 PM
End SIM Wrap-up
Abaqus/Analysis exited with errors
