1
0
1
ASSEMBLY
1
CHD4
CHD4
1
CHD4
14
-2147483646
0
48 1 16 5 0 1 0 -1 -1 41382 1 -1879048189 1 41382 
14
48 1 16 5 0 1 0 -1 -1 41382 1 -1879048189 1 41382 
0
1
CHD4
14
-2147483646
0
48 1 16 5 0 1 0 -1 -1 65708 1 -1879048189 1 65708 
16
56 1 16 7 0 1 0 -1 -1 65708 1 -1342177277 1 32854 2 100000 
0
5
BOTTOM_PART
0
1
0
1
CHD4
192
1713 1714 1715 1716 1717 1718 1719 1720 1721 1722 1723 1724 1725 1726 1727 1728 1729 1730 1731 1732 1733 1734 1735 1736 1737 1738 1739 1740 1741 1742 1743 1744 1745 1746 1747 1748 1749 1750 1751 1752 1753 1754 1755 1756 1757 1758 1759 1760 1761 1762 1763 1764 1765 1766 1767 1768 1769 1770 1771 1772 1773 1774 1775 1776 1777 1778 1779 1780 1781 1782 1783 1784 1785 1786 1787 1788 1789 1790 1791 1792 1793 1794 1795 1796 1797 1798 1799 1800 1801 1802 1803 1804 1805 1806 1807 1808 1809 1810 1811 1812 1813 1814 1815 1816 1817 1818 1819 1820 1821 1822 1823 1824 1825 1826 1827 1828 1829 1830 1831 1832 1833 1834 1835 1836 1837 1838 1839 1840 1841 1842 1843 1844 1845 1846 1847 1848 1849 1850 1851 1852 1853 1854 1855 1856 1857 1858 1859 1860 1861 1862 1863 1864 1865 1866 1867 1868 1869 1870 1871 1872 1873 1874 1875 1876 1877 1878 1879 1880 1881 1882 1883 1884 1885 1886 1887 1888 1889 1890 1891 1892 1893 1894 1895 1896 1897 1898 1899 1900 1901 1902 1903 1904 
0
HYDROGEN_SURFACE
0
1
0
1
CHD4
898
-2147483647
3584 1 16 889 0 1 0 -1 -1 8712 8 -1073741814 -1073741598 -268435209 -1073741533 -268435103 -1073741431 -1073741428 -1073741413 1 6848 -1426063361 -1431655766 -1431655766 -1431655766 -1431655766 -86 1476395007 1431655765 1431655765 1431655765 1431655765 -2796203 -1 -1 -1430257665 -1431655766 -1431655766 -1431655766 -1431655766 -1431655766 -1431655766 -1431655766 -1431655766 -1431655766 -1431655766 -1431655766 -1431655766 -22369622 -1 -1 1442840575 1431655765 1431655765 1431655765 1431655765 -171 -1 -1 -1431655745 -1431655766 -1431655766 -1431655766 -1431655766 -1431655766 -1431655766 -1431655766 -1431655766 -1431655766 -1431655766 -1431655766 -1431655766 -342 -1 -1 -1431655681 -1431655766 -1431655766 -1431655766 -5592406 1610612735 1761822746 -2119955168 -1996 101736719 1627787361 -2544 -1 -1 -1 -1 -1 -1 -1 -1 -1 1253407 0 -859832320 17 0 0 0 8 851968 1677721600 2 0 145816 0 0 0 65536 -1610612736 1 19584 0 1194524672 0 0 0 536870912 0 13312 160432128 0 1610612736 2278 0 0 0 1024 109051904 -33554432 -1 -1 -1 -1 -1 -1 -1 -1 14367 0 1044381696 4 1073741824 0 36864 41984 58720256 0 0 17380 0 1024 150994944 171966464 0 56 0 71188480 0 4194304 0 144 164 229376 0 -469762048 67 0 4 589824 671744 -2097152 -1 -1 -1 -1 -1 -1 -1 -1 -1 -1 -1 -1 -1 -1 -1 -1 -1 -1 -1 -1 -1 -1 -1 -1 -1 -1 -1 -1 -1 -1 -1 -1 -1 -1 -1 -1 -1 -1 -1 65535 82368 1367343104 3 0 8 0 0 28672 0 0 512 28672 536872960 -537133056 -142606333 3 2130182144 -1811922811 81954 7521 608 2574 445382656 0 1073741824 0 0 0 896 0 0 16 896 16777280 520085504 532414464 0 737656832 346030596 2561 8769 640 2 1280 1879048192 80 13918208 0 33554432 0 0 0 28 0 -2147483648 0 28 524290 16252672 16637952 0 559922688 145031184 80 -2088763392 2 434944 0 1048576 0 0 -536870912 0 0 67108864 -536870912 268435456 16384 507896 519936 0 -2129986064 -2142951424 2 11297 1920 -268435456 -1 -1 -1 -1 -1 -1 -1 -1 -1 -1 -1 -1 -1 -1 -1 -1 -1 -1 -1 -1 -1 -1 -1 -1 -1 -1 -1 -1 -1 -1 -1 -1 -1 -1 -1 -1 -1 -1 -1 16383 0 8 0 0 0 8192 48000 805437440 0 2637824 0 0 33554544 0 16642048 536854400 2130182144 4194373 129 13889 576 2 1280 2097152 0 0 0 -2147483648 -301989888 2 49160 0 161 0 29360128 2048 -1073741824 -33553417 32766 18217952 33816832 128 0 0 0 131072 768000 2097152 3 42205184 0 0 536872704 0 266272768 -264192 -276824063 67109975 2064 16417 32 33554432 16577 416 -536870904 46 786560 0 2576 0 469762048 32768 0 -536854660 524271 291487232 541069312 17633 15232 -4194304 -1 -1 -1 -1 -1 -1 -1 -1 -1 -1 -1 -1 -1 -1 -1 -1 -1 -1 -1 -1 -1 -1 -1 32767 6291456 1610612736 0 96 24576 6291456 1610612736 0 96 24576 6291456 1610612736 0 96 24576 6291456 1610612736 0 96 24576 6291456 1610612736 0 96 24576 6291456 1610612736 0 96 24576 6291456 1610612736 0 96 24576 6291456 1610612736 0 96 24576 6291456 1610612736 0 96 24576 6291456 1610612736 0 96 24576 6291456 1610612736 0 96 24576 6291456 1610612736 0 96 24576 6291456 1610612736 0 96 24576 6291456 1610612736 0 96 24576 6291456 1610612736 0 96 24576 6291456 1610612736 0 96 24576 6291456 1610612736 0 96 24576 6291456 1610612736 0 96 24576 6291456 1610612736 0 96 -8192 -1 -1 -1 -1 -1 -1 -1 -1 -1 -1 -1 -1 -1 -1 -1 -1 -1 -1 -1 -1 -1 -1 -1 127 24576 6291456 1610612736 0 96 24576 6291456 1610612736 0 96 24576 6291456 1610612736 0 96 24576 6291456 1610612736 0 96 24576 6291456 1610612736 0 96 24576 6291456 1610612736 0 96 24576 6291456 1610612736 0 96 24576 6291456 1610612736 0 96 24576 6291456 1610612736 0 96 24576 6291456 1610612736 0 96 24576 6291456 1610612736 0 96 24576 6291456 1610612736 0 96 24576 6291456 1610612736 0 96 24576 6291456 1610612736 0 96 24576 6291456 1610612736 0 96 24576 6291456 1610612736 0 96 24576 6291456 1610612736 0 96 24576 6291456 1610612736 0 96 24576 6291456 1610612736 0 -32 -1 -1 -1 -1 -1 -1 -1 -1 -1 -1 -1 -1 -1 -1 -1 -1 -1 -1 -1 -1 -1 -1 2147483647 0 96 24576 6291456 1610612736 0 96 24576 6291456 1610612736 0 96 24576 6291456 1610612736 0 96 24576 6291456 1610612736 0 96 24576 6291456 1610612736 0 96 24576 6291456 1610612736 0 96 24576 6291456 1610612736 0 96 24576 6291456 1610612736 0 96 24576 6291456 1610612736 0 96 24576 6291456 1610612736 0 96 24576 6291456 1610612736 0 96 24576 6291456 1610612736 0 96 24576 6291456 1610612736 0 96 24576 6291456 1610612736 0 96 24576 6291456 1610612736 0 96 24576 6291456 1610612736 0 96 24576 6291456 1610612736 0 96 24576 6291456 1610612736 0 96 24576 6291456 -536870912 -1 -1 -1 -1 -1 -1 -1 -1 -1 -1 -1 -1 -1 -1 -1 -1 -1 -1 -1 -1 -1 -1 -1 8388607 1610612736 0 96 24576 6291456 1610612736 0 96 24576 6291456 1610612736 0 96 24576 6291456 1610612736 0 96 24576 6291456 1610612736 0 96 24576 6291456 1610612736 0 96 24576 6291456 1610612736 0 96 24576 6291456 1610612736 0 96 24576 6291456 1610612736 0 96 24576 6291456 1610612736 0 96 24576 6291456 1610612736 0 96 24576 6291456 1610612736 0 96 24576 6291456 1610612736 0 96 24576 6291456 1610612736 0 96 24576 6291456 1610612736 0 96 24576 6291456 1610612736 0 96 24576 6291456 1610612736 0 96 24576 6291456 1610612736 0 96 24576 6291456 1610612736 0 96 24576 2097152 
0
TOP_PART
0
1
0
1
CHD4
192
1 2 3 4 5 6 7 8 9 10 11 12 13 14 15 16 17 18 19 20 21 22 23 24 25 26 27 28 29 30 31 32 33 34 35 36 37 38 39 40 41 42 43 44 45 46 47 48 49 50 51 52 53 54 55 56 57 58 59 60 61 62 63 64 65 66 67 68 69 70 71 72 73 74 75 76 77 78 79 80 81 82 83 84 85 86 87 88 89 90 91 92 93 94 95 96 97 98 99 100 101 102 103 104 105 106 107 108 109 110 111 112 113 114 115 116 117 118 119 120 121 122 123 124 125 126 127 128 129 130 131 132 133 134 135 136 137 138 139 140 141 142 143 144 145 146 147 148 149 150 151 152 153 154 155 156 157 158 159 160 161 162 163 164 165 166 167 168 169 170 171 172 173 174 175 176 177 178 179 180 181 182 183 184 185 186 187 188 189 190 191 192 
0
TOP_SURFACE
0
1
0
1
CHD4
16
23 24 47 48 71 72 95 96 119 120 143 144 167 168 191 192 
0
ZSYMM
0
1
0
1
CHD4
150
-2147483647
592 1 16 141 0 1 0 -1 -1 7158 44 -1610612690 -1610612687 -1879048140 -1610612682 -1610612679 -1879048132 -1610612674 -1879048127 -1879048125 -1879048123 -1879048121 -1879048119 -1879048117 -1879048115 -1879048113 -1879048111 -1879048109 -1879048107 -1879048105 -1879048103 -1879048101 -1879048099 -1879048097 -1879048095 -1879048093 -1879048091 -1879048089 -1879048087 -1879048085 -1879048083 -1879048081 -1879048079 -1879048077 -1879048075 -1879048073 -1879048071 -1879048069 -1879048067 -1879048065 -1879048063 -1879048061 -1879048059 -1879048057 -1342177143 1 96 2 194 103 2 400 2 403 279 2 962 95 2 1152 2 1155 375 2 1910 1 1913 2 1923 1 1926 2 1936 1 1939 2 1949 1 1952 2 1962 1 1965 2 1975 1 1978 2 1988 1 1991 2 2001 1 2004 2 2009 3 2017 1 2021 3 2029 1 2033 3 2041 1 2045 3 2053 1 2057 3 2065 1 2069 3 2077 1 2081 3 2089 1 2093 3 2101 1 3309 301 4682 268 10050 1275 16389 1266 20695 760 4 3800 
0
1
CHD4
3
SET-1
0
1
14
-2147483647
48 1 16 5 0 1 0 -1 -1 32854 1 -1879048189 1 32854 
0
0
SOLID
0
1
14
-2147483647
48 1 16 5 0 1 0 -1 -1 32854 1 -1879048189 1 32854 
0
0
VISUALIZATION
0
1
14
-2147483647
48 1 16 5 0 1 0 -1 -1 32854 1 -1879048189 32855 32854 
0
0
0
6
BOTTOM_PART
0
1
0
1
CHD4
37
-2147483647
140 1 16 28 0 1 0 -1 -1 351 3 -1073741819 -1073741816 -1073741801 1736 32 127 2280 416 -16384 -1 -1 -1 -1 -1 31 0 905969672 -4080 -1 33587079 66588640 3176 96 -32768 -1 268435455 
0
HYDROGEN_SURFACE
0
1
0
1
CHD4
562
-2147483647
2240 1 16 553 0 1 0 -1 -1 9582 22 -1073741800 -1073741774 -1073741758 -1073741750 -1073741722 -1073741711 -1073741681 -1073741676 -1073741651 -1073741641 -1073741624 -1073741583 -1073741578 -1073741558 -1073741540 -1073741536 -1073741528 -1073741496 -1073741478 -1073741437 -1073741386 -1073741325 1 768 1073741823 -4096 -1 1023 0 -8388608 -1 -1 15 0 -2147483648 -1 -1 -1 3 0 -1073741824 -1 134217727 1022 0 -1073741824 -1 536870911 993 448 -2048 -1 -1 -1 -1 -1 -1 33554431 -8323073 -1 -1 -1 -1 1 1633 192 491520 0 0 -16384 -1 262143 2049 832 -1 -1 -1 -1 -1 -1 -1 -2080769 2047 0 -16777216 -1 -1 -268701665 -1 -1 -155649 2147483647 -9280 67108863 -256 -1 -1 -1 -1 134217727 3265 288 283148240 -2138914224 536846335 524272 0 -1073610528 -2064488 -811864041 135047 3841 896 2147483644 1068617328 264306680 129024 33554432 -122880 1048575 0 0 1065353216 999667 -2620796 -133169153 -528476157 303167 -4096 -1 -1 -1 -1 -1 -1 268435455 0 0 0 -134217728 63 5761 96 524256 -306184192 1642330047 6049 736 -4 2057300287 -2140031744 2095104 -1690320896 291583 -1024 -1 1 0 66067840 1073741820 -1671938 -3601 -1 -1 -1 31 196608 0 -2080374780 335544324 338 7777 256 -1048576 -1 -1 -1 -1 -1 -1 15 8161 480 -33562369 -4073 -30401521 2143893463 -1883185945 -8388607 -1 82828799 -335908865 -314572929 67100671 -33554432 -10223617 67141631 2147483644 8769 1248 -1048576 -1 -1 -1 -1 -1216348161 1639972847 -1329936395 261951 32 -2048 -34305 -1 -1946148853 1 -134222079 -141572193 -1 -1 -1 -1 -1 -1 -1 -1 -1 -1 -1 -1 -1 -1 -1 -1 -1 -1 -1 -1 -1 262143 10753 96 -4194304 -1 1023 15425 576 -1079902208 1072713331 -299663378 -279642206 -134243081 -5 0 -6291456 -16777281 -131297 -1 31 1384120320 -9454230 -590405623 -208797697 -747634 1073741823 16161 512 -1492960544 -1 -1 7 0 -262144 -1 -1 -1 -1 -1 -1 -5 -66065 -31440625 247 17153 64 -16384 4095 17345 192 -256 -1 -1 -1 -1 15 17665 960 -1878982659 -57345 -1079246849 -357712193 -143134747 510 0 -64 -1 -1 -1 -1 -1 15 -2048 -2097153 -16322 -524289 -1207959553 8388605 -8 -2013331457 -1 -1 2139095295 -805332025 -134285341 -69761 2147405823 8463 23169 512 -4201472 -135296801 15 62914560 -201566214 81657407 -159237338 -1666134033 -1883784 -33554449 1826597878 -689905607 1925068743 1603764223 -270542853 -1612432387 23809 1248 -524181504 1072996348 935262199 -944373767 -167739389 -69189632 57811199 -1610612736 -228972 2147483594 -22065153 1615990871 6 -6813952 879 0 1073874944 1030225912 104 0 -65536 -1 -1 2097151 -268435456 -16777217 -134088685 239156722 -948961392 -839057652 362475515 -545526275 -436273990 931068927 -1017298964 1073470010 -82888194 -277879811 195007 27873 1568 -1018691585 -974111999 -2926 -131602 603455448 1139244159 1855348224 535627602 344515456 -193722525 2147483129 -140153860 517930997 -59014 270335 1589189688 1326766354 1939714705 47488878 623973050 1845688411 1126136474 495833814 -1677754368 939413095 -759548502 -1375734755 -1177583187 -62698968 215427017 285230079 1607842317 -820249665 -2101597234 754975616 -537919488 2017355666 -34615436 -587302913 -258530 3 -4591616 -3680257 -16385 -1 -1 -1 2101199 58888 32257 1888 -889192448 -2141816656 553589768 1428513468 439091063 2124867344 -2110778517 16089205 -769255424 2117275494 1374003095 -383905990 -1049039624 5255900 -1057168973 271683397 -1603207101 886228098 1678006472 1453560565 193091970 34822071 -374928351 -1876445451 -1663305352 1214227334 1562401086 -233909423 -661536735 1400461603 -134152578 2136468781 -554434817 1230824091 327661385 2145412096 1845321472 954710004 -1275441286 -393221 607150447 -153758850 9878507 -16 -1 -1 -1 2074148799 753292 -939520000 102760451 -1070481364 687297551 2140930019 -456946000 1339285279 -1844424242 -1677096953 -1609614947 36929 1664 -134217728 -75933451 -532192617 -1147661817 -857604865 -122236552 1135177301 1110129920 2000613758 856162800 -143524853 2099157688 -1191990289 -1480484973 2146674382 3 0 0 -15349 -52580353 690200728 -907023619 498237567 -553707946 -1124921116 -1694912770 -1542607922 -5315652 -33357825 1006165727 40 1578631168 -138418340 -800891266 -1716732165 -1948699945 -1745389643 -692221531 2067513824 -1885528065 739015839 2007755702 -308294147 -1081131103 -130108518 -15 1073741823 -100672582 -440611815 -18092553 1043639 3536 
0
TOP_NODES
0
1
0
1
CHD4
27
11 19 31 32 33 34 35 36 37 45 46 47 48 49 50 51 68 81 82 84 268 269 270 271 272 273 274 
0
TOP_PART
0
1
0
1
CHD4
14
-2147483647
48 1 16 5 0 1 0 -1 -1 351 1 -1879048189 1 351 
0
TOP_SURFACE
0
1
0
1
CHD4
27
11 19 31 32 33 34 35 36 37 45 46 47 48 49 50 51 68 81 82 84 268 269 270 271 272 273 274 
0
ZSYMM
0
1
0
1
CHD4
540
-2147483647
2152 1 16 531 0 1 0 -1 -1 7452 23 -268435431 -1073741783 -1073741772 -1073741764 -1073741749 -1073741732 -1073741721 -268435337 -1073741691 -1073741676 -1073741667 -1073741644 -1073741630 -1073741603 -1073741572 -1073741549 -1073741538 -1073741518 -1073741478 -1073741459 -1073741406 -1073741361 -1073741347 6 192 2 416 -16351 -1595932545 4671 -32 -1 262143 -536870912 -1 -1 2130837503 -8387633 264241159 742 288 -16777216 -1 -1 -1 -1 -1 -1 -1 63 1222 192 -134217728 -536084481 -524038 5887 65540064 8323072 1638 416 -16384 -1 134217727 0 0 -8192 -1 -1 -1 -1 -1 -1 134217727 2310 480 -64 -1 524287 0 0 134217600 -33587200 -1322516449 -16772306 -32761 134128097 -2097152 7 -64 255 3270 288 83902465 9961960 2130805504 9240 0 629416184 -1073726464 -2120665721 26882 3846 448 2080374784 1040347528 -8259584 -4033 4095 0 -256 -1 -1 1744830463 -536911752 1707 -532938752 63 4550 160 2 1152 -8388608 -1 -1 -1 4194303 -2048 -1 0 9437184 67108864 6054 416 1073741824 -98335464 -33161 -61377 33554943 0 0 0 -8388608 -1 63 0 49152 6598 224 -1 -6145 -536870913 1023 0 -2097152 134217727 8134 672 -134217728 1108607231 -2147483521 1074691871 -1006520767 -209585896 -1 33554431 131629328 10497272 -124387324 -1310209 1048575 320000 534772736 -67108864 -1 -1 -1 -1 32767 8934 384 -2109472768 1425145856 41560512 -8186 -2 63 1072 -1610612736 -207618305 -134217729 4194439 4424131 9990 800 -8192 -1 -1 -1 -1 -1 -1 -1 -1 -1 -1 -1 -1 -1 -1 -1 -1 -1 -1 -1 -1 -1 -1 -1 131071 15430 928 1644359168 -1912570484 -393288704 1082480642 541066008 -134217728 -1 196607 524290 4103 0 -1 -1385431041 -1341881836 18450175 -2006740992 23363 -33554432 -1 -1 -1 -1 -1 46655016 0 -1073741824 -1 -1 8191 16518 672 536870912 -2147483648 -2147481584 1074724343 -8 -1 -1 -1 -1 -1 -1 -1 -1 -1 -1 -1 -1 -1 -1 -1 511 17638 288 268435456 58718208 1792 33726464 -789588466 206979204 -16 -1 1 18054 576 -1 -1 63438847 143720448 510 16384 306184192 1073479680 0 62916608 0 0 -973078536 -511704287 4196800 2180 -2080372352 247 23174 1216 192 -2143255679 -1 803340287 6298944 -1881599986 4972578 991590784 -2147424780 1074790400 880870048 -1056900866 73403969 620971008 276889920 -402597376 -1 -1 -1 -1 419033855 1174428416 910295104 -519942144 -129467393 2145791 -1806600 1526726655 -1476393997 67108865 1074431360 -855806083 -268435329 -2147474489 -28 -1 1040183171 -1105936384 24518 544 -1073741824 -1 -1 1611137039 1749020735 2140009488 -1715175421 546314247 827506304 159391872 13633618 -1841297376 564401664 201335082 270927408 8683744 24624 27846 1632 134217600 -236601344 1775271463 -2013265829 939528208 115359745 -35601380 1821068559 -16738363 -413419293 811360196 469762064 1346557088 -1349974016 1845 1073733376 1829386142 2106022199 -1939630353 -1343661308 1725331306 -1399855043 1307509819 -15494661 -1019215873 -1371533940 300560082 -1836056481 -1170752526 -1340213842 127485633 -1753743904 83972655 -1987633118 -68542815 -23592989 1761640447 1547570371 1081732 152570944 -536862833 -1 143487 115008 512 0 0 -2147483648 -1073807487 -1841 134217727 32262 1376 1906311168 -67285953 410519327 1096275138 774676484 604670018 334035808 -502788 -915484865 1074161540 559977219 951521158 434387072 1187871849 1364727890 -478350460 -386107527 -1101438005 1147096377 -313891992 1134808371 -164667070 1085457286 461292096 -786882556 693928802 1360460094 -261312731 -1659145729 761558034 272625676 68173846 554180616 -1800070549 -43793899 -67044129 1553995015 775422032 -1438634880 12288 265974964 -2142744556 2147174944 33766 384 -2078214142 -204791 -503316609 -1999700991 -2114035201 -424655521 469966848 10060298 230770947 -1049682575 1361023735 452953601 36934 1664 1344274432 1076114744 -1057110805 35864431 966324248 1345997172 -35474291 233743895 2084964468 -1503150096 944009247 -2078864598 1647862432 -1967000765 -469736759 -1 -1 -1476395009 479 941167232 381084411 28344488 1326607356 -653785267 169371512 -1960299896 450859681 166114 1042432 -1105184503 -2 487538687 -2008940347 595453708 1932696136 -744376723 -203307966 -112585806 69607920 58922752 1319083035 339910818 -258801264 704873986 1883114083 0 805306360 808452386 1087510943 1074307216 2147451034 401 
0
1
CHD4
1
SET-1
0
1
14
-2147483647
48 1 16 5 0 1 0 -1 -1 41382 1 -1879048189 1 41382 
0
0
0
0
0
