1
0
1
ASSEMBLY
1
CHD4
CHD4
1
CHD4
14
-2147483646
0
48 1 16 5 0 1 0 -1 -1 138132 1 -1879048189 1 138132 
14
48 1 16 5 0 1 0 -1 -1 138132 1 -1879048189 1 138132 
0
1
CHD4
14
-2147483646
0
48 1 16 5 0 1 0 -1 -1 121695 1 -1879048189 1 121695 
14
48 1 16 5 0 1 0 -1 -1 121695 1 -1879048189 1 121695 
0
6
BOTTOM_PART
0
1
0
1
CHD4
14
-2147483647
48 1 16 5 0 1 0 -1 -1 720 1 -1879048189 6856 720 
0
HYDROGEN_SURFACE
0
1
0
1
CHD4
2009
-2147483647
8028 1 16 2000 0 1 0 -1 -1 18076 76 -1073741746 -1073741251 -1073741248 -1073741224 -1073741221 -1073741196 -1073741193 -1073741168 -1073741165 -1073741141 -1073741138 -1073741113 -1073741110 -1073741085 -1073741082 -1073741058 -1073741055 -1073741030 -1073741027 -268434569 -268434521 -268434471 -1073740747 -1073740679 -1073740676 -1073740660 -1073740640 -1073740637 -1073740621 -1073740618 -1073740602 -1073740599 -1073740584 -1073740581 -1073740565 -1073740545 -1073740542 -1073740526 -1073740523 -1073740449 -1073740446 -1073740426 -1073740423 -1073740403 -1073740400 -1073740379 -1073740376 -1073740356 -1073740353 -1073740333 -1073740330 -1073740310 -1073740307 -1073740287 -1073740284 -1073740264 -1073740261 -268433822 -1073740050 -1073739982 -1073739979 -1073739963 -1073739960 -1073739943 -1073739940 -1073739924 -1073739921 -1073739904 -1073739901 -1073739885 -1073739882 -1073739866 -1073739863 -1073739846 -1073739843 -1073739827 1 15776 -1 -2003828737 -2004318072 -2004318072 -2004318072 -2004318072 -2004318072 -2004318072 -2004318072 -2004318072 -2004318072 -2004318072 -2004318072 -2004318072 -2004318072 -2004318072 -2004318072 -2004318072 -2004318072 -2004318072 -2004318072 -2004318072 -7829368 -1 -1 536870911 286331153 286331153 286331153 286331153 286331153 286331153 286331153 286331153 286331153 286331153 286331153 286331153 286331153 286331153 286331153 286331153 286331153 286331153 286331153 -3823 -1 -1 -1 -1 -1 286331391 286331153 286331153 286331153 286331153 286331153 286331153 286331153 286331153 286331153 286331153 286331153 286331153 286331153 286331153 286331153 286331153 286331153 286331153 286331153 286331153 286331153 286331153 286331153 286331153 286331153 286331153 286331153 286331153 286331153 286331153 286331153 286331153 286331153 286331153 286331153 286331153 286331153 286331153 286331153 286331153 286331153 286331153 286331153 286331153 286331153 286331153 286331153 286331153 286331153 286331153 286331153 286331153 286331153 286331153 286331153 286331153 -15 -1 -1 -1 -1 -2095046657 274989072 1108115458 138514432 17314304 2164288 270536 536904729 1677725827 209715728 1099956290 137494536 -63 -1 -2003828737 -2004318072 -2004318072 -2004318072 -2004318072 -2004318072 -2004318072 -2004318072 -2004318072 -2004318072 -2004318072 -2004318072 -2004318072 -2004318072 -2004318072 -2004318072 -2004318072 -2004318072 -2004318072 -2004318072 -8 -1 -1 -1 -1 2147483647 1145324612 1145324612 1145324612 1145324612 1145324612 1145324612 1145324612 1145324612 1145324612 1145324612 1145324612 1145324612 1145324612 1145324612 1145324612 1145324612 1145324612 1145324612 1145324612 1145324612 1145324612 1145324612 1145324612 1145324612 1145324612 1145324612 1145324612 1145324612 1145324612 1145324612 1145324612 1145324612 1145324612 1145324612 1145324612 1145324612 1145324612 1145324612 1145324612 1145324612 1145324612 1145324612 1145324612 1145324612 1145324612 1145324612 1145324612 1145324612 1145324612 1145324612 1145324612 1145324612 1145324612 1145324612 1145324612 1145324612 -62634940 -1 -1 -1 -1 -1 -1996488705 -2004318072 -2004318072 -2004318072 -2004318072 -2004318072 -2004318072 -2004318072 -2004318072 -2004318072 -2004318072 -2004318072 -2004318072 -2004318072 -2004318072 -2004318072 -2004318072 -2004318072 -2004318072 -2004318072 -120 -1 -2147450881 444596250 1736704 -2147476864 444596250 1736704 -2147476864 444596250 1736704 -2147476864 -102 -1 -1 -1 -1 -1 -1 -1 8388607 2080 0 402653184 0 2013265920 0 0 536870912 8 0 1572864 0 7864320 0 0 136314880 0 0 6144 0 30720 0 0 532480 0 0 24 0 120 0 0 2080 0 402653184 0 2013265920 0 0 536870912 8 0 1572864 0 7864320 0 0 136314880 0 0 6144 0 30720 0 0 532480 0 0 24 0 120 0 0 2080 0 402653184 0 2013265920 0 0 -32768 -1 -1 -1 -1 -1 -1 -1 268443647 0 0 1581056 0 1966080 0 0 67108864 0 0 395264 0 491520 0 0 16777216 0 0 98816 0 122880 0 0 4194304 0 0 24704 0 30720 0 0 1048576 0 0 6176 0 7680 0 0 262144 0 0 1544 0 1920 0 0 65536 0 0 386 0 480 0 0 16384 0 -2147483648 96 0 120 0 0 4096 0 536870912 24 0 30 0 -134217728 -1 -1 -1 -1 -1 -1 -1 -1 -1 -1 -1 -1 -1 -1 -1 -1 -1 -1 -1 -1 -1 -1 -1 -1 -1 -1 -1 -1 -1 -1 -1 -1 -1 -1 -1 -1 -1 -1 -1 -1 -1 -1 -1 -1 -1 -1 -1 -1 -1 -1 -1 -1 -1 -1 -1 -1 -1 -1 -1 -1 -1 -1 -1 -1 -1 131071 0 16 0 65536 805306368 32768 49536 3407872 0 274432 0 0 256 0 0 125952 -12582912 67108855 -1073741824 4202575 17408 1024 16929 32 4 17153 704 32 33554432 0 0 32 393216 805306384 24 1664 0 134 0 536870912 0 0 -2147483648 61 -16783360 32767 167247872 -2147481596 -2147483640 19009 32 8388608 19233 736 67108864 0 16384 0 67108864 0 33554624 50724864 -805306368 0 281018368 0 0 262144 0 0 128974848 0 -8195 15 8470272 17825793 1048576 21121 32 4096 21345 736 32768 0 8 0 32768 402653184 16384 24768 1703936 0 137216 0 0 128 0 0 62976 -6291456 33554427 -536870912 2101287 8704 512 23233 32 2 23457 704 16 16777216 0 0 16 196608 402653192 12 832 0 67 0 268435456 0 0 -1073741824 30 -8391680 16383 83623936 1073742850 1073741828 25313 32 4194304 25537 736 33554432 0 8192 0 33554432 0 16777312 25362432 1744830464 0 140509184 0 0 131072 0 0 64487424 -2147483648 -4098 7 -2143248512 8912896 524288 27425 32 2048 27649 736 16384 0 4 0 16384 201326592 8192 12384 851968 0 68608 0 0 64 0 0 31488 -3145728 16777213 -268435456 1050643 4352 256 29537 32 1 29761 704 8 8388608 0 0 8 98304 201326596 6 416 -2147483648 33 0 134217728 0 0 1610612736 15 -4195840 8191 41811968 536871425 536870914 31617 32 2097152 31841 736 16777216 0 4096 0 16777216 0 8388656 12681216 872415232 0 70254592 0 0 65536 0 0 32243712 1073741824 -2049 3 1075859392 4456448 262144 33729 32 1024 33953 2816 -8192 -1 -1 -1 -1 -1 -1 -1 -1 -1 -1 -1 -1 -1 -1 -1 -1 -1 -1 -1 -1 -1 -1 -1 -1 -1 -1 -1 -1 -1 -1 -1 -1 -1 -1 -1 -1 -1 -1 -1 -1 -1 -1 -1 -1 -1 -1 -1 -1 -1 -1 -1 -1 -1 -1 -1 -1 -1 -1 -1 -1 -1 -1 -1 -1 -1 -2147482625 256 812908544 0 8388608 5 0 0 1537 0 0 16777216 262272 128 -8192 32767 66060288 0 0 1075843008 2359296 131072 38177 704 2 2112 134217760 16 50806784 0 1342701568 0 0 268435456 96 0 0 1048576 16392 8 -512 2047 4128768 0 0 67240188 147456 8192 8388610 1 3175424 0 83918848 0 0 16777216 6 0 0 -2147418112 -2147482624 0 -32 127 258048 0 -1073741824 4202511 9216 512 42369 736 2 2112 536870912 268959744 0 198464 0 5244928 0 0 1611661312 0 0 0 134221824 134217792 0 -2 7 16128 0 -67108864 262656 576 32 33554432 16809984 0 12404 0 327808 0 0 100728832 0 0 0 8388864 8388612 -536870912 2147483647 0 1008 0 264241152 16416 36 2 46593 704 4 2112 2097152 1050624 1073741824 775 0 20488 0 0 6295552 0 0 0 1074266128 524288 -33554432 134217727 0 63 0 16515072 1073742850 536870914 131072 65664 1946157056 48 -2147483648 1280 0 0 393472 0 0 0 67141633 32768 -2097152 8388607 -268435456 3 0 537903104 603979840 33554432 8192 4104 121634816 3 134217728 80 0 0 24592 0 0 268435456 4196352 2048 -131072 524287 1056964608 0 0 33618944 37748740 2097152 -2147483136 256 812908544 0 8388608 5 0 0 1537 0 0 16777216 262272 128 -8192 32767 66060288 0 0 1075843008 2359296 131072 55041 2112 -32 -1 -1 -1 -1 -1 -1 -1 -1 -1 -1 -1 -1 -1 -1 -1 -1 -1 -1 -1 -1 -1 -1 -1 -1 -1 -1 -1 -1 -1 -1 -1 -1 -1 -1 -1 -1 -1 -1 -1 -1 -1 -1 -1 -1 -1 -1 -1 -1 -1 -1 -1 262143 492 0 262144 0 268435472 1 -1015808 230686719 -1342177280 -2130181889 8388628 146 536870912 58241 32 524288 58401 448 4030464 0 -2147483648 0 131072 8704 268435456 -2 439 2094592 167969 1196048 0 1024 59937 576 1 0 0 0 -1342177280 7 0 4096 1073741824 71303168 0 -15872 3604479 -20971520 1376002051 1208090624 2 8388608 61601 32 8192 61761 448 62976 0 33554432 0 2048 136 -130023424 -536870913 6 -2080342056 1073744448 18688 0 16 63265 32 67108864 63425 448 515899392 0 0 64 16777216 1114112 0 -248 56319 268107776 21500032 153094144 0 131072 64961 32 128 65121 416 984 0 524288 0 536870944 2 -2031616 461373439 1610612736 34603519 16777257 292 1073741824 66625 32 1048576 66785 448 8060928 0 0 1 262144 17408 536870912 -4 879 4189184 335938 2392096 0 2048 68321 576 2 0 0 0 1610612736 15 0 8192 -2147483648 142606336 0 -31744 7208959 -41943040 -1542963193 -1878786048 4 16777216 69985 32 16384 70145 448 125952 0 67108864 0 4096 272 -260046848 -1073741825 13 134283184 -2147478399 37376 0 32 71649 32 134217728 71809 2304 -128 -1 -1 -1 -1 -1 -1 -1 -1 -1 -1 -1 -1 -1 -1 -1 -1 -1 -1 -1 -1 -1 -1 -1 -1 -1 -1 -1 -1 -1 -1 -1 -1 -1 -1 -1 -1 -1 -1 -1 -1 -1 -1 -1 -1 -1 -1 -1 -1 -1 -1 -1 -1 65535 744 8192 512 0 1024 8 -79104 1073741823 0 4030464 64 32772 0 256 0 0 1048576 128 75041 32 8388608 75233 576 380928 4194304 262144 0 524288 4096 -40501248 -1 127 2063597568 32768 16779264 0 131072 0 0 536870912 65536 76769 32 1 76929 576 195035136 -2147483648 134217728 0 268435456 2097152 738197504 -5 65535 0 16777462 1048576 2 67108864 0 0 0 33554496 78465 32 512 78625 608 1073741824 23 256 16 0 1073741856 0 -2472 33554431 0 125952 536870914 1024 0 8 0 0 32768 4 80161 32 262144 80353 576 11904 131072 8192 0 16384 128 -1265664 -1 3 64487424 1024 524352 0 4096 0 0 16777216 2048 81857 32 134217728 82049 576 6094848 67108864 4194304 0 8388608 65536 -648019968 -1 2047 -1342177280 524295 268468224 0 2097152 0 0 0 1048578 83585 32 16 83745 576 -1174405120 0 -2147483640 0 0 33554433 -1073741824 -78 1048575 0 268439392 16777216 32 1073741824 0 0 0 536871936 85281 32 8192 85473 576 372 4096 256 0 512 4 -39552 536870911 0 2015232 32 16386 0 128 0 0 524288 64 86977 32 4194304 87169 576 190464 2097152 131072 0 262144 2048 -20250624 -1 63 1031798784 16384 8389632 0 65536 0 0 268435456 32768 88673 32 -2147483648 88865 2208 -2 -1 -1 -1 -1 -1 -1 -1 -1 -1 -1 -1 -1 -1 -1 -1 -1 -1 -1 -1 -1 -1 -1 -1 -1 -1 -1 -1 -1 -1 -1 -1 -1 -1 -1 -1 -1 -1 -1 -1 -1 -1 -1 -1 -1 -1 -1 -1 -1 -1 -1 0 106496 49152 321 0 0 -939524096 15 -16768 134217727 16384 1179648 0 16384 0 0 134217728 8192 92161 544 8 1632 53248 -2147459072 160 0 0 -469762048 7 -8384 67108863 8192 589824 0 8192 0 0 67108864 4096 26624 1073754112 80 0 0 -234881024 3 -4192 33554431 4096 294912 0 4096 0 0 33554432 2048 13312 536877056 40 0 0 -117440512 1 -2096 16777215 2048 147456 0 2048 0 0 16777216 1024 6656 268438528 20 0 0 -58720256 0 -1048 8388607 1024 73728 0 1024 0 0 8388608 512 3328 134219264 10 0 0 2118123520 0 -524 4194303 512 36864 0 512 0 0 4194304 256 1664 67109632 5 0 0 1059061760 0 -262 2097151 256 18432 0 256 0 0 2097152 128 832 -2113928832 2 0 0 529530880 0 -131 1048575 128 9216 0 128 0 0 1048576 64 416 1090519232 1 0 0 264765440 -2147483648 -66 524287 64 4608 0 64 0 0 524288 32 105153 2112 -8388608 -1 -1 -1 -1 -1 -1 -1 -1 -1 -1 -1 -1 -1 -1 -1 -1 -1 -1 -1 -1 -1 -1 -1 -1 -1 -1 -1 -1 -1 -1 -1 -1 -1 -1 -1 -1 -1 -1 -1 -1 -1 -1 -1 -1 -1 -1 -1 -1 -1 -1 -1 6143 0 2097152 2109440 128 16777216 -1006632960 61 -23068672 2147483647 541196415 -2146435067 16 16777216 108321 32 8 108481 448 1 0 512 134218243 0 4096 64765952 0 -5632 133693439 5375008 17301760 0 4096 109953 32 8388608 110113 480 1048576 0 536870912 540016640 32768 0 1 15812 -1610612736 -2 1107328895 268436768 4224 0 1 111617 32 2048 111777 448 256 0 131072 131840 8 1048576 -599785472 3 -1441792 -134217729 1376002055 134283264 1 1048576 113249 32 -2147483648 113409 480 268435456 0 0 805306400 8388640 0 256 4047872 0 -352 8355839 335938 1081360 0 256 114913 32 524288 115073 448 65536 0 33554432 33751040 2048 268435456 1073741824 988 -369098752 -1 69208055 16777298 264 268435456 116577 32 128 116737 448 16 0 8192 -2147475408 0 65536 1036255232 0 -90112 2139095039 86000128 276828160 0 65536 118209 32 134217728 118369 480 16777216 0 0 50331650 524290 0 16 252992 0 -22 537393151 20996 67585 0 16 119873 32 32768 120033 448 4096 0 2097152 2109440 128 16777216 -1006632960 61 -23068672 2147483647 541196415 -2146435067 16 16777216 121537 32 8 
0
TOP_PART
0
1
0
1
CHD4
14
-2147483647
48 1 16 5 0 1 0 -1 -1 720 1 -1879048189 781 720 
0
TOP_SURFACE
0
1
0
1
CHD4
60
825 826 827 828 873 874 875 876 921 922 923 924 969 970 971 972 1017 1018 1019 1020 1065 1066 1067 1068 1113 1114 1115 1116 1161 1162 1163 1164 1209 1210 1211 1212 1257 1258 1259 1260 1305 1306 1307 1308 1353 1354 1355 1356 1401 1402 1403 1404 1449 1450 1451 1452 1497 1498 1499 1500 
0
WHOLE_PART
0
1
0
1
CHD4
14
-2147483647
48 1 16 5 0 1 0 -1 -1 121695 1 -1879048189 1 121695 
0
ZSYMM
0
1
0
1
CHD4
297
-2147483647
1180 1 16 288 0 1 0 -1 -1 13266 74 -1610612660 -1610612657 -1879048110 -1610612652 -1879048105 -1610612647 -1879048100 -1610612642 -1879048095 -1610612637 -1879048090 -1610612632 -1879048085 -1610612627 -1879048080 -1610612622 -1879048075 -1610612617 -1879048070 -1610612612 -1879048065 -1610612607 -1879048060 -1610612602 -1879048055 -1610612597 -1879048050 -1610612592 -1879048045 -1610612587 -1879048040 -1610612582 -1610612579 -1879048032 -1610612574 -1610612571 -1610612568 -1342177109 -1610612561 -1342177102 -1610612554 -1342177095 -1610612547 -1342177088 -1610612540 -1342177081 -1610612533 -1342177074 -1610612526 -1342177067 -1610612519 -1342177060 -1610612512 -1342177053 -1610612505 -1342177046 -1610612498 -1342177039 -1610612491 -1342177032 -1610612484 -1342177025 -1610612477 -1342177018 -1610612470 -1610612467 -1879047920 -1879047918 -1879047916 -1879047914 -1879047912 -1879047910 -1879047908 -1879047906 1 195 4 784 705 4 3614 1 3621 2 4 3643 1 3650 2 4 3672 1 3679 2 4 3701 1 3708 2 4 3730 1 3737 2 4 3759 1 3766 2 4 3788 1 3795 2 4 3817 1 3824 2 4 3846 1 3853 2 4 3875 1 3882 2 4 3904 1 3911 2 4 3933 1 3940 2 4 3962 1 3969 2 4 3991 1 3998 2 4 4020 1 4027 2 4 4039 179 4 4755 2 4760 524 4 6859 179 4 7575 3 2 7588 1 2 10 7601 2 2 7612 1 2 10 7625 2 2 7636 1 2 10 7649 2 2 7660 1 2 10 7673 2 2 7684 1 2 10 7697 2 2 7708 1 2 10 7721 2 2 7732 1 2 10 7745 2 2 7756 1 2 10 7769 2 2 7780 1 2 10 7793 2 2 7804 1 2 10 7817 2 2 7828 1 2 10 7841 2 2 7852 1 2 10 7865 2 2 7876 1 2 10 7889 2 2 7900 1 2 10 7913 2 2 7924 2 10 10168 248 12702 254 31865 2101 52938 2108 70139 1677 87161 1705 103545 1631 120044 1652 
0
1
CHD4
1
SET-1
0
1
14
-2147483647
48 1 16 5 0 1 0 -1 -1 121695 1 -1879048189 1 121695 
0
0
0
6
BOTTOM_PART
0
1
0
1
CHD4
70
-2147483647
272 1 16 61 0 1 0 -1 -1 1040 3 -1073741819 -1073741815 -268435431 5559 64 -1 1023 6775 448 -16777216 -1 -1 -1 -1 -1 -1 -1 -1 -1 -1 -1 -1 16777215 7447 512 2 2624 -1002339968 -2002747224 -1576926975 -1443855868 1737728 551305893 636477509 144834672 956301684 1082459140 68030810 536887374 486568960 6657 8388864 36 -16777216 -1 -1 -1 -1 -1 -1 -1 -1 -1 -1 -1 -1 -1 -1 63 
0
HYDROGEN_SURFACE
0
1
0
1
CHD4
1050
-2147483647
4192 1 16 1041 0 1 0 -1 -1 19144 18 -1073741804 -1073741724 -1073741711 -1073741702 -1073741676 -1073741649 -1073741630 -1073741612 -1073741524 -1073741376 -1073741311 -1073741239 -1073741105 -1073741095 -1073741018 -1073740988 -1073740968 -1073740907 1 2496 504821473 -430194803 1805252157 392970976 816340522 292732547 -854653279 722504545 350392945 1088734407 1439775136 -2055259649 2015849451 -836068648 447001652 -185598776 -1529929615 -875259936 63333376 -1769999389 -354815145 -1617694701 -1125490817 1971813862 -740295973 -2368080 2000642011 2130704374 1073037207 -1850438724 2126111434 -1250576468 -1478729729 -1845493790 -896786689 -1133707411 -112758275 -223215912 -306205058 -1092705420 1999355814 -1115685600 -41173025 -811302217 1803435839 -943065377 1528723551 -608534549 -100929921 -1879931525 -2031353839 -474154 -1 -1 -262081 -257 -1 -442966021 -538905367 -597723366 -289537926 -1107271798 -1 -1 16383 0 0 1290797056 2097887374 762473858 719064305 1077016035 -2054550096 2097830732 338319522 -756592230 623141226 2391373 4865 352 1913913344 848728939 293523985 -86415760 -2141273764 223605234 1265372316 806953833 -1842253601 449356509 8 5601 224 -1 -1 -1 -1 -1 -1 4095 6273 768 -256 -1 -1 -1 -1 -1 -1 -1 -1 -1 -1 -1 -1 -1 -1 15 -16384 -1 -1 -1 -1 -1 -1 1023 7329 800 -4096 -1 262143 -268435456 -536952841 -15745029 -67110917 -17041441 -688128002 -1056786 -33718297 -17860625 2113912442 -303038533 -4202561 -152305921 2134900715 -33591301 -150999554 -1 -1 -1 -1 -1 16383 11745 544 -128 1073741823 -1839466810 -2129962 -188162 -1 899909633 1074572354 1073737281 -1949302784 -508469521 1654413143 -1735955120 -422839854 -2134486476 570938448 143230590 13281 512 1140850688 256 268435456 1073742336 539295844 1236 0 1074921472 8454408 3752238 -240766822 47454656 75767812 285590545 807551250 147968 13985 2752 295813120 -781843567 -536853688 -1870578688 271057920 -2090727790 1114178 17902729 474288388 169937057 134381732 630194368 1073748314 1141596241 68813344 -1743650784 4 856064 547487842 1352795174 -1391310784 1107480719 1149502016 209717537 1631586050 553797857 604405896 1635783680 1610670336 268961981 -1004005167 205554193 -1073716992 -2139095040 268697602 1090879744 -2130706170 1429209730 268517392 -1879047680 66690 543754272 5275666 1117011968 572604426 1214475 2705474 4096 50331648 0 0 742592978 1815953842 791315714 -535773092 -1791874364 1081437378 1351902474 1009697588 68276254 -1478680520 1039664298 1540896528 1719023746 278053205 -845376320 1073927264 -766430508 1627962240 347607392 543163428 -1602223892 2254352 1208287270 1174474882 419906 537395410 -2075915510 34079808 1113589777 -1420901296 877682753 138614016 1083318866 -530963584 30730 20001 4672 -855359488 -733036921 644936430 -1740628093 1430392837 102318592 101848066 1090524164 536756429 -520120322 -31459265 1072234371 36859 1989984256 -1451006024 -1406412040 1436781912 -1606147193 -796941888 -359583706 -168778111 1468328744 -1710610395 -1543238995 1276384677 929135333 1590999527 307030279 1666172242 1108828448 1728263308 1526989210 1647483096 1583811625 -1531713108 1484969993 -1452960992 543601693 -502975879 -996229193 -1579916763 1091674646 1496974552 -7 -1 -1 -1 -1 -1 -1 -1 -1476399361 -319686145 543473149 1357037356 -47379041 1953230398 -136351825 -2080540193 -1925025973 -887133314 -271057957 1012725543 7225260 -50032101 -10994 -1 -1 -1190445057 1752301567 -1746900689 1037071328 1019959519 -18940017 -1214066828 1875808934 -620242462 -5940453 1676217809 -97583186 -917740 -1 -1728155667 -1409338093 456088326 -92425785 -268657198 -524726338 2122233682 -1232457997 2046185457 -700503144 1780953739 1244826783 -656097145 952590347 1686757187 2055445761 -1921000255 -1208631316 -3179013 -67848450 1606401365 -2228613 -4194433 -538444833 -536875051 2145353343 -1349263361 -1080123406 912686682 -717529665 -1149649677 1541781954 -9972433 1832886169 1004519229 -35209281 -277515683 1509276027 -288639092 -674250817 -105988225 -537461409 1875629933 -805381313 -834716741 2091974271 1364268584 1073898246 1213612535 -1509797856 862496336 620955784 16810048 -2010510847 939664849 -1059057376 276828674 -652397824 -2054689767 268512153 -2120758993 -150429438 303194602 21057 42209 2016 1497399296 1889800356 1213939741 640147921 -1123906644 -263331167 220713992 280552897 -1869363440 1117900371 619765391 -2140614217 -494146711 778606218 -1609132842 1905480109 1682325598 1438685219 -1125853824 -606572767 -901485885 713630471 596081601 -1332448812 1957093317 417145761 802660964 1583418131 943134224 862218530 -754740048 103614716 -462732465 -927 -1 -1 -1 -1 -1 -1 -1 -1 -1 -1 -1 -1 -1 -1 -1 -1 -1 -1 -1 -1 -1 -1 -1 -1 -1 -1 -1 -1 2147483647 44641 2240 492027904 -1277052009 941291215 -599060586 -1955428698 -1112714274 1912472313 721535858 -678215349 -391262209 -34110983 -1702887489 2078062591 -452145793 -1166091539 1707073678 -1595871457 -2117038083 -97847205 -1482644185 -1866636317 -1883739160 1610363996 -1430888674 1031354530 -1347864529 1588586843 -303074011 -356532585 -1142097925 -268607490 -785339921 -202137733 -1499719444 -292914698 -1103698769 695842683 775350236 -320343330 1138161354 904580504 1874654715 988229583 51340763 -557905176 1843134305 -1856202219 2103442770 -1351951572 -1798538307 -37299555 -1556654656 767474091 1044000025 2009988007 1531172183 -344566218 -1753946233 982956090 -1467443504 -1243935589 591871150 1262156228 -1190977599 1499463993 -1286827443 -1466606773 293682896 1623294595 275144930 64481 4224 -536870912 -1 -1 -1 -1 -1 -1 -1 -1 -1 -92274689 -1 -1 641728511 1792742090 -611373180 1117792514 621942986 -1606612771 1160498169 21496324 -1808424316 1793188060 9293458 275253764 -618962574 -1557984240 -2115431125 797872257 -782892350 -797816485 -1596908434 -1472723922 363931242 -89992303 -56682125 1139290928 -1324869371 2051217723 -659099802 1141990419 -1199770959 -1784122728 1519979748 2129137861 172637009 -1862265471 -1142141884 769120141 572629096 -1257402606 1862679169 1544190932 1942113684 4377168 -1908558659 1402837591 739617528 21041970 -1037185061 1631610752 900527813 -1312122191 2151000 523401281 -1508287069 2034566599 -885105566 1150122595 311034549 1209144505 1582526985 -1048027108 1289333303 718298210 -1135760056 -1766186304 678395672 -1095114277 -379934114 -832639318 826921537 888528807 1823497749 1290076388 37314976 -1217396940 -260475923 -1357264897 -1290027496 -68526018 1394765059 -1427389848 1792498791 -402409294 1078326946 -2003268628 -1876926104 -1077577950 -1029706251 1130059971 1177037957 1292809850 -1797908257 1816041356 392610765 345457979 1736058446 549137405 -1171265716 -1251568482 -1090842452 -248750633 847212589 -1024768611 -668298930 1397415854 539833967 1297132366 -1514283433 388662995 2090416121 1525615667 134931456 -524038353 -1814853241 -814692839 -987207942 -986594318 1494278103 2140189152 3 68897 256 -16 -1 -1 -1 -1 -1 -1 134217727 84609 2400 -256 -1 -1 -1 -1 -1 -1 -1 -1 -1 -1 -1 -1 -1 -1 -1 -1 -1 -1 -1 -1 -1 -1 -1 -1 -1 -1 -1 -1 -1 -1 -1 -1 -1 -1 -1 -1 -1 -1 -1 -1 -1 -1 -1 -1 -1 -1 -1 -1 -1 -1 -1 -1 -1 -1 -1 -1 -1 -1 -1 -1 -1 -1 -1 -1 -1 -1 -1 -1 -1 -1 -1 -1 -1 1048575 101857 896 711797760 -552750962 1340636092 -1999520900 -1687933062 -1385436345 -800207123 1908183980 1908265654 -40127611 -300236346 108774376 -180838287 -1 -1 -1 -1 -1 -1 -1 -1 -1 1023 0 0 -131072 -1 33554431 103297 576 -128 -1 1610612735 -424417860 751224213 -1971616435 1771046731 1464535102 -1415374802 1931459079 -1548377633 1569212706 -2235563 -983084673 958647224 -999887789 -1718756086 -335011322 104545 1888 -512 -1 -1 -1 -1 -1 -1 -1 -1 -1 -1 -1 -1 -1 -1 -1 -1 -1 -1 -1 -1 -1 -1 -1 -1 -1 -1 -1 -1 -1 -1709703169 198250676 -144048451 2082900953 -2039168197 434272199 -24667457 -839711432 1175964648 -1698597538 195291967 735893475 -1433743088 599690490 1598600300 -2019405013 -736567378 871115432 2019983033 -179622164 -707947524 1861480913 -626500669 2009964382 -652534617 -1038143671 -897980503 1842113771 3 120225 3904 1558093824 -1228448456 958464924 -1877639824 -143628163 -1438820523 -326113669 -1012926527 -459506260 -1211105332 828678142 -1704224903 465471835 -206834824 -1886204034 -2020855041 -473173004 1069468086 1485818495 1878693534 2126355695 -257711141 1069508821 1327099705 -147985756 -1787789318 -85266327 1103449074 -1099505073 -610732053 -751181644 1941526109 -1442845725 -608185960 1373666849 -206213242 -1493565739 -884602969 130784557 -1629487462 1983850332 -1940023641 -4374597 122100089 -13995288 -1082753284 -1211189393 -1232871754 1483598353 1276673678 625078735 -625119059 2014536385 -4438 -1 997080063 -668070169 -1755546349 -339350222 -542120705 1238789739 -1023023688 1850716054 2134621854 1220069743 -1428192209 -650169110 1422844871 2141179858 788492957 -172767780 -1481475870 -152103046 1591133387 -1170426886 267633046 -69034626 -631898275 -393375588 -707010988 -546334518 1590142927 309030974 -425757289 1532915441 -1150681442 -2023854147 720325951 1989402123 -1822113918 -4126137 -2106398799 -1796260513 -696322497 -583398580 -124903431 -363525371 -2022811528 939144680 -310984997 276028585 -222061916 -773292441 534932314 1980689231 530055035 -1955169322 -833405042 -464683662 454976841 1974713079 -903550295 -487611923 -416474472 -9580945 -239272557 -1749115404 -756292851 -1291420849 -1179186469 -2049568339 8286425 
0
TOP_PART
0
1
0
1
CHD4
108
-2147483647
424 1 16 99 0 1 0 -1 -1 1040 3 -1073741819 -1073741755 -1073741742 2 1984 1833967665 1219633288 276848649 138477584 21627492 -2138554368 -2146140028 537133618 33562634 8388614 2135104 536879112 -2147479296 268437572 2 -799539711 201326592 1083244544 132121088 -1874848734 -896491454 -1073043910 -2143157567 403859717 -2037118959 1627554314 7348226 -1071382526 1108480516 302088844 1276251928 553738536 536875008 83886154 235512084 -1532948375 -1574910463 1881278480 756025536 5933251 1279885349 1342268011 1094594705 134557736 -901757776 477300120 351291856 -1876868888 33686592 1213795 949715168 -327128 -1 -1 131071 128 0 671092994 1075753728 901362564 136380352 -1295529886 2146 352 269484032 51380224 302055491 553668608 524288 66024 134221824 0 574620676 1058818 1048736 2978 480 -8192 -1 -1 -1 -1 -1 -1 -1 -1 -1 -1 -1 -1 -1 134217727 
0
TOP_SURFACE
0
1
0
1
CHD4
80
15 80 94 114 136 149 176 201 212 225 259 328 332 334 367 424 446 482 510 513 540 562 587 600 601 602 603 604 632 665 667 679 712 738 774 801 896 939 945 955 965 979 1061 1084 1109 1122 1164 1185 1224 1298 1312 1319 1320 1367 1383 1394 1440 1446 1449 1462 1520 1571 1576 1580 1629 1875 1876 1905 1910 1913 1919 1949 1959 1971 1977 2216 2293 2314 2365 2473 
0
WHOLE_PART
0
1
0
1
CHD4
14
-2147483647
48 1 16 5 0 1 0 -1 -1 138132 1 -1879048189 1 138132 
0
ZSYMM
0
1
0
1
CHD4
991
-2147483647
3956 1 16 982 0 1 0 -1 -1 13628 20 -1073741802 -1073741722 -1073741709 -1073741704 -1073741686 -1073741678 -1073741658 -268435284 -1073741616 -1073741528 -1073741480 -1073741383 -1073741347 -1073741261 -1073741138 -268434704 -1073741042 -1073741036 -1073740996 -1073740966 2 2496 280265931 146808881 -885545753 -179773809 1470351594 1934004542 1500015855 2054601311 2140059335 -538075747 1431796523 1064231684 -1023645142 -1729580109 -139611659 1469054366 -1378127935 307609007 2117914078 -1394333730 135333462 808715970 -1593130912 1144782856 370147968 1184039 -1000341486 1028 -469483468 1009002529 -1048506862 692125737 -1408151552 562036742 445706240 164167753 56377857 109379731 153102464 269528645 67772420 557842447 18489360 405289988 138461216 472581120 271614480 35815434 50462912 948373504 -2071429345 200212 0 0 131040 0 0 -1926000640 269189259 -1790950157 -2136866878 545116178 0 0 -8192 -1 -1 -1178599425 -511974529 1801898287 1788181381 -538505953 -50661083 -1015361463 -1242901586 -1764927693 1165608910 910174 4866 352 5505024 603989512 134221845 66562 16780353 -2013262844 4194336 85197828 545390864 1762165760 1 5442 96 -32768 -1 2047 5794 512 -2048 -1 -1 -1 -1 -1 -1 -1 -1 -1 -1 -1 -1 -1 -1 127 7010 192 -512 -1 -1 -1 -1 7 7394 576 -131072 -1207959553 -1284394313 1082024002 173024755 -2085722539 -706835314 1460328121 17679006 -1040691442 1764176066 425200035 -1004463068 344862848 1348782090 -2092414941 79694232 1 8098 128 -8192 -1 -1 2047 11778 512 2 1504 -536870912 -1210973028 -1609547756 98240 0 -465683457 1610201566 -536868705 -1172832257 254234760 -827206572 -1279506089 -1936063722 -1080240411 -285469225 196820416 1064960 2097157 -2147483648 0 671110400 2048 0 72744960 167968832 176181568 100665088 1208221697 25232112 88080802 25182276 524288 13986 2752 805437442 335544322 34996224 268501028 -2147348111 671219714 1074069510 -2124414688 537461824 70152 1610613248 -2013252607 2293760 6 1346373765 4333572 -3 524415 75499522 8933384 2304 -1773665104 4 -787472384 4194320 -2013233152 -2080307184 67108928 360768 807403520 151060480 12800 4390962 10489857 1074021408 266777 1584 163840 0 512 1092747520 142737664 1107297794 2101248 33816872 9437248 8 134217730 16777216 0 -520093664 559707920 1235293444 -2132794346 17990096 -1608111432 1191463196 -1784327936 1097373793 -1735321952 537922628 1140874378 1410544642 1073840425 -427785899 419575178 301601100 5645317 171549226 -444510143 -624825983 -1970043903 -1492516828 -1719658232 1143345154 -1610332093 197152798 554436608 68190669 268659393 4719872 -2147450623 75502851 -889148270 75515907 3309600 20002 1472 427671552 -1780965188 1825015432 870314046 -715196419 -51159297 -50924034 1602221565 -268378215 260060160 15729632 1611366462 -18430 -994992129 -1421980637 -1444277629 1429092691 -1344410052 -1749012705 179791852 -2063094593 1413319275 855305197 771619497 1509291309 1682915981 1351983884 -153515140 -833086122 -554414225 -864131655 -763494606 1323742099 -791905813 765856553 -742484997 726480495 1875682801 251487939 498114596 -1357525267 -545837324 1398996371 -4194301 -1 33554431 21634 3040 738199680 159843072 -271736575 1468964969 -2123794128 1170868448 68175912 1040270096 -1184970662 443566656 135528978 -506362772 2143871017 -2122467598 5496 0 0 595222528 1271332864 -1274033304 1628947983 1637503888 -2138013640 -1540450235 -937904468 310121230 2970226 -838108905 -2098692056 458869 0 864077833 -1442814602 1919439484 -2101270756 -2013155050 -1885120480 1086366806 616228998 -1023092729 350251571 1257006778 1525070256 328048572 1671188474 1304105054 1119760767 -1186983521 604315657 -2145894142 33924224 1344282965 1114306 2097216 269222416 268437525 1074806976 -1472851968 -1607421946 1691140306 358764832 -1572658810 1376592670 4986216 1231040563 1645224033 17604640 138757841 -754638014 144319545 337125408 52994112 268730704 1209668681 402690656 417358370 -1045987136 -682134293 1610534524 -606806268 -1392584721 -431248169 -310477893 2139078623 1005255423 -469832425 -1617954961 -138414338 326198911 1027344883 2013227571 -1087104152 -2072268930 1995886346 5855 42210 1088 -748716032 1202583469 1540513777 -320073961 1635695145 -2015818065 2070681083 -140276449 934681719 1588549854 1837600952 1071617828 -1363539381 -388254534 804566420 -952740051 1306320848 -719342610 562926911 303286383 450742942 1790668412 -298040801 666224405 1168936989 -208572881 1746153165 -790660490 -471567113 -162673810 -1770113625 2095676289 233725532 463 44194 2688 -1073741824 -1 -1 -1 -1 -1 -1 -1 -1 -1 -1 -1 -1 -1 1901469695 772743732 -470645607 -1847953356 -1169769300 556357200 -956236157 1786715718 339107674 195647488 17055491 851443744 1108452352 226072896 -1563258231 1293946808 797935728 1066907649 48923602 741322094 -1214165490 -1205351925 -805181999 -1432037264 1631806382 673932264 1353190226 421086573 178266292 -1576434686 -1730193408 1475325722 -2046412989 -1397623927 146457348 551849384 -347921342 -387675119 -1987311984 -569080678 1695193395 1478591883 1653369112 -25670346 295729803 1225916495 -1210993923 -1051721385 676254313 899531297 -2128833871 778327327 1763746602 1625483635 1142489644 -765586092 172283108 -1270506436 -491477022 733721751 -1525515854 -295935576 1516405661 603877535 1397751651 643413725 -1414180134 2000642199 -811647298 399298446 64802 3872 50330624 0 0 -320864256 -894286182 1110984761 -595072170 1832317834 -2015265903 -580249085 -144965635 895823529 -359723135 -1213704010 -138200323 -1838010554 743340407 990597450 -399985217 -1756037474 130468690 260501832 -1414922776 874990786 44996150 -2119147194 1510665827 660337532 -2105265310 293863436 1500988914 -1551890905 -1272756558 1379105164 9133845 1791681104 -1216350913 537516509 1754533945 -823185719 556873812 -932396353 -641039851 -971321305 2035456651 14755203 -770625452 -377214333 1599804518 -1767827198 1230946349 1697219733 588943397 2146402899 1346814366 -1452060370 -1017873144 180408654 1438204046 1932193445 1522725281 -1865283847 254529264 -1718375740 1788285254 -1580127909 -1263341923 189284409 -1608443120 189966864 415269034 130695838 629407788 -911781659 -796033651 -1125970514 608698468 130237961 -1607263232 -1540218638 34262980 -697939590 713689803 -762310260 -885120602 1330447490 -1322014647 -1242575026 538264654 380897281 1582322062 -595334739 1501078592 -1333217388 1105245241 1884069529 1813273954 1212328152 -274576895 -1595921319 -1521698896 545421184 124375316 1723860969 -1626710751 -1813334694 1951563816 -278305592 1498906716 757403860 1919562774 1085498403 -1029150494 1945800127 -1919018895 907492156 -1740177165 -1653879422 491249154 -747171820 -1003116785 83362 2048 -16777216 -1 -1 -1 -1 -1 -1 -1 -1 -1 -1 -1 -1 -1 -1 -1 -1 -1 -1 -1 -1 -1 -1 -1 -1 -1 -1 -1 -1 -1 -1 -1 -1 -1 -1 -1 -1 -1 -1 127 0 0 268435456 545325056 -2113863168 33554440 1560297472 268445696 805306531 -2145320950 33570816 67108992 1073774720 142885520 32768 262144 32 32 545259650 278528 -1610579968 1279262976 54665728 288 86978 416 2 14880 -524288 -1 -1 -1 -1 -1 -1 -1 -1 -1 -1 -1 16383 -87462656 -1787222086 -669269471 -1147723199 843966530 692751068 -1747380087 -954091987 1193350884 -2089376195 -1124942052 2093096843 90419143 102562 128 -512 -1 -1 65535 103362 1216 -805306368 212208929 1771871541 985824633 -885523238 -732267552 774797288 1182016252 -1372246256 1497095022 1650261 -582199471 1668161059 -1613985322 -1153887878 -1711542532 -1 -1 -1 -1 -1 -1 -1 -1 -1 -1 -1 -1 -1 -1 -1 -1 -1 -1 -1 -1 -1 255 105506 896 -1158414336 2065137573 608895393 1106033171 1022205538 1930347548 -2097401180 -1727627933 -51111413 849298768 -96564640 -367944674 -1430612097 -299845246 1348183497 -1137781142 -1644982232 1711925931 -741555037 -2057668471 890844805 1216743319 -756297186 1142501456 326267820 536111195 -1698485205 1763298698 120226 3904 -779047936 -1533259421 -479232463 938819911 71814081 719410261 230165698 -1641020385 -1917730519 -1541930983 1741533184 852112451 -232734894 -2044066237 943102016 -1137056128 -1910897139 1612749604 -742909248 1208136880 1084305800 128855570 1612729237 -663549853 -2073490771 893894658 -2104850485 1595759110 549752536 -1842117622 375590821 1176720849 -1426060786 304092979 -686833425 103106620 746782869 442301484 -65392279 -1332739918 1155558481 970011820 2187298 -61050045 -2140486005 541376641 -1541888952 616435876 -741799177 1509147832 1834944280 312559529 -1007268193 -128854 -1 1648943871 334035084 -1269710474 169675110 271060352 -619394870 -1635971677 -925358028 1080172720 1537448776 -1433387544 325084554 -711422436 1076893718 -394246479 -1926882031 -1406745714 76051522 -795566694 -1562270206 -133816524 34517312 -1831534511 -1950795855 -1793978155 273167258 -795071464 1992968160 212878644 -766195577 575340720 1011927073 1787320672 -994701062 911056958 2063069 1053199399 898130256 -1799322400 291699289 62451715 -1965720963 -1135946813 1677911307 155492498 -138014293 111030957 -1760837428 1880017490 1157139032 -265027518 -1169898988 -1730781128 232341830 1919999323 1160127108 451775147 -1903677655 208237235 4790472 -2027847370 874557701 378162809 645710424 589593235 1024784169 51091 
0
1
CHD4
1
SET-1
0
1
14
-2147483647
48 1 16 5 0 1 0 -1 -1 138132 1 -1879048189 1 138132 
0
0
0
0
0
