1
0
1
ASSEMBLY
1
CUBE-1
CUBE
1
CUBE-1
14
-2147483646
0
48 1 16 5 0 1 0 -1 -1 1331 1 -1879048189 1 1331 
14
48 1 16 5 0 1 0 -1 -1 1331 1 -1879048189 1 1331 
0
1
CUBE-1
14
-2147483646
0
48 1 16 5 0 1 0 -1 -1 1000 1 -1879048189 1 1000 
14
48 1 16 5 0 1 0 -1 -1 1000 1 -1879048189 1 1000 
0
3
SET-1
0
1
0
1
CUBE-1
100
10 20 30 40 50 60 70 80 90 100 110 120 130 140 150 160 170 180 190 200 210 220 230 240 250 260 270 280 290 300 310 320 330 340 350 360 370 380 390 400 410 420 430 440 450 460 470 480 490 500 510 520 530 540 550 560 570 580 590 600 610 620 630 640 650 660 670 680 690 700 710 720 730 740 750 760 770 780 790 800 810 820 830 840 850 860 870 880 890 900 910 920 930 940 950 960 970 980 990 1000 
0
SET-2
0
1
0
1
CUBE-1
100
1 11 21 31 41 51 61 71 81 91 101 111 121 131 141 151 161 171 181 191 201 211 221 231 241 251 261 271 281 291 301 311 321 331 341 351 361 371 381 391 401 411 421 431 441 451 461 471 481 491 501 511 521 531 541 551 561 571 581 591 601 611 621 631 641 651 661 671 681 691 701 711 721 731 741 751 761 771 781 791 801 811 821 831 841 851 861 871 881 891 901 911 921 931 941 951 961 971 981 991 
0
SET-3
0
1
0
1
CUBE-1
22
-2147483647
80 1 16 13 0 1 0 -1 -1 360 3 -1879048187 -1342177273 -1879048181 1 110 191 20 7 100 891 110 
0
1
CUBE-1
1
SET-1
0
1
14
-2147483647
48 1 16 5 0 1 0 -1 -1 1000 1 -1879048189 1 1000 
0
0
0
3
SET-1
0
1
0
1
CUBE-1
121
11 22 33 44 55 66 77 88 99 110 121 132 143 154 165 176 187 198 209 220 231 242 253 264 275 286 297 308 319 330 341 352 363 374 385 396 407 418 429 440 451 462 473 484 495 506 517 528 539 550 561 572 583 594 605 616 627 638 649 660 671 682 693 704 715 726 737 748 759 770 781 792 803 814 825 836 847 858 869 880 891 902 913 924 935 946 957 968 979 990 1001 1012 1023 1034 1045 1056 1067 1078 1089 1100 1111 1122 1133 1144 1155 1166 1177 1188 1199 1210 1221 1232 1243 1254 1265 1276 1287 1298 1309 1320 1331 
0
SET-2
0
1
0
1
CUBE-1
121
1 12 23 34 45 56 67 78 89 100 111 122 133 144 155 166 177 188 199 210 221 232 243 254 265 276 287 298 309 320 331 342 353 364 375 386 397 408 419 430 441 452 463 474 485 496 507 518 529 540 551 562 573 584 595 606 617 628 639 650 661 672 683 694 705 716 727 738 749 760 771 782 793 804 815 826 837 848 859 870 881 892 903 914 925 936 947 958 969 980 991 1002 1013 1024 1035 1046 1057 1068 1079 1090 1101 1112 1123 1134 1145 1156 1167 1178 1189 1200 1211 1222 1233 1244 1255 1266 1277 1288 1299 1310 1321 
0
SET-3
0
1
0
1
CUBE-1
22
-2147483647
80 1 16 13 0 1 0 -1 -1 440 3 -1879048187 -1342177273 -1879048181 1 132 232 22 8 121 1200 132 
0
1
CUBE-1
5
BOT_NODES
0
1
4
11 121 1221 1331 
0
0
LEFT_NODES
0
1
4
1211 1221 1321 1331 
0
0
RIGHT_NODES
0
1
4
111 121 1321 1331 
0
0
SET-1
0
1
14
-2147483647
48 1 16 5 0 1 0 -1 -1 1331 1 -1879048189 1 1331 
0
0
TOP_NODES
0
1
4
1 111 1211 1321 
0
0
0
0
0
