1
0
1
ASSEMBLY
1
NDBR6-M-1
NDBR6-M
1
NDBR6-M-1
14
-2147483646
0
48 1 16 5 0 1 0 -1 -1 64755 1 -1879048189 1 64755 
14
48 1 16 5 0 1 0 -1 -1 64755 1 -1879048189 1 64755 
0
1
NDBR6-M-1
14
-2147483646
0
48 1 16 5 0 1 0 -1 -1 55232 1 -1879048189 1 55232 
14
48 1 16 5 0 1 0 -1 -1 55232 1 -1879048189 1 55232 
0
6
SET-1
0
1
0
1
NDBR6-M-1
14
-2147483647
48 1 16 5 0 1 0 -1 -1 384 1 -1879048189 1409 384 
0
SET-2
0
1
0
1
NDBR6-M-1
206
-2147483647
816 1 16 197 0 1 0 -1 -1 7395 52 -1610612682 -1342177223 -1610612675 -1879048128 -1610612670 -1879048123 -1879048121 -1879048119 -1879048117 -1879048115 -1879048113 -1879048111 -1879048109 -1879048107 -1879048105 -1879048103 -1879048101 -1879048099 -1879048097 -1879048095 -1879048093 -1879048091 -1879048089 -1879048087 -1879048085 -1879048083 -1879048081 -1879048079 -1610612621 -1610612618 -1610612615 -1879048068 -1342177154 -1342177150 -1342177146 -1342177142 -1342177138 -1342177134 -1342177130 -1342177126 -1342177122 -1342177118 -1342177114 -1342177110 -1342177106 -1342177102 -1342177098 -1879048006 -1879048004 -1879048002 -1610612544 -1879047997 4 352 4 1433 8 12 32 1796 351 4 3200 2 3205 95 4 3586 3 3596 2 3606 1 3612 3 3622 2 3632 1 3638 3 3648 2 3658 1 3664 3 3674 2 3684 1 3690 3 3700 2 3710 1 3716 3 3726 2 3736 1 3742 3 3752 2 3762 1 3768 3 3778 2 3788 2 5 3801 95 8 4568 96 8 5336 1 5340 2 2 11 5355 1 2 8 5367 2 2 11 5382 1 2 8 5394 2 2 11 5409 1 2 8 5421 2 2 11 5436 1 2 8 5448 2 2 11 5463 1 2 8 5475 2 2 11 5490 1 2 8 5502 2 2 11 5517 1 2 8 5529 2 2 11 5544 1 8576 433 27657 2664 30328 2664 8 54783 450 
0
SET-3
0
1
0
1
NDBR6-M-1
14
-2147483647
48 1 16 5 0 1 0 -1 -1 384 1 -1879048189 3201 384 
0
SET-4
0
1
0
1
NDBR6-M-1
32
3245 3246 3247 3248 3293 3294 3295 3296 3341 3342 3343 3344 3389 3390 3391 3392 3437 3438 3439 3440 3485 3486 3487 3488 3533 3534 3535 3536 3581 3582 3583 3584 
0
SET-5
0
1
0
1
NDBR6-M-1
14
-2147483647
48 1 16 5 0 1 0 -1 -1 384 1 -1879048189 3201 384 
0
SET-6
0
1
0
1
NDBR6-M-1
32
3245 3246 3247 3248 3293 3294 3295 3296 3341 3342 3343 3344 3389 3390 3391 3392 3437 3438 3439 3440 3485 3486 3487 3488 3533 3534 3535 3536 3581 3582 3583 3584 
0
1
NDBR6-M-1
1
SET-36
0
1
14
-2147483647
48 1 16 5 0 1 0 -1 -1 55232 1 -1879048189 1 55232 
0
0
0
6
SET-1
0
1
0
1
NDBR6-M-1
40
-2147483647
152 1 16 31 0 1 0 -1 -1 585 9 -1879048181 -1879048179 -1879048177 -1342177263 -1879048171 -1879048169 -1879048167 -1879048165 -1879048163 1 2 5 1 8 5 41 3 2 92 232 7 246 71 1693 21 1735 241 5036 231 
0
SET-2
0
1
0
1
NDBR6-M-1
149
-2147483647
588 1 16 140 0 1 0 -1 -1 7690 40 -1342177238 -1342177234 -1610612686 -1342177227 -1610612679 -1342177220 -1879048128 -1879048126 -1342177212 -1342177208 -1879048116 -1879048114 -1879048112 -1879048110 -1879048108 -1879048106 -1879048104 -1879048102 -1879048100 -1879048098 -1879048096 -1879048094 -1879048092 -1879048090 -1879048088 -1879048086 -1342177172 -1879048080 -1342177166 -1879048074 -1879048072 -1879048070 -1879048068 -1879048066 -1879048064 -1879048062 -1879048060 -1879048058 -1879048056 -1879048054 2 2 2 3 11 2 3 3 22 2 2 26 2 3 4 37 2 3 44 43 2 92 239 14 263 7 273 11 2 22 320 43 2 92 515 14 543 11 568 18 605 12 624 5 659 11 677 18 720 11 749 14 802 16 828 5 1392 301 1899 77 2535 301 2944 77 3149 35 3548 77 2 231 4098 35 9397 2555 2 6867 19440 376 20313 133 20603 178 20931 73 21011 35 21124 65 21191 1 21194 2 21200 4 21206 2 21681 361 
0
SET-3
0
1
0
1
NDBR6-M-1
38
-2147483647
144 1 16 29 0 1 0 -1 -1 585 7 -1342177271 -1879048179 -1342177265 -1342177261 -1879048169 -1879048167 -1879048165 15 2 2 3 21 4 363 3 2 92 501 7 2 14 529 64 2857 262 6170 231 
0
SET-4
0
1
0
1
NDBR6-M-1
45
21 22 23 24 540 541 542 565 566 567 579 580 581 582 583 584 585 586 587 588 589 590 591 592 3098 3099 3100 3101 3102 3103 3104 3105 3106 3107 3108 3109 3110 3111 3112 3113 3114 3115 3116 3117 3118 
0
SET-5
0
1
0
1
NDBR6-M-1
38
-2147483647
144 1 16 29 0 1 0 -1 -1 585 7 -1342177271 -1879048179 -1342177265 -1342177261 -1879048169 -1879048167 -1879048165 15 2 2 3 21 4 363 3 2 92 501 7 2 14 529 64 2857 262 6170 231 
0
SET-6
0
1
0
1
NDBR6-M-1
45
21 22 23 24 540 541 542 565 566 567 579 580 581 582 583 584 585 586 587 588 589 590 591 592 3098 3099 3100 3101 3102 3103 3104 3105 3106 3107 3108 3109 3110 3111 3112 3113 3114 3115 3116 3117 3118 
0
1
NDBR6-M-1
1
SET-36
0
1
14
-2147483647
48 1 16 5 0 1 0 -1 -1 64755 1 -1879048189 1 64755 
0
0
0
0
0
