Analysis initiated from SIMULIA established products
Abaqus JOB Job-1
Abaqus 2023.HF4
Abaqus License Manager checked out the following licenses:
Abaqus/Standard checked out 5 tokens from Flexnet server lic-abaqus.aalto.fi.
<80 out of 100 licenses remain available>.
Begin Analysis Input File Processor
2024-08-03 7:41:37 PM
Run pre.exe
2024-08-03 7:41:42 PM
End Analysis Input File Processor
Begin Abaqus/Standard Analysis
2024-08-03 7:41:42 PM
Run standard.exe
2024-08-03 7:49:55 PM
Abaqus Error: Abaqus/Standard Analysis exited with an error - Please see the 
message file for possible error messages if the file exists.
Begin SIM Wrap-up
2024-08-03 7:49:57 PM
Run SMASimUtility.exe
2024-08-03 7:49:57 PM
End SIM Wrap-up
Abaqus/Analysis exited with errors
