1
0
1
ASSEMBLY
1
SH115
SH115
1
SH115
14
-2147483646
0
48 1 16 5 0 1 0 -1 -1 43158 1 -1879048189 1 43158 
14
48 1 16 5 0 1 0 -1 -1 43158 1 -1879048189 1 43158 
0
1
SH115
14
-2147483646
0
48 1 16 5 0 1 0 -1 -1 68274 1 -1879048189 1 68274 
16
56 1 16 7 0 1 0 -1 -1 68274 1 -1342177277 1 34137 2 100000 
0
5
BOTTOM_PART
0
1
0
1
SH115
208
1 2 3 4 5 6 7 8 9 10 11 12 13 14 15 16 17 18 19 20 21 22 23 24 25 26 27 28 29 30 31 32 33 34 35 36 37 38 39 40 41 42 43 44 45 46 47 48 49 50 51 52 53 54 55 56 57 58 59 60 61 62 63 64 65 66 67 68 69 70 71 72 73 74 75 76 77 78 79 80 81 82 83 84 85 86 87 88 89 90 91 92 93 94 95 96 97 98 99 100 101 102 103 104 105 106 107 108 109 110 111 112 113 114 115 116 117 118 119 120 121 122 123 124 125 126 127 128 129 130 131 132 133 134 135 136 137 138 139 140 141 142 143 144 145 146 147 148 149 150 151 152 153 154 155 156 157 158 159 160 161 162 163 164 165 166 167 168 169 170 171 172 173 174 175 176 177 178 179 180 181 182 183 184 185 186 187 188 189 190 191 192 193 194 195 196 197 198 199 200 201 202 203 204 205 206 207 208 
0
HYDROGEN_SURFACE
0
1
0
1
SH115
613
-2147483647
2444 1 16 604 0 1 0 -1 -1 9309 19 -1073741803 -536870793 -1073741686 -1073741683 -268435305 -1073741641 -1073741634 -268435256 -1073741592 -1073741585 -268435206 -1073741542 -1073741535 -268435157 -1073741493 -1073741399 -1073741378 -1073741358 -1073741337 1 3072 -1409286145 -1431655766 -1431655766 -1431655766 -1431655766 -1398102 -1 -1431655425 -1431655766 -1431655766 -1431655766 -1431655766 -22 -1 -1 -1 -1 -1 -1 -1 -1 -1 -1 -1 -1 -1 -1 -1 -1 -1 -1 -1 -1 -1 -1 -1 -1 -1 -1 -1 -1 -1 -1 -1 -1 -1 -1 -1 -1 -1 -1 -1 -1 -1 -1 -1 -1 -1 -1 -1 -1 -1 -1 -1 -1 -1 -1 -1 -1 -1 -1 -1 -1 -1 -1 -1 -1 -1 -1 -1 -1 -1 -1 805885532 50340258 -67108864 -268436481 -1853507 -394264577 67109117 268468230 67117330 413967754 1640053504 71567490 32 4833 480 3 2240 6 0 805885532 50340258 -67108864 -268436481 -1853507 -394264577 67109117 268468230 67117330 413967754 1640053504 71567490 32 11553 32 6 11777 256 -2143281152 67240192 1075843080 33620096 8386564 0 0 8355840 12193 448 2 576 512 -2147483632 67108864 2097152 65536 2048 64 268435458 8388608 262144 8192 256 24 4088 1073741824 33554432 1048576 32768 1024 32 134217729 4194304 131072 4096 128 536870916 50331648 16777216 13377 160 16810048 268960770 8405024 134480385 65520 13761 256 1075838976 33620096 537921540 16810048 2146960386 0 0 2139095040 14177 448 2 608 131072 4096 128 536870916 16777216 524288 16384 512 -2147483632 67108864 2097152 65536 6144 1046528 64 268435458 8388608 262144 8192 256 1073741832 33554432 1048576 32768 1024 32 3 1 15361 160 8404992 134480385 -2143281136 67240192 16773128 15745 288 536870912 16810048 268960770 8405024 -133955071 127 0 -2147483648 127 16161 448 2 608 33554432 1048576 32768 1024 32 134217729 4194304 131072 4096 128 536870916 16777216 1572864 267911168 16384 512 -2147483632 67108864 2097152 65536 2048 64 268435458 8388608 262144 8192 768 256 17345 160 -2143289344 67240192 1075843080 33620096 -1046524 17761 256 8405024 134480385 -2143281136 67240192 32760 0 0 32640 18177 448 2 576 268435458 8388608 262144 8192 256 1073741832 33554432 1048576 32768 1024 32 402653185 -134217728 15 4194304 131072 4096 128 536870916 16777216 524288 16384 512 -2147483632 67108864 2097152 196608 65536 19329 2944 1073741824 33620096 537921540 16810048 -267910142 255 0 0 -1 -1 -1 -1 -1 -1 -1 -1 -1 -1 -1 -1 -1 -1 -1 -1 -1 -1 -1 -1 -1 -1 -1 -1 -1 -1 -1 -1 -1 -1 -1 -1 -1 -1 -1 -1 -1 -1 -1 -1 -1 -1 -1 -1 -1 -1 -1 -1 -1 -1 -1 -1 -1 -1 -1 -1 -1 -1 -1 -1 -1 -1 478674943 -2027829134 -3556 121753719 -1043303395 47217151 4372501 0 -579338784 -129 -1075842049 536853941 8396801 84480 1207970984 1078464513 201220 16512 0 8 0 32 23873 608 992 0 -1604710624 546562 0 -72417348 -17 -1208222081 603977654 1049600 10560 687867285 -2012675584 25152 2064 0 1 0 4 26081 576 124 0 1410023908 68320 -2147483648 -9052169 -3 -687898673 75497206 131200 -1610611416 85983410 285286464 3144 258 536870912 0 -2147483648 28257 608 -2147483648 15 -2147483648 176252988 8540 -268435456 -1074873346 -1 -622858247 9437150 16400 1409286309 10747926 35660808 1073742217 32 67108864 0 268435456 30465 3680 -268435456 1 -268435456 -1 -1 -1 -1 -1 -1 -1 -1 -1 -1 -1 -1 -1 -1 -1 -1 -1 -1 -1 -1 -1 -1 -1 -1 -1 -1 -1 -1 -1 -1 -1 -1 -1 -1 -1 -1 -1 -1 -1 -1 -1 -1 -1 -1 -1 -1 -1 -1 -1 -1 -1 -1 -1 -1 -1 -1 -1 -1 -1 -1 -1 -1 -1 -1 -1 -1 -1 -1 -1 -1431568385 -1431655766 -1431655766 -1431655766 -1431655766 -2 -1 1434451967 1431655765 1431655765 1431655765 1431655765 1431655765 1431655765 1431655765 1431655765 1431655765 1431655765 1431655765 -683 -1 -1 -1431655765 -1431655766 -1431655766 -1431655766 -87382 -1 -1 1431655807 1431655765 1431655765 1431655765 1431655765 1431655765 1431655765 1431655765 1431655765 1431655765 1431655765 -44739243 -1 33554431 
0
TOP_PART
0
1
0
1
SH115
208
209 210 211 212 213 214 215 216 217 218 219 220 221 222 223 224 225 226 227 228 229 230 231 232 233 234 235 236 237 238 239 240 241 242 243 244 245 246 247 248 249 250 251 252 253 254 255 256 257 258 259 260 261 262 263 264 265 266 267 268 269 270 271 272 273 274 275 276 277 278 279 280 281 282 283 284 285 286 287 288 289 290 291 292 293 294 295 296 297 298 299 300 301 302 303 304 305 306 307 308 309 310 311 312 313 314 315 316 317 318 319 320 321 322 323 324 325 326 327 328 329 330 331 332 333 334 335 336 337 338 339 340 341 342 343 344 345 346 347 348 349 350 351 352 353 354 355 356 357 358 359 360 361 362 363 364 365 366 367 368 369 370 371 372 373 374 375 376 377 378 379 380 381 382 383 384 385 386 387 388 389 390 391 392 393 394 395 396 397 398 399 400 401 402 403 404 405 406 407 408 409 410 411 412 413 414 415 416 
0
TOP_SURFACE
0
1
0
1
SH115
16
233 234 259 260 285 286 311 312 337 338 363 364 389 390 415 416 
0
ZSYMM
0
1
0
1
SH115
58
-2147483647
224 1 16 49 0 1 0 -1 -1 7349 13 -1610612721 -1879048174 -1610612716 -1610612713 -1610612710 -1879048163 -1879048161 -1610612703 -1879048156 -1610612698 -1610612695 -1879048148 -1610612690 1 208 2 9377 4232 21584 7 10 21654 2 8 21672 6 10 21732 1 21737 2205 32763 95 2 32953 2 32956 247 2 33451 95 2 33641 2 33644 247 2 
0
1
SH115
3
SET-1
0
1
14
-2147483647
48 1 16 5 0 1 0 -1 -1 34137 1 -1879048189 1 34137 
0
0
SOLID
0
1
14
-2147483647
48 1 16 5 0 1 0 -1 -1 34137 1 -1879048189 1 34137 
0
0
VISUALIZATION
0
1
14
-2147483647
48 1 16 5 0 1 0 -1 -1 34137 1 -1879048189 34138 34137 
0
0
0
5
BOTTOM_PART
0
1
0
1
SH115
23
-2147483647
84 1 16 14 0 1 0 -1 -1 378 4 -1879048186 -1879048184 -1879048182 -1879048180 1 8 57 80 1397 206 16237 84 
0
HYDROGEN_SURFACE
0
1
0
1
SH115
111
-2147483647
436 1 16 102 0 1 0 -1 -1 10322 33 -1879048157 -1879048155 -1879048153 -1879048151 -1879048149 -1879048147 -1879048145 -1879048143 -1879048141 -1879048139 -1879048137 -1879048135 -1879048133 -1879048131 -1879048129 -1879048127 -1879048125 -1879048123 -1879048121 -1879048119 -1879048117 -1879048115 -1879048113 -1879048111 -1879048109 -1610612651 -1879048104 -1879048102 -1879048100 -1879048098 -1879048096 -1879048094 -1879048092 1 108 123 66 203 23 233 9 249 247 554 83 644 71 773 290 1070 351 1505 84 1603 24 1711 84 1823 2128 6079 304 6615 312 8838 1883 10953 454 13528 2709 40937 1 40945 155 41215 12 41437 378 42025 37 42081 3 42125 100 42233 2 3 42239 2 42260 12 42468 144 42614 213 42831 20 42854 3 42862 10 
0
TOP_PART
0
1
0
1
SH115
23
-2147483647
84 1 16 14 0 1 0 -1 -1 378 4 -1879048186 -1879048184 -1879048182 -1879048180 9 8 137 80 1603 206 16321 84 
0
TOP_SURFACE
0
1
0
1
SH115
27
11 12 14 15 150 176 189 190 191 192 193 194 195 203 204 205 206 207 208 209 1802 1803 1804 1805 1806 1807 1808 
0
ZSYMM
0
1
0
1
SH115
166
-2147483647
656 1 16 157 0 1 0 -1 -1 7682 49 -1610612685 -1879048138 -1879048136 -1879048134 -1610612676 -1879048129 -1879048127 -1879048125 -1879048123 -1879048121 -1879048119 -1879048117 -1342177203 -1879048111 -1879048109 -1879048107 -1342177193 -1879048101 -1879048099 -1879048097 -1879048095 -1879048093 -1879048091 -1342177177 -1879048085 -1879048083 -1879048081 -1879048079 -1879048077 -1879048075 -1879048073 -1879048071 -1879048069 -1879048067 -1879048065 -1879048063 -1879048061 -1879048059 -1879048057 -1879048055 -1879048053 -1879048051 -1879048049 -1879048047 -1879048045 -1879048043 -1879048041 -1879048039 -1879048037 1 2 3 7 3 12 1 15 3 19 3 2 32 11 47 1 50 4 71 12 97 26 151 12 177 26 226 7 2 16 496 375 1063 7 1077 154 1421 84 2 206 3951 2128 6955 1883 11435 2093 40891 39 40938 7 40946 2 40950 11 2 23 41100 38 41227 210 41647 4 41681 30 41724 26 42025 3 42044 11 42062 19 42084 41 42225 8 42234 2 42237 16 42264 8 42349 119 42591 2 42595 5 42612 2 42662 20 42712 30 42745 1 42748 2 42827 4 42851 3 42857 5 42872 77 
0
1
SH115
1
SET-1
0
1
14
-2147483647
48 1 16 5 0 1 0 -1 -1 43158 1 -1879048189 1 43158 
0
0
0
0
0
