Analysis initiated from SIMULIA established products
Abaqus JOB umat_cube_elastoplastic_solver
Abaqus 2023.HF4
Abaqus License Manager checked out the following licenses:
Abaqus/Standard checked out 5 tokens from Flexnet server lic-abaqus.aalto.fi.
<95 out of 100 licenses remain available>.
Begin Analysis Input File Processor
2024-10-31 5:23:41 PM
Run pre.exe
2024-10-31 5:23:44 PM
End Analysis Input File Processor
Begin Abaqus/Standard Analysis
2024-10-31 5:23:44 PM
Run standard.exe
2024-10-31 5:23:52 PM
End Abaqus/Standard Analysis
Begin SIM Wrap-up
2024-10-31 5:23:53 PM
Run SMASimUtility.exe
2024-10-31 5:23:53 PM
End SIM Wrap-up
!!! EXCEPTION:
!!!   System Error RemoveDirectory: Access is denied.

!!! TRACEBACK:
!!!   SMASimUttFileUtils::RemoveDir
!!!   SMASimFileCleaner::Teardown
!!!   SMASimFileCleaner_Teardown
!!!   DllCanUnloadNow
!!!   DllCanUnloadNow
!!!   DllCanUnloadNow
!!!   DllCanUnloadNow
!!!   <stack frame not available>
!!!   PyObject_Call
!!!   setPyEvalInterruptCheckABQ
!!!   setPyEvalInterruptCheckABQ
!!!   PyEval_EvalFrameEx
!!!   PyEval_EvalCodeEx
!!!   setPyEvalInterruptCheckABQ
!!!   PyEval_EvalFrameEx
!!!   PyEval_EvalCodeEx
!!!   setPyEvalInterruptCheckABQ
!!!   PyEval_EvalFrameEx
!!!   PyEval_EvalCodeEx
!!!   setPyEvalInterruptCheckABQ
!!!   PyEval_EvalFrameEx
!!!   PyEval_EvalCodeEx
!!!   PyEval_EvalCode
!!!   PyParser_SetError
!!!   PyRun_FileExFlags
!!!   PyRun_SimpleFileExFlags
!!!   PyRun_AnyFileExFlags
!!!   Py_Main
!!!   <stack frame not available>
!!!   <stack frame not available>
!!!   BaseThreadInitThunk
!!!   RtlUserThreadStart
!!! EXCEPTION:
!!!   System Error RemoveDirectory: Access is denied.

!!! TRACEBACK:
!!!   SMASimUttFileUtils::RemoveDir
!!!   SMASimInterface_initializeC
!!!   <stack frame not available>
!!!   _NLG_Return2
!!!   RtlCaptureContext2
!!!   SMASimFileCleaner::Teardown
!!!   SMASimFileCleaner_Teardown
!!!   DllCanUnloadNow
!!!   DllCanUnloadNow
!!!   DllCanUnloadNow
!!!   DllCanUnloadNow
!!!   <stack frame not available>
!!!   PyObject_Call
!!!   setPyEvalInterruptCheckABQ
!!!   setPyEvalInterruptCheckABQ
!!!   PyEval_EvalFrameEx
!!!   PyEval_EvalCodeEx
!!!   setPyEvalInterruptCheckABQ
!!!   PyEval_EvalFrameEx
!!!   PyEval_EvalCodeEx
!!!   setPyEvalInterruptCheckABQ
!!!   PyEval_EvalFrameEx
!!!   PyEval_EvalCodeEx
!!!   setPyEvalInterruptCheckABQ
!!!   PyEval_EvalFrameEx
!!!   PyEval_EvalCodeEx
!!!   PyEval_EvalCode
!!!   PyParser_SetError
!!!   PyRun_FileExFlags
!!!   PyRun_SimpleFileExFlags
!!!   PyRun_AnyFileExFlags
!!!   Py_Main
!!!   <stack frame not available>
!!!   <stack frame not available>
!!!   BaseThreadInitThunk
!!!   RtlUserThreadStart
!!! Error in SMASimFileCleaner::RemoveDir "System Error RemoveDirectory: Access is denied.
"
!!! Failure to delete directory: "C:\Users\nguyenb5\OneDrive - Aalto University\2022 Binh Nguyen\COE project 2024\COE_Group_7_Year_2024\UMAT_VUMAT_no_diffusion\umat_cube_elastoplastic_solver.simdir"
Abaqus JOB umat_cube_elastoplastic_solver COMPLETED
