1
0
1
ASSEMBLY
1
CHD2
CHD2
1
CHD2
14
-2147483646
0
48 1 16 5 0 1 0 -1 -1 165898 1 -1879048189 1 165898 
14
48 1 16 5 0 1 0 -1 -1 165898 1 -1879048189 1 165898 
0
1
CHD2
14
-2147483646
0
48 1 16 5 0 1 0 -1 -1 35078 1 -1879048189 1 35078 
14
48 1 16 5 0 1 0 -1 -1 35078 1 -1879048189 1 35078 
0
6
BOTTOM_PART
0
1
0
1
CHD2
192
769 770 771 772 773 774 775 776 777 778 779 780 781 782 783 784 785 786 787 788 789 790 791 792 793 794 795 796 797 798 799 800 801 802 803 804 805 806 807 808 809 810 811 812 813 814 815 816 817 818 819 820 821 822 823 824 825 826 827 828 829 830 831 832 833 834 835 836 837 838 839 840 841 842 843 844 845 846 847 848 849 850 851 852 853 854 855 856 857 858 859 860 861 862 863 864 865 866 867 868 869 870 871 872 873 874 875 876 877 878 879 880 881 882 883 884 885 886 887 888 889 890 891 892 893 894 895 896 897 898 899 900 901 902 903 904 905 906 907 908 909 910 911 912 913 914 915 916 917 918 919 920 921 922 923 924 925 926 927 928 929 930 931 932 933 934 935 936 937 938 939 940 941 942 943 944 945 946 947 948 949 950 951 952 953 954 955 956 957 958 959 960 
0
EFFECTIVE_SURFACE
0
1
0
1
CHD2
32
561 562 587 588 613 614 639 640 665 666 691 692 717 718 743 744 1345 1346 1415 1416 1485 1486 1555 1556 1625 1626 1695 1696 1765 1766 1835 1836 
0
HYDROGEN_SURFACE
0
1
0
1
CHD2
505
-2147483647
2012 1 16 496 0 1 0 -1 -1 8168 146 -1879048044 -1610612586 -1342177127 -1610612579 -1879048032 -1610612574 -1879048027 -1610612569 -1879048022 -1610612564 -1879048017 -1610612559 -1879048012 -1610612554 -1879048007 -1610612549 -1879048002 -1610612544 -1879047997 -1879047995 -1879047993 -1610612535 -1879047988 -1879047986 -1879047984 -1610612526 -1879047979 -1879047977 -1879047975 -1610612517 -1879047970 -1879047968 -1879047966 -1879047964 -1610612506 -1879047959 -1879047957 -1879047955 -1879047953 -1610612495 -1879047948 -1879047946 -1879047944 -1879047942 -1610612484 -1879047937 -1879047935 -1879047933 -1879047931 -1610612473 -1879047926 -1879047924 -1879047922 -1879047920 -1879047918 -1879047916 -1342177002 -1879047910 -1879047908 -1610612450 -1610612447 -1610612444 -1879047897 -1879047895 -1879047893 -1342176979 -1879047887 -1879047885 -1610612427 -1610612424 -1610612421 -1879047874 -1879047872 -1879047870 -1342176956 -1879047864 -1879047862 -1610612404 -1610612401 -1610612398 -1879047851 -1879047849 -1879047847 -1342176933 -1879047841 -1879047839 -1610612381 -1610612378 -1610612375 -1879047828 -1879047826 -1610612368 -1879047821 -1610612363 -1879047816 -1610612358 -1879047811 -1610612353 -1879047806 -1610612348 -1879047801 -1610612343 -1879047796 -1879047794 -1879047792 -1879047790 -1879047788 -1610612330 -1879047783 -1610612325 -1879047778 -1610612320 -1879047773 -1879047771 -1879047769 -1879047767 -1879047765 -1879047763 -1610612305 -1879047758 -1610612300 -1879047753 -1610612295 -1879047748 -1879047746 -1879047744 -1879047742 -1879047740 -1879047738 -1610612280 -1879047733 -1610612275 -1879047728 -1610612270 -1879047723 -1879047721 -1879047719 -1879047717 -1879047715 -1879047713 -1610612255 -1879047708 -1610612250 -1879047703 -1610612245 -1879047698 1 70 72 209 2 490 71 2 855 1417 209 2 1835 85 1921 2 2 1931 3 1935 2 2 1945 3 1949 2 2 1959 3 1963 2 2 1973 3 1977 2 2 1987 3 1991 2 2 2001 2843 5709 8 2 5868 16 6758 23 7632 31 8528 8 2 8687 16 9577 23 10451 31 11347 8 2 11506 16 12396 23 13270 31 14166 8 2 14325 16 15215 23 16089 2851 19475 7 19603 7 2 19617 9 21221 23 21727 32 22294 7 22422 7 2 22436 9 24040 23 24546 32 25113 7 25241 7 2 25255 9 26859 23 27365 32 27932 7 28060 7 2 28074 9 29678 23 30184 464 30656 1 30662 2 30671 3 30741 1 2 113 30856 3 30905 1 30928 2 2 30937 2 2 31028 2 16 31097 1 31103 2 31112 3 31182 1 2 113 31297 3 31346 1 31369 2 2 31378 2 2 31469 2 16 31538 1 31544 2 31553 3 31623 1 2 113 31738 3 31787 1 31810 2 2 31819 2 2 31910 2 16 31979 1 31985 2 31994 3 32064 1 2 113 32179 3 32228 1 32251 2 2 32260 2 2 32351 2 16 32412 14 32427 1 32430 3 2 32441 1 32444 3 2 32455 1 32458 3 2 32469 1 32472 3 2 32483 1 32486 3 2 32497 1 32500 3 2 32510 526 33047 2 33153 1 33156 3 33220 1 33257 2 2 33308 1 33323 2 3 33372 1 33433 2 15 33518 2 33546 1 33558 2 33664 1 33667 3 33731 1 33768 2 2 33819 1 33834 2 3 33883 1 33944 2 15 34029 2 34057 1 34069 2 34175 1 34178 3 34242 1 34279 2 2 34330 1 34345 2 3 34394 1 34455 2 15 34540 2 34568 1 34580 2 34686 1 34689 3 34753 1 34790 2 2 34841 1 34856 2 3 34905 1 34966 2 15 35051 2 
0
TOP_PART
0
1
0
1
CHD2
192
1153 1154 1155 1156 1157 1158 1159 1160 1161 1162 1163 1164 1165 1166 1167 1168 1169 1170 1171 1172 1173 1174 1175 1176 1177 1178 1179 1180 1181 1182 1183 1184 1185 1186 1187 1188 1189 1190 1191 1192 1193 1194 1195 1196 1197 1198 1199 1200 1201 1202 1203 1204 1205 1206 1207 1208 1209 1210 1211 1212 1213 1214 1215 1216 1217 1218 1219 1220 1221 1222 1223 1224 1225 1226 1227 1228 1229 1230 1231 1232 1233 1234 1235 1236 1237 1238 1239 1240 1241 1242 1243 1244 1245 1246 1247 1248 1249 1250 1251 1252 1253 1254 1255 1256 1257 1258 1259 1260 1261 1262 1263 1264 1265 1266 1267 1268 1269 1270 1271 1272 1273 1274 1275 1276 1277 1278 1279 1280 1281 1282 1283 1284 1285 1286 1287 1288 1289 1290 1291 1292 1293 1294 1295 1296 1297 1298 1299 1300 1301 1302 1303 1304 1305 1306 1307 1308 1309 1310 1311 1312 1313 1314 1315 1316 1317 1318 1319 1320 1321 1322 1323 1324 1325 1326 1327 1328 1329 1330 1331 1332 1333 1334 1335 1336 1337 1338 1339 1340 1341 1342 1343 1344 
0
TOP_SURFACE
0
1
0
1
CHD2
16
1175 1176 1199 1200 1223 1224 1247 1248 1271 1272 1295 1296 1319 1320 1343 1344 
0
ZSYMM
0
1
0
1
CHD2
150
-2147483647
592 1 16 141 0 1 0 -1 -1 7614 38 -1610612696 -1610612693 -1879048146 -1610612688 -1879048141 -1610612683 -1879048136 -1610612678 -1879048131 -1610612673 -1879048126 -1610612668 -1879048121 -1610612663 -1879048116 -1610612658 -1879048111 -1879048109 -1342177195 -1879048103 -1879048101 -1879048099 -1342177185 -1879048093 -1342177179 -1879048087 -1342177173 -1879048081 -1342177167 -1879048075 -1342177161 -1879048069 -1342177155 -1879048063 -1342177149 -1879048057 -1879048055 -1879048053 1 384 2 770 569 2 1912 2 1915 2 5 1926 2 1929 2 5 1940 2 1943 2 5 1954 2 1957 2 5 1968 2 1971 2 5 1982 2 1985 2 5 1996 2 1999 2 5 2010 2 2013 1 13293 2819 2 14095 31971 441 32419 1 32421 3 32425 1 2 8 32435 3 32439 1 2 8 32449 3 32453 1 2 8 32463 3 32467 1 2 8 32477 3 32481 1 2 8 32491 3 32495 1 2 8 32505 3 32509 1 2 8 32519 3 32523 1 34568 511 
0
1
CHD2
1
SET-1
0
1
14
-2147483647
48 1 16 5 0 1 0 -1 -1 35078 1 -1879048189 1 35078 
0
0
0
6
BOTTOM_PART
0
1
0
1
CHD2
26
-2147483647
96 1 16 17 0 1 0 -1 -1 1221 5 -1879048185 -1879048183 -1879048181 -1879048179 -1879048177 17 8 307 76 2589 190 18613 77 47080 870 
0
EFFECTIVE_SURFACE
0
1
0
1
CHD2
69
9 10 13 16 227 253 286 287 288 289 290 291 292 300 301 302 303 304 305 306 2575 2576 2577 2578 2579 2580 2581 46144 46145 46149 46150 46155 46156 46159 46320 46321 46322 46327 46328 46429 46430 46431 46436 46437 46538 46539 46540 46545 46546 46647 46648 46649 46654 46655 46756 46757 46758 46763 46764 46865 46866 46867 46872 46873 46974 46975 46976 46981 46982 
0
HYDROGEN_SURFACE
0
1
0
1
CHD2
2033
-2147483647
8124 1 16 2024 0 1 0 -1 -1 25928 63 -1073741759 -1073741747 -1073741700 -1073741690 -1073741678 -268435221 -1073741577 -1073741570 -1073741484 -1073741474 -1073741456 -1073741435 -1073741430 -1073741350 -1073741326 -1073740776 -1073740772 -268434399 -1073740755 -268434383 -1073740741 -268434367 -1073740727 -1073740722 -268434347 -1073740705 -1073740700 -1073740248 -268433876 -1073740234 -1073740227 -268433855 -1073740213 -1073740206 -268433835 -1073740193 -1073740186 -1073740183 -1073740177 -1073740172 -1073740100 -1073740097 -1073740086 -1073740078 -1073740075 -1073740065 -1073740056 -1073740053 -1073740043 -1073740035 -1073740032 -1073740021 -1073739925 -1073739921 -1073739905 -1073739894 -1073739890 -1073739860 -1073739856 -1073739839 -1073739828 -1073739825 -1073739808 1 320 -268397569 -1 -1 -1 -1 -1 -1048513 268435463 0 260096 481 1440 -64 -1 -1 -1 -1065353217 -8323073 -1 -1 -1 -1 -1 -1 -1 -1 -1 -1 65535 0 0 0 -8192 7 -67108864 33554431 0 -65536 -1 -1 -1 -1 -1 -1 -1 -1 511 0 0 0 -64 -1 -16257 -1 -1 -1 15 2113 256 -262144 -1 -1 -1 -1 -1 -1 -1 3137 320 -2 -1 -1 -1 -1 -1 -1 -1 -1 524287 3681 2784 -256 262143 0 -8 -1 -1 -1 -1 -1 -1 -1 -1 -1 -1 -1 -1 -1 -1 -1 -1 -1 -1 -1 -1 -1 -1 -1 -1 -1 -1 -1 -1 -1 -1 -1 -1 -1 -1 -1 -1 -1 -1 -1 -1 -1 -1 -1 -1 -1 -1 -1 -1 -1 -1 -1 -1 -1 -1 -1 -1 -1 -1 -1 -1 -1 -1 -1 -1 -1 -1 -1 -1 -1 -1 -1 -1 -1 -1 -1 -1 -1 -1 -1 -1 -1 -1 511 9089 128 2 576 -32768 -1 -1 127 -134217728 -1 -1 524287 9985 160 -32768 -1 -1 -1 2047 10337 2688 -128 -1 -1 -1 -1 -1 -1 -1 -1 -1 -1 -1 -1 -1 -1 -1 -1 -1 -1 -1 -1 -1 -1 -1 -1 -1 -1 -1 -1 -1 -1 -1 -1 -1 -1 -1 -1 -1 -1 -1 -1 -1 -1 -1 -1 -1 -1 -1 -1 -1 -1 -1 -1 -1 -1 -1 -1 -1 -1 -1 -1 -1 -1 -1 -1 -1 -1 -1 -1 -1 -1 -1 -1 -1 -1 -1 -1 -1 -1 -1 -1 -1 -1 8191 15649 256 -524288 -1 -1 -1 -1 -1 -1 127 16353 512 -134217728 -1 -1 -1 -1 -1 -1 -1 -1 -1 -1 -1 -1 -1 -1 1 17185 608 -32768 -1 536870911 -33554432 16383 -1024 -1 -1 -1 -1 -1 -1 -1 -1 -1 -1 -1 -1 1073741823 18209 96 -262144 -1 262143 43681 2496 477955968 1014096783 955369358 2028193566 1910738716 -238580164 -473489864 -477160328 -946979727 -954320655 -1893959453 -1908641309 507048391 477684679 872539023 808464432 808464432 808464432 808464432 808464432 808464432 808464432 808464432 109064240 101058054 101058054 101058054 101058054 101058054 101058054 101058054 101058054 -1060108794 -1061109568 -1061109568 -1061109568 -1061109568 -1061109568 -1061109568 -1061109568 -1061109568 404357312 404232216 404232216 404232216 404232216 404232216 404232216 404232216 404232216 50544664 50529027 50529027 50529027 50529027 50529027 50529027 50529027 50529027 1616930819 1616928864 1616928864 1616928864 1616928864 1616928864 1616928864 1616928864 -530554784 2122219399 2122219134 2122219134 2122219134 2122219134 2122219134 2122219134 2122219134 243170942 18433 46305 704 8388608 0 0 0 16 0 0 131072 0 0 1073741824 0 0 0 2048 0 0 16777216 0 0 536870912 48 49537 17536 -939524096 -1758676635 -1772309787 777614027 750347723 1555228055 1500695446 -1184511186 -1293576404 1925944924 1707814489 -443077447 -879338318 -886154894 -1758676635 1145324613 1145324612 1145324612 1145324612 1145324612 1145324612 1145324612 1145324612 1145324612 1145324612 1145324612 1145324612 1145324612 1145324612 1145324612 1145324612 1145324612 1145324612 1145324612 1145324612 1145324612 1145324612 1145324612 1145324612 1145324612 1145324612 1145324612 1145324612 1145324612 1145324612 1145324612 1145324612 1145324612 1145324612 1145324612 1145324612 1145324612 1145324612 1145324612 1145324612 1145324612 1145324612 1145324612 1145324612 1145324612 1145324612 1145324612 1145324612 1145324612 1145324612 1145324612 1145324612 -572767164 -572662307 -572662307 -572662307 -572662307 -572662307 -572662307 -572662307 -572662307 -745628195 966326279 -1200421096 411062355 349175808 401428 84227072 392 1644249421 1396703232 1605712 336908288 1568 -125968908 -8590087 -1482184764 -1482184793 831283975 943208646 943208504 943208504 943208504 831283992 -1939662650 1662567985 415641996 -969831325 831283992 -1939662650 1662567985 415641996 -969831325 831283992 -1939662650 1662567985 415641996 -969831325 831283992 117905606 117901063 117901063 117901063 117901063 117901063 117901063 117901063 -1939667193 1662567985 415641996 -969831325 831283992 -1939662650 1662567985 415641996 -969831325 831283992 -1939662650 1662567985 415641996 -969831325 831283992 -1939662650 1662567985 415641996 -969831325 831283992 -1939662650 1662567985 415641996 -969831325 831283992 -1939662650 1662567985 415641996 -969831325 831283992 -1939662650 1662567985 415641996 -969831325 831283992 -1939662650 1662567985 415641996 -969831325 831283992 -1939662650 1662567985 415641996 -969831325 831283992 -1939662650 1662567985 415641996 -969831325 831283992 -1939662650 1662567985 415641996 -969831325 831283992 -1939662650 1662567985 415641996 -969831325 831283992 -1939662650 1662567985 415641996 -969831325 831283992 -1939662650 1662567985 415641996 -969831325 831283992 117905606 117901063 -1939667193 1662567985 415641996 -969831325 831283992 -1939662650 1662567985 415641996 -969831325 831283992 -1939662650 1662567985 415641996 -969831325 831283992 -1939662650 1662567985 415641996 -969831325 831283992 -1939662650 1662567985 415641996 -969831325 831283992 -1939662650 1662567985 415641996 -969831325 831283992 -1939662650 1662567985 415641996 -969831325 831283992 -1939662650 1662567985 415641996 -969831325 1675036440 -654951025 266178403 1886417008 812675184 831283975 -1939806010 488162865 415641996 -969833565 812933912 -1939662650 1662567950 415355276 976325731 831283992 -1939667130 1625867825 415641996 -969831395 830710552 1952651462 1662567984 415633036 -1043231645 831283992 -1108378662 -1482170633 -1482184793 117901223 117901063 117901063 117901063 -1939667193 1662567985 415641996 -969831325 831283992 -1939662650 1662567985 415641996 -969831325 831283992 -1939662650 1662567985 415641996 -969831325 831283992 -1939662650 -1044265423 -1044266559 -1044266559 -1044266559 1662566849 415641996 -969831325 831283992 -1939662650 1662567985 415641996 -969831325 831283992 -1939662650 1662567985 415641996 -969831325 831283992 -1939662650 1662567985 415641996 -969831325 831283992 -1939662650 1662567985 415641996 -969831325 831283992 -1939662650 1662567985 415641996 -969831325 831283992 -1939662650 1662567985 415641996 -969831325 831283992 -1939662650 1662567985 415641996 1177652323 -715827883 -1939662655 1662567985 415641996 812747875 -1939662650 1662567985 415641996 831265891 -1939662650 1662567985 415641996 831283975 -1939662650 1662567985 -1043975796 831283992 -1939662650 1662567985 -969903732 831283992 -1939662650 1662567985 -969831396 831283992 -1939662650 119064113 -969831325 831283992 -1939662650 415352369 -969831325 831283992 -1939662650 415641713 -969831325 831283992 476256454 415641996 -969831325 831283992 1661409478 415641996 -969831325 831283992 1662566854 415641996 -969831325 1905025816 1662567984 415641996 -969831325 -1944296680 1662567985 415641996 -969831325 -1939667176 1662567985 415641996 -969831325 -1939662655 1662567985 415641996 812747875 -1939662650 1662567985 415641996 831265891 -1939662650 1662567985 415641996 831283975 -1939662650 1662567985 -1043975796 831283992 -1939662650 1662567985 -277024372 2078209981 -554189329 -138547333 -969831394 831283992 -1939662650 119064113 -969831325 831283992 -1939662650 415352369 -969831325 831283992 -1939662650 415641713 -969831325 831283992 476256454 415641996 -969831325 831283992 1661409478 415641996 -969831325 831283992 1662566854 415641996 -969831325 1905025816 1662567984 415641996 -969831325 -1944296680 1662567985 415641996 -969831325 -1939667176 1662567985 415641996 -969831325 -1939662655 1662567985 415641996 812747875 -1939662650 1662567985 415641996 831265891 -1939662650 1662567985 415641996 831283975 -1939662650 1662567985 -1043975796 831283992 -1939662650 1662567985 -969903732 831283992 -1939662650 1662567985 -969831396 831283992 -1939662650 119064113 -969831325 831283992 -1939662650 415352369 -969831325 831283992 -1939662650 415641713 -969831325 831283992 476256454 415641996 -969831325 831283992 1661409478 415641996 -969831325 831283992 1662566854 415641996 -969831325 1905025816 1662567984 415641996 -969831325 -1944296680 1662567985 415641996 -969831325 -1939667176 1662567985 415641996 -969831325 -1939662655 1662567985 415641996 812747875 -1939662650 1662567985 415641996 831265891 -1939662650 1662567985 415641996 831283975 -1939662650 1662567985 -1043975796 831283992 -1939662650 1662567985 -969903732 831283992 -1939662650 1662567985 -969831396 831283992 -1939662650 119064113 -969831325 831283992 -1939662650 415352369 -969831325 831283992 -1939662650 415641713 -969831325 831283992 476256454 415641996 -969831325 831283992 -137422650 -1108378658 -277094665 2078209981 -1801113297 84562 69761 64 409044608 90502 70241 96 1840250880 -1801111845 84562 72993 128 2 2720 -939524096 1840700269 -613566757 2 -613566688 -1227133514 692865901 5412005 78529 64 409051136 5792134 79009 96 2 2784 1811939328 692958939 5412005 1840700274 -613566757 182 84481 128 -613562368 -1227133514 1393744749 346368330 87297 64 2 512 409468928 370696582 1399699163 346368330 90561 96 1840700544 -613566757 11702 93249 160 -613285888 -1227133514 -994649235 692736660 5 96065 96 2 512 436207616 -2045222522 5 -613566784 692736660 5 99329 96 1840717824 -613566757 748982 102017 14400 -595591168 -1227133514 -306783379 -1633771757 -1633771874 471604894 471604252 471604252 471604252 -969831396 831283992 -1939662650 1662567985 415641996 -969831325 831283992 -1939662650 1662567985 415641996 -969831325 831283992 -1939662650 1662567985 415641996 -969831325 831283992 -1939662650 1662567985 415641996 471604323 471604252 471604252 471604252 831265820 -1939662650 1662567985 415641996 -969831325 831283992 -1939662650 1662567985 415641996 -969831325 831283992 -1939662650 1662567985 415641996 -969831325 831283992 -1939662650 1662567985 415641996 -969831325 831283992 -1939662650 1662567985 415641996 -969831325 831283992 -1939662650 1662567985 415641996 -969831325 831283992 -1939662650 1662567985 415641996 -969831325 831283992 -1939662650 1662567985 415641996 -969831325 -522132712 1625350368 -1939662650 -1939662650 -1939662650 -1939662650 -1939662650 -1939662650 -1939662650 -1939662650 -1939662650 -1939662650 -1939662650 -1939662650 -1939662650 -1939662650 -1939662650 -1939662650 -277094666 -522133473 1625350368 1662567950 415633036 -972125085 244081432 -1939662650 1662567950 415633036 -972125085 244081432 -1939662650 1662567950 415633036 -972125085 244081432 -1939662650 1662567950 415633036 516328547 -944640901 -1309902050 1330597711 2001686351 415641996 415641997 -969831325 831283992 -1939662650 1662567985 415641996 -969831325 831283992 -1939662650 1662567985 415641996 -969831325 831283992 -1939662650 1662567985 415641996 -969831325 831283992 -1939662650 1662567985 415641996 -969831325 831283992 -1939662650 1662567985 415641996 -969831325 831283992 -1939662650 1662567985 415641996 -969831325 831283992 -1939662650 1662567985 415641996 -969831325 831283992 -1939662650 1662567985 471604252 471604252 471604252 -1944314852 1662567985 415641996 -969831325 831283992 -1939662650 1662567985 415641996 -969831325 831283992 -1939662650 1662567985 415641996 -969831325 831283992 -1939662650 1662567985 415641996 -969831325 831283992 -1939662650 1662567985 415641996 -969831325 831283992 -1939662650 1662567985 415641996 -969831325 831283992 -1939662650 1662567985 415641996 -969831325 831283992 -1939662650 1662567985 415641996 -969831325 831283992 -1939662650 1662567985 415641996 -969831325 831283992 -1939662650 1662567985 415641996 -969831325 831283992 -1939662650 1662567985 415641996 -969831325 831283992 -1939662650 1662567985 415641996 -969831325 831283992 -1939662650 1662567985 415641996 -969831325 831283992 -1939662650 1662567985 415641996 -969831325 831283992 -1939662650 1431655761 415641997 -969831325 831283992 -1939662650 1662567985 415641996 -969831325 831283992 -1939662650 1662567985 415641996 -969831325 831283992 -1939662650 1662567985 415641996 -969831325 831283992 -1939662650 1662567985 415641996 -969831325 831283992 -1939662650 1662567985 415641996 -969831325 831283992 -1939662650 1662567985 415641996 -969831325 831283992 -1939662650 1662567985 415641996 -969831325 831283992 -1939662650 1662567985 415641996 -969831325 831283992 -1939662650 1662567985 415641996 -969831325 831283992 -1939662650 1662567985 415641996 -969831325 831283992 -1939662650 1662567985 415641996 -969831325 831283992 -1939662650 1662567985 415641996 -969831325 831283992 -1939662650 1662567985 415641996 -969831325 831283992 -1939662650 1662567985 415641996 -969831325 831283992 -1939662650 1662567985 415641996 -969831325 831283992 -1939662650 1662567985 415641996 -969831325 831283992 -1939662650 1662567985 415641996 -969831325 831283992 -1939662650 1662567985 415641996 -969831325 831283992 -1939662650 1662567985 415641996 -969831325 831283992 -1939662650 1662567985 415641996 -969831325 831283992 -1939662650 1662567985 415641996 -969831325 831283992 -1939662650 1662567985 415641996 -969831325 831283992 -1939662650 1662567985 415641996 -969831325 831283992 -1939662650 1662567985 415641996 -969831325 831283992 -1939662650 1662567985 415641996 -969831325 831283992 -1939662650 1662567985 415641996 -969831325 831283992 -554189330 -138547333 -1108378658 813424375 -1939662650 1662567985 415641996 -969833565 831283992 -1939662650 488162865 415641996 -969831325 831283992 -1939806010 1662567985 415641996 1177652323 831283975 -1939662650 1662567985 406466956 -969831325 831283992 -1939662650 1662566865 415641996 -969831325 244081432 -1939662650 1662567985 415641996 -969903005 831283992 -1939662650 -1558657487 415641987 -969831325 831283992 -1944250170 1662567985 415641996 -969831325 831283432 -1939662650 1662567985 122040716 -969831325 831283992 -1939662650 1662532145 415641996 -969831325 -779328744 -1939662655 1662567985 415641996 -972125085 831283992 -1939662650 1662567985 415641716 -969831325 831283992 -2086463290 1662567985 415641996 -969831325 831266072 -1939662650 1662567985 -389664372 -969831328 831283992 -1939662650 1661421105 415641996 -969831325 831283992 -554189190 -138547333 -1108378658 826007287 1246925989 41 118017 64 -1241513984 1901 118433 96 2 4864 -2045222528 -1801054111 11094610 -613566848 -1227133514 2925 124801 160 -1222639616 1840700269 325957339 -1524020653 660 126561 64 1610612736 30427 126977 96 2 4864 1636177920 1247905304 177513769 -1227134976 1840700269 46811 133345 160 1912602624 -613566757 920350134 1385473329 10570 135137 32 486838 135521 96 2 4864 409042944 -1508351610 -1454746988 1840676864 -613566757 748982 141889 160 536870912 -1227133513 1840700269 692736787 169125 143681 32 7789408 144065 128 -2045247488 1636178017 -1801115318 10 148929 96 -613941248 -1227133514 11983725 150465 2240 1840700274 -613566757 943243766 943208504 470264184 -1484551140 943208509 62945336 -439094980 15830296 471604323 976325660 471663080 416386076 117901063 126066915 -972157388 476251928 119064116 476251911 -1043955468 128386840 -969406585 1625350376 126640188 416625692 -2088533085 -389953917 253238832 415297648 943332367 952337304 -1468953496 471598979 -803333092 1719726476 128505114 1748502412 1293471860 812933347 509863951 1908308592 -751497680 406421624 -532853433 470256944 1894135110 812650320 476061597 473606348 979578910 813033940 1722519274 976325660 -241643400 940508928 235802216 -1942342842 -1556800455 857318193 477302413 858993037 1431424030 1373051299 -1430609451 289450 1207959552 1207959553 2 153554944 152929 32 5242880 153281 288 536870912 3751942 0 0 0 98304 0 167778816 5 153729 192 33554560 0 5373952 9568256 0 149956 154145 32 5120 154497 256 25690112 3664 0 0 0 96 -2147483648 21135366 154913 224 536870912 32768 0 5248 9344 1895825408 146 155361 32 5 155713 256 -1811914240 3 0 0 402653184 0 27262976 20640 156129 192 524288 32 536870912 536870917 9 614219776 156545 32 20971520 156897 288 -2147483648 15007768 0 0 0 393216 0 671115264 20 157345 3008 134218240 -1895763968 -1661796102 117949351 1074429957 8338 613417632 -1476395000 34153472 2752512 33353 -1841296768 -1610612704 136613890 263130880 -207687681 62930595 63029308 62929948 1006878780 521393600 1905025818 -1933177296 415636487 -522175389 831284784 952512909 -969831144 235004696 -966588665 -1939807464 -972148623 831283992 406337734 -963066317 -1944296680 831283993 1662531782 2025864220 -1259310636 63311419 831283975 -522131258 -2029920032 -969663162 64070424 -2086466034 1886417009 -1043225808 439640289 126068643 1779315992 -1927663500 1612582449 -969902834 31515416 900758159 126623046 879100870 890818590 1886494947 430572496 953254819 -2086018840 889253918 -362776050 -700567428 119148035 -797867129 -521980648 235131112 -1065824141 -777826188 -480950431 820525569 470263838 874323252 1618527758 128129236 -429339620 832998608 1641367267 -411824370 -1581237152 966291921 -859715956 491134625 -851036043 879404648 1185298997 172383 0 0 100512 160673 64 -1878360064 20 160897 448 1152 0 0 1409286144 32 0 0 0 144 12582912 49 0 0 1073741824 161473 288 131072 10240 0 0 0 44064768 0 0 25731072 162081 64 176160768 5264 162305 896 294912 0 0 0 8276 0 0 0 36864 -1073741824 12544 0 0 0 64 0 0 0 33554432 2621440 0 0 0 -1604321280 2 0 -2002780160 1 163489 64 -2147483648 1347594 163713 480 75497472 0 0 0 2118656 0 0 0 9437184 0 3211456 0 0 0 16384 164321 288 671088642 0 0 0 1610612736 672 0 -1610612736 392 164929 32 344984192 165121 480 -2147483648 4 0 0 542375936 0 0 0 -1879048192 0 822132736 0 0 0 4194304 165729 192 512 40 0 0 0 96 
0
TOP_PART
0
1
0
1
CHD2
103
-2147483647
404 1 16 94 0 1 0 -1 -1 1221 7 -1073741815 -1073741812 -1073741802 -1073741799 -1073741791 -1073741786 -1073741759 11 32 245787 235 256 -2147483616 -66588672 1 0 0 0 -1 268435455 2571 32 260096 2955 192 -1 -1 -1 -1 -1 8388607 18763 96 -16 -1 131071 46283 800 977272832 3 0 0 23808 0 0 195035136 0 0 0 372 0 0 3047424 0 0 -805306368 5 0 0 47616 0 0 390070272 48715 864 -2097152 -1 -1 -1 -1 -1 -1 -1 -1 -1 -1 -1 -1 -1 -1 -1 -1 -1 -1 -1 -1 -1 -1 -1 -1 -1 131071 
0
TOP_SURFACE
0
1
0
1
CHD2
69
25 26 27 28 438 461 473 474 475 476 477 478 479 480 481 482 483 484 485 486 3131 3132 3133 3134 3135 3136 3137 48880 48883 48885 48886 48887 48890 48891 48981 48983 48984 48985 48987 49077 49079 49080 49081 49083 49173 49175 49176 49177 49179 49269 49271 49272 49273 49275 49365 49367 49368 49369 49371 49461 49463 49464 49465 49467 49557 49559 49560 49561 49563 
0
ZSYMM
0
1
0
1
CHD2
1249
-2147483647
4988 1 16 1240 0 1 0 -1 -1 23306 13 -1073741809 -1073741786 -1073741773 -1073741751 -1073741746 -1073741729 -268435347 -268435175 -1073741509 -1073741233 -1073740956 -1073740686 -1073740631 1 672 1429653961 41483270 -1073741824 -1 0 -16 1048575 268369920 -1024 1073217551 4192256 -65536 2146435583 2096128 -2147479554 -1 255 -2048 8191 1065353216 67043776 993 352 -65536 -1 -1 -1 -1 -1 -1 -1 -1 -1 63 1505 640 -2097152 -1 -1 -1 -1 -1 268435455 268431360 503332856 -65536 0 0 -16 -1 -1 -1 -1 -1 -1 262143 2401 96 -64 -1 67108863 2657 480 -2147483648 -1 -1 4095 0 0 -536870912 -1 -1 1023 0 0 -8192 -1 67108863 3425 384 -524288 -1 -1 -1 -1 -1 -1 -1 1 0 -16384 7 6433 2688 2 6560 -512 -1 -1 -1 -1 -1 -1 -1 -1 -1 -1 -1 -1 -1 -1 -1 -1 -1 -1 -1 -1 -1 -1 -1 -1 -1 -1 -1 -1 -1 -1 -1 -1 -1 -1 -1 -1 -1 -1 -1 -1 -1 -1 -1 -1 -1 -1 -1 -1 -1 -1 -1 -1 -1 -1 -1 -1 -1 -1 -1 -1 -1 -1 -1 -1 -1 -1 -1 -1 -1 -1 -1 -1 -1 -1 -1 -1 -1 -1 -1 -1 -1 -1 32767 -8192 -1 -1 -1 -1 -1 -1 -1 -1 -1 -1 -1 -1 -1 -1 -1 -1 -1 -1 -1 -1 -1 -1 -1 -1 -1 -1 -1 -1 -1 -1 -1 -1 -1 -1 -1 -1 -1 -1 -1 -1 -1 -1 -1 -1 -1 -1 -1 -1 -1 -1 -1 -1 -1 -1 -1 -1 -1 -1 -1 -1 -1 -1 -1 -1 -1 -1 -1 -1 -1 -1 -1 -1 -1 -1 -1 -1 -1 -1 -1 -1 -1 -1 524287 16833 480 2 928 -2 -1 -1 -1 -1 -1 -1 -1 -1 -1 -1 32767 0 -536870912 33554431 -1073741824 -1 -1 -1 -1 -1 -1 -1 -1 -1 -1 -1 -1 -1 262143 43681 8768 1350587400 1094846992 -1593505752 -2105273312 1107955792 84420673 -2079055711 168841346 136855874 337682693 273711748 675365386 547423496 1350730772 1094846992 1145324612 1145324612 1145324612 1145324612 1145324612 1145324612 1145324612 1145324612 -2010627004 -2004318072 -2004318072 -2004318072 -2004318072 -2004318072 -2004318072 -2004318072 -2004318072 285542536 286331153 286331153 286331153 286331153 286331153 286331153 286331153 286331153 572563729 572662306 572662306 572662306 572662306 572662306 572662306 572662306 572662306 1145312290 1145324612 1145324612 1145324612 1145324612 1145324612 1145324612 1145324612 1145324612 -2004319612 -2004318072 -2004318072 -2004318072 -2004318072 -2004318072 -2004318072 -2004318072 -2004318072 286330960 286331153 286331153 286331153 286331153 286331153 286331153 286331153 286331153 547422376 1350730772 1094846992 -1593505752 -2105273312 571084880 572662306 572662306 1109533218 1145324609 1145324612 1145324612 -2004342716 -2004318072 -2004318072 84445320 286331153 286331153 286331153 572661921 572662306 572662306 1142170146 1145324612 1145324612 -2075900860 -2004318078 -2004318072 -2004318072 110100488 -1072299856 184571906 -2144599712 369143813 1617429184 1616928864 1616928864 218128480 202116108 202116108 -1609823220 -2122219135 -2122219135 25264513 808464436 808464432 808464432 101058176 101058054 101058054 -1061105658 -1061109568 -1061109568 404357312 404232216 404232216 46143512 1611333720 92285953 -1072299856 184571906 50529027 50529027 318964483 404232216 404232216 -1063774184 -1061109568 -1061109568 100974784 101058054 101058054 808461830 808464432 808464432 -2122219216 -2122219135 -2122219135 202116105 202116108 1275857932 23071488 -1341816788 46142976 1611333720 92285953 101058054 101058054 101058054 101058054 101058054 101058054 101058054 101058054 101058054 101058054 101058054 101058054 101058054 101058054 101058054 101058054 101058054 101058054 101058054 101058054 101058054 -1072299856 184571906 -2144599712 369143813 5767872 738287627 11535744 1476575254 23071488 -1341816788 46142976 1611333720 92285953 -1072299856 50529026 50529027 50529027 50529027 50529027 50529027 50529027 50529027 50529027 50529027 50529027 50529027 50529027 50529027 50529027 50529027 50529027 50529027 50529027 50529027 50529027 50529027 50529027 50529027 50529027 50529027 50529027 50529027 50529027 50529027 50529027 50529027 50529027 50529027 50529027 50529027 50529027 50529027 50529027 50529027 50529027 50529027 50529027 50529027 50529027 50529027 50529027 50529027 50529027 50529027 50529027 50529027 50529027 50529027 50529027 50529027 50529027 50529027 50529027 50529027 50529027 5767939 0 79733168 640 -1610012352 1342177280 2622026 -1835794432 2560 -2145082112 1073741826 10488105 1246756864 10242 9606144 93313 8800 251658240 -831283993 -306783431 969831324 -831283993 1840700217 -613566757 -1227133514 1840700269 -613566757 -1227133514 1840700269 -613566757 -1227133514 1840700269 1939662651 -1662567986 -415641997 969831324 -831283993 -613566759 -1227133514 1840700269 -613566757 -1227133514 1840700269 -613566757 -1227133514 1840700269 -613566757 -1227133514 1840700269 -613566757 -1227133514 1840700269 -613566757 -1227133514 1840700269 -613566757 -1227133514 1840700269 -613566757 -1227133514 1840700269 -613566757 -1227133514 1840700269 -613566757 -1227133514 1840700269 -613566757 -1227133514 1840700269 -613566757 -1227133514 1840700269 -613566757 -1227133514 1840700269 -613566757 -1227133514 1840700269 1939662651 1840699854 -613566757 -1227133514 1840700269 -613566757 -1227133514 1840700269 -613566757 -1227133514 1840700269 -613566757 -1227133514 1840700269 -613566757 -1227133514 1840700269 -613566757 -1227133514 1840700269 -613566757 -1227133514 1840700269 -613566757 1731947958 -613566757 -1662568322 -613953933 -1227145802 1840699885 2070787791 -1277465162 1839127405 -613615909 -1227135050 -306783427 -814893351 -1233424970 1840503661 -613572901 1840700278 -831283993 1939662649 -1662567986 -616968589 -1227133514 1840700269 -613566757 -1227133514 1840700269 -613566757 -1227133514 1840700269 -613566757 -831283786 1939662649 1827092942 -613566757 -1227133514 1840700269 -613566757 -1227133514 1840700269 -613566757 -1227133514 1840700269 -613566757 -1227133514 1840700269 -613566757 -1227133514 1840700269 -613566757 -1227133514 1840700269 -613566757 -1227133514 1840700269 -613566757 -1610613322 1840700269 -613566757 -613566770 -1227133514 -1227135123 1840700269 1840494299 -613566757 -639930954 -1227133514 -306783379 1840700268 -613566757 -613566858 -1227133514 -1227146387 1840700269 1839052507 -613566757 -824480330 -1227133514 1840700269 1840700263 -613566757 -613567562 -1227133514 -1227236499 1840700269 1827518171 -613566757 1994091958 -1227133514 1840700269 1840700219 -613566757 -613573194 -1227133514 -1227957395 1840700269 1735243483 -613566757 -1227133514 -1227133517 1840700269 1840699867 -613566757 -613618250 -1227133514 -1233724563 1840700269 997045979 -613566757 -1227133514 -1227133539 1840700269 1840697051 -613566757 -613978698 -1227133514 -1279861907 1840700269 -613566757 -613566759 -1227133514 -1227133715 1840700269 1840674523 -613566757 -616862282 -1227133514 -1648960659 1840700269 -613566757 -613566770 -1227133514 -1227135123 1840700269 1840494299 -613566757 -639930954 -1227133514 -306783379 1840700268 -613566757 -613566858 -1227133514 -1227146387 1840700269 1839052507 -613566757 -824480330 -1227133514 1840700269 1840700263 -613566757 -613567562 -1227133514 -1227236499 1840700269 1827518171 -613566757 1994091958 -1227133514 1840700269 1840700219 -613566757 -613573194 -1227133514 -1227957395 1840700269 1735243483 -613566757 -1227133514 -1227133517 1840700269 1840699867 -613566757 -613618250 -1227133514 -1233724563 1840700269 997045979 -613566757 -1227133514 -1227133539 1840700269 1840697051 -613566757 -613978698 -1227133514 -1279861907 1840700269 460175067 141985 8576 -831284164 1939662649 -1662567986 -415641997 1840700268 -613566757 -1227133514 1840700269 -613566757 -1227133514 1840700269 -613566757 -1227133514 1840700269 -613566757 -1227133514 969831325 -831283993 1838999353 -613566757 -1227133514 1840700269 -613566757 -1227133514 1840700269 -613566757 -1227133514 1840700269 -613566757 -1227133514 1840700269 -613566757 -1227133514 1840700269 -613566757 -1227133514 1840700269 -613566757 -1227133514 1840700269 -613566757 -1227133514 -831071379 1841096505 1859874267 -1227131173 -1226983717 -1217546515 -613565587 -613491859 -608773258 -306782794 1840737718 -2015662661 -415641997 -1277465165 1840503661 -613567525 -1277465165 1840503661 -613567525 -1277465165 1840503661 -613567525 -1277465165 -613557395 -1227133514 -415641997 1859874236 -613566757 -1227133514 1840700269 -613566757 -1227133514 1840700269 -613566757 -1227133514 1840700269 -613566757 -1227133514 1840700269 -613566757 -1227133514 1840700269 -613566757 -1227133514 1840700269 -613566757 -1227133514 1840700269 -613566757 -1227133514 -1648960659 -415641997 969831324 1840700263 -613566757 -1227133514 1840700269 -613566757 -1227133514 1840700269 -613566757 -1227133514 1840700269 -613566757 -1227133514 1840700269 -613566757 -1227133514 1840700269 -613566757 -1227133514 1840700269 -613566757 -1227133514 1840700269 -613566757 -1227133514 1840700269 -613566757 -1227133514 1840700269 -613566757 -1227133514 1840700269 -613566757 -1227133514 1840700269 -613566757 -1227133514 1840700269 -613566757 -1227133514 1840700269 -613566757 -1227133514 1879047021 -613566757 -1227133514 1840700269 -613566757 -1227133514 1840700269 -613566757 -1227133514 1840700269 -613566757 -1227133514 1840700269 -613566757 -1227133514 1840700269 -613566757 -1227133514 1840700269 -613566757 -1227133514 1840700269 -613566757 -1227133514 1840700269 -613566757 -1227133514 1840700269 -613566757 -1227133514 1840700269 -613566757 -1227133514 1840700269 -613566757 -1227133514 1840700269 -613566757 -1227133514 1840700269 -613566757 -1227133514 1840700269 -613566757 -1227133514 1840700269 -613566757 -1227133514 1840700269 -613566757 -1227133514 1840700269 -613566757 -1227133514 1840700269 -613566757 -1227133514 1840700269 -613566757 -1227133514 1840700269 -613566757 -1227133514 1840700269 -613566757 -1227133514 1840700269 -613566757 -1227133514 1840700269 -613566757 -1227133514 1840700269 -613566757 -1227133514 1840700269 -613566757 -1227133514 1840700269 -613566757 -1227133514 1840700269 1735243483 -613566757 -153391690 1840700268 -613566757 -1227133538 1840700269 -613567525 -1227133514 1840675693 -613566757 -1227919946 1840700269 -638732581 -1227133514 1035393901 -613566757 -1227133514 1840700263 -613566757 -1227133706 1840700269 -613572901 -1227133514 1840503661 -613566757 -1233424970 1840700269 -814893349 -1227133514 -306783379 -613566759 -1227133514 1840700221 -613566757 -1227135050 1840700269 -613615909 -1227133514 1839127405 -613566757 -1277465162 1840700269 2070787803 -1227133514 1840700269 -613566769 -1227133514 45 156161 1696 -641728512 -207820999 -412665616 -415641988 -831459087 -824673418 -203724999 -575431439 -412665394 -616964999 -613517618 523986745 -831277449 -830768067 -1669635111 -831267969 1740092345 -1629886705 1994903163 -472925330 1871672220 -1881178225 1853594685 -941116481 2008663943 2084437878 -546177034 -411175197 -662965369 2029485945 -556806209 1035368398 2042879727 -160194660 -570458691 -2162949 -1081363 -8388869 3071 0 -758370176 15 64378880 0 62870 1702887424 61 257515520 0 251480 -1778384896 245 1030062080 164481 1440 1010580540 -252475492 1894838512 -306778594 1849552108 -1221003557 1994096055 1035393910 -612681252 -1280067890 -1648960659 -612517965 1840707190 511105499 2121511158 -1227239577 -415641747 1840904049 2071171003 -281424266 -608486498 -822731149 -1648920965 1840508807 -209219781 516909019 -541647121 -29461575 1942940918 2005372830 -1889042626 -823692401 -25694770 -1888227778 -34637921 -814793667 -293604465 -153170068 -272638351 -136323337 1997498332 -205815937 -545263625 -16842769 1015 
0
1
CHD2
1
SET-1
0
1
14
-2147483647
48 1 16 5 0 1 0 -1 -1 165898 1 -1879048189 1 165898 
0
0
0
0
0
