1
0
1
ASSEMBLY
1
CHD2
CHD2
1
CHD2
14
-2147483646
0
48 1 16 5 0 1 0 -1 -1 43683 1 -1879048189 1 43683 
14
48 1 16 5 0 1 0 -1 -1 43683 1 -1879048189 1 43683 
0
1
CHD2
14
-2147483646
0
48 1 16 5 0 1 0 -1 -1 70156 1 -1879048189 1 70156 
16
56 1 16 7 0 1 0 -1 -1 70156 1 -1342177277 1 35078 2 100000 
0
6
BOTTOM_PART
0
1
0
1
CHD2
192
769 770 771 772 773 774 775 776 777 778 779 780 781 782 783 784 785 786 787 788 789 790 791 792 793 794 795 796 797 798 799 800 801 802 803 804 805 806 807 808 809 810 811 812 813 814 815 816 817 818 819 820 821 822 823 824 825 826 827 828 829 830 831 832 833 834 835 836 837 838 839 840 841 842 843 844 845 846 847 848 849 850 851 852 853 854 855 856 857 858 859 860 861 862 863 864 865 866 867 868 869 870 871 872 873 874 875 876 877 878 879 880 881 882 883 884 885 886 887 888 889 890 891 892 893 894 895 896 897 898 899 900 901 902 903 904 905 906 907 908 909 910 911 912 913 914 915 916 917 918 919 920 921 922 923 924 925 926 927 928 929 930 931 932 933 934 935 936 937 938 939 940 941 942 943 944 945 946 947 948 949 950 951 952 953 954 955 956 957 958 959 960 
0
EFFECTIVE_SURFACE
0
1
0
1
CHD2
32
561 562 587 588 613 614 639 640 665 666 691 692 717 718 743 744 1345 1346 1415 1416 1485 1486 1555 1556 1625 1626 1695 1696 1765 1766 1835 1836 
0
HYDROGEN_SURFACE
0
1
0
1
CHD2
505
-2147483647
2012 1 16 496 0 1 0 -1 -1 8168 146 -1879048044 -1610612586 -1342177127 -1610612579 -1879048032 -1610612574 -1879048027 -1610612569 -1879048022 -1610612564 -1879048017 -1610612559 -1879048012 -1610612554 -1879048007 -1610612549 -1879048002 -1610612544 -1879047997 -1879047995 -1879047993 -1610612535 -1879047988 -1879047986 -1879047984 -1610612526 -1879047979 -1879047977 -1879047975 -1610612517 -1879047970 -1879047968 -1879047966 -1879047964 -1610612506 -1879047959 -1879047957 -1879047955 -1879047953 -1610612495 -1879047948 -1879047946 -1879047944 -1879047942 -1610612484 -1879047937 -1879047935 -1879047933 -1879047931 -1610612473 -1879047926 -1879047924 -1879047922 -1879047920 -1879047918 -1879047916 -1342177002 -1879047910 -1879047908 -1610612450 -1610612447 -1610612444 -1879047897 -1879047895 -1879047893 -1342176979 -1879047887 -1879047885 -1610612427 -1610612424 -1610612421 -1879047874 -1879047872 -1879047870 -1342176956 -1879047864 -1879047862 -1610612404 -1610612401 -1610612398 -1879047851 -1879047849 -1879047847 -1342176933 -1879047841 -1879047839 -1610612381 -1610612378 -1610612375 -1879047828 -1879047826 -1610612368 -1879047821 -1610612363 -1879047816 -1610612358 -1879047811 -1610612353 -1879047806 -1610612348 -1879047801 -1610612343 -1879047796 -1879047794 -1879047792 -1879047790 -1879047788 -1610612330 -1879047783 -1610612325 -1879047778 -1610612320 -1879047773 -1879047771 -1879047769 -1879047767 -1879047765 -1879047763 -1610612305 -1879047758 -1610612300 -1879047753 -1610612295 -1879047748 -1879047746 -1879047744 -1879047742 -1879047740 -1879047738 -1610612280 -1879047733 -1610612275 -1879047728 -1610612270 -1879047723 -1879047721 -1879047719 -1879047717 -1879047715 -1879047713 -1610612255 -1879047708 -1610612250 -1879047703 -1610612245 -1879047698 1 70 72 209 2 490 71 2 855 1417 209 2 1835 85 1921 2 2 1931 3 1935 2 2 1945 3 1949 2 2 1959 3 1963 2 2 1973 3 1977 2 2 1987 3 1991 2 2 2001 2843 5709 8 2 5868 16 6758 23 7632 31 8528 8 2 8687 16 9577 23 10451 31 11347 8 2 11506 16 12396 23 13270 31 14166 8 2 14325 16 15215 23 16089 2851 19475 7 19603 7 2 19617 9 21221 23 21727 32 22294 7 22422 7 2 22436 9 24040 23 24546 32 25113 7 25241 7 2 25255 9 26859 23 27365 32 27932 7 28060 7 2 28074 9 29678 23 30184 464 30656 1 30662 2 30671 3 30741 1 2 113 30856 3 30905 1 30928 2 2 30937 2 2 31028 2 16 31097 1 31103 2 31112 3 31182 1 2 113 31297 3 31346 1 31369 2 2 31378 2 2 31469 2 16 31538 1 31544 2 31553 3 31623 1 2 113 31738 3 31787 1 31810 2 2 31819 2 2 31910 2 16 31979 1 31985 2 31994 3 32064 1 2 113 32179 3 32228 1 32251 2 2 32260 2 2 32351 2 16 32412 14 32427 1 32430 3 2 32441 1 32444 3 2 32455 1 32458 3 2 32469 1 32472 3 2 32483 1 32486 3 2 32497 1 32500 3 2 32510 526 33047 2 33153 1 33156 3 33220 1 33257 2 2 33308 1 33323 2 3 33372 1 33433 2 15 33518 2 33546 1 33558 2 33664 1 33667 3 33731 1 33768 2 2 33819 1 33834 2 3 33883 1 33944 2 15 34029 2 34057 1 34069 2 34175 1 34178 3 34242 1 34279 2 2 34330 1 34345 2 3 34394 1 34455 2 15 34540 2 34568 1 34580 2 34686 1 34689 3 34753 1 34790 2 2 34841 1 34856 2 3 34905 1 34966 2 15 35051 2 
0
TOP_PART
0
1
0
1
CHD2
192
1153 1154 1155 1156 1157 1158 1159 1160 1161 1162 1163 1164 1165 1166 1167 1168 1169 1170 1171 1172 1173 1174 1175 1176 1177 1178 1179 1180 1181 1182 1183 1184 1185 1186 1187 1188 1189 1190 1191 1192 1193 1194 1195 1196 1197 1198 1199 1200 1201 1202 1203 1204 1205 1206 1207 1208 1209 1210 1211 1212 1213 1214 1215 1216 1217 1218 1219 1220 1221 1222 1223 1224 1225 1226 1227 1228 1229 1230 1231 1232 1233 1234 1235 1236 1237 1238 1239 1240 1241 1242 1243 1244 1245 1246 1247 1248 1249 1250 1251 1252 1253 1254 1255 1256 1257 1258 1259 1260 1261 1262 1263 1264 1265 1266 1267 1268 1269 1270 1271 1272 1273 1274 1275 1276 1277 1278 1279 1280 1281 1282 1283 1284 1285 1286 1287 1288 1289 1290 1291 1292 1293 1294 1295 1296 1297 1298 1299 1300 1301 1302 1303 1304 1305 1306 1307 1308 1309 1310 1311 1312 1313 1314 1315 1316 1317 1318 1319 1320 1321 1322 1323 1324 1325 1326 1327 1328 1329 1330 1331 1332 1333 1334 1335 1336 1337 1338 1339 1340 1341 1342 1343 1344 
0
TOP_SURFACE
0
1
0
1
CHD2
16
1175 1176 1199 1200 1223 1224 1247 1248 1271 1272 1295 1296 1319 1320 1343 1344 
0
ZSYMM
0
1
0
1
CHD2
150
-2147483647
592 1 16 141 0 1 0 -1 -1 7614 38 -1610612696 -1610612693 -1879048146 -1610612688 -1879048141 -1610612683 -1879048136 -1610612678 -1879048131 -1610612673 -1879048126 -1610612668 -1879048121 -1610612663 -1879048116 -1610612658 -1879048111 -1879048109 -1342177195 -1879048103 -1879048101 -1879048099 -1342177185 -1879048093 -1342177179 -1879048087 -1342177173 -1879048081 -1342177167 -1879048075 -1342177161 -1879048069 -1342177155 -1879048063 -1342177149 -1879048057 -1879048055 -1879048053 1 384 2 770 569 2 1912 2 1915 2 5 1926 2 1929 2 5 1940 2 1943 2 5 1954 2 1957 2 5 1968 2 1971 2 5 1982 2 1985 2 5 1996 2 1999 2 5 2010 2 2013 1 13293 2819 2 14095 31971 441 32419 1 32421 3 32425 1 2 8 32435 3 32439 1 2 8 32449 3 32453 1 2 8 32463 3 32467 1 2 8 32477 3 32481 1 2 8 32491 3 32495 1 2 8 32505 3 32509 1 2 8 32519 3 32523 1 34568 511 
0
1
CHD2
3
SET-1
0
1
14
-2147483647
48 1 16 5 0 1 0 -1 -1 35078 1 -1879048189 1 35078 
0
0
SOLID
0
1
14
-2147483647
48 1 16 5 0 1 0 -1 -1 35078 1 -1879048189 1 35078 
0
0
VISUALIZATION
0
1
14
-2147483647
48 1 16 5 0 1 0 -1 -1 35078 1 -1879048189 35079 35078 
0
0
0
6
BOTTOM_PART
0
1
0
1
CHD2
23
-2147483647
84 1 16 14 0 1 0 -1 -1 351 4 -1879048186 -1879048184 -1879048182 -1879048180 17 8 307 76 2589 190 18613 77 
0
EFFECTIVE_SURFACE
0
1
0
1
CHD2
27
9 10 13 16 227 253 286 287 288 289 290 291 292 300 301 302 303 304 305 306 2575 2576 2577 2578 2579 2580 2581 
0
HYDROGEN_SURFACE
0
1
0
1
CHD2
95
-2147483647
372 1 16 86 0 1 0 -1 -1 8705 27 -1879048163 -1610612705 -1879048158 -1879048156 -1879048154 -1879048152 -1879048150 -1879048148 -1879048146 -1879048144 -1879048142 -1879048140 -1879048138 -1879048136 -1879048134 -1879048132 -1879048130 -1879048128 -1342177214 -1879048122 -1879048120 -1879048118 -1879048116 -1879048114 -1879048112 -1879048110 -1879048108 1 10 13 2 3 29 170 213 15 253 1 300 7 487 145 639 18 664 345 1134 22 1211 31 1297 281 1703 65 1775 118 2131 238 3138 306 3689 42 3780 2662 9104 88 2 588 10000 124 10344 2662 15668 212 16380 454 17200 78 17306 21 17355 436 18227 64 
0
TOP_PART
0
1
0
1
CHD2
41
-2147483647
156 1 16 32 0 1 0 -1 -1 351 8 -1342177270 -1879048178 -1342177264 -1342177260 -1879048168 -1879048166 -1879048164 -1879048162 11 2 2 3 25 4 240 1 2 26 279 7 2 14 427 60 2582 7 2955 183 18767 77 
0
TOP_SURFACE
0
1
0
1
CHD2
27
25 26 27 28 438 461 473 474 475 476 477 478 479 480 481 482 483 484 485 486 3131 3132 3133 3134 3135 3136 3137 
0
ZSYMM
0
1
0
1
CHD2
137
-2147483647
540 1 16 128 0 1 0 -1 -1 7846 38 -1610612696 -1879048149 -1879048147 -1342177233 -1610612685 -1879048138 -1879048136 -1879048134 -1879048132 -1879048130 -1879048128 -1879048126 -1879048124 -1342177210 -1879048118 -1342177204 -1879048112 -1879048110 -1879048108 -1879048106 -1879048104 -1879048102 -1879048100 -1879048098 -1879048096 -1879048094 -1879048092 -1879048090 -1879048088 -1879048086 -1342177172 -1879048080 -1879048078 -1879048076 -1342177162 -1879048070 -1879048068 -1879048066 1 2 3 7 3 12 1 15 2 3 3 25 4 2 34 2 43 6 52 4 58 1 95 34 165 48 241 12 267 26 308 11 2 24 369 25 405 11 2 22 450 11 480 41 556 34 632 7 647 3 657 10 1009 310 1526 199 1741 16 1764 11 1786 4 1809 16 1893 238 2407 84 2688 77 2 190 3054 77 3444 238 3759 21 6442 2662 2 6564 16834 366 17278 28 17791 436 
0
1
CHD2
1
SET-1
0
1
14
-2147483647
48 1 16 5 0 1 0 -1 -1 43683 1 -1879048189 1 43683 
0
0
0
0
0
