1
0
1
ASSEMBLY
1
PART-1-1
ELASTIC_HOLE_PLATE
1
PART-1-1
14
-2147483646
0
48 1 16 5 0 1 0 -1 -1 5199 1 -1879048189 1 5199 
14
48 1 16 5 0 1 0 -1 -1 5199 1 -1879048189 1 5199 
0
1
PART-1-1
14
-2147483646
0
48 1 16 5 0 1 0 -1 -1 1682 1 -1879048189 1 1682 
14
48 1 16 5 0 1 0 -1 -1 1682 1 -1879048189 1 1682 
0
14
SET-1
0
1
0
1
PART-1-1
14
-2147483647
48 1 16 5 0 1 0 -1 -1 1682 1 -1879048189 1 1682 
0
SET-10
0
1
0
1
PART-1-1
56
478 479 495 496 504 505 514 515 516 517 518 519 520 522 523 524 526 527 534 535 536 537 538 539 540 541 542 679 728 743 771 775 777 780 795 808 815 816 817 819 821 825 828 832 836 837 839 857 858 859 860 861 864 965 967 968 
0
SET-11
0
1
0
1
PART-1-1
56
478 479 495 496 504 505 514 515 516 517 518 519 520 522 523 524 526 527 534 535 536 537 538 539 540 541 542 679 728 743 771 775 777 780 795 808 815 816 817 819 821 825 828 832 836 837 839 857 858 859 860 861 864 965 967 968 
0
SET-12
0
1
0
1
PART-1-1
14
-2147483647
48 1 16 5 0 1 0 -1 -1 1682 1 -1879048189 1 1682 
0
SET-13
0
1
0
1
PART-1-1
14
-2147483647
48 1 16 5 0 1 0 -1 -1 1682 1 -1879048189 1 1682 
0
SET-2
0
1
0
1
PART-1-1
14
-2147483647
48 1 16 5 0 1 0 -1 -1 1682 1 -1879048189 1 1682 
0
SET-3
0
1
0
1
PART-1-1
34
31 32 38 39 77 149 180 186 196 203 209 520 521 528 529 543 555 559 560 563 564 592 682 767 789 804 805 826 827 829 842 849 850 853 
0
SET-4
0
1
0
1
PART-1-1
30
54 74 101 150 188 237 249 309 322 370 371 469 478 484 637 642 659 739 744 754 772 797 802 810 865 866 876 880 900 988 
0
SET-8
0
1
0
1
PART-1-1
147
5 25 26 31 32 33 38 39 41 42 43 44 45 46 47 48 49 50 51 52 53 54 61 63 65 69 70 72 74 75 77 79 90 99 101 149 150 180 186 188 196 203 209 237 249 309 322 370 371 437 438 469 478 479 484 495 496 504 505 514 515 516 517 518 519 520 521 522 523 524 526 527 528 529 534 535 536 537 538 539 540 541 542 543 555 559 560 563 564 592 637 642 659 679 682 728 739 743 744 754 767 771 772 775 777 780 789 795 797 802 804 805 808 810 815 816 817 819 821 825 826 827 828 829 832 836 837 839 842 849 850 853 857 858 859 860 861 864 865 866 876 880 900 965 967 968 988 
0
SET-9
0
1
0
1
PART-1-1
56
478 479 495 496 504 505 514 515 516 517 518 519 520 522 523 524 526 527 534 535 536 537 538 539 540 541 542 679 728 743 771 775 777 780 795 808 815 816 817 819 821 825 828 832 836 837 839 857 858 859 860 861 864 965 967 968 
0
_SURF-1_S2
0
2
0
1
PART-1-1
15
495 496 522 523 524 527 539 540 541 679 780 815 816 817 825 
0
_SURF-1_S4
0
2
0
1
PART-1-1
12
504 505 520 526 534 535 536 537 538 542 828 836 
0
_SURF-2_S2
0
2
0
1
PART-1-1
15
495 496 522 523 524 527 539 540 541 679 780 815 816 817 825 
0
_SURF-2_S4
0
2
0
1
PART-1-1
12
504 505 520 526 534 535 536 537 538 542 828 836 
0
1
PART-1-1
1
SET-1
0
1
14
-2147483647
48 1 16 5 0 1 0 -1 -1 1682 1 -1879048189 1 1682 
0
0
0
10
SET-1
0
1
0
1
PART-1-1
14
-2147483647
48 1 16 5 0 1 0 -1 -1 5199 1 -1879048189 1 5199 
0
SET-10
0
1
0
1
PART-1-1
115
6 7 8 104 105 106 107 108 109 110 111 112 113 114 115 116 117 118 119 120 121 122 123 124 125 126 127 128 129 130 131 132 133 134 135 136 137 138 139 140 141 142 143 144 145 146 147 148 149 150 151 152 153 154 155 156 157 158 2771 2774 2831 2832 2835 2867 2871 2898 2904 2908 2910 2913 2915 2919 2925 2929 2932 2941 2943 2966 2968 2971 2973 2975 2977 2980 2982 2986 3292 3401 3431 3490 3496 3500 3505 3539 3571 3586 3588 3590 3593 3597 3609 3615 3624 3635 3638 3642 3685 3687 3689 3691 3693 3703 3911 3914 3917 
0
SET-11
0
1
0
1
PART-1-1
115
6 7 8 104 105 106 107 108 109 110 111 112 113 114 115 116 117 118 119 120 121 122 123 124 125 126 127 128 129 130 131 132 133 134 135 136 137 138 139 140 141 142 143 144 145 146 147 148 149 150 151 152 153 154 155 156 157 158 2771 2774 2831 2832 2835 2867 2871 2898 2904 2908 2910 2913 2915 2919 2925 2929 2932 2941 2943 2966 2968 2971 2973 2975 2977 2980 2982 2986 3292 3401 3431 3490 3496 3500 3505 3539 3571 3586 3588 3590 3593 3597 3609 3615 3624 3635 3638 3642 3685 3687 3689 3691 3693 3703 3911 3914 3917 
0
SET-12
0
1
0
1
PART-1-1
14
-2147483647
48 1 16 5 0 1 0 -1 -1 5199 1 -1879048189 1 5199 
0
SET-13
0
1
0
1
PART-1-1
14
-2147483647
48 1 16 5 0 1 0 -1 -1 5199 1 -1879048189 1 5199 
0
SET-2
0
1
0
1
PART-1-1
14
-2147483647
48 1 16 5 0 1 0 -1 -1 5199 1 -1879048189 1 5199 
0
SET-3
0
1
0
1
PART-1-1
69
3 4 8 36 37 38 39 40 41 42 43 44 45 159 160 161 162 163 164 165 166 167 168 169 170 171 172 173 174 175 176 177 178 179 180 1876 1880 1902 1904 2018 2162 2222 2236 2255 2275 2287 2916 2922 2945 2951 2989 3029 3044 3048 3059 3061 3111 3301 3480 3524 3564 3565 3611 3613 3616 3646 3667 3668 3676 
0
SET-4
0
1
0
1
PART-1-1
61
1 5 6 76 77 78 79 80 81 82 83 84 85 86 87 88 89 90 91 92 93 94 95 96 97 98 99 100 101 102 103 1954 2010 2066 2166 2238 2335 2360 2484 2506 2608 2610 2744 2770 2794 3206 3220 3250 3421 3433 3454 3493 3540 3555 3577 3705 3708 3738 3747 3788 3952 
0
SET-8
0
1
0
1
PART-1-1
92
-2147483647
360 1 16 83 0 1 0 -1 -1 304 2 -1073741820 -1073741812 1 192 253 -8 -1 -1 -1 1048575 1761 2208 262144 0 -2147483648 143130625 -1803509760 306594952 276824066 -2029770751 536870978 163840 0 0 2228224 0 671096832 16384 16388 1073741824 8388608 0 0 0 524288 512 0 0 163840 0 0 -1073741824 8388608 2490368 512 311296 4456448 679608320 1342771789 1419771969 4649 1048576 1310856 0 64 0 0 524320 131072 134217728 16 0 0 268435712 536871232 8388608 67730 786440 17045508 -721415894 572784768 135004160 155194704 33554432 4 2048 0 0 0 4672 32768 
0
SET-9
0
1
0
1
PART-1-1
115
6 7 8 104 105 106 107 108 109 110 111 112 113 114 115 116 117 118 119 120 121 122 123 124 125 126 127 128 129 130 131 132 133 134 135 136 137 138 139 140 141 142 143 144 145 146 147 148 149 150 151 152 153 154 155 156 157 158 2771 2774 2831 2832 2835 2867 2871 2898 2904 2908 2910 2913 2915 2919 2925 2929 2932 2941 2943 2966 2968 2971 2973 2975 2977 2980 2982 2986 3292 3401 3431 3490 3496 3500 3505 3539 3571 3586 3588 3590 3593 3597 3609 3615 3624 3635 3638 3642 3685 3687 3689 3691 3693 3703 3911 3914 3917 
0
1
PART-1-1
4
POINT_A
0
1
1
5 
0
0
POINT_B
0
1
1
930 
0
0
POINT_C
0
1
1
4 
0
0
SET-1
0
1
14
-2147483647
48 1 16 5 0 1 0 -1 -1 5199 1 -1879048189 1 5199 
0
0
0
0
2
SURF-1
0
0
0
1
PART-1-1
0
0
2
S2
15
495 496 522 523 524 527 539 540 541 679 780 815 816 817 825 
S4
12
504 505 520 526 534 535 536 537 538 542 828 836 
SURF-2
0
0
0
1
PART-1-1
0
0
2
S2
15
495 496 522 523 524 527 539 540 541 679 780 815 816 817 825 
S4
12
504 505 520 526 534 535 536 537 538 542 828 836 
