 
Abaqus 2023  is now in use 
 
NOTICE.  Abaqus licenses used on CSC's servers are only for 
students and personnel from Finnish universities and polytechnics. 
 

Lmod is automatically replacing "gcc/11.3.0" with
"intel-oneapi-compilers/2022.1.0".


Due to MODULEPATH changes, the following have been reloaded:
  1) intel-oneapi-mkl/2022.1.0     2) openmpi/4.1.4

Checkout succeeded: standard/83BC504A2998
	License file: 1761@license1.csc.fi
	No server used
FLEXnet Licensing checkout error: In the queue for this feature.
Feature:       standard
License path:  1761@license1.csc.fi:
FLEXnet Licensing error:-35,146
For further information, refer to the FLEXnet Licensing documentation,
available at "www.acresso.com".
license file(s):  1761@license1.csc.fi
"standard" license request queued for the License Server. 
Total time in queue: 1 seconds.
"standard" license request queued for the License Server. 
Total time in queue: 31 seconds.
"standard" license request queued for the License Server. 
Total time in queue: 61 seconds.
"standard" license request queued for the License Server. 
Total time in queue: 91 seconds.
"standard" license request queued for the License Server. 
Total time in queue: 121 seconds.
"standard" license request queued for the License Server. 
Total time in queue: 151 seconds.
"standard" license request queued for the License Server. 
Total time in queue: 181 seconds.
"standard" license request queued for the License Server. 
Total time in queue: 211 seconds.
"standard" license request queued for the License Server. 
Total time in queue: 241 seconds.
"standard" license request queued for the License Server. 
Total time in queue: 271 seconds.
"standard" license request queued for the License Server. 
Total time in queue: 301 seconds.
"standard" license request queued for the License Server. 
Total time in queue: 331 seconds.
"standard" license request queued for the License Server. 
Total time in queue: 361 seconds.
"standard" license request queued for the License Server. 
Total time in queue: 391 seconds.
"standard" license request queued for the License Server. 
Total time in queue: 421 seconds.
"standard" license request queued for the License Server. 
Total time in queue: 451 seconds.
"standard" license request queued for the License Server. 
Total time in queue: 481 seconds.
"standard" license request queued for the License Server. 
Total time in queue: 511 seconds.
"standard" license request queued for the License Server. 
Total time in queue: 541 seconds.
"standard" license request queued for the License Server. 
Total time in queue: 571 seconds.
"standard" license request queued for the License Server. 
Total time in queue: 601 seconds.
"standard" license request queued for the License Server. 
Total time in queue: 631 seconds.
"standard" license request queued for the License Server. 
Total time in queue: 661 seconds.
"standard" license request queued for the License Server. 
Total time in queue: 691 seconds.
"standard" license request queued for the License Server. 
Total time in queue: 721 seconds.
"standard" license request queued for the License Server. 
Total time in queue: 751 seconds.
"standard" license request queued for the License Server. 
Total time in queue: 781 seconds.
"standard" license request queued for the License Server. 
Total time in queue: 811 seconds.
"standard" license request queued for the License Server. 
Total time in queue: 841 seconds.
"standard" license request queued for the License Server. 
Total time in queue: 871 seconds.
"standard" license request queued for the License Server. 
Total time in queue: 901 seconds.
FLEXnet Licensing checkout error: Licensed number of users already reached.
Feature:       standard
License path:  1761@license1.csc.fi:
FLEXnet Licensing error:-4,132
For further information, refer to the FLEXnet Licensing documentation,
available at "www.acresso.com".
license file(s):  1761@license1.csc.fi
"standard" license request queued for the License Server. 
Total time in queue: 931 seconds.
"standard" license request queued for the License Server. 
Total time in queue: 961 seconds.
"standard" license request queued for the License Server. 
Total time in queue: 991 seconds.
"standard" license request queued for the License Server. 
Total time in queue: 1021 seconds.
"standard" license request queued for the License Server. 
Total time in queue: 1051 seconds.
"standard" license request queued for the License Server. 
Total time in queue: 1081 seconds.
"standard" license request queued for the License Server. 
Total time in queue: 1111 seconds.
"standard" license request queued for the License Server. 
Total time in queue: 1141 seconds.
"standard" license request queued for the License Server. 
Total time in queue: 1171 seconds.
"standard" license request queued for the License Server. 
Total time in queue: 1201 seconds.
"standard" license request queued for the License Server. 
Total time in queue: 1231 seconds.
"standard" license request queued for the License Server. 
Total time in queue: 1261 seconds.
"standard" license request queued for the License Server. 
Total time in queue: 1291 seconds.
"standard" license request queued for the License Server. 
Total time in queue: 1321 seconds.
"standard" license request queued for the License Server. 
Total time in queue: 1351 seconds.
"standard" license request queued for the License Server. 
Total time in queue: 1381 seconds.
"standard" license request queued for the License Server. 
Total time in queue: 1411 seconds.
"standard" license request queued for the License Server. 
Total time in queue: 1441 seconds.
"standard" license request queued for the License Server. 
Total time in queue: 1471 seconds.
"standard" license request queued for the License Server. 
Total time in queue: 1501 seconds.
"standard" license request queued for the License Server. 
Total time in queue: 1531 seconds.
"standard" license request queued for the License Server. 
Total time in queue: 1561 seconds.
"standard" license request queued for the License Server. 
Total time in queue: 1591 seconds.
"standard" license request queued for the License Server. 
Total time in queue: 1621 seconds.
"standard" license request queued for the License Server. 
Total time in queue: 1651 seconds.
"standard" license request queued for the License Server. 
Total time in queue: 1681 seconds.
"standard" license request queued for the License Server. 
Total time in queue: 1711 seconds.
"standard" license request queued for the License Server. 
Total time in queue: 1741 seconds.
"standard" license request queued for the License Server. 
Total time in queue: 1771 seconds.
"standard" license request queued for the License Server. 
Total time in queue: 1801 seconds.
"standard" license request queued for the License Server. 
Total time in queue: 1831 seconds.
FLEXnet Licensing checkout error: Licensed number of users already reached.
Feature:       standard
License path:  1761@license1.csc.fi:
FLEXnet Licensing error:-4,132
For further information, refer to the FLEXnet Licensing documentation,
available at "www.acresso.com".
license file(s):  1761@license1.csc.fi
"standard" license request queued for the License Server. 
Total time in queue: 1861 seconds.
"standard" license request queued for the License Server. 
Total time in queue: 1891 seconds.
"standard" license request queued for the License Server. 
Total time in queue: 1921 seconds.
"standard" license request queued for the License Server. 
Total time in queue: 1951 seconds.
"standard" license request queued for the License Server. 
Total time in queue: 1981 seconds.
"standard" license request queued for the License Server. 
Total time in queue: 2011 seconds.
"standard" license request queued for the License Server. 
Total time in queue: 2041 seconds.
"standard" license request queued for the License Server. 
Total time in queue: 2071 seconds.
"standard" license request queued for the License Server. 
Total time in queue: 2101 seconds.
"standard" license request queued for the License Server. 
Total time in queue: 2131 seconds.
"standard" license request queued for the License Server. 
Total time in queue: 2161 seconds.
"standard" license request queued for the License Server. 
Total time in queue: 2191 seconds.
"standard" license request queued for the License Server. 
Total time in queue: 2221 seconds.
"standard" license request queued for the License Server. 
Total time in queue: 2251 seconds.
"standard" license request queued for the License Server. 
Total time in queue: 2281 seconds.
"standard" license request queued for the License Server. 
Total time in queue: 2311 seconds.
"standard" license request queued for the License Server. 
Total time in queue: 2341 seconds.
"standard" license request queued for the License Server. 
Total time in queue: 2371 seconds.
"standard" license request queued for the License Server. 
Total time in queue: 2401 seconds.
"standard" license request queued for the License Server. 
Total time in queue: 2431 seconds.
"standard" license request queued for the License Server. 
Total time in queue: 2461 seconds.
"standard" license request queued for the License Server. 
Total time in queue: 2491 seconds.
"standard" license request queued for the License Server. 
Total time in queue: 2521 seconds.
"standard" license request queued for the License Server. 
Total time in queue: 2551 seconds.
"standard" license request queued for the License Server. 
Total time in queue: 2581 seconds.
"standard" license request queued for the License Server. 
Total time in queue: 2611 seconds.
"standard" license request queued for the License Server. 
Total time in queue: 2641 seconds.
"standard" license request queued for the License Server. 
Total time in queue: 2671 seconds.
"standard" license request queued for the License Server. 
Total time in queue: 2701 seconds.
"standard" license request queued for the License Server. 
Total time in queue: 2731 seconds.
"standard" license request queued for the License Server. 
Total time in queue: 2761 seconds.
FLEXnet Licensing checkout error: Licensed number of users already reached.
Feature:       standard
License path:  1761@license1.csc.fi:
FLEXnet Licensing error:-4,132
For further information, refer to the FLEXnet Licensing documentation,
available at "www.acresso.com".
license file(s):  1761@license1.csc.fi
"standard" license request queued for the License Server. 
Total time in queue: 2792 seconds.
"standard" license request queued for the License Server. 
Total time in queue: 2822 seconds.
"standard" license request queued for the License Server. 
Total time in queue: 2852 seconds.
"standard" license request queued for the License Server. 
Total time in queue: 2882 seconds.
"standard" license request queued for the License Server. 
Total time in queue: 2912 seconds.
"standard" license request queued for the License Server. 
Total time in queue: 2942 seconds.
"standard" license request queued for the License Server. 
Total time in queue: 2972 seconds.
"standard" license request queued for the License Server. 
Total time in queue: 3002 seconds.
"standard" license request queued for the License Server. 
Total time in queue: 3032 seconds.
"standard" license request queued for the License Server. 
Total time in queue: 3062 seconds.
"standard" license request queued for the License Server. 
Total time in queue: 3092 seconds.
"standard" license request queued for the License Server. 
Total time in queue: 3122 seconds.
"standard" license request queued for the License Server. 
Total time in queue: 3152 seconds.
"standard" license request queued for the License Server. 
Total time in queue: 3182 seconds.
"standard" license request queued for the License Server. 
Total time in queue: 3212 seconds.
"standard" license request queued for the License Server. 
Total time in queue: 3242 seconds.
"standard" license request queued for the License Server. 
Total time in queue: 3272 seconds.
"standard" license request queued for the License Server. 
Total time in queue: 3302 seconds.
"standard" license request queued for the License Server. 
Total time in queue: 3332 seconds.
"standard" license request queued for the License Server. 
Total time in queue: 3362 seconds.
"standard" license request queued for the License Server. 
Total time in queue: 3392 seconds.
"standard" license request queued for the License Server. 
Total time in queue: 3422 seconds.
"standard" license request queued for the License Server. 
Total time in queue: 3452 seconds.
"standard" license request queued for the License Server. 
Total time in queue: 3482 seconds.
"standard" license request queued for the License Server. 
Total time in queue: 3512 seconds.
"standard" license request queued for the License Server. 
Total time in queue: 3542 seconds.
"standard" license request queued for the License Server. 
Total time in queue: 3572 seconds.
"standard" license request queued for the License Server. 
Total time in queue: 3602 seconds.
"standard" license request queued for the License Server. 
Total time in queue: 3632 seconds.
"standard" license request queued for the License Server. 
Total time in queue: 3662 seconds.
FLEXnet Licensing checkout error: Licensed number of users already reached.
Feature:       standard
License path:  1761@license1.csc.fi:
FLEXnet Licensing error:-4,132
For further information, refer to the FLEXnet Licensing documentation,
available at "www.acresso.com".
license file(s):  1761@license1.csc.fi
"standard" license request queued for the License Server. 
Total time in queue: 3692 seconds.
"standard" license request queued for the License Server. 
Total time in queue: 3722 seconds.
"standard" license request queued for the License Server. 
Total time in queue: 3752 seconds.
"standard" license request queued for the License Server. 
Total time in queue: 3782 seconds.
"standard" license request queued for the License Server. 
Total time in queue: 3812 seconds.
"standard" license request queued for the License Server. 
Total time in queue: 3842 seconds.
"standard" license request queued for the License Server. 
Total time in queue: 3872 seconds.
"standard" license request queued for the License Server. 
Total time in queue: 3905 seconds.
"standard" license request queued for the License Server. 
Total time in queue: 3935 seconds.
"standard" license request queued for the License Server. 
Total time in queue: 3965 seconds.
"standard" license request queued for the License Server. 
Total time in queue: 3995 seconds.
"standard" license request queued for the License Server. 
Total time in queue: 4025 seconds.
"standard" license request queued for the License Server. 
Total time in queue: 4055 seconds.
"standard" license request queued for the License Server. 
Total time in queue: 4085 seconds.
"standard" license request queued for the License Server. 
Total time in queue: 4115 seconds.
"standard" license request queued for the License Server. 
Total time in queue: 4145 seconds.
"standard" license request queued for the License Server. 
Total time in queue: 4175 seconds.
"standard" license request queued for the License Server. 
Total time in queue: 4205 seconds.
"standard" license request queued for the License Server. 
Total time in queue: 4235 seconds.
"standard" license request queued for the License Server. 
Total time in queue: 4265 seconds.
"standard" license request queued for the License Server. 
Total time in queue: 4295 seconds.
"standard" license request queued for the License Server. 
Total time in queue: 4325 seconds.
"standard" license request queued for the License Server. 
Total time in queue: 4355 seconds.
"standard" license request queued for the License Server. 
Total time in queue: 4385 seconds.
"standard" license request queued for the License Server. 
Total time in queue: 4415 seconds.
"standard" license request queued for the License Server. 
Total time in queue: 4445 seconds.
"standard" license request queued for the License Server. 
Total time in queue: 4475 seconds.
"standard" license request queued for the License Server. 
Total time in queue: 4505 seconds.
"standard" license request queued for the License Server. 
Total time in queue: 4535 seconds.
"standard" license request queued for the License Server. 
Total time in queue: 4565 seconds.
FLEXnet Licensing checkout error: Licensed number of users already reached.
Feature:       standard
License path:  1761@license1.csc.fi:
FLEXnet Licensing error:-4,132
For further information, refer to the FLEXnet Licensing documentation,
available at "www.acresso.com".
license file(s):  1761@license1.csc.fi
"standard" license request queued for the License Server. 
Total time in queue: 4596 seconds.
"standard" license request queued for the License Server. 
Total time in queue: 4626 seconds.
"standard" license request queued for the License Server. 
Total time in queue: 4656 seconds.
"standard" license request queued for the License Server. 
Total time in queue: 4686 seconds.
"standard" license request queued for the License Server. 
Total time in queue: 4716 seconds.
"standard" license request queued for the License Server. 
Total time in queue: 4746 seconds.
"standard" license request queued for the License Server. 
Total time in queue: 4776 seconds.
"standard" license request queued for the License Server. 
Total time in queue: 4806 seconds.
"standard" license request queued for the License Server. 
Total time in queue: 4836 seconds.
slurmstepd: error: *** JOB 24452380 ON r04c44 CANCELLED AT 2024-11-23T20:48:56 ***
