1
0
1
ASSEMBLY
1
NDBR40-M-1
NDBR40
1
NDBR40-M-1
14
-2147483646
0
48 1 16 5 0 1 0 -1 -1 136935 1 -1879048189 1 136935 
14
48 1 16 5 0 1 0 -1 -1 136935 1 -1879048189 1 136935 
0
1
NDBR40-M-1
14
-2147483646
0
48 1 16 5 0 1 0 -1 -1 121705 1 -1879048189 1 121705 
14
48 1 16 5 0 1 0 -1 -1 121705 1 -1879048189 1 121705 
0
6
BOTTOM_PART
0
1
0
1
NDBR40-M-1
14
-2147483647
48 1 16 5 0 1 0 -1 -1 720 1 -1879048189 2281 720 
0
HYDROGEN_SURFACE
0
1
0
1
NDBR40-M-1
1961
-2147483647
7836 1 16 1952 0 1 0 -1 -1 16267 565 -1879047625 -1610612167 -1879047620 -1610612162 -1879047615 -1342176701 -1879047609 -1342176695 -1879047603 -1342176689 -1879047597 -1342176683 -1879047591 -1342176677 -1879047585 -1342176671 -1879047579 -1342176665 -1879047573 -1342176659 -1879047567 -1342176653 -1879047561 -1342176647 -1879047555 -1342176641 -1879047549 -1342176635 -1879047543 -1610612085 -1879047538 -1610612080 -1879047533 -1610612075 -1879047528 -1342176614 -1879047522 -1342176608 -1879047516 -1610612058 -1610612055 -1610612052 -1610612049 -1610612046 -1610612043 -1610612040 -1610612037 -1610612034 -1610612031 -1610612028 -1610612025 -1610612022 -1879047475 -1342176561 -1879047469 -1879047467 -1610612009 -1879047462 -1879047460 -1879047458 -1879047456 -1879047454 -1610611996 -1879047449 -1610611991 -1879047444 -1879047442 -1879047440 -1879047438 -1879047436 -1610611978 -1879047431 -1610611973 -1879047426 -1879047424 -1879047422 -1879047420 -1879047418 -1610611960 -1879047413 -1610611955 -1879047408 -1879047406 -1879047404 -1879047402 -1879047400 -1610611942 -1879047395 -1610611937 -1879047390 -1879047388 -1879047386 -1879047384 -1879047382 -1610611924 -1879047377 -1610611919 -1879047372 -1879047370 -1879047368 -1879047366 -1879047364 -1610611906 -1879047359 -1610611901 -1879047354 -1879047352 -1879047350 -1879047348 -1879047346 -1610611888 -1879047341 -1610611883 -1879047336 -1879047334 -1879047332 -1879047330 -1879047328 -1610611870 -1879047323 -1610611865 -1879047318 -1879047316 -1879047314 -1879047312 -1879047310 -1610611852 -1879047305 -1879047303 -1879047301 -1879047299 -1879047297 -1879047295 -1342176381 -1610611833 -1879047286 -1610611828 -1879047281 -1879047279 -1879047277 -1879047275 -1879047273 -1879047271 -1342176357 -1610611809 -1879047262 -1610611804 -1879047257 -1879047255 -1879047253 -1879047251 -1879047249 -1879047247 -1342176333 -1610611785 -1879047238 -1610611780 -1879047233 -1879047231 -1879047229 -1879047227 -1879047225 -1879047223 -1342176309 -1610611761 -1879047214 -1610611756 -1879047209 -1879047207 -1879047205 -1879047203 -1879047201 -1879047199 -1342176285 -1610611737 -1879047190 -1610611732 -1879047185 -1879047183 -1879047181 -1879047179 -1879047177 -1879047175 -1342176261 -1610611713 -1879047166 -1610611708 -1879047161 -1879047159 -1879047157 -1879047155 -1879047153 -1879047151 -1342176237 -1610611689 -1879047142 -1610611684 -1879047137 -1879047135 -1879047133 -1879047131 -1879047129 -1879047127 -1342176213 -1610611665 -1879047118 -1610611660 -1879047113 -1879047111 -1879047109 -1879047107 -1879047105 -1879047103 -1342176189 -1610611641 -1879047094 -1610611636 -1879047089 -1342176175 -1879047083 -1342176169 -1879047077 -1879047075 -1879047073 -1879047071 -1879047069 -1879047067 -1342176153 -1879047061 -1342176147 -1879047055 -1879047053 -1610611595 -1879047048 -1879047046 -1879047044 -1879047042 -1879047040 -1879047038 -1879047036 -1610611578 -1610611575 -1342176116 -1879047024 -1879047022 -1879047020 -1879047018 -1879047016 -1342176102 -1879047010 -1342176096 -1879047004 -1879047002 -1610611544 -1879046997 -1879046995 -1879046993 -1879046991 -1879046989 -1879046987 -1879046985 -1610611527 -1610611524 -1342176065 -1879046973 -1879046971 -1879046969 -1879046967 -1879046965 -1342176051 -1879046959 -1342176045 -1879046953 -1879046951 -1610611493 -1879046946 -1879046944 -1879046942 -1879046940 -1879046938 -1879046936 -1879046934 -1610611476 -1610611473 -1342176014 -1879046922 -1879046920 -1879046918 -1879046916 -1879046914 -1342176000 -1879046908 -1342175994 -1879046902 -1879046900 -1610611442 -1879046895 -1879046893 -1879046891 -1879046889 -1879046887 -1879046885 -1879046883 -1610611425 -1610611422 -1342175963 -1879046871 -1879046869 -1879046867 -1879046865 -1879046863 -1342175949 -1879046857 -1342175943 -1879046851 -1879046849 -1610611391 -1879046844 -1879046842 -1879046840 -1879046838 -1879046836 -1879046834 -1879046832 -1610611374 -1610611371 -1342175912 -1879046820 -1879046818 -1879046816 -1879046814 -1879046812 -1342175898 -1879046806 -1342175892 -1879046800 -1879046798 -1610611340 -1879046793 -1879046791 -1879046789 -1879046787 -1879046785 -1879046783 -1879046781 -1610611323 -1610611320 -1342175861 -1879046769 -1879046767 -1879046765 -1879046763 -1879046761 -1342175847 -1879046755 -1342175841 -1879046749 -1879046747 -1610611289 -1879046742 -1879046740 -1879046738 -1879046736 -1879046734 -1879046732 -1879046730 -1610611272 -1610611269 -1342175810 -1879046718 -1879046716 -1879046714 -1879046712 -1879046710 -1342175796 -1879046704 -1342175790 -1879046698 -1879046696 -1610611238 -1879046691 -1879046689 -1879046687 -1879046685 -1879046683 -1879046681 -1879046679 -1610611221 -1610611218 -1342175759 -1879046667 -1879046665 -1879046663 -1879046661 -1879046659 -1342175745 -1879046653 -1342175739 -1879046647 -1879046645 -1610611187 -1879046640 -1879046638 -1879046636 -1879046634 -1879046632 -1879046630 -1879046628 -1610611170 -1610611167 -1879046620 -1879046618 -1879046616 -1879046614 -1879046612 -1879046610 -1610611152 -1879046605 -1879046603 -1879046601 -1879046599 -1879046597 -1879046595 -1342175681 -1610611133 -1879046586 -1610611128 -1610611125 -1342175666 -1879046574 -1879046572 -1879046570 -1879046568 -1610611110 -1879046563 -1879046561 -1879046559 -1879046557 -1879046555 -1879046553 -1342175639 -1610611091 -1879046544 -1610611086 -1610611083 -1342175624 -1879046532 -1879046530 -1879046528 -1879046526 -1610611068 -1879046521 -1879046519 -1879046517 -1879046515 -1879046513 -1879046511 -1342175597 -1610611049 -1879046502 -1610611044 -1610611041 -1342175582 -1879046490 -1879046488 -1879046486 -1879046484 -1610611026 -1879046479 -1879046477 -1879046475 -1879046473 -1879046471 -1879046469 -1342175555 -1610611007 -1879046460 -1610611002 -1610610999 -1342175540 -1879046448 -1879046446 -1879046444 -1879046442 -1610610984 -1879046437 -1879046435 -1879046433 -1879046431 -1879046429 -1879046427 -1342175513 -1610610965 -1879046418 -1610610960 -1610610957 -1342175498 -1879046406 -1879046404 -1879046402 -1879046400 -1610610942 -1879046395 -1879046393 -1879046391 -1879046389 -1879046387 -1879046385 -1342175471 -1610610923 -1879046376 -1610610918 -1610610915 -1342175456 -1879046364 -1879046362 -1879046360 -1879046358 -1610610900 -1879046353 -1879046351 -1879046349 -1879046347 -1879046345 -1879046343 -1342175429 -1610610881 -1879046334 -1610610876 -1610610873 -1342175414 -1879046322 -1879046320 -1879046318 -1879046316 -1610610858 -1879046311 -1879046309 -1879046307 -1879046305 -1879046303 -1879046301 -1342175387 -1610610839 -1879046292 -1610610834 -1610610831 -1342175372 -1879046280 -1879046278 -1879046276 -1879046274 -1610610816 -1879046269 -1879046267 -1879046265 -1879046263 -1879046261 -1879046259 -1342175345 -1610610797 -1879046250 -1610610792 -1610610789 -1879046242 1 48 52 155 4 672 154 829 337 4 2177 120 2310 2 2 15 2340 17 2370 2 2 15 2400 17 2430 2 2 15 2460 17 2490 2 2 15 2520 17 2550 2 2 15 2580 17 2610 2 2 15 2640 17 2670 2 2 15 2700 17 2730 2 2 15 2760 17 2790 2 2 15 2820 17 2850 2 2 15 2880 17 2910 2 2 15 2940 17 2970 2 2 15 3000 106 3109 337 4 4457 156 4616 168 4 5288 102 5393 155 4 6013 49 6075 2 26 15 6465 47 6525 2 26 15 6915 75 7008 2 3 7037 2 3 7066 2 3 7095 2 3 7124 2 3 7153 2 3 7182 2 3 7211 2 3 7240 2 3 7269 2 3 7298 2 3 7327 2 3 7356 2 3 7367 55 7423 2 13 26 7760 269 8030 1 8034 2 3 8040 2 8048 1 8050 7 8065 3 8069 10 8086 2 12 8273 1 8277 2 3 8283 2 8291 1 8293 7 8308 3 8312 10 8329 2 12 8516 1 8520 2 3 8526 2 8534 1 8536 7 8551 3 8555 10 8572 2 12 8759 1 8763 2 3 8769 2 8777 1 8779 7 8794 3 8798 10 8815 2 12 9002 1 9006 2 3 9012 2 9020 1 9022 7 9037 3 9041 10 9058 2 12 9245 1 9249 2 3 9255 2 9263 1 9265 7 9280 3 9284 10 9301 2 12 9488 1 9492 2 3 9498 2 9506 1 9508 7 9523 3 9527 10 9544 2 12 9731 1 9735 2 3 9741 2 9749 1 9751 7 9766 3 9770 10 9787 2 12 9974 1 9978 2 3 9984 2 9992 1 9994 7 10009 3 10013 10 10030 2 12 10216 2 10219 4 10225 1 10230 9 10240 2 10255 1 10257 2 2 4 10264 2 2 10271 1 10281 2 4 10459 2 10462 4 10468 1 10473 9 10483 2 10498 1 10500 2 2 4 10507 2 2 10514 1 10524 2 4 10702 2 10705 4 10711 1 10716 9 10726 2 10741 1 10743 2 2 4 10750 2 2 10757 1 10767 2 4 10945 2 10948 4 10954 1 10959 9 10969 2 10984 1 10986 2 2 4 10993 2 2 11000 1 11010 2 4 11188 2 11191 4 11197 1 11202 9 11212 2 11227 1 11229 2 2 4 11236 2 2 11243 1 11253 2 4 11431 2 11434 4 11440 1 11445 9 11455 2 11470 1 11472 2 2 4 11479 2 2 11486 1 11496 2 4 11674 2 11677 4 11683 1 11688 9 11698 2 11713 1 11715 2 2 4 11722 2 2 11729 1 11739 2 4 11917 2 11920 4 11926 1 11931 9 11941 2 11956 1 11958 2 2 4 11965 2 2 11972 1 11982 2 4 12160 2 12163 4 12169 1 12174 9 12184 2 12199 1 12201 2 2 4 12208 2 2 12215 1 12225 2 4 12403 244 12775 2 179 130 36045 2602 38775 2 179 130 62045 2602 64659 1 64662 2 64675 1 64689 4 64695 2 64700 1 2 31 64737 4 64742 1 2 84 64831 1 64833 13 64849 2 2 64935 12 64948 1 64950 3 65071 1 65076 4 65081 1 65084 3 65089 2 8 65112 2 7 65279 1 2 2253 67545 1 67548 2 67561 1 67575 4 67581 2 67586 1 2 31 67623 4 67628 1 2 84 67717 1 67719 13 67735 2 2 67821 12 67834 1 67836 3 67957 1 67962 4 67967 1 67970 3 67975 2 8 67998 2 7 68165 1 2 2253 70431 1 70434 2 70447 1 70461 4 70467 2 70472 1 2 31 70509 4 70514 1 2 84 70603 1 70605 13 70621 2 2 70707 12 70720 1 70722 3 70843 1 70848 4 70853 1 70856 3 70861 2 8 70884 2 7 71051 1 2 2253 73317 1 73320 2 73333 1 73347 4 73353 2 73358 1 2 31 73395 4 73400 1 2 84 73489 1 73491 13 73507 2 2 73593 12 73606 1 73608 3 73729 1 73734 4 73739 1 73742 3 73747 2 8 73770 2 7 73937 1 2 2253 76203 1 76206 2 76219 1 76233 4 76239 2 76244 1 2 31 76281 4 76286 1 2 84 76375 1 76377 13 76393 2 2 76479 12 76492 1 76494 3 76615 1 76620 4 76625 1 76628 3 76633 2 8 76656 2 7 76823 1 2 2253 79089 1 79092 2 79105 1 79119 4 79125 2 79130 1 2 31 79167 4 79172 1 2 84 79261 1 79263 13 79279 2 2 79365 12 79378 1 79380 3 79501 1 79506 4 79511 1 79514 3 79519 2 8 79542 2 7 79709 1 2 2253 81975 1 81978 2 81991 1 82005 4 82011 2 82016 1 2 31 82053 4 82058 1 2 84 82147 1 82149 13 82165 2 2 82251 12 82264 1 82266 3 82387 1 82392 4 82397 1 82400 3 82405 2 8 82428 2 7 82595 1 2 2253 84861 1 84864 2 84877 1 84891 4 84897 2 84902 1 2 31 84939 4 84944 1 2 84 85033 1 85035 13 85051 2 2 85137 12 85150 1 85152 3 85273 1 85278 4 85283 1 85286 3 85291 2 8 85314 2 7 85481 1 2 2253 87747 1 87750 2 87763 1 87777 4 87783 2 87788 1 2 31 87825 4 87830 1 2 84 87919 1 87921 13 87937 2 2 88023 12 88036 1 88038 3 88159 1 88164 4 88169 1 88172 3 88177 2 8 88200 2 7 88367 1 90620 5707 96339 1 96342 2 96355 1 96368 4 96373 2 5 96407 1 96414 6 96502 1 96509 17 96612 2 96615 14 96753 2 2 6 96762 2 2 96767 2 96788 2 5 96798 2 4 98923 1 2 223 99159 1 99162 2 99175 1 99188 4 99193 2 5 99227 1 99234 6 99322 1 99329 17 99432 2 99435 14 99573 2 2 6 99582 2 2 99587 2 99608 2 5 99618 2 4 101743 1 2 223 101979 1 101982 2 101995 1 102008 4 102013 2 5 102047 1 102054 6 102142 1 102149 17 102252 2 102255 14 102393 2 2 6 102402 2 2 102407 2 102428 2 5 102438 2 4 104563 1 2 223 104799 1 104802 2 104815 1 104828 4 104833 2 5 104867 1 104874 6 104962 1 104969 17 105072 2 105075 14 105213 2 2 6 105222 2 2 105227 2 105248 2 5 105258 2 4 107383 1 2 223 107619 1 107622 2 107635 1 107648 4 107653 2 5 107687 1 107694 6 107782 1 107789 17 107892 2 107895 14 108033 2 2 6 108042 2 2 108047 2 108068 2 5 108078 2 4 110203 1 2 223 110439 1 110442 2 110455 1 110468 4 110473 2 5 110507 1 110514 6 110602 1 110609 17 110712 2 110715 14 110853 2 2 6 110862 2 2 110867 2 110888 2 5 110898 2 4 113023 1 2 223 113259 1 113262 2 113275 1 113288 4 113293 2 5 113327 1 113334 6 113422 1 113429 17 113532 2 113535 14 113673 2 2 6 113682 2 2 113687 2 113708 2 5 113718 2 4 115843 1 2 223 116079 1 116082 2 116095 1 116108 4 116113 2 5 116147 1 116154 6 116242 1 116249 17 116352 2 116355 14 116493 2 2 6 116502 2 2 116507 2 116528 2 5 116538 2 4 118663 1 2 223 118899 1 118902 2 118915 1 118928 4 118933 2 5 118967 1 118974 6 119062 1 119069 17 119172 2 119175 14 119313 2 2 6 119322 2 2 119327 2 119348 2 5 119358 2 4 121483 1 
0
TOP_PART
0
1
0
1
NDBR40-M-1
14
-2147483647
48 1 16 5 0 1 0 -1 -1 720 1 -1879048189 5341 720 
0
TOP_SURFACE
0
1
0
1
NDBR40-M-1
60
5385 5386 5387 5388 5433 5434 5435 5436 5481 5482 5483 5484 5529 5530 5531 5532 5577 5578 5579 5580 5625 5626 5627 5628 5673 5674 5675 5676 5721 5722 5723 5724 5769 5770 5771 5772 5817 5818 5819 5820 5865 5866 5867 5868 5913 5914 5915 5916 5961 5962 5963 5964 6009 6010 6011 6012 6057 6058 6059 6060 
0
WHOLE_PART
0
1
0
1
NDBR40-M-1
14
-2147483647
48 1 16 5 0 1 0 -1 -1 121705 1 -1879048189 1 121705 
0
ZSYMM
0
1
0
1
NDBR40-M-1
126
-2147483647
496 1 16 117 0 1 0 -1 -1 13057 30 -1610612704 -1610612701 -1342177242 -1610612694 -1879048147 -1610612689 -1610612686 -1879048139 -1879048137 -1879048135 -1610612677 -1610612674 -1610612671 -1610612668 -1610612665 -1610612662 -1610612659 -1610612656 -1610612653 -1610612650 -1610612647 -1610612644 -1610612641 -1610612638 -1879048091 -1342177177 -1879048085 -1342177171 -1879048079 -1879048077 1 180 4 724 390 4 2326 15 12 60 3004 389 4 4560 2 4565 194 4 5344 179 4 6060 46 6511 45 6961 1 6983 2 7 7012 2 7 7041 2 7 7070 2 7 7099 2 7 7128 2 7 7157 2 7 7186 2 7 7215 2 7 7244 2 7 7273 2 7 7302 2 7 7331 2 7 7360 2 7 7389 1 7416 2 15 26 9973 486 12646 2600 2 26000 64646 2886 118886 2820 
0
1
NDBR40-M-1
1
SET-1
0
1
14
-2147483647
48 1 16 5 0 1 0 -1 -1 121705 1 -1879048189 1 121705 
0
0
0
6
BOTTOM_PART
0
1
0
1
NDBR40-M-1
81
-2147483647
316 1 16 72 0 1 0 -1 -1 1040 4 -1073741818 -1073741809 -1073741805 -1073741769 1 224 1 0 243294208 1441792 224 973078894 84138145 353 64 -1048576 1073741823 1025 1088 536870912 -2113792415 645989190 -1769903140 538996995 268435576 67240513 1073873080 -2096766720 3933254 46284800 545292290 -1011007413 -2104488864 -1965830911 672404104 -189 -1 -1 -1 -1 -1 -1 -1 605552639 585327728 -1609908221 1644165785 8724464 -260046784 15333383 205703297 164626432 66978112 3617 480 -4 -1 -1 -1 -1 -1 -1 -1 -1 -1 -1 -1 -1 -1 65535 
0
HYDROGEN_SURFACE
0
1
0
1
NDBR40-M-1
1067
-2147483647
4260 1 16 1058 0 1 0 -1 -1 17023 21 -1073741801 -1073741772 -1073741749 -1073741737 -1073741734 -1073741702 -268435309 -1073741643 -1073741638 -1073741632 -1073741600 -1073741573 -1073741561 -1073741557 -1073741554 -1073741550 -1073741544 -1073741506 -1073741327 -1073741158 -1073740960 3 864 49157 -534769410 -14517761 -1599993 -1 -65 -277257 -1 -1 -1 255 0 -268435456 -1 -1 -1 -1 -1 -1 -1 -1 -1 -1 -1 -1 -1 4194303 995 672 -65536 -1342177281 -7931401 -285313025 -14692552 204234751 279638142 -1658812272 1120111272 708868160 30231961 -1578067897 -936238002 15286290 1619325448 1518105392 -1031536469 -42 -1 -1 8388607 1795 320 -51511296 999287806 -1073807363 1845493439 -1590842377 -66273264 1077571585 18920482 57933824 80 4067 32 536854528 4387 960 -1018496000 -192216066 -145335471 -403144641 -73138697 1872756639 1644165689 -46268824 -24379427 -806092825 151335308 -1141115609 -155367963 2017161009 129228698 668935114 -137794377 -1929389153 495714278 -43364037 1186445995 9 -1 4194303 -16 -1 262143 -1508250 -1 134217727 5507 736 -2147483648 2076204062 -1794110404 -1947680561 -564181624 1586728631 -713054979 -385 -1 -1 -1 -1 -1 -1 -1 -1 -1 -1 -1 -1 -1 -1 16383 8227 480 2 704 356515840 -2080374644 203554952 -1069538814 8655876 1556131972 -1887396348 1787988697 -702362662 -1610398237 1797468730 -2105539242 -268435456 480936334 136663 814268416 1277299731 268 138428513 1325416448 572555265 61604 -1662077882 143436672 818333015 -370933742 -1203484619 120814472 -2019226192 14946 9635 96 -101351424 -4727298 15726581 9987 128 1073741824 -67454337 -33620643 3 10307 960 -2147483648 1013552564 1406633119 611810063 1071185807 1301459295 -1511018505 -42016219 1098027043 -619303164 -1210712396 -973112769 2059920011 1052720797 912757675 969928629 1862370939 429133586 1103929167 -328816307 -1078540562 -735671301 -2089624434 -1554839681 -1271115473 -172286050 -87017525 -87092626 -13830437 -1170223872 13347 800 -2 -1350565857 -541065414 511115035 -885266505 -564256986 -8390161 -152244265 -1209270311 -67215400 -218396673 433241599 174 -109051904 -553714455 -805550598 -4455 -268443937 699661669 -1076953226 -268698627 -18129153 -239206537 -84674565 5 16035 320 8527360 0 1114112 794624 -2080276416 -189267964 -1 -1 -1 536870911 17475 64 -71335938 32753599 18147 32 7808 18307 64 -268435456 8388607 18499 128 -2086668288 1207984323 536870896 2029536 18755 1152 -2088763392 65536 1073741954 4194304 65552 -1461919720 1742661489 838824939 -537145805 -33612289 1221757147 84411268 66852000 406710282 -1954379776 -1073673728 1213039123 -1937633055 1627900224 113508392 136347712 1310720672 541247540 369262916 1354908038 -1730008502 12750388 12635776 -2080009726 -1610331426 -1976766336 1372344466 680792353 1931220228 207886848 5220 20035 5664 271777792 302678796 201375784 291505537 1082396744 10748040 536887632 17863360 1128268304 16941058 402685988 549528075 -2134638592 4195840 67633408 -671006616 -1524559584 1212158736 134744160 32 1522553696 1179402246 8929344 50807360 75145600 -1420734712 237010952 -283806703 -2082187 -536936449 -524289 2109734708 -557860993 2011168767 -1792196853 1525937520 1006354325 -25601 -1 -1 1610612735 -672514115 -144983365 -134545587 -1208486185 -3 -1 -1 -1 -1 -1 -1 1048575 -1055916032 67469377 167775266 428441989 -2129095584 1158447904 545263680 1313296 134316085 -307225216 -2144803389 990146075 -60817319 1001790566 -737031992 85991679 -1712 -8388869 1881153535 -537100288 1503714287 408563655 107530073 371579966 537020928 4237312 1646119568 659403943 226165714 -1184481959 -134824209 957615807 992050928 468801512 872069755 -390217729 1051604987 -1879157263 -846086952 -555305221 -1109561537 -269764213 -639754241 -274759873 -193063195 -218825217 1153394517 -565281126 -11296769 2010377650 -874087753 1248064233 2138332664 -563085429 -4491779 1983855615 -8946209 1868727647 224352 -215089152 17779338 315951536 -2013058301 1107394582 86645058 805621888 226755266 268781868 562170390 88230922 85201155 -268288926 1115759366 550502435 218105896 603981091 434118404 59065624 -1060988926 -300258600 5554308 4391462 3479626 1780547874 -2130965498 -242515208 585433161 -1978516059 17057984 1678171149 1847670993 1679507459 -32688 419528711 249587704 1884554652 2080400222 -521743360 407275276 -436203152 -730405301 -3503088 -734460358 812385808 -1758266940 -512 -872417281 1673489396 -374937305 -1998585912 2056187077 1439187031 747923456 45847332 -377468660 205789442 494556858 -2112091121 1393156294 1355476722 -74625678 -812030512 1391560121 1698 47715 5344 -2038431744 2143896558 1208207471 -1591547881 223153939 827091053 -596690095 -1863278055 596059144 -414168265 1364314788 1650893006 117492890 1698302221 877308885 -1066470261 -603927369 2031702400 1240817882 -25451957 -344971874 -536166296 -376878810 -1110985735 632147625 1105463336 -628582776 244402512 -880467645 1130832318 -131913643 1751224597 1353282707 -567534315 -1834478714 -1384036795 935535630 -1601359832 268502955 2138155930 872415231 1240463999 1452496487 558363926 1661694186 -289771831 -1377834945 -2138496881 1083247234 185225232 293603600 147969 -134086656 -537003041 531625727 -454177817 -63253098 2050897919 -1870928385 1841816702 -105939031 -1084504096 1877453211 -1889601809 620744391 -1534363817 -1512376627 -614238561 -317485142 245448553 -1691569757 1874296559 1334954343 -1507995653 -886308882 -15150081 798364095 -359676618 -1126146630 133644020 -113500711 -240158577 -1694507980 -18802894 -674244865 1774170357 769092059 -1346895937 1371313087 -912 -543227905 -728892841 -28739 -1 414834687 -682231409 -1883416595 -25179266 1874982838 -2277437 925747061 -80281761 2094380509 -96913287 -250284621 -541706920 -1050678816 1693568363 -1027645890 1741651660 241889242 -1483288163 -348258691 -285285026 -272942443 -111501441 -1143483178 -832508417 -1876520301 12726792 2098174 1229558792 -1337966521 18910348 -2079752128 55312640 73728 -1610088448 -422043328 1585878918 1259471949 376570822 1617512163 -1862514248 -430447187 -243621928 377365219 -143199441 799994930 -703015969 -1134461195 1300096613 1004336746 1592868765 -479331332 -283164688 -940087825 -605565441 715895544 -35146002 2008283483 -1468932257 -1295739450 -706912013 -402511007 -1526898335 1698699906 323772770 271170580 959414821 1311557499 -1124580949 -415812618 -1144662631 1308001342 -1197962972 201711799 75107 6272 -137554944 -176243249 -102911381 -1720720643 1003400183 -134295879 -79708547 1071454699 2081906876 1045351256 168424376 518265382 -112082035 1197943377 -992697486 1821508880 -499352541 1921820749 1562533043 1363412042 138429444 957333633 1923455805 -2029474144 740958953 -6305217 1910373823 1290718143 1396979545 1559712506 -1471970623 -226586191 -1540016216 1225507215 1297485426 -1281037327 1956165148 -1962300330 1515235830 1987147960 -67470161 -1346127671 -331773302 566467224 -1889998010 2026042767 -86990916 1608153195 -319349072 -58317587 1628316343 -1104826469 -345010376 -545259905 -939541081 -19245155 -8405190 -632736015 -1889778288 239055165 2040048375 -1372633310 -2137555323 297867922 1093568039 501618413 152670960 2052724064 -1257354282 -743398718 219164173 301994113 1669620780 1209663608 -2111778878 -1320447472 157884515 1061934105 1632114632 1235681737 -2091772786 889742688 -2074852348 1993943750 -789671113 -152007704 483836837 -1202946410 1826260848 -1522211920 1713939470 143894720 -1944845056 1829464036 1611911910 -1396180081 -2080046988 -1381369864 -143139337 -555360822 -37789125 -67174981 7302094 262144 1065353218 -1139759104 1634148385 -805898289 435412980 1979703247 -34096449 -295699465 -908173314 2076966399 1952442878 996376063 1945630718 1039662398 -48243046 2146380786 -1648908931 -1218912079 1509866111 2137578479 1455657913 820640637 -1073878902 -1149315620 -153105573 -483802694 1398271184 -74113297 -1698236769 -1315983363 -591644555 -437707816 425388190 -330861111 972544334 -1076731990 1509890675 2012933557 -831095810 1571276151 -994346012 -730583809 -2096474717 683616596 -965844108 1355709887 -553785822 -1113788587 -1053445593 -841328229 2072720820 -560890515 1358166615 -892060170 1609610152 -2122524028 1040038254 -1535952504 -308876368 -2015370294 -341599243 657840349 -1342880021 932542171 1648867151 -1999302951 622993585 1268994359 395337858 545280016 549716258 -527373798 34614368 -335546550 -1145045047 -1342441657 -151060737 -268771649 -268960569 2061357055 -457971329 -1074020868 -255853610 1824433910 -599870627 -694288666 -276077969 -315753016 1602414844 -584200323 -33554761 1766791 106371 6144 -757071872 301774222 780852287 875263500 -1729168799 -761734458 1446001360 389105316 1552480918 428692 1554672144 368490959 -41022546 -2121957377 -393613481 1134957601 -497934822 431077811 255482202 -108020026 -1182288913 -363598056 1735347848 -1326452326 2011559838 8600191 -1584195054 220552490 -1265134804 215698910 1245623743 -1867481257 -1929605257 -179102199 -862562247 936099035 -2101996736 645314273 -285392233 -670550692 -1963876024 -1152527765 453999591 -603791368 -1679269204 957401049 1105091995 -1429374589 462106290 616559417 -1894339559 1902620138 1664476910 808538641 973889608 1413493762 76228933 1665966596 1698146605 -555426265 -320736552 -1914098692 1758812097 -1995233467 809520198 1234608391 -1462793217 1830760213 -59084613 1204937414 648845873 1879012271 1406525439 2104381432 -561408743 1398074935 1618932941 1225976381 -519081232 -441271366 2080823826 1328393180 -67404164 1073195699 -116843516 1239877863 -2132521762 863573930 1237826173 -99456163 422952825 -600280577 1775582872 -600672840 -1179929093 1045431799 -281314723 -286261704 774277462 -434437122 2046741858 1235344629 1607752345 -1607232628 842833362 -308859031 119712968 900152492 -228858061 -102438936 -36769807 883451370 535226351 -1099028682 -2007610828 -410555277 -172445067 -1147945621 -1690141988 -953283576 364910509 -1226294562 1316976463 -42128499 -1074549633 936378111 -547410738 -813967394 722611175 -119150947 -1145237561 -1641558601 1022574507 1672388523 1460582390 -1575897671 1740395556 -6754661 2111828911 -2145667617 1765366719 -63789131 -182916178 1536452657 1013344201 -1082270130 -845178244 -526193244 -1402259541 1719351019 2037900186 2096332385 -301213777 934076140 436205866 1539364433 1744134031 -1309663284 -706005382 1900051193 -271069252 -835756038 -1107525890 230326231 -1073878530 1313339239 -1354991253 793771974 626913261 1923579370 -298124834 -1470629147 -2027487651 469752697 201243866 -654207122 -783334127 1342691613 446733713 -1283378089 -969440757 1745359415 -755813133 911592019 1108979978 1402149571 -404875953 -844767922 -549391498 1657764524 -771788975 87547297 
0
TOP_PART
0
1
0
1
NDBR40-M-1
74
-2147483647
288 1 16 65 0 1 0 -1 -1 1040 2 -1073741820 -1073741776 4404 1344 -8384127 5053696 17301632 8521732 68996 1709376 50397184 -867826990 1205862409 1342316688 -2147351544 -1038974944 805999042 33690260 -2132475824 -1977087924 84164936 -850886400 8946273 4203158 8200 939524096 29360128 -32 -1 -1 1076199423 -12 -1 -1 -1 -1 -1 -1 -1 201605119 201602304 4194824 1073809060 100729216 -767393728 2023615 7764 480 -32768 -1 -1 -1 -1 -1 -1 -1 -1 -1 -1 -1 -1 -1 536870911 
0
TOP_SURFACE
0
1
0
1
NDBR40-M-1
80
4540 4690 5016 5184 5185 5186 5209 5210 5211 5223 5224 5225 5226 5227 5228 5229 5230 5231 5232 5233 5234 5235 5236 5237 5238 5239 5240 5241 5242 5243 5244 5245 5246 5247 5248 5249 5250 5496 5497 5498 5499 5500 5501 5502 5503 5504 5505 5506 5507 5508 5509 5510 5511 5512 5513 5514 5515 5516 5517 5518 5519 5520 5521 5522 5523 5524 5525 5526 5527 5528 5529 5530 5531 5532 5533 5534 5535 5536 5537 5709 
0
WHOLE_PART
0
1
0
1
NDBR40-M-1
14
-2147483647
48 1 16 5 0 1 0 -1 -1 136935 1 -1879048189 1 136935 
0
ZSYMM
0
1
0
1
NDBR40-M-1
1028
-2147483647
4104 1 16 1019 0 1 0 -1 -1 13317 19 -1073741803 -1073741794 -1073741752 -1073741697 -1073741680 -1073741664 -1073741659 -1073741655 -1073741622 -1073741596 -1073741588 -1073741584 -1073741581 -1073741570 -1073741497 -1073741493 -1073741366 -1073741197 -1073740999 2 224 -98315 1069538819 12257280 3199984 262016 197132200 21788400 834 1280 -8388608 -1 -1 -1 -1 131071 -536870912 1257389906 -1570285556 -1815845985 1739021824 380246787 -979964193 444123810 -1434646657 2086749388 -1140668559 1872471138 505498834 1052121423 168167704 1794504360 82 0 0 -16777216 -1 -1 -1 -1 796131327 -354211566 -1610460131 804290181 -1179322343 128319966 2123039740 -123956293 -117112833 65375 4066 1696 -1073741824 -1 -1 -1 -1 -1 -1 -1 -1 -1 962594815 44302816 21170176 386435968 -861402112 549421696 1040255749 75498283 -1027604476 469762127 760487764 -1979706959 -1870383724 25766356 1083723971 -1874741125 1347225105 -1006647104 -2078277616 86056072 1652556296 -23 268369921 -2048 1073217567 8384512 -524288 3090209 0 -268435456 -1 -1 -1 -1 4194303 0 139936642 1440354054 -1070839232 1094726762 43573904 1090563588 768 8226 480 1108344832 16777216 134882304 1053184 1441792 -2147483584 134348802 131072 10240 16777250 1572864 29360129 536870910 2 33056 8962 448 17152 73809 17408 8388609 18153472 2102288 -2111667840 1149505712 -2111832032 67185088 138592256 291504128 -1610539004 262418 9634 96 202670080 9455106 2101276 10018 64 134908673 604114244 10306 992 -2147483648 -2060692458 1213220416 -2130698208 -2146565947 1154646288 -1811930608 88222116 1342752392 1624456423 269484180 1409618176 170330120 -1342111035 21446825 706744469 33296394 1288806787 410880 588416353 -2137837024 370335752 -267762462 -1207869184 856117408 67289282 169218080 4234016 397384 -2088745734 2 13378 768 -1543503936 1082393002 -1022229048 1770533041 1128513970 1092095008 304488528 -1876426676 134434926 438890496 -866483072 -349 -1929379841 1241663020 1611101194 16786124 545276480 -1399323276 -2132672237 570951684 170477056 478413072 -1910886391 4 16034 192 -1090800736 -17391682 1607333651 -1591457 -1312751745 277872486 17474 64 142671872 1577088 18146 32 512 18338 288 2113929216 -1693992964 397902199 -35766767 -67109857 1040189375 662767648 21 135230 18914 2272 709238728 8196 268435456 8192 65536 138993664 354662500 939610255 -846975543 7866737 86894768 761555200 -1506179555 411045122 -1604134615 -290177020 44034585 -1507843946 -2131217406 305294368 -2076538014 -2074058238 302645967 661916394 -1288363968 -478014388 340216970 575787180 276960278 587284481 -14846 -1 -1 -1 -1 -1617297409 -605361689 -402751825 -1656752903 2121785199 -21496081 469728607 -35726721 1769995225 -172326917 -813760585 -1635927063 -25690113 -8424452 2009595391 1342013231 -1245848130 1870649822 1873801023 -1089 1243568447 1395028977 -1360560769 -639550601 1930083462 -1587797521 -1010901016 13965205 1015808 0 0 0 33587200 0 0 1572868 21346 64 4 4194304 21698 4000 -35651584 1423441919 1164200824 -383981638 -1932985259 -842639812 1900439712 242982175 -1157117034 -281215343 614368495 -358468520 166994888 121566477 -2011970510 366750823 1907011072 3345 8 530284544 196351 1287538688 -951345071 -1557368503 -1045149822 -1208410089 -567375233 708837917 807667328 1073807360 164096 1048576 -2138791936 5 -2146418682 557056 0 -2147385344 131072 1087373378 2101760 0 32768 1207959552 8388864 49152 0 8397060 0 16777216 4194306 2097152 1610618880 262144 2097312 65536 33619968 1114113 1188864 -523260 421789695 -37721366 -632951659 -269899303 2080174034 338266459 131182 -532283343 1534160259 -1795448493 -193304663 -170664839 133791795 1522383216 -1374683207 -437459025 -1233128152 -868269577 -1191873393 1985646443 591997518 -547980554 1064417715 -6992088 194886067 -570177805 216070252 -1171149204 -347370444 -1112052134 670172997 598576728 390690809 -162 -839353359 -532797447 458666055 131799875 -1087334403 -344919578 855602446 118722600 7006110 1376646018 1023930830 -1812980620 1018 1207959552 671090688 548416913 71303178 180494336 342719504 110497791 1249909142 753887687 -412627494 1074483851 -607787040 1508653664 409477657 147154203 1087189078 1377611916 699 47714 5344 -209715200 -2123531998 1878552353 -1111871535 -446307880 -1654182107 1193380189 -568411188 -1192118290 828336593 2103208630 993181283 -234985781 898362853 -1754617771 2132940521 1207858832 -1915921154 1813331531 50903913 689943746 1072332590 753757618 -2072995828 -1264295250 2084040623 1257165551 -488805026 1760935289 2033302658 1337569109 792518100 1588401881 1135068629 -626009870 -1526893708 -1871071262 -1092247633 -537005912 18655435 -1744826367 1814039329 1389974321 -1116727853 1005133355 581640813 -1539297408 -17973536 2128472826 -370450465 -587207201 -294915 268173311 1074006080 -1063251456 908355633 663377106 193171456 -553110527 611333890 211878061 -2125959106 -1607422776 -515763679 -1241488784 -1226239663 -1253436828 1228477120 634970282 -490897108 -911827783 546374176 1625058609 -1278975991 1772617762 30300160 -1596728192 719353235 -2042674037 -267288042 227001421 480317152 -905951338 37605786 1348489728 746634772 -1538184119 -1599078271 1552341120 1823 1086455808 1457785680 57476 0 -829669376 1364462817 -528134108 50358530 545001618 4554873 -1851494124 160563521 106206276 193826573 500569240 1085510990 2101357630 907830568 2059486083 811663974 -483778485 -1328390971 696517380 570570050 545884884 223002880 -2008000942 1665016832 -541926696 -25453586 -4196349 1835849711 -1619034255 -37820698 -135463041 -43516418 -147457 -1074790401 844086654 1123209458 1776023397 -753141645 1059942969 -569938785 860894372 487243854 -754730440 286398881 -1598941286 1406031937 -2026044908 1694774068 -2008673493 1109229765 958662663 567378974 1880175648 1211130880 -1431791090 70292067 412618056 -1357100735 -1703488398 1413824024 805022012 -1241170116 897567482 -647545541 -542341161 -1918829643 1671886121 -2044756823 831625234 -2005642036 1679488898 -1899041353 2012495504 75106 6272 342217728 352486496 205822760 -853263868 -2006800368 268591757 159417092 -2142909400 131153543 -2090702513 -336848753 -1036530765 224164069 1966189404 1985394971 651949534 998705081 451325796 1438336665 1568143211 -276858889 -1914667267 448055685 -236019009 -1481917908 12610433 474219680 1713531009 1501008205 1175542283 -1351026051 453172380 -1214934866 1843952864 1699996507 -1732892643 382636998 -370366637 1264495634 320679567 134940321 -1602711956 663546602 -1132934450 -514971277 242881760 173981831 1078660904 638698143 116635172 1038334608 -1011572535 690020750 1090519808 1879086256 38490310 16810378 1265472028 -515410210 -478110332 483306001 -1549700677 -19856652 -595735846 2107831217 -969682395 -305341921 189519167 -1780258733 1486797434 -438328348 -603988227 955725735 1875640079 -71409541 -1654072354 -315769032 -2123868211 1030738031 1823603821 -111421725 -1779485378 -145262601 307079794 1579342225 304015406 -967673676 -1889074477 642447646 -1250543457 867088354 -287789441 -405275137 636039222 1071143475 -1502607135 -134873322 -1532227570 290472976 1110721642 96549768 134349960 -14604190 -524289 -2130706437 -2015449089 1026670524 1611796577 -870693866 872431713 68192897 600377426 1816346626 149493000 524364807 -1992751871 403705859 -2079324797 96486091 2205722 -997149435 -1857143140 1275235072 19810337 1383651469 -1641281275 -2146160917 -1996336058 306211144 967605386 1506813534 148226593 -898493728 -1663000572 -964194540 875415630 -850776382 661722221 -1945088670 -2141503317 1275185944 269100181 1662191619 1152414992 1988692023 1461167616 -102017864 -1367233194 1931688215 1584072064 1107571643 -2067390124 2106891184 1682656456 149525654 1121781029 1578634064 1784120339 1075746990 -48870665 -2080076510 -1223062289 617756830 -264226710 683198484 -1315680700 -1609207255 -1865084344 997232993 -296361395 -1111769412 1756978577 -790675717 -1090560033 -1099432453 1054747595 -69228738 671109483 -1999634324 -1610083980 -1845361916 -1607835008 540804720 1248094208 915942657 -2146925562 511707218 646099474 1199741253 1388577330 552155936 631506030 1090137606 1168400645 603980432 4855024 106370 6144 1513619456 -603548446 -1561704575 -1750527001 -836629699 1523501682 1537182302 -778210633 1190005459 -857385 1185623007 -736981919 82045091 -51052544 1055662416 2092160956 995869643 -862155624 -510964405 216040051 -1930389472 727196110 824271598 -568320821 271849674 -17200379 -1126577189 -441104982 -1747396185 -431397822 1803719809 -560000687 -434708208 358204396 1725157260 -1872197944 -90973825 -1290628548 570784469 1341101398 -365118098 -1989846232 -840890320 1207582735 -936428890 -1914802100 2101560521 -1436218119 -924212518 -1233118835 -506288179 489727018 966013475 -1612882979 -1947779217 1467979771 -152457867 963034103 -1248809563 1110852529 641473102 -433215482 777343100 -302141067 -1619040398 1825750513 -1369380607 633446868 118169225 1885092466 -1297691747 536942753 1481916417 86204687 1122817485 1498817424 1057101413 1843048341 1038162463 882542730 -2014164006 1638705351 134808327 -2138002792 233687031 1815211568 -29923773 -1727147862 1819314949 198912325 -845905652 1200561153 744325838 1201345679 -1935109112 -2082474992 562629445 572523406 -1548292782 868874371 201483578 1828472341 1616366285 -1080502041 -1685666726 634495277 -239425938 -1800288601 457716121 204877870 73539612 -1766902742 -1070452703 -2096909933 -279745642 821110552 344890132 -1999076056 -914683322 1906567151 -729821004 -1842361789 1669404000 84256997 -2143770880 -1872756224 1094821475 1627934818 -1445222344 238318277 -2004492176 -1011850096 -2045149016 950190249 1373803027 -1141074803 814176182 13509337 71309472 -3632063 764233856 127578261 365832354 1222061980 -2026688403 -2130427037 1690356486 1052386486 -1490448216 856265256 219166923 102302525 602427553 -1868152282 -872411733 1216238429 806699233 -1675640729 1412010762 494864908 542138503 1671512074 -2079915518 -460652464 -2147206141 1668288816 -1584984791 -1587543950 -1253826523 447808555 596249667 -1353709004 -239991996 -939505396 -402487733 1308414243 1566668252 1609584068 -893467427 -1728211119 1938881512 804248464 1511888409 -1823184040 2077023723 1507445369 809751913 1689535846 1098783026 979438246 1543577949 93340860 
0
1
NDBR40-M-1
1
SET-1
0
1
14
-2147483647
48 1 16 5 0 1 0 -1 -1 136935 1 -1879048189 1 136935 
0
0
0
0
0
