 
Abaqus 2023  is now in use 
 
NOTICE.  Abaqus licenses used on CSC's servers are only for 
students and personnel from Finnish universities and polytechnics. 
 

Lmod is automatically replacing "gcc/11.3.0" with
"intel-oneapi-compilers/2022.1.0".


Due to MODULEPATH changes, the following have been reloaded:
  1) intel-oneapi-mkl/2022.1.0     2) openmpi/4.1.4

Checkout succeeded: standard/83BC504A2998
	License file: 1761@license1.csc.fi
	License Server: 1761@license1.csc.fi
Checkout succeeded: parallel/7F239B22E8AA
	License file: 1761@license1.csc.fi
	License Server: 1761@license1.csc.fi
Abaqus License Manager checked out the following licenses:
Abaqus/Standard checked out 12 tokens from Flexnet server license1.csc.fi.
<445 out of 600 licenses remain available>.
Intel(R) Fortran Intel(R) 64 Compiler Classic for applications running on Intel(R) 64, Version 2021.6.0 Build 20220226_000000
Copyright (C) 1985-2022 Intel Corporation.  All rights reserved.

ifort: command line warning #10434: option '-extend_source' use with underscore is deprecated; use '-extend-source' instead
/scratch/project_2008630/AA_Binh_Master_Thesis/CP1000_fit1/CHD2_denser_mesh/helper_functions.f90(105): remark #15009: calc_matrix_log_ has been targeted for automatic cpu dispatch
/scratch/project_2008630/AA_Binh_Master_Thesis/CP1000_fit1/CHD2_denser_mesh/helper_functions.f90(161): remark #15009: calc_matrix_sqrt_ has been targeted for automatic cpu dispatch
/scratch/project_2008630/AA_Binh_Master_Thesis/CP1000_fit1/CHD2_denser_mesh/helper_functions.f90(209): remark #15009: calc_matrix_inv_ has been targeted for automatic cpu dispatch
/scratch/project_2008630/AA_Binh_Master_Thesis/CP1000_fit1/CHD2_denser_mesh/helper_functions.f90(240): remark #15009: calc_max_principal_stress_ has been targeted for automatic cpu dispatch
/scratch/project_2008630/AA_Binh_Master_Thesis/CP1000_fit1/CHD2_denser_mesh/helper_functions.f90(284): remark #15009: sort_descending_ has been targeted for automatic cpu dispatch
deformation_diffusion.f90(428): remark #15009: uexternaldb_ has been targeted for automatic cpu dispatch
deformation_diffusion.f90(926): remark #15009: umat_ has been targeted for automatic cpu dispatch
deformation_diffusion.f90(819): remark #15009: calc_sig_h_grad_all_elems_at_inpts_ has been targeted for automatic cpu dispatch
deformation_diffusion.f90(1259): remark #15009: umatht_ has been targeted for automatic cpu dispatch
deformation_diffusion.f90(1563): remark #15009: uvarm_ has been targeted for automatic cpu dispatch
Intel(R) Fortran Intel(R) 64 Compiler Classic for applications running on Intel(R) 64, Version 2021.6.0 Build 20220226_000000
Copyright (C) 1985-2022 Intel Corporation.  All rights reserved.

