1
0
1
ASSEMBLY
1
CHD2
CHD2
1
CHD2
14
-2147483646
0
48 1 16 5 0 1 0 -1 -1 136770 1 -1879048189 1 136770 
14
48 1 16 5 0 1 0 -1 -1 136770 1 -1879048189 1 136770 
0
1
CHD2
14
-2147483646
0
48 1 16 5 0 1 0 -1 -1 121260 1 -1879048189 1 121260 
14
48 1 16 5 0 1 0 -1 -1 121260 1 -1879048189 1 121260 
0
6
BOTTOM_PART
0
1
0
1
CHD2
14
-2147483647
48 1 16 5 0 1 0 -1 -1 720 1 -1879048189 2101 720 
0
HYDROGEN_SURFACE
0
1
0
1
CHD2
1581
-2147483647
6316 1 16 1572 0 1 0 -1 -1 16567 54 -1073741768 -1073741193 -1073741166 -1073741162 -1073741148 -1073741120 -1073741116 -1073741101 -1073741073 -1073741070 -1073741055 -1073741027 -1073741024 -1073741010 -1073740983 -1073740979 -1073740965 -1073740937 -1073740934 -1073740919 -1073740891 -1073740888 -1073740873 -1073740846 -1073740843 -1073740829 -1073740801 -1073740797 -1073740613 -1073740588 -1073740585 -1073740571 -1073740546 -1073740543 -1073740529 -1073740504 -1073740501 -1073740488 -1073740464 -1073740460 -1073740447 -1073740423 -1073740419 -1073740405 -1073740380 -1073740377 -1073740363 -1073740338 -1073740335 -1073740321 -1073740296 -1073740293 -1073740280 -1073740256 1 18336 -1 -1 -1 -1 -2004316161 -2004318072 -2004318072 -2004318072 -2004318072 -2004318072 -2004318072 -2004318072 -2004318072 -2004318072 -2004318072 -2004318072 -2004318072 -2004318072 -2004318072 -2004318072 -2004318072 -2004318072 -2004318072 -2004318072 -2004318072 -2004318072 -2004318072 -2004318072 -2004318072 -2004318072 -2004318072 -2004318072 -2004318072 -2004318072 -2004318072 -2004318072 -2004318072 -2004318072 -2004318072 -2004318072 -2004318072 -2004318072 -2004318072 -2004318072 -2004318072 -2004318072 -2004318072 -2004318072 -2004318072 -2004318072 -2004318072 -2004318072 -2004318072 -2004318072 -2004318072 -2004318072 -2004318072 -2004318072 -2004318072 -2004318072 -2004318072 -120 -1 -1 -1 -1 -1 286331167 286331153 286331153 286331153 286331153 286331153 286331153 286331153 286331153 286331153 286331153 286331153 286331153 286331153 286331153 286331153 286331153 286331153 286331153 -978671 -1 -1 287309823 286331153 286331153 286331153 286331153 286331153 286331153 286331153 286331153 286331153 286331153 286331153 286331153 286331153 286331153 286331153 286331153 286331153 286331153 286331153 -15 -1 -1 -2004317953 -2004318072 -2004318072 -2004318072 -2004318072 -2004318072 -2004318072 -2004318072 -2004318072 -2004318072 -2004318072 -2004318072 -2004318072 -2004318072 -2004318072 -2004318072 -2004318072 -2004318072 -2004318072 -2004318072 -2004318072 -1912 -1 -1 286392319 286331153 286331153 286331153 286331153 286331153 286331153 286331153 286331153 286331153 286331153 286331153 286331153 286331153 286331153 286331153 286331153 286331153 286331153 286331153 -1 -1 -1 -1 -1 536870911 286331153 286331153 286331153 286331153 286331153 286331153 286331153 286331153 286331153 286331153 286331153 286331153 286331153 286331153 286331153 286331153 286331153 286331153 286331153 286331153 286331153 286331153 286331153 286331153 286331153 286331153 286331153 286331153 286331153 286331153 286331153 286331153 286331153 286331153 286331153 286331153 286331153 286331153 286331153 286331153 286331153 286331153 286331153 286331153 286331153 286331153 286331153 286331153 286331153 286331153 286331153 286331153 286331153 286331153 286331153 286331153 -15658735 -1 -1 -1 -1 -1 52559955 13139988 1077026821 1342998529 335749632 83937408 20984352 5246088 -2146172126 537198792 -2013183950 570445836 -253 -1 202380291 12648768 1074532372 335593729 20974608 269746369 -1056882676 202380288 12648768 1074532372 335593729 -13296 -1 -1 -1 -1 -1 -1 -1 545260031 0 0 196608 0 60 0 272629760 0 0 98304 0 30 0 136314880 0 0 49152 0 15 0 68157440 0 0 24576 -2147483648 7 0 34078720 0 0 12288 -1073741824 3 0 17039360 0 0 6144 -536870912 1 0 8519680 0 0 3072 -268435456 0 0 4259840 0 0 1536 2013265920 0 0 2129920 0 0 768 1006632960 0 0 -1 -1 -1 -1 -1 -1 -1 32768 0 67108864 3 56623104 0 0 32768 0 67108864 3 56623104 0 0 32768 0 67108864 3 56623104 0 0 32768 0 67108864 3 56623104 0 0 32768 0 67108864 3 56623104 0 0 32768 0 67108864 3 56623104 0 0 32768 0 67108864 3 56623104 0 0 32768 0 67108864 3 56623104 0 0 32768 0 67108864 3 56623104 0 0 -1 -1 -1 -1 -1 -1 -1 -1 -1 -1 -1 -1 -1 -1 -1 -1 -1 -1 -1 -1 -1 -1 -1 -1 -1 -1 -1 -1 -1 -1 -1 -1 -1 -1 -1 -1 -1 -1 -1 -1 -1 -1 -1 -1 -1 -1 -1 -1 -1 -1 -1 -1 -1 -1 -1 -1 -1 -1 -1 -1 -1 -1 -1 -1 -1 -1 -1 -1 -1 -1 -1 -1 -1 -1 -1 -1 -1 -1 -1 -1 -1 -1 -1 -1 -1 -1 -1 -1 -1 -1 -1 -1 -1 -1 -1 -1 -1 -1 -1 -1 -1 -1 -1 -1 -1 -1 -1 -1 -1 -1 -1 -1 -1 -1 -1 -1 -1 -1 -1 -1 -1 -1 -1 -1 -1 -1 -1 -1 -1 -1 -1 -1 -1 -1 -1 -1 -1 -1 -1 -1 -1 -1 -1 -1 -1 -1 -1 -1 -1 -1 -1 -1 -1 -1 -1 -1 -1 -1 -1 -1 -1 -1 -1 -1 -1 -1 -1 -1 -1 8388607 32768 1073741824 528512 436207616 0 -2147483232 0 0 0 9437344 0 1610612736 3 18497 800 128 0 0 131072 0 16 0 0 0 33554448 8 -1879048192 3965 0 8239872 0 -262144 -16385 67108863 0 134217728 0 2 0 1084227584 22337 64 -2147483648 1089 23361 384 64 1075838976 1032 851968 -805306368 4194304 0 0 1342177280 18432 0 28311552 23905 832 1073741824 0 0 0 256 134217728 0 0 0 134217728 67174400 0 -1094189056 7 -2147483648 16093 0 -512 -33 131071 0 262144 16777216 0 0 2117632 27777 64 549453824 2 28769 416 536870912 0 69210112 2 1664 6815744 8192 0 0 2621440 36 0 55296 29345 832 2097152 0 0 -2147483648 0 262144 0 0 0 262144 131200 0 64971776 0 1858076672 31 0 -268435457 -1 255 0 512 32768 0 0 4136 33217 32 17850368 34209 416 1048576 0 16912392 1073741824 3 13312 16 0 0 301995008 0 0 108 34785 832 4096 0 0 4194304 0 512 0 0 0 1073742336 256 0 126898 0 263675904 0 -8388608 -524289 2147483647 0 0 1 64 0 335544320 8 38657 32 34864 39649 384 2048 67108864 33032 27262976 0 134217754 0 0 0 589834 0 905969664 40225 800 8 0 0 8192 0 1 0 0 0 -2145386495 0 -654311424 247 0 514992 0 -16384 -1025 4194303 0 8388608 536870912 0 0 67764224 44065 64 402653184 68 45089 384 4 -2080243712 64 53248 218103808 262144 0 0 83886080 1152 0 1769472 45633 832 67108864 0 0 0 16 8388608 0 0 0 8388608 4198400 0 2079096832 0 -671088640 1005 0 -32 -3 8191 0 16384 1048576 0 0 132352 49505 32 571211776 50497 416 33554432 0 541196544 0 104 425984 512 0 0 1073905664 2 0 3456 51073 832 131072 0 0 134217728 0 16384 0 0 0 16384 8200 0 4060736 0 -152305664 1 -268435456 -16777217 -1 15 0 32 2048 0 -2147483648 258 54945 32 1115648 55937 416 65536 -2147483648 1057024 872415232 0 832 1 0 0 18874688 0 -1073741824 6 56513 800 256 0 0 262144 0 32 0 0 0 67108896 16 536870912 7931 0 16479744 0 -524288 -32769 134217727 0 268435456 0 4 0 -2126512128 60385 32 2179 61377 384 128 -2143289344 2064 1703936 -1610612736 8388609 0 0 -1610612736 36864 0 56623104 61921 832 -2147483648 0 0 0 512 268435456 0 0 0 268435456 134348800 0 2106589184 15 0 32187 0 -1024 -65 262143 0 524288 33554432 0 0 4235264 65793 64 1098907648 4 66785 5824 -64 -1 -1 -1 -1 -1 -1 -1 -1 -1 -1 -1 -1 -1 -1 -1 -1 -1 -1 -1 -1 -1 -1 -1 -1 -1 -1 -1 -1 -1 -1 -1 -1 -1 -1 -1 -1 -1 -1 -1 -1 -1 -1 -1 -1 -1 -1 -1 -1 -1 -1 -1 -1 -1 -1 -1 -1 -1 -1 -1 -1 -1 -1 -1 -1 -1 -1 -1 -1 -1 -1 -1 -1 -1 -1 -1 -1 -1 -1 -1 -1 -1 -1 -1 -1 -1 -1 -1 -1 -1 -1 -1 -1 -1 -1 -1 -1 -1 -1 -1 -1 -1 -1 -1 -1 -1 -1 -1 -1 -1 -1 -1 -1 -1 -1 -1 -1 -1 -1 -1 -1 -1 -1 -1 -1 -1 -1 -1 -1 -1 -1 -1 -1 -1 -1 -1 -1 -1 -1 -1 -1 -1 -1 -1 -1 -1 -1 -1 -1 -1 -1 -1 -1 -1 -1 -1 -1 -1 -1 -1 -1 -1 -1 -1 -1 -1 -1 -1 -1 -1 16383 0 4 0 8388608 33 64 49152 201360832 0 2097152 1 72929 736 8192 0 0 -2147483640 134217728 0 1073741824 0 0 15803 0 -156672 -1 1535 0 2147474352 0 1073741824 0 32 0 335544322 2 76705 32 7190 77665 384 1048576 0 512 0 1073741824 4224 8192 6291456 4382720 6 268435456 128 78369 736 1048576 0 0 1024 64 4 0 32 0 2022784 0 -20054016 -1 196607 0 -1189888 63 0 32 4096 0 256 266 82145 32 920320 83105 384 134217728 0 65536 0 0 540704 1048576 805306368 560988160 768 0 16392 83809 736 134217728 0 0 131072 8192 512 0 4096 0 258916352 0 1728053248 -1 25165823 0 -152305664 8191 0 4096 524288 0 32768 34048 87585 32 117800960 88577 352 4 8388608 0 0 69210112 134217728 0 -1207959528 98320 0 2098176 89281 704 4 0 16777216 1048576 65536 0 524288 0 -1218445312 7 -2147483648 -77 -1073741825 0 1979711488 1048571 0 524288 67108864 0 4194304 4358144 93025 64 -2101346304 3 94017 352 512 1073741824 0 0 268959744 2 4 3072 12585052 0 268566528 94721 704 512 0 -2147483648 134217728 8388608 0 67108864 0 -1342177280 987 0 -9792 -1 95 0 134217147 0 67108864 0 2 536870912 557842432 98465 64 1610612736 449 99457 384 65536 0 32 0 67108864 264 512 393216 1610886656 0 16777216 8 100161 736 65536 0 0 64 1073741828 0 0 2 0 126424 0 -1253376 -1 12287 0 -74368 3 0 2 256 0 -1610612720 16 103937 32 57520 104897 384 8388608 0 4096 0 0 33794 65536 50331648 35061760 48 -2147483648 1024 105601 736 8388608 0 0 8192 512 32 0 256 0 16182272 0 -160432128 -1 1572863 0 -9519104 511 0 256 32768 0 2048 2128 109377 32 7362560 110337 384 1073741824 0 524288 0 0 4325632 8388608 -2147483648 192937985 6145 0 131136 111041 736 1073741824 0 0 1048576 65536 4096 0 32768 0 2071330816 0 939524096 -5 201326591 0 -1218445312 65535 0 32768 4194304 0 262144 272384 114817 32 942407680 115809 352 32 67108864 0 0 553680896 1073741824 0 -1073741632 786565 0 16785408 116513 704 32 0 134217728 8388608 524288 0 4194304 0 -1157627904 61 0 -612 -1 5 -1342177280 8388571 0 4194304 536870912 0 33554432 34865152 120257 64 369098752 28 
0
TOP_PART
0
1
0
1
CHD2
14
-2147483647
48 1 16 5 0 1 0 -1 -1 720 1 -1879048189 4321 720 
0
TOP_SURFACE
0
1
0
1
CHD2
60
4365 4366 4367 4368 4413 4414 4415 4416 4461 4462 4463 4464 4509 4510 4511 4512 4557 4558 4559 4560 4605 4606 4607 4608 4653 4654 4655 4656 4701 4702 4703 4704 4749 4750 4751 4752 4797 4798 4799 4800 4845 4846 4847 4848 4893 4894 4895 4896 4941 4942 4943 4944 4989 4990 4991 4992 5037 5038 5039 5040 
0
WHOLE_PART
0
1
0
1
CHD2
14
-2147483647
48 1 16 5 0 1 0 -1 -1 121260 1 -1879048189 1 121260 
0
ZSYMM
0
1
0
1
CHD2
253
-2147483647
1004 1 16 244 0 1 0 -1 -1 13245 55 -1610612679 -1610612676 -1879048129 -1610612671 -1610612668 -1342177209 -1342177205 -1342177201 -1342177197 -1342177193 -1342177189 -1342177185 -1342177181 -1342177177 -1342177173 -1342177169 -1342177165 -1342177161 -1342177157 -1342177153 -1879048061 -1610612603 -1342177144 -1610612596 -1342177137 -1610612589 -1342177130 -1610612582 -1342177123 -1610612575 -1342177116 -1610612568 -1342177109 -1610612561 -1342177102 -1610612554 -1342177095 -1610612547 -1342177088 -1610612540 -1342177081 -1610612533 -1342177074 -1610612526 -1342177067 -1610612519 -1342177060 -1610612512 -1342177053 -1610612505 -1879047958 -1879047956 -1879047954 -1879047952 -1879047950 1 525 4 2104 359 4 3540 2 3545 194 4 4324 705 4 7153 2 2 13 7183 2 2 13 7213 2 2 13 7243 2 2 13 7273 2 2 13 7303 2 2 13 7333 2 2 13 7363 2 2 13 7393 2 2 13 7423 2 2 13 7453 2 2 13 7483 2 2 13 7513 2 2 13 7543 2 2 13 7573 2 2 13 7598 1 7602 3 3 7613 1 2 13 7630 3 3 7641 1 2 13 7658 3 3 7669 1 2 13 7686 3 3 7697 1 2 13 7714 3 3 7725 1 2 13 7742 3 3 7753 1 2 13 7770 3 3 7781 1 2 13 7798 3 3 7809 1 2 13 7826 3 3 7837 1 2 13 7854 3 3 7865 1 2 13 7882 3 3 7893 1 2 13 7910 3 3 7921 1 2 13 7938 3 3 7949 1 2 13 7966 3 3 7977 1 2 13 7994 3 3 8005 1 10018 223 12257 224 61360 5431 115814 5447 
0
1
CHD2
1
SET-1
0
1
14
-2147483647
48 1 16 5 0 1 0 -1 -1 121260 1 -1879048189 1 121260 
0
0
0
6
BOTTOM_PART
0
1
0
1
CHD2
69
-2147483647
268 1 16 60 0 1 0 -1 -1 1040 2 -1073741820 -1073741781 1103 1184 -1 -1 -1 -1 0 0 -62980096 6171 49148 0 -15729664 -1 -1 63 -62980096 -1 -1 -1 -1 -1 31 0 -1010827024 1047555 -1024 -251658241 13311 -2 -1073741761 1032192 -4194304 63 0 0 -1073741824 7 245760 3951 480 -64 -1 -1 -1 -1 -1 -1 -1 -1 -1 -1 -1 -1 -1 1048575 
0
HYDROGEN_SURFACE
0
1
0
1
CHD2
682
-2147483647
2720 1 16 673 0 1 0 -1 -1 17392 17 -1073741805 -1073741801 -1073741767 -1073741743 -1073741737 -1073741719 -1073741677 -1073741658 -1073741652 -1073741643 -1073741639 -1073741615 -1073741602 -1073741597 -1073741589 -1073741556 -1073741370 1 64 -268419073 1073741823 577 1024 -256 -1 -1 -1 -1 -1 -1 -1 -1 -1 -1 -1 -1 -1 -1 15 -16384 -1 -1 -1 -1 0 2147483632 -100664066 -1 1044381695 13630464 -4 1048575 -64 1073741823 4194558 1793 704 -3932164 -251720464 -241 -1 265289727 0 -537919488 16383 -4 -49 -1 -1 -1073676289 -1 -268173313 -1 -1 -1 -1 -1 -1 4095 4929 128 66847680 -16 -1 4095 5185 512 -1048576 -1 -1 -1 -1 268435455 0 0 -65536 -1 -1 -1 -1 -1 -1 4095 5857 1280 -65536 -1 -1 -1 -1 -1 -1 -1 -1 -1 -1 -1 -1 -1 -1 -1 4194303 -4 -268435453 -1 -1 16383 -1 -1 402653247 -268566633 67094271 64512 258048 3072 -268420352 3670015 -1059115008 -1073738749 -1 1061158911 -4036 -1 -251904001 13370367 9825 544 -512 3 -131072 7 536870656 4128768 496304320 1909390902 -399898 -805570056 -133727804 2004756373 -136550600 -37768193 1878982650 134213597 12484351 10849 128 -65536 -1 -1 268435455 11137 224 -2147483648 -1 -1 -1 -1 -1 134217727 11489 64 -268435456 8388607 12449 704 -2147483648 -1 -1 8191 0 0 -2097152 -1 -1 16777215 0 -264491008 31 0 -1048576 -1 -1 15 0 0 -261172 15 13281 352 251658255 512 4 0 -16777216 63 16777216 1026 16777216 268960770 16416 13889 96 -1073741824 -1 262143 19777 192 -268435456 -1 -1 -1 -1 1073741823 20673 992 -32 -1 -1 -1 -1 -1 -1 -1 -1 -1 -1 -1 -1 -1 -1 -1 -1 -1 -1 -1 -1 -1 -1 -1 -1 -1 -1 -1 -1 -1 67108863 22369 5888 -1024 -1 -1 -1 -1 -1 -1 -1 -1 -1 -1 -1 -1 -1 -1 -1 -1 -1 -1 -1 -1 -1 -1 -1 -1 -1 -1 65535 -1073741824 -193 -193 -1 -1 -1 524287 -2147483648 -1 -62914561 -1017 -3134 -1 -8388609 -62914561 -4 -1 268435455 32767 -524288 -1 -1 -1 -1 -1 -1 -1 -1 -1 -1 -1 -1 -1 -1 -1 -1 -1 -1 -1 -1 -1 -1 -1 -1 -1 -1 -1 -1 -1 -1 -1 -1 -1 -1 -1 -1 -1 -1 -1 -1 -1 -1 -1 -1 -1 -1 -1 -1 -1 -1 -1 -1 -1 -1 -1 -1 -1 -1 -1 -1 -1 -1 -1 -1 -1 -1 -1 -1 -1 -1 -1 -1 -1 -1 -1 -1 -1 -1 -1 -1 -1 -1 -1 -1 -1 -1 -1 -1 -1 -1 -1 -1 -1 -1 -1 -1 -1 -1 -1 -1 -1 -1 -1 -1 -1 -1 -1 -1 -1 -1 -1 -1 -1 -1 -1 -1 -1 -1 -1 -1 -1 -1 -1 -1 -1 -1 -1 -1 -1 -1 -1 -1 -1 -1 -1 15 80705 6944 -65536 -1 -1 -1 -1 -1 -1 -1 -1 -1 -1 -1 -1 -1 -1 -1 -1 -1 -1 -1 -1 -1 -1 -1 -1 -1 -1 -1 -1 -1 -1 -1 -1 -1 -1 -1 -65044481 -126320769 -1 -1 -6291457 -1 -1 -1 31 -32768 -1 -1 -1 -1 2113929215 -1073758337 -1 -1 -8388609 -1 -1 -8193 -1 -33816577 -196609 -1 -1 -1 -1 -1 -1 -1 -1 -1 -1 -1 -1 -1 -1537 -1 -1 -1 -1 -1 -1 -1 -1 -1 -1 2147483647 -7 -1 -1 -1 -1 -1 -327681 -4097 -1 -1 -369164321 -469762193 -4194305 -524289 -1048577 -1 -1 -1 -35659777 -4194817 -540673 -1 -786433 -1 2113929213 -133121 -1 -67108881 -134219777 -1 -1 -8456193 -268435461 -5121 -524289 -67174401 -1073750017 -67406338 -262145 -65537 -7 -1099497473 -1 -25 -1610612737 2147477499 -16777217 -52430849 -4194317 -513 -77 -1 -30721 -385 -1 -6291457 -537003521 -2013265921 -32761 -1 -1 -1 -1 -1 -1 -1 -1 -1 -1 -1 -1 -1 -1 -1 -1 -1 -1 -1 -1 -1 -1 -1 -1 -1 -1 -1 -1 -1 -1 -1 -1 -1 -1 -1 -1 -1 -1 -1 -1090519041 -524305 -16777283 -12584097 -2113 -8396839 -8912905 -7340041 -1 -1 -1 -1 -1 -1 -1 -1 -268435457 -2097153 -1 -82955 -1 -2097250 -513 127 -128 -1 -1 -1 -1 -1 -1 -1 31 
0
TOP_PART
0
1
0
1
CHD2
77
-2147483647
300 1 16 68 0 1 0 -1 -1 1040 5 -1073741817 -1073741814 -1073741797 -1073741792 -1073741773 4935 32 4190223 5415 480 -1 -1 -1 -1 -1 -1 -1 -1 -1 -1 -1 -1 -1 -1 1023 6375 96 65280 62914560 4190208 6599 544 3670016 406847488 197638 0 16776440 4032 48 384 0 67108864 234881024 -1024 -268370941 0 0 192 208896 7783 480 -256 -1 -1 -1 -1 -1 -1 -1 -1 -1 -1 -1 -1 -1 4194303 
0
TOP_SURFACE
0
1
0
1
CHD2
80
4937 4938 4947 4948 4949 4950 4951 4952 4953 4954 4955 4956 5831 5832 5833 5834 5835 5836 5837 5838 5839 5840 5841 5842 5843 5844 5845 5846 5847 5848 5849 5850 5851 5852 5853 5854 5855 5856 5857 5858 5859 5860 5861 5862 5863 5864 5865 5866 5867 5868 5869 5870 5871 5872 6388 6451 6452 6453 6454 6455 6456 6457 6458 6459 6460 6658 6659 6679 6680 6730 6731 6732 6733 6734 6831 6972 6973 6974 7085 7127 
0
WHOLE_PART
0
1
0
1
CHD2
14
-2147483647
48 1 16 5 0 1 0 -1 -1 136770 1 -1879048189 1 136770 
0
ZSYMM
0
1
0
1
CHD2
689
-2147483647
2748 1 16 680 0 1 0 -1 -1 13526 24 -1073741798 -1073741777 -1073741742 -1073741738 -1073741725 -1073741717 -1073741686 -1073741668 -1073741662 -1073741654 -1073741648 -1073741611 -1073741516 -1073741512 -1073741488 -1073741414 -1073741314 -1073741302 -1073741289 -1073741286 -1073741282 -1073741227 -1073741217 -1073741206 2 608 134209581 -536870912 2047 0 -2147483648 -1 -1 -1 -1 -1 -1 -1 -1 -1 -1 -1 -1 -1 127 1218 1056 -2147483648 -1 -1073479801 123917184 1879048192 -522190848 -6815233 481 -524288 31 -536870912 -4194304 -1 -1 -1 33554431 -262144 -1 -2145517567 31111 126 0 -134217728 16383 268435456 -8192 4095 -256 4095 -131072 536870911 2130755584 2147352576 2466 64 -2048 2147483647 4866 352 -32768 -1 -33423745 7 0 -2048 -1 -1 -1 -1 524287 5666 192 -2048 -1 -1 -1 -1 31 6370 928 -1843200 -2147481663 -1 16777215 0 2147475456 0 -134217728 -134217729 203522173 -33547136 -7681 -129025 -1 134210175 -1835008 529563647 536869374 67076096 -530579456 -129051 524287 134213632 -6685184 -1 -1 -1 -1 2097151 9858 512 -134217728 60 67371004 1073741824 3768320 -248184832 -954695452 -1962734324 -1744698589 66863903 -1002312651 202493283 -2128599552 1208844290 2080376849 2146694 10946 128 -134217728 -1 -1 524287 11330 192 -67108864 -1 -1 -1 -1 134217727 12546 128 -512 -1 -1 8388607 12802 1120 6168544 -2139127808 545358463 131200 0 0 0 -128 1572865 0 0 57344 -1070071808 536870855 0 100696062 7864320 -134217728 263680 6 369098720 67125280 1075843080 100728960 537921548 604045376 8192 514 1088 64 0 84936704 -1073741808 -2147482624 524288 16834 2976 -67108864 -1 -1 -1 -1 -1 -1 -1 -1 -1 -1 -1 -1 -1 -1 -1 -1 -1 -1 -1 -1 -1 -1 -1 -1 -1 -1 -1 -1 -1 -1 -1 -1 -1 -1 -1 -1 -1 -1 -1 -1 -1 -1 -1 -1 -1 -1 -1 -1 -1 -1 -1 -1 -1 -1 -1 -1 -1 -1 -1 -1 -1 -1 -1 -1 -1 -1 -1 -1 -1 -1 -1 -1 -1 -1 -1 -1 -1 -1 -1 -1 -1 -1 -1 -1 -1 -1 -1 -1 -1 -1 -1 134217727 22402 64 -133726208 1 23234 704 -32768 536870911 516192 2013266046 0 0 0 -262144 -1 524287 -131072 -2147483137 -482 1 1615329280 -2116026368 7340033 528482304 -134217722 -1 536870911 30720 28226 2304 -8 -1 -1 -1 -1 -1 -1 -1 -1 -1 -1 -1 -1 -1 -1 -1 -1 -1 -1 -1 -1 -1 -1 -1 -1 -1 -1 -1 -1 -1 -1 -1 -1 -1 -1 -1 -1 -1 -1 -1 -1 -1 -1 -1 -1 -1 -1 -1 -1 -1 -1 -1 -1 -1 -1 -1 -1 -1 -1 -1 -1 -1 -1 -1 -1 -1 -1 -1 -1 -1 -1 1048575 77602 3136 -4194304 -1 -1 -1 -1 -1 -1 -1 -1 -1 -1 -1 -1 -1 -1 -1 -1 -1 -1 -1 -1 -1 -1 -1 -1 -1 -1 -1 -1 -1 -1 -1 -1 -1 -1 -1 -1 -1 -1 -1 -1 -1 -1 -1 -1 -1 -1 -1 -1 -1 -1 -1 -1 -1 -1 -1 -1 -1 -1 -1 -1 -1 -1 -1 -1 -1 -1 -1 -1 -1 -1 -1 -1 -1 -1 -1 -1 -1 -1 -1 -1 -1 -1 -1 -1 -1 -1 -1 -1 -1 -1 -1 -1 -1 -1 -1 -1 32767 81858 320 33308672 -205275072 -8388545 -1 -786433 -1 511 0 -16 16383 82306 352 1090519040 536879168 0 0 4194304 0 0 4096 0 16908288 98304 83074 32 768 83426 64 1074659328 805306371 83650 1696 163840 2048 0 0 184582160 234881096 2097152 262144 524288 0 0 0 17829888 2097408 270336 0 393216 0 1090519041 66560 0 33554440 67109888 0 0 4228096 134217730 2560 262144 33587200 -1610608640 33703168 131072 32768 3 549748736 0 12 805306368 1073744898 8388608 26215424 2097158 256 38 0 15360 192 0 3145728 268501760 1006632960 16380 86594 256 545259520 262152 8388641 6292048 1056 4198419 4456452 3670020 87106 288 134217728 1048576 0 41477 -2147483648 1048624 256 -64 63 87618 1920 -16 -1 -1 -1 -1 -1 -1 -1 -1 -1 -1 -1 -1 -1 -1 -1 -1 -1 -1 -1 -1 -1 -1 -1 -1 -1 -1 -1 -1 -1 -1 -1 -1 -1 -1 -1 -1 -1 -1 -1 -1 -1 -1 -1 -1 -1 -1 -1 -1 -1 -1 -1 -1 -1 -1 -1 -1 -1 -1 32767 
0
1
CHD2
1
SET-1
0
1
14
-2147483647
48 1 16 5 0 1 0 -1 -1 136770 1 -1879048189 1 136770 
0
0
0
0
0
