1
0
1
ASSEMBLY
1
CHD2-M-1
CHD2-M
1
CHD2-M-1
14
-2147483646
0
48 1 16 5 0 1 0 -1 -1 42957 1 -1879048189 1 42957 
14
48 1 16 5 0 1 0 -1 -1 42957 1 -1879048189 1 42957 
0
1
CHD2-M-1
14
-2147483646
0
48 1 16 5 0 1 0 -1 -1 34463 1 -1879048189 1 34463 
14
48 1 16 5 0 1 0 -1 -1 34463 1 -1879048189 1 34463 
0
4
SET-1
0
1
0
1
CHD2-M-1
192
1 2 3 4 5 6 7 8 9 10 11 12 13 14 15 16 17 18 19 20 21 22 23 24 25 26 27 28 29 30 31 32 33 34 35 36 37 38 39 40 41 42 43 44 45 46 47 48 49 50 51 52 53 54 55 56 57 58 59 60 61 62 63 64 65 66 67 68 69 70 71 72 73 74 75 76 77 78 79 80 81 82 83 84 85 86 87 88 89 90 91 92 93 94 95 96 97 98 99 100 101 102 103 104 105 106 107 108 109 110 111 112 113 114 115 116 117 118 119 120 121 122 123 124 125 126 127 128 129 130 131 132 133 134 135 136 137 138 139 140 141 142 143 144 145 146 147 148 149 150 151 152 153 154 155 156 157 158 159 160 161 162 163 164 165 166 167 168 169 170 171 172 173 174 175 176 177 178 179 180 181 182 183 184 185 186 187 188 189 190 191 192 
0
SET-2
0
1
0
1
CHD2-M-1
159
-2147483647
628 1 16 150 0 1 0 -1 -1 7483 40 -1610612694 -1610612691 -1879048144 -1610612686 -1879048139 -1610612681 -1879048134 -1610612676 -1879048129 -1610612671 -1879048124 -1610612666 -1879048119 -1610612661 -1879048114 -1610612656 -1879048109 -1610612651 -1610612648 -1610612645 -1879048098 -1879048096 -1342177182 -1879048090 -1342177176 -1879048084 -1342177170 -1879048078 -1342177164 -1879048072 -1342177158 -1879048066 -1342177152 -1879048060 -1342177146 -1879048054 -1879048052 -1342177138 -1879048046 -1879048044 1 96 2 194 384 2 962 2 969 2 3 976 2 983 2 3 990 2 997 2 3 1004 2 1011 2 3 1018 2 1025 2 3 1032 2 1039 2 3 1046 2 1053 2 3 1060 2 1067 2 3 1073 96 2 1266 384 2 2041 1 2043 3 2048 1 2 15 2065 3 2070 1 2 15 2087 3 2092 1 2 15 2109 3 2114 1 2 15 2131 3 2136 1 2 15 2153 3 2158 1 2 15 2175 3 2180 1 2 15 2197 3 2202 1 13501 2823 2 14115 32007 392 34051 413 
0
SET-3
0
1
0
1
CHD2-M-1
192
1073 1074 1075 1076 1077 1078 1079 1080 1081 1082 1083 1084 1085 1086 1087 1088 1089 1090 1091 1092 1093 1094 1095 1096 1097 1098 1099 1100 1101 1102 1103 1104 1105 1106 1107 1108 1109 1110 1111 1112 1113 1114 1115 1116 1117 1118 1119 1120 1121 1122 1123 1124 1125 1126 1127 1128 1129 1130 1131 1132 1133 1134 1135 1136 1137 1138 1139 1140 1141 1142 1143 1144 1145 1146 1147 1148 1149 1150 1151 1152 1153 1154 1155 1156 1157 1158 1159 1160 1161 1162 1163 1164 1165 1166 1167 1168 1169 1170 1171 1172 1173 1174 1175 1176 1177 1178 1179 1180 1181 1182 1183 1184 1185 1186 1187 1188 1189 1190 1191 1192 1193 1194 1195 1196 1197 1198 1199 1200 1201 1202 1203 1204 1205 1206 1207 1208 1209 1210 1211 1212 1213 1214 1215 1216 1217 1218 1219 1220 1221 1222 1223 1224 1225 1226 1227 1228 1229 1230 1231 1232 1233 1234 1235 1236 1237 1238 1239 1240 1241 1242 1243 1244 1245 1246 1247 1248 1249 1250 1251 1252 1253 1254 1255 1256 1257 1258 1259 1260 1261 1262 1263 1264 
0
SET-4
0
1
0
1
CHD2-M-1
16
1095 1096 1119 1120 1143 1144 1167 1168 1191 1192 1215 1216 1239 1240 1263 1264 
0
1
CHD2-M-1
1
SET-42
0
1
14
-2147483647
48 1 16 5 0 1 0 -1 -1 34463 1 -1879048189 1 34463 
0
0
0
4
SET-1
0
1
0
1
CHD2-M-1
23
-2147483647
84 1 16 14 0 1 0 -1 -1 351 4 -1879048186 -1879048184 -1879048182 -1879048180 1 8 13 76 293 190 1242 77 
0
SET-2
0
1
0
1
CHD2-M-1
351
-2147483647
1396 1 16 342 0 1 0 -1 -1 7716 107 -1610612627 -1879048080 -1879048078 -1879048076 -1879048074 -1342177160 -1879048068 -1879048066 -1879048064 -1879048062 -1342177148 -1879048056 -1879048054 -1879048052 -1879048050 -1610612592 -1342177133 -1879048041 -1879048039 -1879048037 -1879048035 -1879048033 -1879048031 -1879048029 -1879048027 -1879048025 -1879048023 -1879048021 -1879048019 -1879048017 -1879048015 -1879048013 -1879048011 -1879048009 -1879048007 -1879048005 -1879048003 -1879048001 -1879047999 -1879047997 -1879047995 -1879047993 -1879047991 -1879047989 -1879047987 -1879047985 -1879047983 -1879047981 -1879047979 -1879047977 -1879047975 -1879047973 -1342177059 -1879047967 -1879047965 -1610612507 -1879047960 -1879047958 -1879047956 -1879047954 -1879047952 -1879047950 -1879047948 -1879047946 -1879047944 -1879047942 -1879047940 -1879047938 -1879047936 -1879047934 -1879047932 -1879047930 -1879047928 -1879047926 -1879047924 -1879047922 -1879047920 -1879047918 -1879047916 -1879047914 -1879047912 -1879047910 -1879047908 -1879047906 -1879047904 -1879047902 -1879047900 -1879047898 -1879047896 -1879047894 -1879047892 -1879047890 -1879047888 -1879047886 -1879047884 -1879047882 -1610612424 -1879047877 -1610612419 -1879047872 -1610612414 -1342176955 -1342176951 -1879047859 -1879047857 -1610612399 -1879047852 1 2 3 7 3 11 1 26 11 50 25 89 47 2 95 286 7 315 77 906 329 1704 4 1723 3 2 7 1734 2 1738 3 1758 21 1828 4 1836 2 3 1842 2 2 3 1848 1 1851 8 1860 3 1864 1 1867 2 1886 15 1902 18 1935 47 2015 11 2039 22 2117 7 2133 4 2144 7 2155 4 2186 77 2777 329 3176 28 4369 125 4496 2 4998 21 5021 2 5156 2013 8140 167 8370 4 8393 5 8849 11 10958 758 22436 2517 25294 109 25659 34 25698 1 25927 35 26018 4 26060 1 26117 31 26165 1 2 51 26218 5 26239 1 26469 2 5 38842 1 38878 4 38886 3 38902 6 38919 12 38936 22 38966 4 38975 1 38977 40 39024 4 39029 1 39031 2 39038 5 39047 7 39059 1 39062 5 39085 3 39091 1 39098 13 39128 1 39131 9 39176 11 39189 14 39208 8 39218 10 39243 8 39338 12 39358 2 39365 27 39393 7 39414 19 39434 37 39472 9 39487 7 39503 9 39520 3 39534 4 39554 1 40834 257 41134 6 41150 2 2 41154 2 41157 2 2 41163 4 41168 2 8 41184 3 2 4 41195 2 2 3 41202 6 41213 2 41216 2 21 41547 59 
0
SET-3
0
1
0
1
CHD2-M-1
26
-2147483647
96 1 16 17 0 1 0 -1 -1 351 5 -1879048185 -1879048183 -1879048181 -1879048179 -1879048177 1836 8 1907 27 2002 49 2164 190 3232 77 
0
SET-4
0
1
0
1
CHD2-M-1
27
1838 1839 1841 1842 1907 1908 1909 1910 1911 1912 1920 1921 1922 1923 1924 1925 1926 2014 2038 2050 2347 2348 2349 2350 2351 2352 2353 
0
1
CHD2-M-1
1
SET-42
0
1
14
-2147483647
48 1 16 5 0 1 0 -1 -1 42957 1 -1879048189 1 42957 
0
0
0
0
0
