1
0
1
ASSEMBLY
1
SH115
SH115
1
SH115
14
-2147483646
0
48 1 16 5 0 1 0 -1 -1 137643 1 -1879048189 1 137643 
14
48 1 16 5 0 1 0 -1 -1 137643 1 -1879048189 1 137643 
0
1
SH115
14
-2147483646
0
48 1 16 5 0 1 0 -1 -1 121510 1 -1879048189 1 121510 
14
48 1 16 5 0 1 0 -1 -1 121510 1 -1879048189 1 121510 
0
6
BOTTOM_PART
0
1
0
1
SH115
14
-2147483647
48 1 16 5 0 1 0 -1 -1 780 1 -1879048189 4081 780 
0
HYDROGEN_SURFACE
0
1
0
1
SH115
1888
-2147483647
7544 1 16 1879 0 1 0 -1 -1 17580 97 -1073741725 -1073741422 -1073741412 -1073741404 -1073741394 -1073741386 -1073741376 -1073741368 -1073741358 -1073741350 -1073741340 -1073741332 -1073741322 -1073741313 -1073741303 -1073741295 -1073741285 -1073741276 -1073741266 -268434872 -1073741234 -268434844 -1073741206 -268434816 -1073741178 -1073741169 -268434790 -1073741152 -1073741143 -268434764 -1073741126 -1073741117 -268434738 -1073741100 -1073741091 -268434712 -1073741074 -268434683 -1073741045 -268434655 -1073741017 -1073740872 -1073740861 -1073740857 -1073740846 -1073740842 -1073740831 -1073740827 -1073740816 -1073740812 -1073740801 -1073740798 -1073740787 -1073740784 -1073740773 -1073740770 -1073740760 -1073740757 -1073740747 -1073740649 -1073740646 -1073740619 -1073740616 -1073740589 -1073740586 -1073740559 -1073740556 -1073740530 -1073740527 -1073740501 -1073740498 -1073740471 -1073740468 -1073740441 -1073740438 -1073740411 -1073740408 -1073740391 -1073740388 -1073740371 -1073740368 -1073740351 -1073740348 -1073740330 -1073740327 -1073740310 -1073740307 -1073740290 -1073740287 -1073740270 -1073740267 -1073740250 -1073740247 -1073740230 -1073740227 -268433796 -1073739992 1 9632 -1 287309823 286331153 286331153 286331153 286331153 286331153 286331153 286331153 286331153 286331153 286331153 286331153 286331153 286331153 286331153 286331153 286331153 286331153 286331153 286331153 286331153 -15658735 -1 -1 -1 -1 -1 -2004317953 -2004318072 -2004318072 -2004318072 -2004318072 -2004318072 -2004318072 -2004318072 -2004318072 -2004318072 -2004318072 -2004318072 -2004318072 -2004318072 -2004318072 -2004318072 -2004318072 -2004318072 -2004318072 -2004318072 -2004318072 -2004318072 -2004318072 -2004318072 -2004318072 -2004318072 -2004318072 -2004318072 -2004318072 -2004318072 -2004318072 -2004318072 -2004318072 -2004318072 -2004318072 -2004318072 -2004318072 -2004318072 -2004318072 -2004318072 -2004318072 -2004318072 -2004318072 -2004318072 -2004318072 -2004318072 -2004318072 -2004318072 -2004318072 -2004318072 -489336 -1 -1 -1 -1 -1 286331153 286331153 286331153 286331153 286331153 286331153 286331153 286331153 286331153 286331153 286331153 286331153 286331153 286331153 286331153 286331153 286331153 286331153 286331153 -61167 -1 -1 286392319 286331153 286331153 286331153 286331153 286331153 286331153 286331153 286331153 286331153 286331153 286331153 286331153 286331153 286331153 286331153 286331153 286331153 286331153 286331153 -1 -1 -1 286331167 286331153 286331153 286331153 286331153 286331153 286331153 286331153 286331153 286331153 286331153 286331153 286331153 286331153 286331153 286331153 286331153 286331153 286331153 286331153 286331153 -239 -1 -1 -1 -1 -1996488705 -2004318072 -2004318072 -2004318072 -2004318072 -2004318072 -2004318072 -2004318072 -2004318072 -2004318072 -2004318072 -2004318072 -2004318072 -2004318072 -2004318072 -2004318072 -2004318072 -2004318072 -2004318072 -2004318072 -2004318072 -2004318072 -2004318072 -2004318072 -2004318072 -2004318072 -2004318072 -2004318072 -2004318072 -2004318072 -2004318072 -2004318072 -2004318072 -2004318072 -2004318072 -2004318072 -2004318072 -2004318072 -2004318072 -2004318072 -2004318072 -2004318072 -2004318072 -2004318072 -2004318072 -2004318072 -2004318072 -2004318072 -2004318072 -2004318072 -2004318072 -8 -1 -1 -1 268435455 272893954 8527936 268701954 1082138760 570687748 1091575816 34111744 1074807816 33587744 -2012216303 -62881760 -1 65535 -1610611948 -989855720 103284736 3227648 100864 -2147480496 335544418 413138947 12910592 403456 -20160 -1 -1 -1 -1 -1 -1 -1 -1 -1 -1 -1 -1 -1 -1 -1 -1 -1 -1 -1 -1 -1 -1 -1 -1 -1 -1 -1 -1 -1 -1 -1 -1 -1 -1 -1 -1 -1 -1 -1 -1 -1 -1 -1 -1 -1 -1 -1 -1 -1 -1 -1 -1 -1 -1 -1 -1 -1 -1 -1 -1 -1 -1 134217727 3932160 49152 81788928 9921 256 -402653136 -67108745 3 134217728 -2147483640 16 0 128 11457 192 4 0 0 -2147483528 1 2496 11905 256 6291456 15716352 522240 0 1052672 2162688 0 16777216 13441 192 524288 0 0 15728640 196608 327155712 13921 256 -1610612544 -268434977 15 536870912 32 66 0 512 15457 192 16 0 0 480 6 9984 15905 256 25165824 62865408 2088960 0 4210688 8650752 0 67108864 17441 192 2097152 0 0 62914560 786432 1308622848 17921 256 -2147482880 -1073739906 63 -2147483648 128 264 0 2048 19457 192 64 0 0 1920 24 39936 19905 256 100663296 251461632 8355840 0 16842752 34603008 0 268435456 21441 224 8388608 0 0 251658240 3145728 939524096 1 21921 256 3072 7674 255 0 514 1056 0 8192 23457 192 256 0 0 7680 96 159744 23905 256 402653184 1005846528 33423360 0 67371008 138412032 0 1073741824 25441 224 33554432 0 0 1006632960 12582912 -536870912 4 25921 256 12288 30696 1020 0 2056 4224 0 32768 27457 768 1024 0 0 0 100663296 1006632960 32 54031 1024 0 0 2048 0 0 0 134217728 256 0 -131072 -1073889281 129 0 0 1073741824 28417 32 2 1312 33554432 67108864 30081 640 6291456 62914560 -268435454 3376 64 0 0 128 0 0 0 8388608 16 0 -8192 469752831 8 0 0 67108864 30913 32 2 1312 2097152 4194304 32577 640 393216 540803072 251658240 211 4 0 0 8 0 0 0 524288 1 0 -512 -2118124097 0 0 0 4194304 33409 32 2 1312 131072 262144 35073 224 24576 33800192 821035008 1073741837 0 0 -2147483648 35425 288 268468224 0 0 -32 136052699 0 0 0 262144 35905 32 2 1312 8192 16384 37569 224 1536 2112512 -753991680 67108864 0 0 134217728 37921 288 16779264 0 0 -1073741826 8503293 0 0 0 16384 38401 32 2 1312 512 1024 40065 224 96 132032 221310976 4194304 0 0 8388608 40417 288 1048704 0 -536870912 -603979777 531455 0 0 0 1024 40897 32 2 1312 32 64 42561 224 6 8252 13831936 262144 0 0 524288 42913 288 65544 0 -33554432 -37748737 33215 0 0 0 64 43393 32 2 1312 2 4 45025 672 1610612736 -1073741824 515 864496 16384 0 0 32768 0 0 0 -2147483648 4096 0 -2097152 -2359297 2075 0 0 0 4 45857 32 2 1312 536870912 1073741824 47521 640 100663296 1006632960 32 54031 1024 0 0 2048 0 0 0 134217728 256 0 -131072 -1073889281 129 0 0 1073741824 48353 32 2 1312 33554432 67108864 49953 4576 -65536 -1 -1 -1 -1 -1 -1 -1 -1 -1 -1 -1 -1 -1 -1 -1 -1 -1 -1 -1 -1 -1 -1 -1 -1 -1 -1 -1 -1 -1 -1 -1 -1 -1 -1 -1 -1 -1 -1 -1 -1 -1 -1 -1 -1 -1 -1 -1 -1 -1 -1 -1 -1 -1 -1 -1 -1 -1 -1 -1 -1 -1 -1 -1 -1 -1 -1 -1 -1 -1 -1 -1 -1 -1 -1 -1 -1 -1 -1 -1 -1 -1 -1 -1 -1 -1 -1 -1 -1 -1 -1 -1 -1 -1 -1 -1 -1 -1 -1 -1 -1 -1 -1 -1 -1 -1 -1 -1 -1 -1 -1 -1 -1 -1 -1 -1 -1 -1 -1 -1 -1 -1 -1 -1 -1 -1 -1 -1 -1 -1 -1 -1 -1 -1 -1 -1 -1 -1 -1 16383 0 1077936128 1 54689 288 524288 6422528 0 0 33554176 2032 0 268697856 528 56417 64 16777216 5 56641 288 2097152 25690112 0 0 134216704 8128 0 1074791424 2112 58369 64 67108864 20 58593 288 8388608 102760448 0 0 536866816 32512 0 4198400 8449 60321 64 268435456 80 60545 288 33554432 411041792 0 0 2147467264 130048 0 16793600 33796 62273 64 1073741824 320 62497 288 134217728 1644167168 0 0 -65536 520193 0 67174400 135184 64257 32 1281 64449 288 536870912 -2013265920 1 0 -262144 2080775 0 268697600 540736 66209 32 5124 66401 288 -2147483648 536870912 6 0 -1048576 8323103 0 1074790400 2162944 68161 32 20496 68385 256 -2147483646 24 0 -4194304 33292415 0 4194304 8651777 70113 32 81984 70337 256 8 98 0 -16777216 133169663 0 16777216 34607108 72001 3072 -1 -1 -1 -1 -1 -1 -1 -1 -1 -1 -1 -1 -1 -1 -1 -1 -1 -1 -1 -1 -1 -1 -1 -1 -1 -1 -1 -1 -1 -1 -1 -1 -1 -1 -1 -1 -1 -1 -1 -1 -1 -1 -1 -1 -1 -1 -1 -1 -1 -1 -1 -1 -1 -1 -1 -1 -1 -1 -1 -1 -1 -1 -1 -1 -1 -1 -1 -1 -1 -1 -1 -1 -1 -1 268435455 262144 0 536870912 1572896 -1073738752 -2146926080 1 0 0 0 7 524288 0 -66846720 2147474431 0 4064 8192 65544 8 4096 76481 32 268435456 76673 800 655360 0 0 0 16384 0 33554432 98306 201326784 402688032 0 0 0 1879048192 0 32768 0 -4177920 134217151 0 254 -2147483136 -2147479552 0 256 78881 32 16777216 79073 800 40960 0 0 0 1024 0 538968064 6144 12582924 25168002 0 0 0 117440512 0 2048 0 -261120 8388571 -536870912 15 134217760 134217984 0 16 81281 32 1048576 81473 800 2560 0 0 0 64 0 33685504 -1073741440 537657344 1573000 0 0 0 7340032 0 128 0 -1073758144 524285 -33554432 0 8388610 8388624 0 1 83681 32 65536 83873 768 160 0 0 0 4 0 2105344 201326616 -2113880064 98312 0 0 0 458752 0 8 0 -603980796 32767 266338304 536870912 524288 524289 268435456 86081 32 4096 86273 768 10 0 0 1073741824 0 0 -2147352064 12582913 -2011165696 6144 0 0 0 28672 -2147483648 0 1073741824 -37748800 2047 16646144 33554432 268468224 32768 16777216 88481 32 256 88641 800 -1610612736 0 0 0 67108864 0 0 402661408 786432 142737600 384 0 0 0 1792 134217728 0 67108864 -2359300 127 1040384 2097152 16779264 2048 1048576 90881 32 16 91041 800 167772160 0 0 0 4194304 0 0 25166338 49152 8921100 24 0 0 0 112 8388608 0 -1069547520 -147457 7 65024 131072 1048704 128 65536 93281 32 1 93441 800 10485760 0 0 0 262144 0 536870912 1572896 -1073738752 -2146926080 1 0 0 0 7 524288 0 -66846720 2147474431 0 4064 8192 65544 8 4096 95649 32 268435456 95841 480 655360 0 0 16777216 1048577160 8198 538050600 1162 0 -4195329 -12724737 15 0 -2147466490 532483 96481 32 8192 97121 480 10240 0 32768 537133056 419037202 -1610612608 679495680 18 -67108864 -65553 1073542999 0 402653184 234881292 8320 97761 32 128 98401 480 160 0 512 1216352256 6547456 41943042 1218576672 0 -1074790400 1610611711 16774109 0 811597824 3670020 130 99041 32 2 99649 512 -2147483648 2 0 8 19005504 134320032 -2146828288 19040260 0 -16793600 1971322863 262095 0 281116672 134275072 2 100289 32 134217728 100929 480 167772160 0 536870912 0 -2147186687 2098750 302000128 297504 0 -1074004224 1037434879 4095 0 4392448 136315776 101569 32 2097152 102209 480 2621440 0 8388608 67108864 -100658656 32792 -2142764896 4648 0 -16781316 -50898945 63 0 68632 2129934 102849 32 32768 103489 480 40960 0 131072 -2146435072 1676148808 -2147483136 -1576984574 72 -268435456 -262209 -795297 0 1610612736 939525168 33280 104129 32 512 104769 480 640 0 2048 570441728 26189825 167772168 579339392 1 -4194304 2147479550 67096437 0 -1048576000 14680080 520 105409 32 8 106049 480 10 0 32 76022016 537280128 2621440 76161042 0 -67174400 -704643137 1048381 0 1124466688 537100288 8 106657 32 536870912 107297 1952 671088640 0 -2147483648 0 -4 -1 -1 -1 -1 -1 -1 -1 -1 -1 -1 -1 -1 -1 -1 -1 -1 -1 -1 -1 -1 -1 -1 -1 -1 -1 -1 -1 -1 -1 -1 -1 -1 -1 -1 -1 -1 -1 -1 536870911 -536833920 131271 18874688 2641 -2147483648 -1049089 -3150465 3 10485760 536672 400 0 0 8192 0 0 512 109857 672 8 1280 4096 0 1048576 536870912 -1073667840 262543 37749376 5282 0 -2098177 -6300929 7 20971520 1073344 800 0 0 16384 0 0 1024 8192 0 2097152 1073741824 -2147335680 525087 75498752 10564 0 -4196354 -12601857 15 41943040 2146688 1600 0 0 32768 0 0 2048 16384 0 4194304 -2147483648 295936 1050175 150997504 21128 0 -8392708 -25203713 31 83886080 4293376 3200 0 0 65536 0 0 4096 32768 0 8388608 0 591873 2100350 301995008 42256 0 -16785416 -50407425 63 167772160 8586752 6400 0 0 131072 0 0 8192 65536 0 16777216 0 1183746 4200700 603990016 84512 0 -33570832 -100814849 127 335544320 17173504 12800 0 0 262144 0 0 16384 131072 0 33554432 0 2367492 8401400 1207980032 169024 0 -67141664 -201629697 255 671088640 34347008 25600 0 0 524288 0 0 32768 262144 0 67108864 0 4734984 16802800 -1879007232 338048 0 -134283328 -403259393 511 1342177280 68694016 51200 0 0 1048576 0 0 65536 524288 0 134217728 0 9469968 33605600 536952832 676097 0 -268566656 -806518785 1023 -1610612736 137388032 102400 0 0 2097152 0 0 131072 120097 1440 1048576 0 268435456 0 -32 -1 -1 -1 -1 -1 -1 -1 -1 -1 -1 -1 -1 -1 -1 -1 -1 -1 -1 -1 -1 -1 -1 -1 -1 -1 -1 -1 -1 -1 -1 -1 -1 -1 -1 -1 -1 -1 -1 -1 63 
0
TOP_PART
0
1
0
1
SH115
14
-2147483647
48 1 16 5 0 1 0 -1 -1 780 1 -1879048189 1 780 
0
TOP_SURFACE
0
1
0
1
SH115
60
49 50 51 52 101 102 103 104 153 154 155 156 205 206 207 208 257 258 259 260 309 310 311 312 361 362 363 364 413 414 415 416 465 466 467 468 517 518 519 520 569 570 571 572 621 622 623 624 673 674 675 676 725 726 727 728 777 778 779 780 
0
WHOLE_PART
0
1
0
1
SH115
14
-2147483647
48 1 16 5 0 1 0 -1 -1 121510 1 -1879048189 1 121510 
0
ZSYMM
0
1
0
1
SH115
283
-2147483647
1124 1 16 274 0 1 0 -1 -1 13198 69 -1610612665 -1879048118 -1610612660 -1610612657 -1879048110 -1610612652 -1342177193 -1879048101 -1342177187 -1879048095 -1342177181 -1879048089 -1342177175 -1879048083 -1342177169 -1879048077 -1342177163 -1879048071 -1342177157 -1879048065 -1342177151 -1879048059 -1342177145 -1879048053 -1342177139 -1879048047 -1342177133 -1879048041 -1342177127 -1879048035 -1342177121 -1879048029 -1342177115 -1879048023 -1342177109 -1342177105 -1342177101 -1879048009 -1342177095 -1879048003 -1342177089 -1879047997 -1342177083 -1879047991 -1342177077 -1879047985 -1342177071 -1879047979 -1342177065 -1879047973 -1342177059 -1879047967 -1342177053 -1879047961 -1342177047 -1879047955 -1342177041 -1879047949 -1342177035 -1879047943 -1342177029 -1879047937 -1342177023 -1879047931 -1610612473 -1879047926 -1879047924 -1879047922 -1879047920 4 194 4 780 2 785 464 4 2644 554 4 4860 2 4865 464 4 6730 1 2 9 6742 2 6757 1 2 9 6769 2 6784 1 2 9 6796 2 6811 1 2 9 6823 2 6838 1 2 9 6850 2 6865 1 2 9 6877 2 6892 1 2 9 6904 2 6919 1 2 9 6931 2 6946 1 2 9 6958 2 6973 1 2 9 6985 2 7000 1 2 9 7012 2 7027 1 2 9 7039 2 7054 1 2 9 7066 2 7081 1 2 9 7093 2 7108 1 2 9 7120 2 2 6 7137 1 2 12 7153 2 7164 1 2 12 7180 2 7191 1 2 12 7207 2 7218 1 2 12 7234 2 7245 1 2 12 7261 2 7272 1 2 12 7288 2 7299 1 2 12 7315 2 7326 1 2 12 7342 2 7353 1 2 12 7369 2 7380 1 2 12 7396 2 7407 1 2 12 7423 2 7434 1 2 12 7450 2 7461 1 2 12 7477 2 7488 1 2 12 7504 2 7515 2 12 25540 4493 70047 1954 93565 3670 108701 1281 
0
1
SH115
1
SET-1
0
1
14
-2147483647
48 1 16 5 0 1 0 -1 -1 121510 1 -1879048189 1 121510 
0
0
0
6
BOTTOM_PART
0
1
0
1
SH115
68
-2147483647
264 1 16 59 0 1 0 -1 -1 1120 2 -268435452 -1073741784 4670 512 2 768 1109401635 540836 2097154 16 3407872 -33554304 -7866365 -1 1 0 -1176502272 58992720 -96337920 881360903 1090576384 7783424 -2048 -1 -1 -1 -1 -1 -1 -1 -1 -1 -1 -1 -1 -1 -1 8388607 7326 544 -2147483648 -1 -1 -1 -1 -1 -1 -1 -1 -1 -1 -1 -1 -1 -1 -1 8388607 
0
HYDROGEN_SURFACE
0
1
0
1
SH115
941
-2147483647
3756 1 16 932 0 1 0 -1 -1 18609 25 -1073741797 -1073741760 -1073741714 -1073741689 -1073741678 -1073741669 -268435287 -1073741631 -1073741618 -1073741583 -1073741537 -1073741480 -1073741472 -1073741460 -1073741443 -1073741413 -1073741373 -1073741319 -1073741276 -1073741234 -1073741194 -1073741102 -1073741064 -1073741052 -1073741003 1 1120 -1 -1 -2078209921 554189328 138547332 1108378657 277094664 -2078209982 554189328 138547332 1108378657 277094664 -2078209982 554189328 138547332 1108378657 277094664 -2078209982 554189328 138547332 1108378657 277094664 -2078209982 554189328 138547332 1108378657 277094664 -2078209982 554189328 138547332 1108378657 277094664 -64944062 -1 -1 1441 1408 -65536 -1 -1 -1 -1 -1 -1 -1 -1 -1 -1 -1 -1 1048575 0 0 -256 -1 -1 -1 -1 -1 -1 15 0 0 0 -1073741824 -1798871554 -1 -1 -16369 109051903 -201326589 1044324351 -134602787 2138177535 -196098 -2114305 -12709377 -34039 -1 -1 65535 4545 736 -65536 -1 262143 -268435456 -285999749 -100763649 -4097 -1 -1 -1 -1048321 -1056964609 -1 -1 -64 2139093991 -12582916 -47185921 -529409 -114689 -1 -1 15 5473 288 -262144 -1 -1 -1 -1 -1 -1 -1 3 5921 224 -1048576 -1 -1 -1 -1 -1 255 6529 384 -4096 -1 -1 -1 -1 -1 -1 -1 -1 -1 -1 16383 9121 320 2 544 -294012381 7340162 133120 1763999809 292757504 33502124 16490494 -3444736 -1210168928 35711 -1555954972 991987202 -1262786522 1866789399 -96426840 13667200 -1009664 -500187009 -1862204486 37130 10273 352 -2048 -1 -1 -1 -1 -1 -1 -1 -1 -1 63 11073 1056 123731968 -571506913 -273810053 -1526726659 -139313 -408077 -1 -1 -1 -1 -1 255 0 -2 -1 1073741823 1736294384 30653 -536870912 -1 0 -16777216 -16123841 15 -137765150 -1 -1 262143 -1 -1 -1 -1 268435455 12609 1408 -16 -1 -1 -1 -1 -1 -1 -1 -1 -1 -1 -1 -1 -1 -1 -1 -1 -1 -1 -1 -1 -1 -1 -1 -1 -1 -1 -1 -1 -1 -1 -1 -1 -1 -1 -1 -1 -1 -1 -1 -1 -1 -1 1048575 33345 1760 -128 -1 -1 -1 -1 -1 -1 -1 -1 -1 -1 -1 -1 -1 -1 -1 -1 -1 -1 -1 -1 -1 -1 -1 -1 -1 -1 -1 -1 -1 -1 -1 -1 -1 -1 -1 -1 -1 -1 -1 -1 -1 -1 -1 2147483647 0 0 0 4 0 1358956544 -268435456 8191 0 4194304 35233 192 -1024 -1 -1 -1 -1 134217727 35905 320 -2 -1 -1 -1 -1 -1 -1 -1 -1 268435455 36417 480 -1048576 -1 -1 -1 -1 -1 -1 -1 -1 71303167 1093012740 1773577552 -615627621 -1229165132 708238189 37057 896 -524288 -306249729 1208260339 37758032 1312 -1004498431 12586008 49164 0 -8192 534774537 1611006578 2098688 0 -2097152 255 7176192 918638528 -230432768 -1107297826 -270934029 1108975517 267665368 -1801332232 2099315315 -455598951 -1110561852 596 38081 1216 1040187392 2070036415 1155078 98304 470794304 17827904 134226304 0 0 0 -1024 -1 -1 -1 -1 -1 -1 -1073741825 -1644466564 -32263 -909268637 -11076371 -194715835 -354486295 -1074308617 261869 0 8704 0 -1017102331 1457221558 2109135727 -545276192 -1227133178 2221 -2013265918 24647 510 61121 1664 -536870912 -1 -1 -1 -1 -1 -1 -1 -1 -1 -1 -1 -1 -1 -1 -1 -1 -1 -1 -1 -1 -1 -1 -1 -1 -1 -1 -1 -1 -1 -1 -1 -1 -1 -1 -1 -1 -1 -1 -1 -1 -1 -1 -1 -1 -1 -1 -1 -1 -1 -1 2047 64897 1312 -1779072128 -2136803985 -1072805251 -1641903591 10042040 -1466401124 1087443180 1504181219 -134225921 -35684371 -1 234858999 -1709103420 167796756 -1937021912 -1713638873 -1357095360 223364612 -1691610981 -496997978 -1337424379 -2070338551 -699787218 364827139 -398500798 145590096 1376301232 398481452 -857483092 -1468003143 -2073678493 604121653 -375913444 -1 -1 -1 -1 -1 -1 -1 134217727 82977 1280 -1073741824 -1 -1 -1 -1 -1 -1 -1 -1 -1 -134217729 2013257591 -13402658 1337720823 933830034 99595123 1878974020 -9570597 -589841 -4194817 -1 -257 -33554433 154003455 -1840757760 0 1057554432 1311104 -262140 -2009 33027 2130565632 -1929121906 1300 -2139095586 -2146303649 -2014314493 12840961 0 4718592 84385 1216 16842760 32770 524288 -32 -1 -1 -1 -1 2097151 -12288 -3870657 -1283981329 -325130763 -3585 -1 2147483327 1879064657 134133631 2129131196 2105409534 -4735009 -68613 -1074071555 -1048577 -33554441 -1 -6146 -2185 -1 -539492353 -1073816577 -1278352641 -7340050 -1367900673 -129 -605044785 -4873 7 85729 2880 -278408832 12851790 18535 -1115683872 1917739095 -1332194115 -48057971 -1953600026 -1138764942 -335850675 1127276299 9728 -1606262784 683163780 43029147 545276192 1845306570 255329713 134231272 10557570 1897923584 -6816758 -75497473 -1207959553 2147483647 -5 -1073741897 -201356160 -1852966274 -1880625185 -66994178 -542112500 7 268697600 8208 17152 0 0 2099200 32768 0 1024 0 0 134217728 4202530 16777088 0 0 0 -1610612704 1007667720 -1383972748 -268510597 -61 -1 -1 -1 -1 -1 -1 -1 -1 -1 -1 -1 -1 -1 -1 -1 -1 -1046478849 -1941348288 -1627256788 1755701192 -406473027 -287801057 1727331124 12296132 4194304 1073741824 0 -905969920 95 0 67108864 131073 128 0 1073741823 109249 1152 -16 -1 -1 -1 -1 -1 -1 -1 -1 -1 -1 -1 -1 -1 -1 -1 -1 -1 -1 -1 -1 -1 -1 -1 -1 -1 -1 -1 -1 -1 -1 -1 -1 -1 -1 262143 110657 320 -709912576 1818976970 938563574 -30590121 -1342196146 -487063554 -1083809549 -495265428 1571564733 504375135 111201 1504 1525766144 1543106465 1031790327 -1107363841 1962491103 -24121347 -1550065777 -218379483 1786694264 -40050949 -918821196 -292468163 -196739 -12289 -1 -1118322689 -37769239 -142901513 1538559742 130041 1560646145 -1248207833 1393973834 -917612996 -965489697 -1800872537 1733419184 1840446765 1588113371 -1212521709 -571507363 -1078056146 457015277 -1160419315 -1027460024 1359841161 -1260752684 -646026346 1088379261 2124414777 -1411346690 1975019008 2067576685 1336530454 -1129279173 -1962922946 262143 123393 3488 348127232 1195376772 512 142606336 0 -213925890 -236968069 -2113941231 264848161 269440318 2736705 -191904504 -840580 1711204222 -1096879496 716693471 -1284456627 1705549178 -1881420881 189312139 -1337342798 1038933989 2012184227 -5112867 -570853377 922713565 -67145729 -287315463 -27525141 -1073741889 -547492236 576855802 30459059 1068770724 -536936481 2046166207 1810825851 -17825794 -75616284 2071979903 -270689316 2147448475 -532481 -3 -134217729 -593922 -176227585 -106349409 -67209347 2131421055 418643549 1862171999 -272728330 1561828851 -1800407773 -218194395 1603238760 -122691585 1061413887 -488773953 -827237969 -134619141 2130178959 -136401313 -85986919 -796959240 -513825037 -573605650 -1141899273 -11412574 2141618170 935191998 -1091060741 -60674 535232511 302017687 532609033 1878491066 1005535102 -1090535681 -36101 -1 -16793921 -1342343689 -53257 -1426334722 -819600019 2079583839 -805392417 -1732294990 -25210125 -1483899798 334387950 -304439675 -2077131366 -839627289 576191408 -541071214 612239874 418243482 -50029739 164740095 -12583932 -100670689 -1368195083 -1492325469 2079702535 16251 2 
0
TOP_PART
0
1
0
1
SH115
14
-2147483647
48 1 16 5 0 1 0 -1 -1 1120 1 -1879048189 1 1120 
0
TOP_SURFACE
0
1
0
1
SH115
80
66 67 68 69 70 136 137 138 139 140 206 207 208 209 210 276 277 278 279 280 346 347 348 349 350 416 417 418 419 420 486 487 488 489 490 556 557 558 559 560 626 627 628 629 630 696 697 698 699 700 766 767 768 769 770 836 837 838 839 840 906 907 908 909 910 976 977 978 979 980 1046 1047 1048 1049 1050 1116 1117 1118 1119 1120 
0
WHOLE_PART
0
1
0
1
SH115
14
-2147483647
48 1 16 5 0 1 0 -1 -1 137643 1 -1879048189 1 137643 
0
ZSYMM
0
1
0
1
SH115
817
-2147483647
3260 1 16 808 0 1 0 -1 -1 13537 22 -1073741800 -1073741752 -1073741729 -1073741703 -1073741694 -268435310 -1073741652 -1073741644 -1073741641 -1073741627 -1073741616 -1073741563 -1073741556 -1073741538 -1073741482 -1073741448 -1073741387 -1073741378 -1073741354 -1073741221 -1073741201 -1073741127 5 1472 1108378657 277094664 -2078209982 554189328 138547332 1108378657 277094664 -2078209982 554189328 138547332 1108378657 277094664 -2078209982 554189328 138547332 1108378657 277094664 -2078209982 554189328 138547332 1108378657 277094664 -2078209982 554189328 138547332 1108378657 277094664 -2078209982 554189328 138547332 1108378657 277094664 -2078209982 554189328 -129888124 -1 -1 -1 -1 -1 -1 -1 -1 -1 -1 4095 2181 672 -1 -1 -1 -1 -1811939329 129206688 1073737728 -16384 -134216705 -6618367 -2134900737 777818055 12877762 529260544 -1068912658 164912 -535961888 2127 0 0 258048 4645 768 1275068416 292872764 216012929 588251393 8388628 -33537500 3584 -2143289360 66060319 33546240 -8192 -2134322173 -1085513151 29098048 556781702 2203072 7206 0 0 -1 -1 -1 -1 67108863 5701 224 -1073741824 -1 -1 -1 -1 -1 63 6117 448 -16 -1 -1 -1 -1 -1 -1 -1 -1 -1 -1 -1 -1 255 9093 352 2 544 -1073741824 352862237 1 -2146893806 16777248 939540480 535694465 33048448 81936 1082134597 14144 536870912 268582976 67598 134218020 402653184 537407489 1840250880 117503579 118490104 9180420 8322 11077 192 260700928 65538 17047560 19922944 -2147483647 8224 11429 32 -16 11589 384 8913920 -126848 -1 -1 -1 524287 879628 -738197505 16913 0 0 16760832 12101 288 -16777216 -1 -1 -1 -1 -1 -1 -1 4095 13989 1632 -65536 -1 -1 -1 -1 -1 -1 -1 -1 -1 -1 -1 -1 -1 -1 -1 -1 -1 -1 -1 -1 -1 -1 -1 -1 -1 -1 -1 -1 -1 -1 -1 -1 -1 -1 -1 -1 -1 -1 -1 -1 -1 -1 -1 -1 -1 -1 -1 -1 -1 4194303 33221 160 -1 -1 -1 -1 7 34757 512 -134217728 -1 -1 -1073741825 -1 -1 -84934785 16777215 -512 -1 -262145 -1 -1 -1 -1 63 36709 1728 -1078198272 -1204433 1844877754 -209740865 -1258476121 -37291159 -1 -1 -1 -1 -1 32767 -1054601216 -75516272 -2359878 -268435539 1941829343 1073479550 -1025 -1 1610613247 -570294321 -100687912 -131137 -1 131071 -16 -153601 -23074045 282837503 -1004468126 823026192 2078172678 2131278850 -965352592 1762453402 -1280082370 -134217917 -38 -1 -1 -1 -1 203423743 -1739990012 -72193 -6145 -29424645 -1114245 -8389145 -1 -1 -1 63 38629 1024 872415232 1713391896 -1073739808 593700201 -1609920463 1622782475 -2125328255 604015200 -16367 -1 -545 -1342177281 -1815479297 177359108 -131820983 -1844968431 613566735 -536871051 -2021654529 536869371 -32 -1 -1 -1 -1 -1 -1 -1 -1 -1 -1 1023 62757 1888 -128 -1 -1 -1 -1 -1 -1 -1 -1 -1 -1 -1 -1 -1 -1 -1 -1 -1 -1 -1 -1 -1 -1 -1 -1 -1 -1 -1 -1 -1 -1 -1 -1 -1 -1 -1 -1 -1 -1 -1 -1 -1 -1 -1 -1 -1 -1 -1 -1 -1 -1 -1 -1 -1 -1 -1 -1 -1 262143 64901 224 17048596 4096 16704 303742982 134610960 2049 24648 65253 704 33554496 536870918 135397444 -2120990176 167822464 67121416 268464130 536870912 0 71303184 1644168194 201 34869248 2048 67239944 34432 49280 1426064000 538468617 150995201 1377075201 33686080 83301 4192 -2139095040 411042312 -2146645982 -620478464 -863670746 -1079966520 1224741387 598162 36865 32 0 16 2097152 -9625216 -153388097 -1 -66097153 -1073823769 -2147467265 -1073741699 -2065 403710559 -1221607161 536870830 133693474 -939597846 -410976257 -802561 -1 937103727 2108878735 1878834171 -1902299397 1879007143 -1024891393 -161556881 1864333302 0 0 0 -16384 -1 -1 767 242364 -1530232831 20320544 224 0 -536870892 150993914 1065358472 269582484 134750208 1074036738 536875200 67129472 -2147418112 2097152 268435456 -2147483264 8 0 33718272 67109440 348332496 458753 85493792 8 -2109668349 -2147483344 -1 -1 -1 -1 -1 285836007 -1879851429 -1073742983 -2077753407 685447674 620133044 -1876044573 -699983583 607781576 1094732491 -78843377 -33377 -1243883018 1232370679 -2689322 1576524525 -383767117 2131525540 -545391439 -659849 1491992511 426047 4718592 75497472 1207959552 -2147483648 -201326588 281020215 115810392 385974530 809493504 -2113601617 -1 -153371137 -312558162 -13632817 -1208516865 -1125672247 -1107429573 2136143031 -134149 -536870977 -33554433 -1 -545259521 -262659 -3145721 -1051652 -268435457 -146985217 1962868733 -1136721069 1092784568 -1073741224 3 88005 576 -236584960 656566779 1980751741 695509507 25404564 -1324190866 -1181700020 -768511 -262145 -67108865 -1 56623119 -6 -546308097 -272629765 -4202585 -1212252233 267378426 110373 2304 -16384 -1 -1 -1 -1 -1 -1 -1 -1 1386677887 -1187427885 -1931416960 270347370 354419867 -1043300336 873191920 836260457 463813940 -29426294 -1 -1 -1 -1 -1 -1 -1 -363795841 -1973001443 208142896 1143085250 783412282 6228224 -1513732569 1895590733 1498944376 -1314508268 996950484 555215708 12296 768 16 1680577536 -1876687615 277366800 1799665457 -268441534 -1976586529 1420190271 986618463 57384604 -2020031678 -155880923 696967676 1227215021 -904563454 -1534305842 1377896490 604249453 776742913 -51205249 1809308859 -1091590201 -1800251150 577247558 -336426392 404094988 -178129136 682031519 -1672711031 1258646238 875886318 124779838 123397 3488 -1095507968 -72613889 -33 -8912897 536870911 1087112192 -522060408 -404749586 520317901 -285275474 2147312603 821494703 805358906 2040926601 68554968 760529410 1422455819 161838632 1191331653 -548700361 -1527022668 -853462527 680593429 450626 572549249 244320290 1614809344 1100087648 68829185 -1275068412 1376395544 -807805360 -1075644492 235191717 33558530 1214291892 423694296 -1341063152 4726017 -1203240504 1090659906 134219926 536904192 131072 277348352 569600 11014224 543517750 4200584 680481160 242270234 -1726998486 -788260848 -894532064 -1498087251 1892685373 168233033 7668224 202097088 1104290260 1125444197 8417792 135299271 1619137818 1884422374 -1023931872 367658384 -1574762127 -733937664 1342896709 403150850 -863753820 336626754 3792 -1912500224 -287311498 1594101887 419466252 208735240 1679033392 8394960 0 -1609563116 -2063570784 270798088 -1521401276 52273577 138461466 -754969342 -965473380 1345851088 361195577 -1362945455 1361212983 -2017662938 -210978015 -572882867 -754707978 1572347743 -1368317498 11515466 -1084038080 34373695 -1570766386 -979841016 -1919995563 -918510561 -536871928 511 
0
1
SH115
1
SET-1
0
1
14
-2147483647
48 1 16 5 0 1 0 -1 -1 137643 1 -1879048189 1 137643 
0
0
0
0
0
