1
0
1
ASSEMBLY
1
NDBR15
NDBR15
1
NDBR15
14
-2147483646
0
48 1 16 5 0 1 0 -1 -1 43014 1 -1879048189 1 43014 
14
48 1 16 5 0 1 0 -1 -1 43014 1 -1879048189 1 43014 
0
1
NDBR15
14
-2147483646
0
48 1 16 5 0 1 0 -1 -1 34437 1 -1879048189 1 34437 
14
48 1 16 5 0 1 0 -1 -1 34437 1 -1879048189 1 34437 
0
6
BOTTOM_PART
0
1
0
1
NDBR15
192
32598 32599 32600 32601 32602 32603 32604 32605 32606 32607 32608 32609 32610 32611 32612 32613 32614 32615 32616 32617 32618 32619 32620 32621 32622 32623 32624 32625 32626 32627 32628 32629 32630 32631 32632 32633 32634 32635 32636 32637 32638 32639 32640 32641 32642 32643 32644 32645 32646 32647 32648 32649 32650 32651 32652 32653 32654 32655 32656 32657 32658 32659 32660 32661 32662 32663 32664 32665 32666 32667 32668 32669 32670 32671 32672 32673 32674 32675 32676 32677 32678 32679 32680 32681 32682 32683 32684 32685 32686 32687 32688 32689 32690 32691 32692 32693 32694 32695 32696 32697 32698 32699 32700 32701 32702 32703 32704 32705 32706 32707 32708 32709 32710 32711 32712 32713 32714 32715 32716 32717 32718 32719 32720 32721 32722 32723 32724 32725 32726 32727 32728 32729 32730 32731 32732 32733 32734 32735 32736 32737 32738 32739 32740 32741 32742 32743 32744 32745 32746 32747 32748 32749 32750 32751 32752 32753 32754 32755 32756 32757 32758 32759 32760 32761 32762 32763 32764 32765 32766 32767 32768 32769 32770 32771 32772 32773 32774 32775 32776 32777 32778 32779 32780 32781 32782 32783 32784 32785 32786 32787 32788 32789 
0
HYDROGEN_SURFACE
0
1
0
1
NDBR15
891
-2147483647
3556 1 16 882 0 1 0 -1 -1 8671 245 -1879047945 -1342177031 -1879047939 -1879047937 -1879047935 -1879047933 -1342177019 -1879047927 -1879047925 -1879047923 -1879047921 -1342177007 -1879047915 -1879047913 -1879047911 -1879047909 -1342176995 -1879047903 -1879047901 -1879047899 -1879047897 -1342176983 -1879047891 -1879047889 -1879047887 -1879047885 -1879047883 -1879047881 -1610612423 -1879047876 -1610612418 -1879047871 -1879047869 -1879047867 -1342176953 -1879047861 -1879047859 -1879047857 -1879047855 -1879047853 -1879047851 -1610612393 -1879047846 -1610612388 -1879047841 -1879047839 -1879047837 -1342176923 -1879047831 -1879047829 -1879047827 -1879047825 -1879047823 -1879047821 -1610612363 -1879047816 -1610612358 -1879047811 -1879047809 -1879047807 -1342176893 -1879047801 -1879047799 -1879047797 -1879047795 -1879047793 -1879047791 -1610612333 -1879047786 -1610612328 -1879047781 -1879047779 -1879047777 -1879047775 -1610612317 -1879047770 -1879047768 -1879047766 -1610612308 -1610612305 -1879047758 -1610612300 -1610612297 -1879047750 -1610612292 -1610612289 -1342176830 -1342176826 -1879047734 -1610612276 -1879047729 -1879047727 -1879047725 -1610612267 -1610612264 -1879047717 -1610612259 -1610612256 -1879047709 -1610612251 -1610612248 -1342176789 -1342176785 -1879047693 -1610612235 -1879047688 -1879047686 -1879047684 -1610612226 -1610612223 -1879047676 -1610612218 -1610612215 -1879047668 -1610612210 -1610612207 -1342176748 -1342176744 -1879047652 -1610612194 -1879047647 -1879047645 -1879047643 -1610612185 -1610612182 -1879047635 -1610612177 -1610612174 -1879047627 -1610612169 -1610612166 -1342176707 -1342176703 -1879047611 -1879047609 -1342176695 -1879047603 -1342176689 -1879047597 -1610612139 -1879047592 -1879047590 -1610612132 -1879047585 -1879047583 -1610612125 -1879047578 -1879047576 -1610612118 -1342176659 -1342176655 -1610612107 -1879047560 -1610612102 -1879047555 -1879047553 -1610612095 -1879047548 -1879047546 -1610612088 -1879047541 -1879047539 -1610612081 -1342176622 -1342176618 -1610612070 -1879047523 -1610612065 -1879047518 -1879047516 -1610612058 -1879047511 -1879047509 -1610612051 -1879047504 -1879047502 -1610612044 -1342176585 -1342176581 -1610612033 -1879047486 -1610612028 -1879047481 -1879047479 -1610612021 -1879047474 -1879047472 -1610612014 -1879047467 -1879047465 -1610612007 -1342176548 -1342176544 -1610611996 -1879047449 -1879047447 -1610611989 -1879047442 -1342176528 -1879047436 -1610611978 -1879047431 -1610611973 -1879047426 -1610611968 -1879047421 -1610611963 -1879047416 -1879047414 -1610611956 -1610611953 -1879047406 -1610611948 -1610611945 -1879047398 -1610611940 -1610611937 -1879047390 -1610611932 -1610611929 -1879047382 -1610611924 -1610611921 -1879047374 -1610611916 -1610611913 -1879047366 -1342176452 -1610611904 -1879047357 -1342176443 -1610611895 -1879047348 -1342176434 -1610611886 -1879047339 -1342176425 -1610611877 -1879047330 -1342176416 -1610611868 -1879047321 -1342176407 -1610611859 -1879047312 1 202 205 1 2 7 215 7 242 14 263 1 268 4 407 1 2 7 417 7 444 14 465 1 470 4 609 1 2 7 619 7 646 14 667 1 672 4 811 1 2 7 821 7 848 14 869 1 874 4 1013 2 2 3 1019 1 1033 5 1039 1 1041 2 1046 1 1052 3 1057 2 2 1061 3 1068 2 2 1077 1 1079 2 1208 1 1219 2 2 3 1225 1 1239 5 1245 1 1247 2 1252 1 1258 3 1263 2 2 1267 3 1274 2 2 1283 1 1285 2 1414 1 1425 2 2 3 1431 1 1445 5 1451 1 1453 2 1458 1 1464 3 1469 2 2 1473 3 1480 2 2 1489 1 1491 2 1620 1 1631 2 2 3 1637 1 1651 5 1657 1 1659 2 1664 1 1670 3 1675 2 2 1679 3 1686 2 2 1695 1 1697 2 1826 1 1835 1254 3095 2 34 3178 2 3181 5 3244 1 3291 2 41 3421 2 4 3497 1 3505 2 2 3598 2 34 3717 1 3798 2 37 3901 2 18 3971 1 2 42 4053 1 2 29 4090 3 4143 2 34 4226 2 4229 5 4292 1 4339 2 41 4469 2 4 4545 1 4553 2 2 4646 2 34 4765 1 4846 2 37 4949 2 18 5019 1 2 42 5101 1 2 29 5138 3 5191 2 34 5274 2 5277 5 5340 1 5387 2 41 5517 2 4 5593 1 5601 2 2 5694 2 34 5813 1 5894 2 37 5997 2 18 6067 1 2 42 6149 1 2 29 6186 3 6239 2 34 6322 2 6325 5 6388 1 6435 2 41 6565 2 4 6641 1 6649 2 2 6742 2 34 6861 1 6942 2 37 7045 2 18 7115 1 2 42 7197 1 2 29 7234 3 7281 2007 9345 2 135 59 17310 2008 19375 2 135 59 27340 1014 28360 2 7 28409 6 28446 1 28502 2 51 28715 1 28814 2 28861 2 41 28978 1 28985 2 29014 2 7 29054 1 2 49 29127 2 2 77 29240 2 33 29327 2 29373 2 7 29422 6 29459 1 29515 2 51 29728 1 29827 2 29874 2 41 29991 1 29998 2 30027 2 7 30067 1 2 49 30140 2 2 77 30253 2 33 30340 2 30386 2 7 30435 6 30472 1 30528 2 51 30741 1 30840 2 30887 2 41 31004 1 31011 2 31040 2 7 31080 1 2 49 31153 2 2 77 31266 2 33 31353 2 31399 2 7 31448 6 31485 1 31541 2 51 31754 1 31853 2 31900 2 41 32017 1 32024 2 32053 2 7 32093 1 2 49 32166 2 2 77 32279 2 33 32366 2 32406 25 32432 71 2 32574 33 32613 10 11 16 32789 27 32817 77 2 32971 52 33024 71 2 33166 74 33241 149 2 33539 102 33642 149 2 33940 89 34038 1 34043 3 3 34053 2 2 34077 1 34082 3 3 34092 2 2 34116 1 34121 3 3 34131 2 2 34155 1 34160 3 3 34170 2 2 34194 1 34199 3 3 34209 2 2 34233 1 34238 3 3 34248 2 2 34263 56 34320 1 2 5 34328 2 2 34334 2 34337 1 2 5 34345 2 2 34351 2 34354 1 2 5 34362 2 2 34368 2 34371 1 2 5 34379 2 2 34385 2 34388 1 2 5 34396 2 2 34402 2 34405 1 2 5 34413 2 2 34419 19 
0
TOP_PART
0
1
0
1
NDBR15
192
32998 32999 33000 33001 33002 33003 33004 33005 33006 33007 33008 33009 33010 33011 33012 33013 33014 33015 33016 33017 33018 33019 33020 33021 33022 33023 33024 33025 33026 33027 33028 33029 33030 33031 33032 33033 33034 33035 33036 33037 33038 33039 33040 33041 33042 33043 33044 33045 33046 33047 33048 33049 33050 33051 33052 33053 33054 33055 33056 33057 33058 33059 33060 33061 33062 33063 33064 33065 33066 33067 33068 33069 33070 33071 33072 33073 33074 33075 33076 33077 33078 33079 33080 33081 33082 33083 33084 33085 33086 33087 33088 33089 33090 33091 33092 33093 33094 33095 33096 33097 33098 33099 33100 33101 33102 33103 33104 33105 33106 33107 33108 33109 33110 33111 33112 33113 33114 33115 33116 33117 33118 33119 33120 33121 33122 33123 33124 33125 33126 33127 33128 33129 33130 33131 33132 33133 33134 33135 33136 33137 33138 33139 33140 33141 33142 33143 33144 33145 33146 33147 33148 33149 33150 33151 33152 33153 33154 33155 33156 33157 33158 33159 33160 33161 33162 33163 33164 33165 33166 33167 33168 33169 33170 33171 33172 33173 33174 33175 33176 33177 33178 33179 33180 33181 33182 33183 33184 33185 33186 33187 33188 33189 
0
TOP_SURFACE
0
1
0
1
NDBR15
16
33020 33021 33044 33045 33068 33069 33092 33093 33116 33117 33140 33141 33164 33165 33188 33189 
0
WHOLE_PART
0
1
0
1
NDBR15
14
-2147483647
48 1 16 5 0 1 0 -1 -1 34437 1 -1879048189 1 34437 
0
ZSYMM
0
1
0
1
NDBR15
296
-2147483647
1176 1 16 287 0 1 0 -1 -1 7465 5 -1073741817 -1073741802 -1073741766 -1073741701 -1073741635 809 416 -1 -1 -1 -1 -1 -1 -1 -1 -1 -1 -1 -1 16777215 6217 1088 -65536 -1 -1 -1 -1 -1 -1 -1 -1 -1 -1 -1 -1 -1 -1 -1 -1 -1 -1 -1 -1 -1 -1 -1 -1 -1 -1 -1 -1 -1 -1 -1 -1 255 15305 2016 -1 -1 -1 -1 -1 -1 -1 -1 -1 -1 -1 -1 -1 -1 -1 -1 -1 -1 -1 -1 -1 -1 -1 -1 -1 -1 -1 -1 -1 -1 -1 -1 -1 -1 -1 -1 -1 -1 -1 -1 -1 -1 -1 -1 -1 -1 -1 -1 -1 -1 -1 -1 -1 -1 -1 -1 -1 -1 -1 -1 -1 -1 4194303 25321 2048 -16384 -1 -1 -1 -1 -1 -1 -1 -1 -1 -1 -1 -1 -1 -1 -1 -1 -1 -1 -1 -1 -1 -1 -1 -1 -1 -1 -1 -1 -1 -1 -1 -1 -1 -1 -1 -1 -1 -1 -1 -1 -1 -1 -1 -1 -1 -1 -1 -1 -1 -1 -1 -1 -1 -1 -1 -1 -1 -1 -1 -1 -1 -1 15 31369 3072 -16777216 -1 -1 -1 -1 -1 -1 -1 -1 -1 -1 -1 -1 -1 -1 -1 -1 -1 -1 -1 -1 -1 -1 -1 -1 -1 -1 -1 -1 -1 -1 -1 1431658495 1431655765 1431655765 1431655765 1431655765 1431655765 534779221 534781920 534781920 534781920 534781920 534781920 -1431650336 -1431655766 -1431655766 -1431655766 -1431655766 -1431655766 1252698794 1431655765 1431655765 1431655765 1431655765 1431655765 -1252698795 -1431655766 -1431655766 -1431655766 -1431655766 -1431655766 -1431655766 -1431655766 -1431655766 -1431655766 -1431655766 -1431655766 -1431655766 1431653034 1431655765 1431655765 1431655765 1431655765 1431655765 1431655765 1431655765 1431655765 1431655765 1431655765 1431655765 -1252698795 -2059028676 -1562665385 1842293698 -409607855 -890197834 2018794355 707639781 383578812 1853447701 554633867 -2079309304 272697376 1090789506 68190728 
0
1
NDBR15
1
SET-1
0
1
14
-2147483647
48 1 16 5 0 1 0 -1 -1 34437 1 -1879048189 1 34437 
0
0
0
7
BOTTOM_PART
0
1
0
1
NDBR15
40
-2147483647
152 1 16 31 0 1 0 -1 -1 351 3 -1073741819 -1073741811 -1073741799 39764 192 -1 -1 -1 -1 -1 1073741823 40372 320 512 -133177342 -509 -1 31 0 0 0 236191744 518 40820 128 -4194304 -1 -1 7 
0
HYDROGEN_SURFACE
0
1
0
1
NDBR15
273
-2147483647
1084 1 16 264 0 1 0 -1 -1 9410 83 -1879048107 -1879048105 -1342177191 -1879048099 -1879048097 -1879048095 -1879048093 -1879048091 -1879048089 -1879048087 -1879048085 -1879048083 -1879048081 -1879048079 -1879048077 -1879048075 -1879048073 -1879048071 -1879048069 -1879048067 -1879048065 -1879048063 -1879048061 -1879048059 -1879048057 -1879048055 -1879048053 -1879048051 -1879048049 -1879048047 -1879048045 -1610612587 -1610612584 -1879048037 -1879048035 -1879048033 -1879048031 -1879048029 -1879048027 -1879048025 -1879048023 -1879048021 -1879048019 -1342177105 -1879048013 -1879048011 -1879048009 -1879048007 -1879048005 -1879048003 -1879048001 -1879047999 -1879047997 -1342177083 -1879047991 -1879047989 -1879047987 -1879047985 -1879047983 -1879047981 -1879047979 -1879047977 -1879047975 -1879047973 -1342177059 -1879047967 -1610612509 -1879047962 -1879047960 -1879047958 -1610612500 -1879047953 -1879047951 -1879047949 -1610612491 -1879047944 -1879047942 -1879047940 -1879047938 -1879047936 -1879047934 -1879047932 -1879047930 1 20 28 88 145 12 2 41 205 92 325 170 665 56 837 48 1059 230 1433 48 3336 108 3676 1914 7504 132 7868 2046 11828 132 12192 1086 14232 312 14602 177 14837 198 15093 1016 39778 99 39954 24 40009 1 40147 147 40301 36 40351 80 40445 8 40460 97 40571 67 40645 104 41080 19 41107 7 41115 2 7 41172 2 7 41222 38 41294 98 41394 9 41407 74 41507 62 41573 14 41756 21 41779 17 41798 22 41846 84 41951 1 2 21 41979 8 41988 11 42000 15 42019 3 42024 70 42154 53 42209 19 42431 2 42435 3 42439 1 2 5 42446 2 42450 4 42458 2 42461 5 42468 1 42476 5 42482 1 42484 17 42506 16 42581 35 42624 1 2 5 42631 4 42650 2 4 42660 1 42662 16 42682 6 42690 2 2 42696 1 42699 2 42863 5 42869 2 2 42873 19 42893 13 42907 11 42920 3 42925 4 42930 6 42937 1 42939 5 
0
TOP_NODES
0
1
0
1
NDBR15
27
40002 40003 40004 40005 40006 40007 40008 40596 40619 40631 40632 40633 40634 40635 40636 40637 40638 40639 40640 40641 40642 40643 40644 40651 40658 40665 40672 
0
TOP_PART
0
1
0
1
NDBR15
40
-2147483647
152 1 16 31 0 1 0 -1 -1 351 3 -1073741819 -1073741814 -1073741799 39983 96 -1 -1 2097151 40335 416 -512 3 0 0 0 8388608 -1073610752 -66588641 -1 339738623 -123330 -1 1073741823 40975 128 -268435456 -1 -1 511 
0
TOP_SURFACE
0
1
0
1
NDBR15
27
40002 40003 40004 40005 40006 40007 40008 40596 40619 40631 40632 40633 40634 40635 40636 40637 40638 40639 40640 40641 40642 40643 40644 40651 40658 40665 40672 
0
WHOLE_PART
0
1
0
1
NDBR15
14
-2147483647
48 1 16 5 0 1 0 -1 -1 43014 1 -1879048189 1 43014 
0
ZSYMM
0
1
0
1
NDBR15
289
-2147483647
1148 1 16 280 0 1 0 -1 -1 7724 85 -1610612649 -1879048102 -1879048100 -1879048098 -1879048096 -1879048094 -1879048092 -1342177178 -1879048086 -1879048084 -1879048082 -1342177168 -1879048076 -1879048074 -1879048072 -1879048070 -1879048068 -1879048066 -1879048064 -1879048062 -1879048060 -1342177146 -1879048054 -1879048052 -1342177138 -1879048046 -1879048044 -1342177130 -1879048038 -1879048036 -1879048034 -1879048032 -1879048030 -1879048028 -1610612570 -1879048023 -1879048021 -1879048019 -1879048017 -1879048015 -1879048013 -1879048011 -1879048009 -1879048007 -1879048005 -1879048003 -1879048001 -1879047999 -1879047997 -1879047995 -1879047993 -1879047991 -1610612533 -1342177074 -1879047982 -1879047980 -1342177066 -1879047974 -1879047972 -1879047970 -1879047968 -1879047966 -1879047964 -1342177050 -1879047958 -1879047956 -1879047954 -1879047952 -1879047950 -1879047948 -1879047946 -1879047944 -1879047942 -1879047940 -1879047938 -1342177024 -1610612476 -1879047929 -1879047927 -1879047925 -1879047923 -1879047921 -1879047919 -1610612461 -1879047914 1 2 3 7 6 21 7 102 117 495 170 885 174 2857 479 5590 1914 2 4324 13278 954 14340 6 14381 31 14414 2 3 4 14529 85 14746 124 15002 118 16109 510 39703 54 39877 77 39978 24 40010 137 40294 7 40370 11 2 24 40431 14 40453 7 40461 11 2 22 40519 12 40545 26 40585 11 2 23 40638 7 40648 3 40652 2 40655 1 40657 2 40661 1 40668 3 2 40749 16 41102 5 41114 8 41123 56 41180 42 41260 34 41319 24 41368 26 41403 4 41481 26 41755 24 41796 2 41820 26 41874 24 41930 21 41952 20 41973 7 41981 2 6 41999 4 2 16 42022 2 42094 1 42097 6 2 7 42112 5 42119 35 42207 2 42228 34 42430 6 42438 8 42448 4 2 6 42459 2 42465 11 42478 4 42483 1 42501 5 42522 59 42616 34 42651 11 42667 19 42687 5 42693 6 42700 1 2 162 42868 3 2 42892 1 42903 2 42906 1 42916 4 42923 2 42929 1 42936 2 2 42944 1 
0
1
NDBR15
1
SET-1
0
1
14
-2147483647
48 1 16 5 0 1 0 -1 -1 43014 1 -1879048189 1 43014 
0
0
0
0
0
