1
0
1
ASSEMBLY
1
NDBR40-M-1
NDBR40
1
NDBR40-M-1
14
-2147483646
0
48 1 16 5 0 1 0 -1 -1 42030 1 -1879048189 1 42030 
14
48 1 16 5 0 1 0 -1 -1 42030 1 -1879048189 1 42030 
0
1
NDBR40-M-1
14
-2147483646
0
48 1 16 5 0 1 0 -1 -1 33797 1 -1879048189 1 33797 
14
48 1 16 5 0 1 0 -1 -1 33797 1 -1879048189 1 33797 
0
6
BOTTOM_PART
0
1
0
1
NDBR40-M-1
192
32574 32575 32576 32577 32578 32579 32580 32581 32582 32583 32584 32585 32586 32587 32588 32589 32590 32591 32592 32593 32594 32595 32596 32597 32598 32599 32600 32601 32602 32603 32604 32605 32606 32607 32608 32609 32610 32611 32612 32613 32614 32615 32616 32617 32618 32619 32620 32621 32622 32623 32624 32625 32626 32627 32628 32629 32630 32631 32632 32633 32634 32635 32636 32637 32638 32639 32640 32641 32642 32643 32644 32645 32646 32647 32648 32649 32650 32651 32652 32653 32654 32655 32656 32657 32658 32659 32660 32661 32662 32663 32664 32665 32666 32667 32668 32669 32670 32671 32672 32673 32674 32675 32676 32677 32678 32679 32680 32681 32682 32683 32684 32685 32686 32687 32688 32689 32690 32691 32692 32693 32694 32695 32696 32697 32698 32699 32700 32701 32702 32703 32704 32705 32706 32707 32708 32709 32710 32711 32712 32713 32714 32715 32716 32717 32718 32719 32720 32721 32722 32723 32724 32725 32726 32727 32728 32729 32730 32731 32732 32733 32734 32735 32736 32737 32738 32739 32740 32741 32742 32743 32744 32745 32746 32747 32748 32749 32750 32751 32752 32753 32754 32755 32756 32757 32758 32759 32760 32761 32762 32763 32764 32765 
0
HYDROGEN_SURFACE
0
1
0
1
NDBR40-M-1
898
-2147483647
3584 1 16 889 0 1 0 -1 -1 8303 241 -1610612493 -1610612490 -1610612487 -1610612484 -1610612481 -1610612478 -1610612475 -1610612472 -1610612469 -1610612466 -1610612463 -1610612460 -1879047913 -1342176999 -1610612451 -1610612448 -1342176989 -1610612441 -1610612438 -1342176979 -1610612431 -1610612428 -1342176969 -1610612421 -1610612418 -1879047871 -1342176957 -1879047865 -1342176951 -1879047859 -1610612401 -1879047854 -1610612396 -1610612393 -1342176934 -1610612386 -1879047839 -1610612381 -1610612378 -1610612375 -1879047828 -1879047826 -1610612368 -1610612365 -1879047818 -1610612360 -1610612357 -1342176898 -1610612350 -1879047803 -1610612345 -1610612342 -1610612339 -1879047792 -1879047790 -1610612332 -1610612329 -1879047782 -1610612324 -1610612321 -1342176862 -1610612314 -1879047767 -1610612309 -1610612306 -1610612303 -1879047756 -1879047754 -1610612296 -1610612293 -1879047746 -1610612288 -1610612285 -1342176826 -1610612278 -1879047731 -1610612273 -1610612270 -1610612267 -1879047720 -1879047718 -1610612260 -1879047713 -1610612255 -1879047708 -1879047706 -1610612248 -1879047701 -1879047699 -1342176785 -1879047693 -1610612235 -1879047688 -1879047686 -1610612228 -1879047681 -1879047679 -1342176765 -1879047673 -1610612215 -1879047668 -1879047666 -1610612208 -1879047661 -1879047659 -1342176745 -1879047653 -1610612195 -1879047648 -1879047646 -1610612188 -1879047641 -1879047639 -1342176725 -1879047633 -1879047631 -1342176717 -1879047625 -1879047623 -1879047621 -1610612163 -1879047616 -1610612158 -1610612155 -1879047608 -1342176694 -1879047602 -1879047600 -1879047598 -1610612140 -1879047593 -1610612135 -1610612132 -1879047585 -1342176671 -1879047579 -1879047577 -1879047575 -1610612117 -1879047570 -1610612112 -1610612109 -1879047562 -1342176648 -1879047556 -1879047554 -1879047552 -1610612094 -1879047547 -1610612089 -1610612086 -1879047539 -1610612081 -1610612078 -1879047531 -1610612073 -1879047526 -1610612068 -1610612065 -1879047518 -1610612060 -1610612057 -1879047510 -1610612052 -1879047505 -1610612047 -1610612044 -1610612041 -1879047494 -1610612036 -1879047489 -1610612031 -1610612028 -1879047481 -1610612023 -1610612020 -1879047473 -1610612015 -1879047468 -1610612010 -1610612007 -1610612004 -1879047457 -1610611999 -1879047452 -1610611994 -1610611991 -1879047444 -1610611986 -1610611983 -1879047436 -1610611978 -1879047431 -1610611973 -1610611970 -1610611967 -1879047420 -1610611962 -1879047415 -1610611957 -1610611954 -1879047407 -1610611949 -1610611946 -1879047399 -1610611941 -1879047394 -1610611936 -1879047389 -1610611931 -1879047384 -1610611926 -1879047379 -1342176465 -1879047373 -1610611915 -1879047368 -1610611910 -1879047363 -1610611905 -1879047358 -1879047356 -1610611898 -1879047351 -1610611893 -1879047346 -1610611888 -1879047341 -1610611883 -1879047336 -1610611878 -1879047331 -1610611873 -1879047326 -1610611868 -1610611865 -1610611862 -1610611859 -1610611856 -1342176397 -1879047305 3 2 8 31 2 2 67 2 8 96 2 8 124 2 2 160 2 8 189 2 8 217 2 2 253 2 8 282 2 8 310 2 2 346 2 8 373 93 468 1 2 23 496 2 2 529 2 13 562 1 2 23 590 2 2 623 2 13 656 1 2 23 684 2 2 717 2 13 750 1 2 23 778 2 2 811 2 13 842 2055 2965 2 111 70 10735 1962 12765 2 111 70 20535 1 20562 2 9 20634 1 20787 2 3 20840 2 47 21035 1 2 165 21246 2 24 21299 1 21323 2 2 21333 2 4 21346 3 4 21364 2 21371 1 21385 2 4 21453 2 9 21525 1 21678 2 3 21731 2 47 21926 1 2 165 22137 2 24 22190 1 22214 2 2 22224 2 4 22237 3 4 22255 2 22262 1 22276 2 4 22344 2 9 22416 1 22569 2 3 22622 2 47 22817 1 2 165 23028 2 24 23081 1 23105 2 2 23115 2 4 23128 3 4 23146 2 23153 1 23167 2 4 23235 2 9 23307 1 23460 2 3 23513 2 47 23708 1 2 165 23919 2 24 23972 1 23996 2 2 24006 2 4 24019 3 4 24037 2 24044 1 24058 2 4 24100 1152 25253 2 5 25265 1 25281 3 25303 2 2 25307 2 25310 1 25326 2 2 12 25353 1 25514 2 5 25526 1 25542 3 25564 2 2 25568 2 25571 1 25587 2 2 12 25614 1 25775 2 5 25787 1 25803 3 25825 2 2 25829 2 25832 1 25848 2 2 12 25875 1 26036 2 5 26048 1 26064 3 26086 2 2 26090 2 26093 1 26109 2 2 12 26136 1 26297 2 26302 1 2 22 26327 2 26330 1 26349 2 26357 2 2 26366 1 26391 2 2 26414 2 3 26554 2 26559 1 2 22 26584 2 26587 1 26606 2 26614 2 2 26623 1 26648 2 2 26671 2 3 26811 2 26816 1 2 22 26841 2 26844 1 26863 2 26871 2 2 26880 1 26905 2 2 26928 2 3 27068 2 27073 1 2 22 27098 2 27101 1 27120 2 27128 2 2 27137 1 27162 2 2 27185 2 3 27324 1134 28462 2 2 28484 2 9 28546 1 28616 2 56 28773 1 28966 2 18 29021 2 23 29069 2 29072 2 17 29129 2 3 29157 1 29171 2 4 29213 1 29254 2 18 29339 2 2 29361 2 9 29423 1 29493 2 56 29650 1 29843 2 18 29898 2 23 29946 2 29949 2 17 30006 2 3 30034 1 30048 2 4 30090 1 30131 2 18 30216 2 2 30238 2 9 30300 1 30370 2 56 30527 1 30720 2 18 30775 2 23 30823 2 30826 2 17 30883 2 3 30911 1 30925 2 4 30967 1 31008 2 18 31093 2 2 31115 2 9 31177 1 31247 2 56 31404 1 31597 2 18 31652 2 23 31700 2 31703 2 17 31760 2 3 31788 1 31802 2 4 31844 1 31885 2 18 31966 24 31991 71 2 32133 78 32212 155 2 32522 61 32589 10 11 16 32765 54 32820 155 2 33130 78 33209 77 2 33363 52 33416 71 2 33558 38 33598 1 33602 2 3 33612 1 33616 2 3 33626 1 33630 2 3 33640 1 33644 2 3 33654 1 33658 2 3 33668 1 33672 2 3 33680 27 33713 2 4 33726 2 4 33739 2 4 33752 2 4 33765 2 4 33778 1 2 4 33785 13 
0
TOP_PART
0
1
0
1
NDBR40-M-1
192
33390 33391 33392 33393 33394 33395 33396 33397 33398 33399 33400 33401 33402 33403 33404 33405 33406 33407 33408 33409 33410 33411 33412 33413 33414 33415 33416 33417 33418 33419 33420 33421 33422 33423 33424 33425 33426 33427 33428 33429 33430 33431 33432 33433 33434 33435 33436 33437 33438 33439 33440 33441 33442 33443 33444 33445 33446 33447 33448 33449 33450 33451 33452 33453 33454 33455 33456 33457 33458 33459 33460 33461 33462 33463 33464 33465 33466 33467 33468 33469 33470 33471 33472 33473 33474 33475 33476 33477 33478 33479 33480 33481 33482 33483 33484 33485 33486 33487 33488 33489 33490 33491 33492 33493 33494 33495 33496 33497 33498 33499 33500 33501 33502 33503 33504 33505 33506 33507 33508 33509 33510 33511 33512 33513 33514 33515 33516 33517 33518 33519 33520 33521 33522 33523 33524 33525 33526 33527 33528 33529 33530 33531 33532 33533 33534 33535 33536 33537 33538 33539 33540 33541 33542 33543 33544 33545 33546 33547 33548 33549 33550 33551 33552 33553 33554 33555 33556 33557 33558 33559 33560 33561 33562 33563 33564 33565 33566 33567 33568 33569 33570 33571 33572 33573 33574 33575 33576 33577 33578 33579 33580 33581 
0
TOP_SURFACE
0
1
0
1
NDBR40-M-1
16
33412 33413 33436 33437 33460 33461 33484 33485 33508 33509 33532 33533 33556 33557 33580 33581 
0
WHOLE_PART
0
1
0
1
NDBR40-M-1
14
-2147483647
48 1 16 5 0 1 0 -1 -1 33797 1 -1879048189 1 33797 
0
ZSYMM
0
1
0
1
NDBR40-M-1
160
-2147483647
632 1 16 151 0 1 0 -1 -1 7273 37 -1879048153 -1879048151 -1879048149 -1879048147 -1879048145 -1879048143 -1610612685 -1610612682 -1342177223 -1610612675 -1879048128 -1610612670 -1610612667 -1342177208 -1342177204 -1342177200 -1342177196 -1342177192 -1342177188 -1342177184 -1342177180 -1879048088 -1342177174 -1879048082 -1342177168 -1879048076 -1342177162 -1879048070 -1342177156 -1879048064 -1342177150 -1879048058 -1342177144 -1879048052 -1342177138 -1879048046 -1610612588 1 93 466 94 8776 1960 18576 2851 26035 518 31089 878 31968 95 2 32159 208 2 32582 8 12 16 32767 207 2 33181 2 33184 103 2 33391 95 2 33581 2 2 8 33595 2 2 8 33609 2 2 8 33623 2 2 8 33637 2 2 8 33651 2 2 8 33665 2 2 8 33679 2 2 8 33693 4 33699 1 2 6 33707 3 33712 1 2 6 33720 3 33725 1 2 6 33733 3 33738 1 2 6 33746 3 33751 1 2 6 33759 3 33764 1 2 6 33772 3 33777 1 2 6 33785 3 33790 2 6 
0
1
NDBR40-M-1
1
SET-1
0
1
14
-2147483647
48 1 16 5 0 1 0 -1 -1 33797 1 -1879048189 1 33797 
0
0
0
6
BOTTOM_PART
0
1
0
1
NDBR40-M-1
52
-2147483647
200 1 16 43 0 1 0 -1 -1 351 2 -1073741820 -1073741786 39039 1024 -33292291 134217683 999936 0 67129356 1073741824 2147418112 4032 -3968 1 0 67092480 0 0 -2147483648 63 -536739840 -2033 67076147 2 805306368 1073545272 -33554432 604782591 -2074935139 100695984 16777216 0 -1677052928 -2147483648 2080112639 67108864 40319 96 -64 -1 524287 
0
HYDROGEN_SURFACE
0
1
0
1
NDBR40-M-1
420
-2147483647
1672 1 16 411 0 1 0 -1 -1 8944 16 -1073741806 -1073741783 -1073741780 -1073741776 -1073741769 -1073741704 -1073741675 -1073741615 -1073741607 -1073741560 -1073741547 -1073741530 -1073741491 -1073741455 -1073741426 -1073741421 1 672 134217727 252 -32 65535 -4169728 -1 65535 0 0 -1048576 -1 -1 15 0 0 -16777216 0 0 -512 -1 67108863 801 32 261120 1377 64 -4194304 32767 3265 160 -4194304 -1 -1 -1 3 3649 2016 -4194304 -1 -1 -1 -1 -1 -1 -1 -1 -1 -1 -1 -1 -1 -1 -1 -1 -1 -1 -1 -1 -1 -1 -1 -1 -1 -1 -1 -1 -1 -1 -1 -1 -1 -1 -1 -1 -1 -1 -1 -1 -1 -1 -1 -1 -1 -1 -1 -1 -1 -1 -1 -1 -1 -1 -1 -1 -1 -1 -1 -1 -1 511 7489 864 -65536 -1 -1 -1 -1 -1 -1 -536870657 -1 -1 1023 0 -32768 -1 -1 -1 -1 8191 0 -262144 -1 -1 -1 -1 -1 -1 262143 8929 1856 -1024 -1 -1 -1 -1 -1 -1 -1 -1 -1 -1 -1 -1 -1 -1 -1 -1 -1 -1 -1 -1 -1 -1 -1 -1 -1 -1 -1 -1 -1 -1 -1 -1 -1 -1 -1 -1 -1 -1 -1 -1 -1 -1 -1 -1 -1 -1 -1 -1 -1 -1 -1 -1 -1 -1 -1 -1 16777215 25697 192 4193280 -268435456 -1 -1 -1 63 26017 1440 -16384 -67108833 255 -16384 31 0 0 0 -2147483648 65535 0 -16 -1 262143 -131072 536870911 0 -1 -1 -1 -1 -1 -1 -1 -1 -1 -1 -1 -1 -1 -1 1048575 0 0 -16777216 -1 15 0 -32 262143 -2048 -1 -1 -65281 262143 31105 352 -262144 -1 -1 -1 -1 -1 -1 -1 -1 -1 255 32513 480 -4 -1 -1 -1 -1 -1 -1 0 0 0 -16 -1073741825 -138428993 -281061731 1052671 34561 1184 -16777216 -1 -1 -1 -1 -1 2097183 -2 201310311 -65546 -1 -117440513 -25 -520100069 -1073741345 16383 -1024 1090519039 2097139 -1 1828454403 -100663297 -4194241 -8912897 -268304385 15859711 -4 -1 -1 -1 -1 -1 -1 -1 -1 -1 65535 39009 1088 -65536 8060928 -1879048311 -260320385 -417333249 -34605057 -33488897 534790143 -1 2147483647 207617024 0 0 -512 -1 4194303 -16 134168591 512 -1073748020 -520161 469827495 268419271 -1040187393 1778327551 -272850925 26206735 -8388608 -8193 669241343 -536870848 -352387073 -8404993 255 40385 864 16646144 -268435456 -1208222033 -1 1623097087 -1078398609 -276273185 32635 -84887041 -16745601 -401473 -612106689 92012543 -546 -41943041 -1342177346 -1 -1 -1 -33456129 -7864321 1450967039 67043328 -1048322 -1 -1 8388607 41377 96 16776963 0 536866816 41793 192 2069684224 2032779238 997 0 1203150512 266348916 
0
TOP_PART
0
1
0
1
NDBR40-M-1
47
-2147483647
180 1 16 38 0 1 0 -1 -1 351 3 -1073741819 -1073741794 -1073741791 40413 736 -1 -2041569285 -1451228674 325709889 1174462473 270206976 4096 336604176 528578 4346720 -2016935936 809500678 -3052 201326081 14352 2 0 0 -2883584 -14337 -646443009 738197758 8372224 41373 32 268435440 41725 96 -16 -1 131071 
0
TOP_SURFACE
0
1
0
1
NDBR40-M-1
27
40537 40544 40555 40589 40817 40822 40823 40824 40825 40849 41011 41012 41013 41014 41015 41016 41017 41018 41019 41020 41021 41022 41023 41024 41075 41080 41081 
0
WHOLE_PART
0
1
0
1
NDBR40-M-1
14
-2147483647
48 1 16 5 0 1 0 -1 -1 42030 1 -1879048189 1 42030 
0
ZSYMM
0
1
0
1
NDBR40-M-1
396
-2147483647
1576 1 16 387 0 1 0 -1 -1 7494 14 -1073741808 -1073741796 -268435422 -1073741668 -1073741644 -1073741614 -268435229 -1073741581 -1073741574 -1073741564 -1073741542 -1073741519 -268435147 -1073741445 2 320 -67106917 -31 63 -32768 8388607 0 0 -2048 -1 524287 482 128 -2147483648 -1 -1 255 1410 1888 2 4224 -16384 -1 -1 -1 -1 -1 -1 -1 -1 -1 -1 -1 -1 -1 -1 -1 -1 -1 -1 -1 -1 -1 -1 -1 -1 -1 -1 -1 -1 -1 -1 -1 -1 -1 -1 -1 -1 -1 -1 -1 -1 -1 -1 -1 -1 -1 -1 -1 -1 -1 -1 -1 -1 -1 -1 -1 -1 -1 2097151 -256 -1 -1 -1 -1 -1 -1 -1 -1 -1 -1 -1 -1 -1 -1 -1 -1 -1 -1 -1 -1 -1 -1 -1 -1 -1 -1 -1 -1 -1 -1 -1 -1 -1 -1 -1 -1 -1 -1 -1 -1 -1 -1 -1 -1 -1 -1 -1 -1 -1 -1 -1 -1 -1 -1 -1 -1 -1 32767 7714 704 268435328 0 0 -512 -1 16383 0 0 0 -131072 -1 -1 -1 4095 0 -4 -201326593 0 0 -131072 -1 1 25666 896 -32768 -2096641 134217727 0 0 0 -32 -1 -1 -1 -1 8191 33554416 -128 8191 -16 -1 -1 -1 1073741823 -32768 -1 7 0 -131072 65535 -268435456 2147483647 27170 480 -8 -1 15 -131072 -1 0 100663296 32640 -131072 -1 -1 -1 -1 -1 2097151 30946 192 2 384 -2097152 -1 -1 -1 -1 131071 1048332 0 0 -128 -1 8191 32386 160 -2097152 -1 -1 -1 1 32866 256 805306368 70790434 535229625 -526336 -1 -1 -1 127 33954 640 -2147483648 -1 -1 -1 -1 -1 -1 -1 -1 -1 -1 -1 -1 -1 -1 -1 -1 -1 -1 8388607 34754 672 -1048592 0 -100655156 32772 0 58720256 12 -8385422 536870679 -8192 511 1602224128 2146697214 0 1233256446 50331648 2097120 4456448 134152192 -7929856 1 35714 64 -32768 127 39010 1056 2 1376 -1207959552 1070268415 973078585 264380288 204865536 17304582 117211136 -267386912 -65536 -1073741805 -2620929 -1 -1 255 0 0 0 -8200 -257 -1610609633 260080 1912570156 2013282236 503316480 184578048 430673888 -13103361 1077936127 512000 -61469760 268435423 184451132 7593984 -8388608 134217727 604404904 -503315648 1059111041 539460936 205243408 2147467330 42443520 813679168 202784 303833312 -46137344 983564560 -2092924938 671088672 -128 -134217728 1048575 16728064 786560 -738197504 -33521665 425856 0 0 -4194304 -1 -1 -1 -1 -16257 536870911 41794 192 -764309504 1139484172 13 0 -55250778 156236741 
0
1
NDBR40-M-1
1
SET-1
0
1
14
-2147483647
48 1 16 5 0 1 0 -1 -1 42030 1 -1879048189 1 42030 
0
0
0
0
0
