Abaqus/Explicit 2023.HF4                         DATE 02-Nov-2024  TIME 13:27:52
-------------------------------------------------------------------------------
 PREPROCESSOR WARNING MESSAGES
-------------------------------------------------------------------------------


***WARNING: There are 1 warning messages in the data (.dat) file.  Please
            check the data file for possible errors in the input file.


-------------------------------------------------------------------------------
           DOMAIN DECOMPOSITION INFORMATION
-------------------------------------------------------------------------------


     DOMAIN 1 HAS 16 ELEMENTS AND 45 NODES with WEIGHT 25.000

     DOMAIN 2 HAS 16 ELEMENTS AND 45 NODES with WEIGHT 25.000

     DOMAIN 3 HAS 16 ELEMENTS AND 45 NODES with WEIGHT 25.000

     DOMAIN 4 HAS 16 ELEMENTS AND 45 NODES with WEIGHT 25.000


-------------------------------------------------------------------------------
  USER SUBROUTINE VUMAT
-------------------------------------------------------------------------------


***WARNING: A material defined in user subroutine VUMAT must be defined as
            purely elastic (using the initial elastic modulus) at the
            beginning of the analysis (stepTime=0). This is an informative
            message. It does not necessarily indicate that user subroutine
            VUMAT is incorrectly defined.


-------------------------------------------------------------------------------
 MODEL INFORMATION (IN GLOBAL X-Y COORDINATES)
-------------------------------------------------------------------------------

   Total mass in model = 7.85000E-03
   Center of mass of model = ( 5.000000E-03, 5.000000E-03, 5.000000E-03)

    Moments of Inertia :
                 About Center of Mass              About Origin
      I(XX)          1.471875E-07                  5.396875E-07
      I(YY)          1.471874E-07                  5.396875E-07
      I(ZZ)          1.471875E-07                  5.396875E-07
      I(XY)          1.499637E-14                 -1.962500E-07
      I(YZ)          1.444126E-14                 -1.962500E-07
      I(ZX)          3.027598E-14                 -1.962500E-07

-------------------------------------------------------------------------------
 STABLE TIME INCREMENT INFORMATION
-------------------------------------------------------------------------------


  The stable time increment estimate for each element is based on
  linearization about the initial state.


   Initial time increment = 2.64615E-07

   Statistics for all elements:
      Mean = 2.64615E-07
      Standard deviation = 0.0000

   Most critical elements:
    Element number   Rank    Time increment   Increment ratio
    (Instance name)
   ----------------------------------------------------------
          23          1       2.646151E-07      1.000000E+00
    CUBE-1
          24          2       2.646151E-07      1.000000E+00
    CUBE-1
          26          3       2.646151E-07      1.000000E+00
    CUBE-1
          27          4       2.646151E-07      1.000000E+00
    CUBE-1
          30          5       2.646151E-07      1.000000E+00
    CUBE-1
          31          6       2.646151E-07      1.000000E+00
    CUBE-1
          35          7       2.646151E-07      1.000000E+00
    CUBE-1
          36          8       2.646151E-07      1.000000E+00
    CUBE-1
          39          9       2.646151E-07      1.000000E+00
    CUBE-1
          40         10       2.646151E-07      1.000000E+00
    CUBE-1


  Instance name for the most critical element will be printed if the critical
  element changes or at the beginning of a new page.



Abaqus/Explicit 2023.HF4                         DATE 02-Nov-2024  TIME 13:27:58

The double precision Abaqus/Explicit executable will be used in this analysis.

The model has been decomposed into 4 domains.
Domain level parallelization will be used with 4 processors each hosting an MPI rank.

-------------------------------------------------------------------------------
 SOLUTION PROGRESS
-------------------------------------------------------------------------------

 STEP 1  ORIGIN 0.0000

  Total memory used for step 1 is approximately 2.0 megabytes.
  Global time estimation algorithm will be used.
  Scaling factor:  1.0000
              STEP     TOTAL      WALL      STABLE    CRITICAL    KINETIC      TOTAL
INCREMENT     TIME      TIME      TIME   INCREMENT     ELEMENT     ENERGY     ENERGY
        0  0.000E+00 0.000E+00  00:00:00 2.646E-07          27  1.963E-09  1.963E-09
INSTANCE WITH CRITICAL ELEMENT: CUBE-1
Output Field Frame Number     0, of    100, at step time 0.000E+00
    28668  1.000E-02 1.000E-02  00:00:02 3.487E-07          13  6.362E-09  1.414E-08
INSTANCE WITH CRITICAL ELEMENT: CUBE-1
Output Field Frame Number     1, of    100, at step time 1.000E-02
    57352  2.000E-02 2.000E-02  00:00:03 3.485E-07          18  6.358E-09  5.090E-08
INSTANCE WITH CRITICAL ELEMENT: CUBE-1
Output Field Frame Number     2, of    100, at step time 2.000E-02
    86056  3.000E-02 3.000E-02  00:00:05 3.483E-07          16  8.052E-09  1.035E-07
INSTANCE WITH CRITICAL ELEMENT: CUBE-1
Output Field Frame Number     3, of    100, at step time 3.000E-02
   114777  4.000E-02 4.000E-02  00:00:06 3.481E-07          52  7.938E-09  1.579E-07
INSTANCE WITH CRITICAL ELEMENT: CUBE-1
Output Field Frame Number     4, of    100, at step time 4.000E-02
   143517  5.000E-02 5.000E-02  00:00:07 3.478E-07          39  7.948E-09  2.133E-07
INSTANCE WITH CRITICAL ELEMENT: CUBE-1
Output Field Frame Number     5, of    100, at step time 5.000E-02
   172277  6.000E-02 6.000E-02  00:00:09 3.476E-07           8  7.946E-09  2.695E-07
INSTANCE WITH CRITICAL ELEMENT: CUBE-1
Output Field Frame Number     6, of    100, at step time 6.000E-02
   201055  7.000E-02 7.000E-02  00:00:10 3.474E-07          30  7.940E-09  3.263E-07
INSTANCE WITH CRITICAL ELEMENT: CUBE-1
Output Field Frame Number     7, of    100, at step time 7.000E-02
   229853  8.000E-02 8.000E-02  00:00:12 3.471E-07          36  7.939E-09  3.836E-07
INSTANCE WITH CRITICAL ELEMENT: CUBE-1
Output Field Frame Number     8, of    100, at step time 8.000E-02
   258671  9.000E-02 9.000E-02  00:00:13 3.469E-07           4  7.924E-09  4.411E-07
INSTANCE WITH CRITICAL ELEMENT: CUBE-1
Output Field Frame Number     9, of    100, at step time 9.000E-02
   287509  1.000E-01 1.000E-01  00:00:15 3.466E-07           1  7.909E-09  4.990E-07
INSTANCE WITH CRITICAL ELEMENT: CUBE-1
Output Field Frame Number    10, of    100, at step time 1.000E-01
   316367  1.100E-01 1.100E-01  00:00:16 3.464E-07          33  7.894E-09  5.572E-07
INSTANCE WITH CRITICAL ELEMENT: CUBE-1
Output Field Frame Number    11, of    100, at step time 1.100E-01
   345245  1.200E-01 1.200E-01  00:00:18 3.462E-07          33  7.880E-09  6.157E-07
INSTANCE WITH CRITICAL ELEMENT: CUBE-1
Output Field Frame Number    12, of    100, at step time 1.200E-01
   374144  1.300E-01 1.300E-01  00:00:19 3.459E-07          17  7.879E-09  6.744E-07
INSTANCE WITH CRITICAL ELEMENT: CUBE-1
Output Field Frame Number    13, of    100, at step time 1.300E-01
   403065  1.400E-01 1.400E-01  00:00:21 3.457E-07           9  7.865E-09  7.333E-07
INSTANCE WITH CRITICAL ELEMENT: CUBE-1
Output Field Frame Number    14, of    100, at step time 1.400E-01
   432006  1.500E-01 1.500E-01  00:00:22 3.454E-07          33  7.850E-09  7.924E-07
INSTANCE WITH CRITICAL ELEMENT: CUBE-1
Output Field Frame Number    15, of    100, at step time 1.500E-01
   460968  1.600E-01 1.600E-01  00:00:24 3.451E-07           4  7.836E-09  8.516E-07
INSTANCE WITH CRITICAL ELEMENT: CUBE-1
Output Field Frame Number    16, of    100, at step time 1.600E-01
   489952  1.700E-01 1.700E-01  00:00:25 3.449E-07           1  7.822E-09  9.109E-07
INSTANCE WITH CRITICAL ELEMENT: CUBE-1
Output Field Frame Number    17, of    100, at step time 1.700E-01
   518957  1.800E-01 1.800E-01  00:00:27 3.446E-07           8  7.815E-09  9.703E-07
INSTANCE WITH CRITICAL ELEMENT: CUBE-1
Output Field Frame Number    18, of    100, at step time 1.800E-01
   547984  1.900E-01 1.900E-01  00:00:28 3.444E-07           9  7.801E-09  1.030E-06
INSTANCE WITH CRITICAL ELEMENT: CUBE-1
Output Field Frame Number    19, of    100, at step time 1.900E-01
   577033  2.000E-01 2.000E-01  00:00:30 3.441E-07          33  7.787E-09  1.089E-06
INSTANCE WITH CRITICAL ELEMENT: CUBE-1
Output Field Frame Number    20, of    100, at step time 2.000E-01
   606104  2.100E-01 2.100E-01  00:00:31 3.439E-07          33  7.774E-09  1.149E-06
INSTANCE WITH CRITICAL ELEMENT: CUBE-1
Output Field Frame Number    21, of    100, at step time 2.100E-01
   635196  2.200E-01 2.200E-01  00:00:32 3.436E-07           9  7.760E-09  1.209E-06
INSTANCE WITH CRITICAL ELEMENT: CUBE-1
Output Field Frame Number    22, of    100, at step time 2.200E-01
   664312  2.300E-01 2.300E-01  00:00:34 3.433E-07           9  7.747E-09  1.268E-06
INSTANCE WITH CRITICAL ELEMENT: CUBE-1
Output Field Frame Number    23, of    100, at step time 2.300E-01
   693449  2.400E-01 2.400E-01  00:00:35 3.431E-07           9  7.737E-09  1.328E-06
INSTANCE WITH CRITICAL ELEMENT: CUBE-1
Output Field Frame Number    24, of    100, at step time 2.400E-01
   722609  2.500E-01 2.500E-01  00:00:37 3.428E-07          33  7.724E-09  1.388E-06
INSTANCE WITH CRITICAL ELEMENT: CUBE-1
Output Field Frame Number    25, of    100, at step time 2.500E-01
   751791  2.600E-01 2.600E-01  00:00:38 3.425E-07           9  7.710E-09  1.447E-06
INSTANCE WITH CRITICAL ELEMENT: CUBE-1
Output Field Frame Number    26, of    100, at step time 2.600E-01
   780997  2.700E-01 2.700E-01  00:00:40 3.423E-07           9  7.697E-09  1.507E-06
INSTANCE WITH CRITICAL ELEMENT: CUBE-1
Output Field Frame Number    27, of    100, at step time 2.700E-01
   810225  2.800E-01 2.800E-01  00:00:41 3.420E-07           9  7.684E-09  1.567E-06
INSTANCE WITH CRITICAL ELEMENT: CUBE-1
Output Field Frame Number    28, of    100, at step time 2.800E-01
   839475  2.900E-01 2.900E-01  00:00:43 3.417E-07           9  7.674E-09  1.626E-06
INSTANCE WITH CRITICAL ELEMENT: CUBE-1
Output Field Frame Number    29, of    100, at step time 2.900E-01
   868749  3.000E-01 3.000E-01  00:00:44 3.415E-07           9  7.661E-09  1.686E-06
INSTANCE WITH CRITICAL ELEMENT: CUBE-1
Output Field Frame Number    30, of    100, at step time 3.000E-01
   898046  3.100E-01 3.100E-01  00:00:46 3.412E-07           9  7.648E-09  1.746E-06
INSTANCE WITH CRITICAL ELEMENT: CUBE-1
Output Field Frame Number    31, of    100, at step time 3.100E-01
   927365  3.200E-01 3.200E-01  00:00:47 3.409E-07          33  7.635E-09  1.805E-06
INSTANCE WITH CRITICAL ELEMENT: CUBE-1
Output Field Frame Number    32, of    100, at step time 3.200E-01
   956708  3.300E-01 3.300E-01  00:00:49 3.407E-07          33  7.623E-09  1.865E-06
INSTANCE WITH CRITICAL ELEMENT: CUBE-1
Output Field Frame Number    33, of    100, at step time 3.300E-01
   986075  3.400E-01 3.400E-01  00:00:50 3.404E-07          33  7.612E-09  1.924E-06
INSTANCE WITH CRITICAL ELEMENT: CUBE-1
Output Field Frame Number    34, of    100, at step time 3.400E-01
  1015464  3.500E-01 3.500E-01  00:00:52 3.401E-07           9  7.599E-09  1.984E-06
INSTANCE WITH CRITICAL ELEMENT: CUBE-1
Output Field Frame Number    35, of    100, at step time 3.500E-01
  1044877  3.600E-01 3.600E-01  00:00:54 3.399E-07          33  7.587E-09  2.043E-06
INSTANCE WITH CRITICAL ELEMENT: CUBE-1
Output Field Frame Number    36, of    100, at step time 3.600E-01
  1074313  3.700E-01 3.700E-01  00:00:55 3.396E-07          33  7.575E-09  2.102E-06
INSTANCE WITH CRITICAL ELEMENT: CUBE-1
Output Field Frame Number    37, of    100, at step time 3.700E-01
  1103773  3.800E-01 3.800E-01  00:00:57 3.393E-07          33  7.563E-09  2.162E-06
INSTANCE WITH CRITICAL ELEMENT: CUBE-1
Output Field Frame Number    38, of    100, at step time 3.800E-01
  1133256  3.900E-01 3.900E-01  00:00:58 3.390E-07          33  7.551E-09  2.221E-06
INSTANCE WITH CRITICAL ELEMENT: CUBE-1
Output Field Frame Number    39, of    100, at step time 3.900E-01

 STEP 1  ORIGIN 0.0000

              STEP     TOTAL      WALL      STABLE    CRITICAL    KINETIC      TOTAL
INCREMENT     TIME      TIME      TIME   INCREMENT     ELEMENT     ENERGY     ENERGY
  1162763  4.000E-01 4.000E-01  00:00:59 3.388E-07          33  7.540E-09  2.280E-06
INSTANCE WITH CRITICAL ELEMENT: CUBE-1
Output Field Frame Number    40, of    100, at step time 4.000E-01
  1192294  4.100E-01 4.100E-01  00:01:01 3.385E-07          33  7.528E-09  2.339E-06
INSTANCE WITH CRITICAL ELEMENT: CUBE-1
Output Field Frame Number    41, of    100, at step time 4.100E-01
  1221848  4.200E-01 4.200E-01  00:01:03 3.382E-07          33  7.516E-09  2.398E-06
INSTANCE WITH CRITICAL ELEMENT: CUBE-1
Output Field Frame Number    42, of    100, at step time 4.200E-01
  1251426  4.300E-01 4.300E-01  00:01:04 3.380E-07          33  7.504E-09  2.457E-06
INSTANCE WITH CRITICAL ELEMENT: CUBE-1
Output Field Frame Number    43, of    100, at step time 4.300E-01
  1281028  4.400E-01 4.400E-01  00:01:06 3.377E-07          33  7.493E-09  2.516E-06
INSTANCE WITH CRITICAL ELEMENT: CUBE-1
Output Field Frame Number    44, of    100, at step time 4.400E-01
  1310653  4.500E-01 4.500E-01  00:01:07 3.374E-07           9  7.482E-09  2.575E-06
INSTANCE WITH CRITICAL ELEMENT: CUBE-1
Output Field Frame Number    45, of    100, at step time 4.500E-01
  1340302  4.600E-01 4.600E-01  00:01:09 3.371E-07          33  7.470E-09  2.634E-06
INSTANCE WITH CRITICAL ELEMENT: CUBE-1
Output Field Frame Number    46, of    100, at step time 4.600E-01
  1369976  4.700E-01 4.700E-01  00:01:10 3.369E-07           9  7.459E-09  2.692E-06
INSTANCE WITH CRITICAL ELEMENT: CUBE-1
Output Field Frame Number    47, of    100, at step time 4.700E-01
  1399673  4.800E-01 4.800E-01  00:01:13 3.366E-07          33  7.448E-09  2.751E-06
INSTANCE WITH CRITICAL ELEMENT: CUBE-1
Output Field Frame Number    48, of    100, at step time 4.800E-01
  1429394  4.900E-01 4.900E-01  00:01:14 3.363E-07           9  7.437E-09  2.810E-06
INSTANCE WITH CRITICAL ELEMENT: CUBE-1
Output Field Frame Number    49, of    100, at step time 4.900E-01
  1459139  5.000E-01 5.000E-01  00:01:16 3.361E-07          33  7.426E-09  2.868E-06
INSTANCE WITH CRITICAL ELEMENT: CUBE-1
Output Field Frame Number    50, of    100, at step time 5.000E-01
  1488908  5.100E-01 5.100E-01  00:01:18 3.358E-07          33  7.415E-09  2.926E-06
INSTANCE WITH CRITICAL ELEMENT: CUBE-1
Output Field Frame Number    51, of    100, at step time 5.100E-01
  1518701  5.200E-01 5.200E-01  00:01:19 3.355E-07           9  7.404E-09  2.985E-06
INSTANCE WITH CRITICAL ELEMENT: CUBE-1
Output Field Frame Number    52, of    100, at step time 5.200E-01
  1548519  5.300E-01 5.300E-01  00:01:21 3.352E-07           9  7.393E-09  3.043E-06
INSTANCE WITH CRITICAL ELEMENT: CUBE-1
Output Field Frame Number    53, of    100, at step time 5.300E-01
  1578360  5.400E-01 5.400E-01  00:01:23 3.350E-07           9  7.382E-09  3.101E-06
INSTANCE WITH CRITICAL ELEMENT: CUBE-1
Output Field Frame Number    54, of    100, at step time 5.400E-01
  1608225  5.500E-01 5.500E-01  00:01:25 3.347E-07           9  7.372E-09  3.159E-06
INSTANCE WITH CRITICAL ELEMENT: CUBE-1
Output Field Frame Number    55, of    100, at step time 5.500E-01
  1638115  5.600E-01 5.600E-01  00:01:26 3.344E-07           9  7.362E-09  3.217E-06
INSTANCE WITH CRITICAL ELEMENT: CUBE-1
Output Field Frame Number    56, of    100, at step time 5.600E-01
  1668029  5.700E-01 5.700E-01  00:01:28 3.342E-07           9  7.351E-09  3.275E-06
INSTANCE WITH CRITICAL ELEMENT: CUBE-1
Output Field Frame Number    57, of    100, at step time 5.700E-01
  1697966  5.800E-01 5.800E-01  00:01:30 3.339E-07           9  7.341E-09  3.333E-06
INSTANCE WITH CRITICAL ELEMENT: CUBE-1
Output Field Frame Number    58, of    100, at step time 5.800E-01
  1727929  5.900E-01 5.900E-01  00:01:32 3.336E-07           9  7.330E-09  3.391E-06
INSTANCE WITH CRITICAL ELEMENT: CUBE-1
Output Field Frame Number    59, of    100, at step time 5.900E-01
  1757915  6.000E-01 6.000E-01  00:01:33 3.334E-07          33  7.320E-09  3.449E-06
INSTANCE WITH CRITICAL ELEMENT: CUBE-1
Output Field Frame Number    60, of    100, at step time 6.000E-01
  1787925  6.100E-01 6.100E-01  00:01:35 3.331E-07          33  7.310E-09  3.507E-06
INSTANCE WITH CRITICAL ELEMENT: CUBE-1
Output Field Frame Number    61, of    100, at step time 6.100E-01
  1817960  6.200E-01 6.200E-01  00:01:36 3.328E-07          33  7.299E-09  3.564E-06
INSTANCE WITH CRITICAL ELEMENT: CUBE-1
Output Field Frame Number    62, of    100, at step time 6.200E-01
  1848019  6.300E-01 6.300E-01  00:01:38 3.325E-07          33  7.289E-09  3.622E-06
INSTANCE WITH CRITICAL ELEMENT: CUBE-1
Output Field Frame Number    63, of    100, at step time 6.300E-01
  1878102  6.400E-01 6.400E-01  00:01:39 3.323E-07          33  7.279E-09  3.679E-06
INSTANCE WITH CRITICAL ELEMENT: CUBE-1
Output Field Frame Number    64, of    100, at step time 6.400E-01
  1908210  6.500E-01 6.500E-01  00:01:41 3.320E-07          33  7.269E-09  3.736E-06
INSTANCE WITH CRITICAL ELEMENT: CUBE-1
Output Field Frame Number    65, of    100, at step time 6.500E-01
  1938342  6.600E-01 6.600E-01  00:01:42 3.317E-07          33  7.259E-09  3.794E-06
INSTANCE WITH CRITICAL ELEMENT: CUBE-1
Output Field Frame Number    66, of    100, at step time 6.600E-01
  1968498  6.700E-01 6.700E-01  00:01:44 3.315E-07          33  7.250E-09  3.851E-06
INSTANCE WITH CRITICAL ELEMENT: CUBE-1
Output Field Frame Number    67, of    100, at step time 6.700E-01
  1998679  6.800E-01 6.800E-01  00:01:45 3.312E-07          33  7.240E-09  3.908E-06
INSTANCE WITH CRITICAL ELEMENT: CUBE-1
Output Field Frame Number    68, of    100, at step time 6.800E-01
  2028883  6.900E-01 6.900E-01  00:01:47 3.309E-07          33  7.230E-09  3.965E-06
INSTANCE WITH CRITICAL ELEMENT: CUBE-1
Output Field Frame Number    69, of    100, at step time 6.900E-01
  2059113  7.000E-01 7.000E-01  00:01:49 3.307E-07          33  7.220E-09  4.022E-06
INSTANCE WITH CRITICAL ELEMENT: CUBE-1
Output Field Frame Number    70, of    100, at step time 7.000E-01
  2089366  7.100E-01 7.100E-01  00:01:50 3.304E-07          33  7.211E-09  4.079E-06
INSTANCE WITH CRITICAL ELEMENT: CUBE-1
Output Field Frame Number    71, of    100, at step time 7.100E-01
  2119644  7.200E-01 7.200E-01  00:01:52 3.301E-07          33  7.201E-09  4.135E-06
INSTANCE WITH CRITICAL ELEMENT: CUBE-1
Output Field Frame Number    72, of    100, at step time 7.200E-01
  2149946  7.300E-01 7.300E-01  00:01:53 3.299E-07          33  7.192E-09  4.192E-06
INSTANCE WITH CRITICAL ELEMENT: CUBE-1
Output Field Frame Number    73, of    100, at step time 7.300E-01
  2180273  7.400E-01 7.400E-01  00:01:55 3.296E-07          33  7.183E-09  4.249E-06
INSTANCE WITH CRITICAL ELEMENT: CUBE-1
Output Field Frame Number    74, of    100, at step time 7.400E-01
  2210623  7.500E-01 7.500E-01  00:01:57 3.293E-07          33  7.173E-09  4.305E-06
INSTANCE WITH CRITICAL ELEMENT: CUBE-1
Output Field Frame Number    75, of    100, at step time 7.500E-01
  2240999  7.600E-01 7.600E-01  00:01:58 3.291E-07          33  7.164E-09  4.362E-06
INSTANCE WITH CRITICAL ELEMENT: CUBE-1
Output Field Frame Number    76, of    100, at step time 7.600E-01
  2271398  7.700E-01 7.700E-01  00:02:00 3.288E-07          33  7.155E-09  4.418E-06
INSTANCE WITH CRITICAL ELEMENT: CUBE-1
Output Field Frame Number    77, of    100, at step time 7.700E-01
  2301822  7.800E-01 7.800E-01  00:02:01 3.286E-07          33  7.146E-09  4.475E-06
INSTANCE WITH CRITICAL ELEMENT: CUBE-1
Output Field Frame Number    78, of    100, at step time 7.800E-01
  2332271  7.900E-01 7.900E-01  00:02:03 3.283E-07          33  7.137E-09  4.531E-06
INSTANCE WITH CRITICAL ELEMENT: CUBE-1
Output Field Frame Number    79, of    100, at step time 7.900E-01

 STEP 1  ORIGIN 0.0000

              STEP     TOTAL      WALL      STABLE    CRITICAL    KINETIC      TOTAL
INCREMENT     TIME      TIME      TIME   INCREMENT     ELEMENT     ENERGY     ENERGY
  2362743  8.000E-01 8.000E-01  00:02:04 3.280E-07          33  7.128E-09  4.587E-06
INSTANCE WITH CRITICAL ELEMENT: CUBE-1
Output Field Frame Number    80, of    100, at step time 8.000E-01
  2393241  8.100E-01 8.100E-01  00:02:06 3.278E-07          33  7.119E-09  4.643E-06
INSTANCE WITH CRITICAL ELEMENT: CUBE-1
Output Field Frame Number    81, of    100, at step time 8.100E-01
  2423762  8.200E-01 8.200E-01  00:02:07 3.275E-07          33  7.110E-09  4.699E-06
INSTANCE WITH CRITICAL ELEMENT: CUBE-1
Output Field Frame Number    82, of    100, at step time 8.200E-01
  2454308  8.300E-01 8.300E-01  00:02:09 3.272E-07          33  7.101E-09  4.755E-06
INSTANCE WITH CRITICAL ELEMENT: CUBE-1
Output Field Frame Number    83, of    100, at step time 8.300E-01
  2484878  8.400E-01 8.400E-01  00:02:10 3.270E-07          54  7.093E-09  4.811E-06
INSTANCE WITH CRITICAL ELEMENT: CUBE-1
Output Field Frame Number    84, of    100, at step time 8.400E-01
  2515473  8.500E-01 8.500E-01  00:02:12 3.267E-07          33  7.084E-09  4.867E-06
INSTANCE WITH CRITICAL ELEMENT: CUBE-1
Output Field Frame Number    85, of    100, at step time 8.500E-01
  2546092  8.600E-01 8.600E-01  00:02:13 3.265E-07          33  7.076E-09  4.922E-06
INSTANCE WITH CRITICAL ELEMENT: CUBE-1
Output Field Frame Number    86, of    100, at step time 8.600E-01
  2576735  8.700E-01 8.700E-01  00:02:15 3.262E-07          33  7.067E-09  4.978E-06
INSTANCE WITH CRITICAL ELEMENT: CUBE-1
Output Field Frame Number    87, of    100, at step time 8.700E-01
  2607403  8.800E-01 8.800E-01  00:02:16 3.259E-07          33  7.058E-09  5.034E-06
INSTANCE WITH CRITICAL ELEMENT: CUBE-1
Output Field Frame Number    88, of    100, at step time 8.800E-01
  2638095  8.900E-01 8.900E-01  00:02:18 3.257E-07          33  7.050E-09  5.089E-06
INSTANCE WITH CRITICAL ELEMENT: CUBE-1
Output Field Frame Number    89, of    100, at step time 8.900E-01
  2668812  9.000E-01 9.000E-01  00:02:19 3.254E-07          33  7.042E-09  5.144E-06
INSTANCE WITH CRITICAL ELEMENT: CUBE-1
Output Field Frame Number    90, of    100, at step time 9.000E-01
  2699553  9.100E-01 9.100E-01  00:02:21 3.252E-07          33  7.033E-09  5.200E-06
INSTANCE WITH CRITICAL ELEMENT: CUBE-1
Output Field Frame Number    91, of    100, at step time 9.100E-01
  2730318  9.200E-01 9.200E-01  00:02:22 3.249E-07          33  7.025E-09  5.255E-06
INSTANCE WITH CRITICAL ELEMENT: CUBE-1
Output Field Frame Number    92, of    100, at step time 9.200E-01
  2761108  9.300E-01 9.300E-01  00:02:24 3.247E-07          33  7.017E-09  5.310E-06
INSTANCE WITH CRITICAL ELEMENT: CUBE-1
Output Field Frame Number    93, of    100, at step time 9.300E-01
  2791922  9.400E-01 9.400E-01  00:02:26 3.244E-07          33  7.009E-09  5.365E-06
INSTANCE WITH CRITICAL ELEMENT: CUBE-1
Output Field Frame Number    94, of    100, at step time 9.400E-01
  2822760  9.500E-01 9.500E-01  00:02:27 3.241E-07          33  7.001E-09  5.420E-06
INSTANCE WITH CRITICAL ELEMENT: CUBE-1
Output Field Frame Number    95, of    100, at step time 9.500E-01
  2853623  9.600E-01 9.600E-01  00:02:29 3.239E-07          33  6.992E-09  5.475E-06
INSTANCE WITH CRITICAL ELEMENT: CUBE-1
Output Field Frame Number    96, of    100, at step time 9.600E-01
  2884510  9.700E-01 9.700E-01  00:02:31 3.236E-07          33  6.984E-09  5.530E-06
INSTANCE WITH CRITICAL ELEMENT: CUBE-1
Output Field Frame Number    97, of    100, at step time 9.700E-01
  2915421  9.800E-01 9.800E-01  00:02:32 3.234E-07          33  6.977E-09  5.585E-06
INSTANCE WITH CRITICAL ELEMENT: CUBE-1
Output Field Frame Number    98, of    100, at step time 9.800E-01
  2946357  9.900E-01 9.900E-01  00:02:34 3.231E-07          33  6.969E-09  5.639E-06
INSTANCE WITH CRITICAL ELEMENT: CUBE-1
Output Field Frame Number    99, of    100, at step time 9.900E-01
  2977317  1.000E+00 1.000E+00  00:02:35 3.229E-07          33  6.961E-09  5.694E-06
INSTANCE WITH CRITICAL ELEMENT: CUBE-1
Restart Number  1 at 1.0000
Output Field Frame Number   100, of    100, at step time 1.000E+00
  EXPLICIT EXECUTABLE TIME SUMMARY
       USER TIME (SEC)      =   149.90
       SYSTEM TIME (SEC)    =   1.5000
       WALLCLOCK TIME (SEC) =          155
              INIT (SEC) =          0
              MAIN (SEC) =        155

  THE ANALYSIS HAS COMPLETED SUCCESSFULLY

