1
0
1
ASSEMBLY
1
NDBR6-M-1
NDBR6-M
1
NDBR6-M-1
14
-2147483646
0
48 1 16 5 0 1 0 -1 -1 42102 1 -1879048189 1 42102 
14
48 1 16 5 0 1 0 -1 -1 42102 1 -1879048189 1 42102 
0
1
NDBR6-M-1
14
-2147483646
0
48 1 16 5 0 1 0 -1 -1 33753 1 -1879048189 1 33753 
14
48 1 16 5 0 1 0 -1 -1 33753 1 -1879048189 1 33753 
0
4
SET-1
0
1
0
1
NDBR6-M-1
192
705 706 707 708 709 710 711 712 713 714 715 716 717 718 719 720 721 722 723 724 725 726 727 728 729 730 731 732 733 734 735 736 737 738 739 740 741 742 743 744 745 746 747 748 749 750 751 752 753 754 755 756 757 758 759 760 761 762 763 764 765 766 767 768 769 770 771 772 773 774 775 776 777 778 779 780 781 782 783 784 785 786 787 788 789 790 791 792 793 794 795 796 797 798 799 800 801 802 803 804 805 806 807 808 809 810 811 812 813 814 815 816 817 818 819 820 821 822 823 824 825 826 827 828 829 830 831 832 833 834 835 836 837 838 839 840 841 842 843 844 845 846 847 848 849 850 851 852 853 854 855 856 857 858 859 860 861 862 863 864 865 866 867 868 869 870 871 872 873 874 875 876 877 878 879 880 881 882 883 884 885 886 887 888 889 890 891 892 893 894 895 896 
0
SET-2
0
1
0
1
NDBR6-M-1
147
-2147483647
580 1 16 138 0 1 0 -1 -1 7301 40 -1610612694 -1342177235 -1610612687 -1879048140 -1610612682 -1879048135 -1879048133 -1879048131 -1879048129 -1879048127 -1879048125 -1879048123 -1879048121 -1879048119 -1879048117 -1879048115 -1879048113 -1879048111 -1879048109 -1342177195 -1610612647 -1879048100 -1610612642 -1879048095 -1610612637 -1879048090 -1610612632 -1879048085 -1610612627 -1879048080 -1610612622 -1879048075 -1610612617 -1879048070 -1610612612 -1879048065 -1879048063 -1610612605 -1879048058 -1879048056 2 352 2 713 8 12 16 898 351 2 1600 2 1603 95 2 1795 2 1803 1 1806 2 1814 1 1817 2 1825 1 1828 2 1836 1 1839 2 1847 1 1850 2 1858 1 1861 2 1869 1 1872 2 2 8 1887 2 2 1892 1 1898 2 2 1903 1 1909 2 2 1914 1 1920 2 2 1925 1 1931 2 2 1936 1 1942 2 2 1947 1 1953 2 2 1958 1 1964 2 2 2341 181 12378 2376 14758 2376 5 29466 708 33038 716 
0
SET-3
0
1
0
1
NDBR6-M-1
192
1601 1602 1603 1604 1605 1606 1607 1608 1609 1610 1611 1612 1613 1614 1615 1616 1617 1618 1619 1620 1621 1622 1623 1624 1625 1626 1627 1628 1629 1630 1631 1632 1633 1634 1635 1636 1637 1638 1639 1640 1641 1642 1643 1644 1645 1646 1647 1648 1649 1650 1651 1652 1653 1654 1655 1656 1657 1658 1659 1660 1661 1662 1663 1664 1665 1666 1667 1668 1669 1670 1671 1672 1673 1674 1675 1676 1677 1678 1679 1680 1681 1682 1683 1684 1685 1686 1687 1688 1689 1690 1691 1692 1693 1694 1695 1696 1697 1698 1699 1700 1701 1702 1703 1704 1705 1706 1707 1708 1709 1710 1711 1712 1713 1714 1715 1716 1717 1718 1719 1720 1721 1722 1723 1724 1725 1726 1727 1728 1729 1730 1731 1732 1733 1734 1735 1736 1737 1738 1739 1740 1741 1742 1743 1744 1745 1746 1747 1748 1749 1750 1751 1752 1753 1754 1755 1756 1757 1758 1759 1760 1761 1762 1763 1764 1765 1766 1767 1768 1769 1770 1771 1772 1773 1774 1775 1776 1777 1778 1779 1780 1781 1782 1783 1784 1785 1786 1787 1788 1789 1790 1791 1792 
0
SET-4
0
1
0
1
NDBR6-M-1
16
1623 1624 1647 1648 1671 1672 1695 1696 1719 1720 1743 1744 1767 1768 1791 1792 
0
1
NDBR6-M-1
1
SET-36
0
1
14
-2147483647
48 1 16 5 0 1 0 -1 -1 33753 1 -1879048189 1 33753 
0
0
0
4
SET-1
0
1
0
1
NDBR6-M-1
39
-2147483647
148 1 16 30 0 1 0 -1 -1 351 9 -1879048181 -1879048179 -1879048177 -1610612719 -1879048172 -1879048170 -1879048168 -1879048166 -1879048164 1 2 5 1 8 5 33 2 88 216 7 230 67 1313 7 1327 183 2842 77 
0
SET-2
0
1
0
1
NDBR6-M-1
203
-2147483647
804 1 16 194 0 1 0 -1 -1 7536 55 -1342177223 -1342177219 -1610612671 -1342177212 -1342177208 -1879048116 -1879048114 -1342177200 -1342177196 -1879048104 -1879048102 -1879048100 -1879048098 -1879048096 -1879048094 -1342177180 -1879048088 -1879048086 -1879048084 -1879048082 -1342177168 -1879048076 -1879048074 -1342177160 -1342177156 -1610612608 -1879048061 -1879048059 -1879048057 -1879048055 -1610612597 -1879048050 -1879048048 -1879048046 -1879048044 -1879048042 -1879048040 -1879048038 -1879048036 -1879048034 -1879048032 -1342177118 -1879048026 -1879048024 -1879048022 -1879048020 -1879048018 -1879048016 -1879048014 -1879048012 -1342177098 -1879048006 -1879048004 -1879048002 -1879048000 2 2 2 3 11 2 3 3 22 2 2 26 2 2 3 34 43 2 88 223 14 245 7 253 11 2 22 298 43 2 88 487 14 513 11 536 18 568 9 584 2 593 7 615 2 2 8 1012 301 1433 77 1897 301 2234 77 2405 14 2 122 3404 69 3638 39 3679 2 2 348 4039 2 2 4 4048 4 4 4064 31 4117 64 5225 49 5283 2 5286 2 2 5417 71 5490 22 7209 2272 9665 35 9719 2 9724 87 10435 24 10468 53 12291 2272 34182 651 34987 26 2 60 35079 1 35091 2 35095 5 35115 24 35187 17 35224 49 35520 14 35573 190 35811 7 2 31 35873 25 35901 56 35981 58 36159 192 
0
SET-3
0
1
0
1
NDBR6-M-1
38
-2147483647
144 1 16 29 0 1 0 -1 -1 351 7 -1342177271 -1879048179 -1342177265 -1342177261 -1879048169 -1879048167 -1879048165 15 2 2 3 21 4 341 1 2 88 473 7 2 14 501 60 2205 190 3220 77 
0
SET-4
0
1
0
1
NDBR6-M-1
27
21 22 23 24 512 535 547 548 549 550 551 552 553 554 555 556 557 558 559 560 2388 2389 2390 2391 2392 2393 2394 
0
1
NDBR6-M-1
1
SET-36
0
1
14
-2147483647
48 1 16 5 0 1 0 -1 -1 42102 1 -1879048189 1 42102 
0
0
0
0
0
