1
0
1
ASSEMBLY
1
PART-1-1
PART-1
1
PART-1-1
14
-2147483646
0
48 1 16 5 0 1 0 -1 -1 16420 1 -1879048189 1 16420 
14
48 1 16 5 0 1 0 -1 -1 16420 1 -1879048189 1 16420 
0
1
PART-1-1
14
-2147483646
0
48 1 16 5 0 1 0 -1 -1 10818 1 -1879048189 1 10818 
16
56 1 16 7 0 1 0 -1 -1 10818 1 -1342177277 1 5409 2 10000 
0
6
BOTTOMSIDE
0
1
0
1
PART-1-1
25
2767 2768 2769 2787 2788 2789 2790 2835 2836 2843 2850 2851 2861 2862 2866 2867 2872 2874 2893 2894 2904 2914 2915 2925 5317 
0
FULL
0
1
0
1
PART-1-1
14
-2147483647
48 1 16 5 0 1 0 -1 -1 5409 1 -1879048189 1 5409 
0
LEFTSIDE
0
1
0
1
PART-1-1
26
1 2 3 4 5 7 8 9 10 137 138 2573 2655 2757 2759 2760 2762 2763 2764 2765 2767 2948 2995 3032 3062 5264 
0
RIGHTSIDE
0
1
0
1
PART-1-1
58
19 21 89 97 104 108 113 114 118 373 374 375 376 377 378 379 380 381 382 383 384 385 386 388 483 495 618 619 2517 2925 2926 2927 2928 2929 2930 2931 2934 2966 2980 3043 3063 3067 3068 3069 3070 3071 3072 3073 3074 3075 3076 3077 3078 3241 3245 3374 3665 5206 
0
SET-6
0
1
0
1
PART-1-1
58
86 87 88 146 157 173 174 183 186 187 282 283 284 285 286 287 288 290 291 293 294 295 296 298 299 300 301 2529 2655 2757 2758 2777 2778 2810 2829 2830 2831 2832 3044 3045 3046 3047 3048 3049 3050 3051 3052 3053 3054 3055 3056 3057 3058 3059 3060 3257 5209 5316 
0
TOPSIDE
0
1
0
1
PART-1-1
25
10 11 27 28 78 102 103 111 112 115 117 118 121 122 123 125 126 136 275 278 280 391 2575 2576 2578 
0
1
PART-1-1
3
SET-1
0
1
14
-2147483647
48 1 16 5 0 1 0 -1 -1 5409 1 -1879048189 1 5409 
0
0
SOLID
0
1
14
-2147483647
48 1 16 5 0 1 0 -1 -1 5409 1 -1879048189 1 5409 
0
0
VISUALIZATION
0
1
14
-2147483647
48 1 16 5 0 1 0 -1 -1 5409 1 -1879048189 5410 5409 
0
0
0
7
BOTTOMSIDE
0
1
0
1
PART-1-1
51
6 7 211 212 213 214 215 216 217 218 219 220 221 222 223 224 225 226 227 228 229 230 231 232 233 234 11153 11158 11160 11224 11228 11232 11234 11402 11404 11426 11450 11452 11487 11490 11503 11505 11518 11524 11594 11598 11633 11671 11675 11711 16400 
0
CRACK
0
1
0
1
PART-1-1
117
1 2 8 9 10 11 12 13 14 15 16 17 18 19 20 21 22 23 24 25 26 27 28 29 30 31 32 33 34 35 5478 5479 5480 5481 5482 5483 5484 5485 5486 5487 5488 5489 5490 5491 5492 5493 5494 5495 5496 5497 5498 5499 5500 5501 5502 5503 5504 5505 5506 5831 5835 5839 6040 6081 6134 6136 6166 6174 6178 6475 6479 6481 6483 6485 6488 6490 6495 6497 6502 6505 6506 6509 6516 6519 6522 6524 10952 11092 11117 11123 11188 11193 11310 11380 11384 11388 11390 12077 12079 12081 12083 12085 12087 12090 12092 12095 12098 12102 12104 12107 12110 12113 12116 12118 12535 16300 16399 
0
FULL
0
1
0
1
PART-1-1
14
-2147483647
48 1 16 5 0 1 0 -1 -1 16420 1 -1879048189 1 16420 
0
LEFTSIDE
0
1
0
1
PART-1-1
54
1 5 6 187 188 189 190 191 192 193 194 195 196 197 198 199 200 201 202 203 204 205 206 207 208 209 210 5506 5509 5512 5514 5519 5522 5529 5531 5537 5538 6008 6012 11000 11091 11118 11126 11127 11138 11141 11145 11148 11156 11798 11957 12055 12122 16361 
0
RIGHTSIDE
0
1
0
1
PART-1-1
117
3 4 7 135 136 137 138 139 140 141 142 143 144 145 146 147 148 149 150 151 152 153 154 155 156 157 158 159 160 161 162 235 236 237 238 239 240 241 242 243 244 245 246 247 248 249 250 251 252 253 254 255 256 257 258 259 260 261 262 5576 5584 5845 5875 5902 5916 5933 5935 5948 6748 6749 6752 6754 6755 6758 6759 6762 6763 6766 6770 6773 6775 6778 6783 7000 7027 7273 7274 10944 11712 11716 11720 11722 11726 11730 11734 11744 11865 11911 12074 12124 12138 12141 12143 12146 12148 12151 12155 12156 12159 12160 12162 12163 12504 12510 12768 13344 16295 
0
SET-6
0
1
0
1
PART-1-1
117
1 2 8 9 10 11 12 13 14 15 16 17 18 19 20 21 22 23 24 25 26 27 28 29 30 31 32 33 34 35 5478 5479 5480 5481 5482 5483 5484 5485 5486 5487 5488 5489 5490 5491 5492 5493 5494 5495 5496 5497 5498 5499 5500 5501 5502 5503 5504 5505 5506 5831 5835 5839 6040 6081 6134 6136 6166 6174 6178 6475 6479 6481 6483 6485 6488 6490 6495 6497 6502 6505 6506 6509 6516 6519 6522 6524 10952 11092 11117 11123 11188 11193 11310 11380 11384 11388 11390 12077 12079 12081 12083 12085 12087 12090 12092 12095 12098 12102 12104 12107 12110 12113 12116 12118 12535 16300 16399 
0
TOPSIDE
0
1
0
1
PART-1-1
51
4 5 163 164 165 166 167 168 169 170 171 172 173 174 175 176 177 178 179 180 181 182 183 184 185 186 5540 5541 5605 5609 5803 5893 5896 5924 5928 5938 5945 5946 5954 5960 5964 5970 5974 6006 6463 6469 6472 6791 11002 11003 11005 
0
1
PART-1-1
1
SET-1
0
1
14
-2147483647
48 1 16 5 0 1 0 -1 -1 16420 1 -1879048189 1 16420 
0
0
0
0
0
