1
0
1
ASSEMBLY
1
ELASTIC-PLASTIC-PLATE-1
ELASTIC-PLASTIC-PLATE
1
ELASTIC-PLASTIC-PLATE-1
14
-2147483646
0
48 1 16 5 0 1 0 -1 -1 13768 1 -1879048189 1 13768 
14
48 1 16 5 0 1 0 -1 -1 13768 1 -1879048189 1 13768 
0
1
ELASTIC-PLASTIC-PLATE-1
14
-2147483646
0
48 1 16 5 0 1 0 -1 -1 4497 1 -1879048189 1 4497 
14
48 1 16 5 0 1 0 -1 -1 4497 1 -1879048189 1 4497 
0
7
SET-10
0
1
0
1
ELASTIC-PLASTIC-PLATE-1
14
-2147483647
48 1 16 5 0 1 0 -1 -1 4497 1 -1879048189 1 4497 
0
SET-2
0
1
0
1
ELASTIC-PLASTIC-PLATE-1
40
2116 2117 2247 2249 2494 2969 2970 2971 2973 2974 2975 2976 2977 2978 2980 2981 2982 2983 2984 2986 2988 2989 3003 3005 3007 3010 3011 3012 3013 3014 3016 3017 3021 3022 3025 3026 3027 3028 3031 3306 
0
SET-4
0
1
0
1
ELASTIC-PLASTIC-PLATE-1
60
2041 2042 2043 2044 2045 2046 2047 2048 2049 2050 2051 2052 2053 2054 2055 2056 2057 2058 2059 2060 2061 2062 2063 2064 2065 2066 2067 2068 2069 2070 2071 2072 2073 2074 2075 2076 2077 2078 2079 2080 2081 2082 2083 2084 2085 2086 2087 2088 2089 2090 2091 2092 2093 2094 2095 2096 2097 2098 2099 2100 
0
SET-5
0
1
0
1
ELASTIC-PLASTIC-PLATE-1
100
2041 2042 2043 2044 2045 2046 2047 2048 2049 2050 2051 2052 2053 2054 2055 2056 2057 2058 2059 2060 2061 2062 2063 2064 2065 2066 2067 2068 2069 2070 2071 2072 2073 2074 2075 2076 2077 2078 2079 2080 2081 2082 2083 2084 2085 2086 2087 2088 2089 2090 2091 2092 2093 2094 2095 2096 2097 2098 2099 2100 2116 2117 2247 2249 2494 2969 2970 2971 2973 2974 2975 2976 2977 2978 2980 2981 2982 2983 2984 2986 2988 2989 3003 3005 3007 3010 3011 3012 3013 3014 3016 3017 3021 3022 3025 3026 3027 3028 3031 3306 
0
SET-7
0
1
0
1
ELASTIC-PLASTIC-PLATE-1
69
60 120 180 240 300 360 420 480 540 600 660 720 780 840 900 960 1020 1080 1140 1200 1260 1320 1380 1440 1500 1560 1620 1680 1740 1800 1860 1920 1980 2040 2100 2102 2103 2104 2105 2106 2107 2108 2109 2110 2111 2112 2113 2114 2115 2265 2969 2991 2993 2994 2995 2996 2997 2998 3000 3001 3015 3034 3036 3040 3041 3043 3045 3047 3054 
0
SET-8
0
1
0
1
ELASTIC-PLASTIC-PLATE-1
40
2116 2117 2247 2249 2494 2969 2970 2971 2973 2974 2975 2976 2977 2978 2980 2981 2982 2983 2984 2986 2988 2989 3003 3005 3007 3010 3011 3012 3013 3014 3016 3017 3021 3022 3025 3026 3027 3028 3031 3306 
0
SET-9
0
1
0
1
ELASTIC-PLASTIC-PLATE-1
60
2041 2042 2043 2044 2045 2046 2047 2048 2049 2050 2051 2052 2053 2054 2055 2056 2057 2058 2059 2060 2061 2062 2063 2064 2065 2066 2067 2068 2069 2070 2071 2072 2073 2074 2075 2076 2077 2078 2079 2080 2081 2082 2083 2084 2085 2086 2087 2088 2089 2090 2091 2092 2093 2094 2095 2096 2097 2098 2099 2100 
0
1
ELASTIC-PLASTIC-PLATE-1
1
SET-1
0
1
14
-2147483647
48 1 16 5 0 1 0 -1 -1 4497 1 -1879048189 1 4497 
0
0
0
9
NOTCH_ROOT
0
1
0
1
ELASTIC-PLASTIC-PLATE-1
1
6 
0
NOTCH_ROOT_PATH
1
1
1
2
ELASTIC-PLASTIC-PLATE-1
1
81
6 12304 264 11882 265 11800 266 11797 267 10355 268 11878 269 11792 270 8995 271 11833 272 11877 273 11786 274 11847 275 11876 276 11782 277 11850 278 11875 279 11780 280 11776 281 11853 282 11870 283 11773 284 11856 285 11869 286 11768 287 11859 288 11765 289 11764 290 11760 291 11831 292 11756 293 11755 294 9481 295 11863 296 9489 297 11838 298 11862 299 11750 300 11747 301 8991 302 11742 7 
SET-10
0
1
0
1
ELASTIC-PLASTIC-PLATE-1
14
-2147483647
48 1 16 5 0 1 0 -1 -1 13768 1 -1879048189 1 13768 
0
SET-2
0
1
0
1
ELASTIC-PLASTIC-PLATE-1
81
6 7 264 265 266 267 268 269 270 271 272 273 274 275 276 277 278 279 280 281 282 283 284 285 286 287 288 289 290 291 292 293 294 295 296 297 298 299 300 301 302 8991 8995 9481 9489 10355 11742 11747 11750 11755 11756 11760 11764 11765 11768 11773 11776 11780 11782 11786 11792 11797 11800 11831 11833 11838 11847 11850 11853 11856 11859 11862 11863 11869 11870 11875 11876 11877 11878 11882 12304 
0
SET-4
0
1
0
1
ELASTIC-PLASTIC-PLATE-1
121
3 4 101 102 103 104 105 106 107 108 109 110 111 112 113 114 115 116 117 118 119 120 121 122 123 124 125 126 127 128 129 130 131 132 133 134 135 136 137 138 139 140 141 142 143 144 145 146 147 148 149 150 151 152 153 154 155 156 157 158 159 8812 8815 8817 8819 8821 8823 8825 8827 8829 8831 8833 8835 8837 8839 8841 8843 8845 8847 8849 8851 8853 8855 8857 8859 8861 8863 8865 8867 8869 8871 8873 8875 8877 8879 8881 8883 8885 8887 8889 8891 8893 8895 8897 8899 8901 8903 8905 8907 8909 8911 8913 8915 8917 8919 8921 8923 8925 8927 8929 8931 
0
SET-5
0
1
0
1
ELASTIC-PLASTIC-PLATE-1
203
3 4 5 6 7 101 102 103 104 105 106 107 108 109 110 111 112 113 114 115 116 117 118 119 120 121 122 123 124 125 126 127 128 129 130 131 132 133 134 135 136 137 138 139 140 141 142 143 144 145 146 147 148 149 150 151 152 153 154 155 156 157 158 159 264 265 266 267 268 269 270 271 272 273 274 275 276 277 278 279 280 281 282 283 284 285 286 287 288 289 290 291 292 293 294 295 296 297 298 299 300 301 302 8812 8815 8817 8819 8821 8823 8825 8827 8829 8831 8833 8835 8837 8839 8841 8843 8845 8847 8849 8851 8853 8855 8857 8859 8861 8863 8865 8867 8869 8871 8873 8875 8877 8879 8881 8883 8885 8887 8889 8891 8893 8895 8897 8899 8901 8903 8905 8907 8909 8911 8913 8915 8917 8919 8921 8923 8925 8927 8929 8931 8991 8995 9481 9489 10355 11742 11747 11750 11755 11756 11760 11764 11765 11768 11773 11776 11780 11782 11786 11792 11797 11800 11831 11833 11838 11847 11850 11853 11856 11859 11862 11863 11869 11870 11875 11876 11877 11878 11882 12304 
0
SET-7
0
1
0
1
ELASTIC-PLASTIC-PLATE-1
139
2 3 7 67 68 69 70 71 72 73 74 75 76 77 78 79 80 81 82 83 84 85 86 87 88 89 90 91 92 93 94 95 96 97 98 99 100 303 304 305 306 307 308 309 310 311 312 313 314 315 316 317 318 319 320 321 322 323 324 325 326 327 328 329 330 331 332 333 334 335 4816 4937 5058 5179 5300 5421 5542 5663 5784 5905 6026 6147 6268 6389 6510 6631 6752 6873 6994 7115 7236 7357 7478 7599 7720 7841 7962 8083 8204 8325 8446 8567 8688 8809 8930 8935 8939 8943 8947 8953 8957 8961 8965 8969 8971 8975 8979 8985 8989 9552 11743 11806 11810 11812 11814 11816 11818 11821 11825 11827 11860 11888 11891 11900 11901 11904 11907 11908 11914 
0
SET-8
0
1
0
1
ELASTIC-PLASTIC-PLATE-1
81
6 7 264 265 266 267 268 269 270 271 272 273 274 275 276 277 278 279 280 281 282 283 284 285 286 287 288 289 290 291 292 293 294 295 296 297 298 299 300 301 302 8991 8995 9481 9489 10355 11742 11747 11750 11755 11756 11760 11764 11765 11768 11773 11776 11780 11782 11786 11792 11797 11800 11831 11833 11838 11847 11850 11853 11856 11859 11862 11863 11869 11870 11875 11876 11877 11878 11882 12304 
0
SET-9
0
1
0
1
ELASTIC-PLASTIC-PLATE-1
121
3 4 101 102 103 104 105 106 107 108 109 110 111 112 113 114 115 116 117 118 119 120 121 122 123 124 125 126 127 128 129 130 131 132 133 134 135 136 137 138 139 140 141 142 143 144 145 146 147 148 149 150 151 152 153 154 155 156 157 158 159 8812 8815 8817 8819 8821 8823 8825 8827 8829 8831 8833 8835 8837 8839 8841 8843 8845 8847 8849 8851 8853 8855 8857 8859 8861 8863 8865 8867 8869 8871 8873 8875 8877 8879 8881 8883 8885 8887 8889 8891 8893 8895 8897 8899 8901 8903 8905 8907 8909 8911 8913 8915 8917 8919 8921 8923 8925 8927 8929 8931 
0
1
ELASTIC-PLASTIC-PLATE-1
1
SET-1
0
1
14
-2147483647
48 1 16 5 0 1 0 -1 -1 13768 1 -1879048189 1 13768 
0
0
0
0
0
