1
0
1
ASSEMBLY
1
PLATE-1
PLATE
1
PLATE-1
25
1 1
2 2
3 3
4 4
5 5
6 6
7 7
8 8
9 9
10 10
11 11
12 12
13 13
14 14
15 15
16 16
17 17
18 18
19 19
20 20
21 21
22 22
23 23
24 24
25 25
-2147483647
0
1
PLATE-1
16
1 1
2 2
3 3
4 4
5 5
6 6
7 7
8 8
9 9
10 10
11 11
12 12
13 13
14 14
15 15
16 16
-2147483647
0
3
TOP
0
1
0
1
PLATE-1
4
13 14 15 16 
0
X_SIDE
0
1
0
1
PLATE-1
4
1 2 3 4 
0
Y_SIDE
0
1
0
1
PLATE-1
4
1 5 9 13 
0
1
PLATE-1
1
PLATE
0
1
16
1 2 3 4 5 6 7 8 9 10 11 12 13 14 15 16 
0
0
0
3
TOP
0
1
0
1
PLATE-1
5
21 22 23 24 25 
0
X_SIDE
0
1
0
1
PLATE-1
5
1 2 3 4 5 
0
Y_SIDE
0
1
0
1
PLATE-1
5
1 6 11 16 21 
0
1
PLATE-1
1
PLATE
0
1
25
1 2 3 4 5 6 7 8 9 10 11 12 13 14 15 16 17 18 19 20 21 22 23 24 25 
0
0
0
0
0
