1
0
1
ASSEMBLY
1
ELASTIC-PLASTIC-PLATE-1
ELASTIC-PLASTIC-PLATE
1
ELASTIC-PLASTIC-PLATE-1
14
-2147483646
0
48 1 16 5 0 1 0 -1 -1 15574 1 -1879048189 1 15574 
14
48 1 16 5 0 1 0 -1 -1 15574 1 -1879048189 1 15574 
0
1
ELASTIC-PLASTIC-PLATE-1
14
-2147483646
0
48 1 16 5 0 1 0 -1 -1 7588 1 -1879048189 1 7588 
14
48 1 16 5 0 1 0 -1 -1 7588 1 -1879048189 1 7588 
0
5
TOP_SIDE
0
1
0
1
ELASTIC-PLASTIC-PLATE-1
60
35 70 105 140 175 210 245 280 315 350 385 420 455 490 525 560 595 630 665 700 735 770 805 840 875 910 945 980 1015 1050 1085 1120 1155 1190 1225 1260 1295 1330 1365 1400 1435 1470 1505 1540 1575 1610 1645 1680 1715 1750 1785 1820 1855 1890 1925 1960 1995 2030 2065 2100 
0
WHOLE_PART
0
1
0
1
ELASTIC-PLASTIC-PLATE-1
14
-2147483647
48 1 16 5 0 1 0 -1 -1 7588 1 -1879048189 1 7588 
0
XSYMM_SIDE
0
1
0
1
ELASTIC-PLASTIC-PLATE-1
85
1 2 3 4 5 6 7 8 9 10 11 12 13 14 15 16 17 18 19 20 21 22 23 24 25 26 27 28 29 30 31 32 33 34 35 2140 2142 2144 2242 2260 2275 2287 2298 2309 2320 2337 2340 2344 2345 2346 2349 2350 3218 3219 3220 3221 3222 3223 3224 3225 3226 3227 3231 3232 3233 3234 3235 3236 3237 3238 3239 3240 3242 3243 3246 3542 3544 3546 3548 3550 3552 3561 3563 3575 3582 
0
YSYMM_SIDE
0
1
0
1
ELASTIC-PLASTIC-PLATE-1
100
2258 2274 2286 2296 2297 2307 2308 2317 2318 2319 2325 2329 2330 2339 3185 3187 3189 3243 3244 3245 3247 3248 3250 3251 3252 3253 3254 3255 3256 3257 3258 3259 3260 3261 3262 3263 3264 3265 3266 3267 3268 3269 3270 3271 3272 3273 3274 3275 3277 3278 3280 3281 3282 3283 3285 3286 3287 3289 3291 3292 3293 3294 3295 3296 3297 3298 3299 3300 3301 3302 3304 3305 3355 3360 3361 3363 3366 3367 3368 3369 3371 3373 3374 3376 3381 3384 3388 3392 3400 3404 3407 3410 3412 3416 3420 3425 3431 3434 3437 3442 
0
ZSYMM_SIDE
0
1
0
1
ELASTIC-PLASTIC-PLATE-1
14
-2147483647
48 1 16 5 0 1 0 -1 -1 7588 1 -1879048189 1 7588 
0
1
ELASTIC-PLASTIC-PLATE-1
1
SET-1
0
1
14
-2147483647
48 1 16 5 0 1 0 -1 -1 7588 1 -1879048189 1 7588 
0
0
0
5
TOP_SIDE
0
1
0
1
ELASTIC-PLASTIC-PLATE-1
122
71 72 143 144 215 216 287 288 359 360 431 432 503 504 575 576 647 648 719 720 791 792 863 864 935 936 1007 1008 1079 1080 1151 1152 1223 1224 1295 1296 1367 1368 1439 1440 1511 1512 1583 1584 1655 1656 1727 1728 1799 1800 1871 1872 1943 1944 2015 2016 2087 2088 2159 2160 2231 2232 2303 2304 2375 2376 2447 2448 2519 2520 2591 2592 2663 2664 2735 2736 2807 2808 2879 2880 2951 2952 3023 3024 3095 3096 3167 3168 3239 3240 3311 3312 3383 3384 3455 3456 3527 3528 3599 3600 3671 3672 3743 3744 3815 3816 3887 3888 3959 3960 4031 4032 4103 4104 4175 4176 4247 4248 4319 4320 4391 4392 
0
WHOLE_PART
0
1
0
1
ELASTIC-PLASTIC-PLATE-1
14
-2147483647
48 1 16 5 0 1 0 -1 -1 15574 1 -1879048189 1 15574 
0
XSYMM_SIDE
0
1
0
1
ELASTIC-PLASTIC-PLATE-1
172
1 2 3 4 5 6 7 8 9 10 11 12 13 14 15 16 17 18 19 20 21 22 23 24 25 26 27 28 29 30 31 32 33 34 35 36 37 38 39 40 41 42 43 44 45 46 47 48 49 50 51 52 53 54 55 56 57 58 59 60 61 62 63 64 65 66 67 68 69 70 71 72 4436 4437 4438 4439 4440 4441 4442 4443 4444 4445 4446 4450 4451 4460 4461 4466 4468 4472 4474 4479 4481 4482 4483 4530 4531 4532 4533 4534 4541 4545 4548 4549 4550 4551 4575 4576 4578 4583 4595 4596 4599 4607 4618 4619 4623 4631 4638 4642 4647 4651 4653 4656 4657 4673 4676 4678 4679 4683 4684 4694 4699 4705 4707 4710 4713 4718 4721 4725 4728 4731 4732 4734 4741 4743 4748 4749 4761 4762 4763 4793 4806 4817 4827 4831 4837 4850 4855 4863 4873 4875 4890 4891 4897 4902 4903 4907 4909 4911 4913 4919 
0
YSYMM_SIDE
0
1
0
1
ELASTIC-PLASTIC-PLATE-1
202
4413 4414 4415 4416 4417 4418 4419 4420 4421 4422 4423 4424 4425 4426 4427 4428 4429 4430 4431 4432 4433 4434 4435 4448 4449 4458 4463 4464 4467 4469 4470 4477 4484 4485 4486 4487 4488 4489 4490 4491 4492 4493 4494 4518 4519 4520 4521 4522 4523 4524 4525 4526 4527 4528 4529 4536 4542 4544 4546 4547 4552 4553 4554 4555 4556 4569 4570 4571 4572 4573 4574 4580 4582 4584 4585 4586 4592 4593 4594 4600 4604 4605 4610 4611 4614 4617 4620 4621 4624 4625 4626 4627 4628 4632 4635 4639 4640 4641 4643 4648 4661 4663 4664 4667 4668 4669 4672 4674 4675 4685 4692 4693 4700 4704 4705 4706 4715 4735 4737 4739 4740 4742 4745 4746 4752 4759 4760 4764 4765 4766 4767 4768 4781 4782 4783 4784 4785 4786 4788 4791 4794 4795 4796 4797 4804 4805 4809 4811 4812 4816 4818 4819 4822 4823 4825 4826 4828 4829 4830 4831 4832 4833 4834 4835 4836 4839 4843 4844 4845 4846 4847 4848 4849 4851 4857 4858 4862 4865 4868 4869 4870 4874 4876 4877 4882 4885 4886 4887 4888 4892 4896 4898 4899 4900 4904 4914 4915 4916 4917 4920 4921 4922 
0
ZSYMM_SIDE
0
1
0
1
ELASTIC-PLASTIC-PLATE-1
14
-2147483647
48 1 16 5 0 1 0 -1 -1 15574 1 -1879048189 1 15574 
0
1
ELASTIC-PLASTIC-PLATE-1
1
SET-1
0
1
14
-2147483647
48 1 16 5 0 1 0 -1 -1 15574 1 -1879048189 1 15574 
0
0
0
0
0
