1
0
1
ASSEMBLY
1
CHD4-M-1
CHD4-M
1
CHD4-M-1
14
-2147483646
0
48 1 16 5 0 1 0 -1 -1 42039 1 -1879048189 1 42039 
14
48 1 16 5 0 1 0 -1 -1 42039 1 -1879048189 1 42039 
0
1
CHD4-M-1
14
-2147483646
0
48 1 16 5 0 1 0 -1 -1 33395 1 -1879048189 1 33395 
14
48 1 16 5 0 1 0 -1 -1 33395 1 -1879048189 1 33395 
0
8
SET-1
0
1
0
1
CHD4-M-1
16
791 792 815 816 839 840 863 864 887 888 911 912 935 936 959 960 
0
SET-10
0
1
0
1
CHD4-M-1
132
-2147483647
520 1 16 123 0 1 0 -1 -1 7079 39 -1610612695 -1610612692 -1879048145 -1879048143 -1879048141 -1879048139 -1879048137 -1879048135 -1879048133 -1879048131 -1879048129 -1879048127 -1879048125 -1879048123 -1879048121 -1879048119 -1879048117 -1879048115 -1342177201 -1879048109 -1879048107 -1879048105 -1879048103 -1879048101 -1879048099 -1879048097 -1879048095 -1879048093 -1879048091 -1879048089 -1879048087 -1879048085 -1879048083 -1879048081 -1879048079 -1879048077 -1879048075 -1879048073 -1879048071 2 384 2 1154 384 2 3153 311 3469 1 3473 3 3481 1 3485 3 3493 1 3497 3 3505 1 3509 3 3517 1 3521 3 3529 1 3533 3 3541 1 3545 3 3553 1 6597 760 3 3800 20061 1276 26401 1266 30707 760 31473 1 31475 2 31486 1 31488 2 31499 1 31501 2 31512 1 31514 2 31525 1 31527 2 31538 1 31540 2 31551 1 31553 2 31564 1 31566 2 33031 365 
0
SET-11
0
1
0
1
CHD4-M-1
139
-2147483647
548 1 16 130 0 1 0 -1 -1 7271 41 -1610612693 -1879048146 -1610612688 -1610612685 -1879048138 -1879048136 -1879048134 -1879048132 -1879048130 -1879048128 -1879048126 -1879048124 -1879048122 -1879048120 -1879048118 -1879048116 -1879048114 -1879048112 -1879048110 -1879048108 -1342177194 -1879048102 -1879048100 -1879048098 -1879048096 -1879048094 -1879048092 -1879048090 -1879048088 -1879048086 -1879048084 -1879048082 -1879048080 -1879048078 -1879048076 -1879048074 -1879048072 -1879048070 -1879048068 -1879048066 -1879048064 2 383 2 768 2 771 191 2 1154 384 2 3153 311 3469 1 3473 3 3481 1 3485 3 3493 1 3497 3 3505 1 3509 3 3517 1 3521 3 3529 1 3533 3 3541 1 3545 3 3553 1 6597 760 3 3800 20061 1276 26401 1266 30707 760 31473 1 31475 2 31486 1 31488 2 31499 1 31501 2 31512 1 31514 2 31525 1 31527 2 31538 1 31540 2 31551 1 31553 2 31564 1 31566 2 33031 365 
0
SET-4
0
1
0
1
CHD4-M-1
16
983 984 1007 1008 1031 1032 1055 1056 1079 1080 1103 1104 1127 1128 1151 1152 
0
SET-6
0
1
0
1
CHD4-M-1
192
769 770 771 772 773 774 775 776 777 778 779 780 781 782 783 784 785 786 787 788 789 790 791 792 793 794 795 796 797 798 799 800 801 802 803 804 805 806 807 808 809 810 811 812 813 814 815 816 817 818 819 820 821 822 823 824 825 826 827 828 829 830 831 832 833 834 835 836 837 838 839 840 841 842 843 844 845 846 847 848 849 850 851 852 853 854 855 856 857 858 859 860 861 862 863 864 865 866 867 868 869 870 871 872 873 874 875 876 877 878 879 880 881 882 883 884 885 886 887 888 889 890 891 892 893 894 895 896 897 898 899 900 901 902 903 904 905 906 907 908 909 910 911 912 913 914 915 916 917 918 919 920 921 922 923 924 925 926 927 928 929 930 931 932 933 934 935 936 937 938 939 940 941 942 943 944 945 946 947 948 949 950 951 952 953 954 955 956 957 958 959 960 
0
SET-7
0
1
0
1
CHD4-M-1
137
-2147483647
540 1 16 128 0 1 0 -1 -1 5751 41 -1610612693 -1879048146 -1610612688 -1610612685 -1879048138 -1879048136 -1879048134 -1879048132 -1879048130 -1879048128 -1879048126 -1879048124 -1879048122 -1879048120 -1879048118 -1879048116 -1879048114 -1879048112 -1879048110 -1879048108 -1879048106 -1879048104 -1879048102 -1879048100 -1879048098 -1879048096 -1879048094 -1879048092 -1879048090 -1879048088 -1879048086 -1879048084 -1879048082 -1879048080 -1879048078 -1879048076 -1879048074 -1879048072 -1879048070 -1879048068 -1879048066 2 383 2 768 2 771 191 2 1154 384 2 3153 311 3469 1 3473 3 3481 1 3485 3 3493 1 3497 3 3505 1 3509 3 3517 1 3521 3 3529 1 3533 3 3541 1 3545 3 3553 1 10397 760 20061 1276 26401 1266 30707 760 31473 1 31475 2 31486 1 31488 2 31499 1 31501 2 31512 1 31514 2 31525 1 31527 2 31538 1 31540 2 31551 1 31553 2 31564 1 31566 2 33031 365 
0
SET-8
0
1
0
1
CHD4-M-1
192
961 962 963 964 965 966 967 968 969 970 971 972 973 974 975 976 977 978 979 980 981 982 983 984 985 986 987 988 989 990 991 992 993 994 995 996 997 998 999 1000 1001 1002 1003 1004 1005 1006 1007 1008 1009 1010 1011 1012 1013 1014 1015 1016 1017 1018 1019 1020 1021 1022 1023 1024 1025 1026 1027 1028 1029 1030 1031 1032 1033 1034 1035 1036 1037 1038 1039 1040 1041 1042 1043 1044 1045 1046 1047 1048 1049 1050 1051 1052 1053 1054 1055 1056 1057 1058 1059 1060 1061 1062 1063 1064 1065 1066 1067 1068 1069 1070 1071 1072 1073 1074 1075 1076 1077 1078 1079 1080 1081 1082 1083 1084 1085 1086 1087 1088 1089 1090 1091 1092 1093 1094 1095 1096 1097 1098 1099 1100 1101 1102 1103 1104 1105 1106 1107 1108 1109 1110 1111 1112 1113 1114 1115 1116 1117 1118 1119 1120 1121 1122 1123 1124 1125 1126 1127 1128 1129 1130 1131 1132 1133 1134 1135 1136 1137 1138 1139 1140 1141 1142 1143 1144 1145 1146 1147 1148 1149 1150 1151 1152 
0
SET-9
0
1
0
1
CHD4-M-1
16
983 984 1007 1008 1031 1032 1055 1056 1079 1080 1103 1104 1127 1128 1151 1152 
0
1
CHD4-M-1
1
SET-32
0
1
14
-2147483647
48 1 16 5 0 1 0 -1 -1 33395 1 -1879048189 1 33395 
0
0
0
8
SET-1
0
1
0
1
CHD4-M-1
27
9 10 11 12 296 319 331 332 333 334 335 336 337 338 339 340 341 342 343 344 3163 3164 3165 3166 3167 3168 3169 
0
SET-10
0
1
0
1
CHD4-M-1
123
-2147483647
484 1 16 114 0 1 0 -1 -1 7350 32 -1342177246 -1342177242 -1879048150 -1342177236 -1879048144 -1879048142 -1879048140 -1342177226 -1879048134 -1879048132 -1342177218 -1879048126 -1879048124 -1879048122 -1342177208 -1879048116 -1879048114 -1879048112 -1879048110 -1879048108 -1879048106 -1879048104 -1879048102 -1342177188 -1879048096 -1879048094 -1342177180 -1879048088 -1879048086 -1879048084 -1879048082 -1879048080 2 2 2 3 13 1 2 7 22 2 29 4 3 8 51 2 57 5 64 1 66 47 2 96 271 14 400 7 422 47 2 95 618 7 761 123 888 3 1021 114 2 244 1462 75 1602 65 1886 203 2125 36 2168 2 2177 7 2188 2 2207 14 2644 329 2 1139 4366 247 5105 21 5842 702 3 1860 11717 1153 14273 1143 16930 702 17811 14 18157 304 
0
SET-11
0
1
0
1
CHD4-M-1
144
-2147483647
568 1 16 135 0 1 0 -1 -1 7566 39 -1342177239 -1879048147 -1879048145 -1879048143 -1342177229 -1342177225 -1879048133 -1879048131 -1879048129 -1342177215 -1879048123 -1879048121 -1879048119 -1879048117 -1879048115 -1342177201 -1879048109 -1879048107 -1879048105 -1342177191 -1879048099 -1879048097 -1879048095 -1879048093 -1879048091 -1879048089 -1879048087 -1879048085 -1879048083 -1342177169 -1879048077 -1879048075 -1879048073 -1342177159 -1879048067 -1879048065 -1879048063 -1879048061 -1879048059 2 2 2 3 10 1 12 2 16 1 19 2 2 3 29 4 3 8 51 2 57 5 64 1 66 47 2 96 271 14 297 11 320 18 358 11 382 25 422 47 2 95 618 7 761 123 888 3 1021 114 2 244 1462 75 1602 65 1886 203 2125 36 2168 2 2177 7 2188 2 2207 14 2644 329 3009 77 2 183 3783 329 4366 247 5105 21 5842 702 3 1860 11717 1153 14273 1143 16930 702 17811 14 18157 304 
0
SET-4
0
1
0
1
CHD4-M-1
27
15 16 18 19 357 381 393 394 395 396 397 398 399 407 408 409 410 411 412 413 3353 3354 3355 3356 3357 3358 3359 
0
SET-6
0
1
0
1
CHD4-M-1
39
-2147483647
148 1 16 30 0 1 0 -1 -1 351 9 -1879048181 -1879048179 -1879048177 -1610612719 -1879048172 -1879048170 -1879048168 -1879048166 -1879048164 1 2 5 1 8 5 65 2 96 264 7 278 67 2973 7 2987 183 18846 77 
0
SET-7
0
1
0
1
CHD4-M-1
147
-2147483647
580 1 16 138 0 1 0 -1 -1 6049 42 -1342177236 -1879048144 -1879048142 -1879048140 -1342177226 -1879048134 -1879048132 -1879048130 -1879048128 -1879048126 -1879048124 -1342177210 -1879048118 -1879048116 -1879048114 -1879048112 -1879048110 -1342177196 -1879048104 -1879048102 -1879048100 -1879048098 -1879048096 -1879048094 -1879048092 -1879048090 -1879048088 -1879048086 -1879048084 -1879048082 -1879048080 -1879048078 -1342177164 -1879048072 -1879048070 -1879048068 -1879048066 -1879048064 -1879048062 -1879048060 -1879048058 -1879048056 2 2 2 3 10 1 12 2 16 1 19 2 2 3 29 4 37 2 45 4 51 2 57 5 64 1 66 47 2 96 271 14 297 11 320 18 358 11 382 25 422 47 2 95 618 7 761 123 888 3 1021 39 1265 114 1480 39 1602 65 1886 203 2125 36 2168 2 2177 7 2188 2 2207 14 2644 329 3009 77 2 183 3783 329 4366 247 5105 21 7702 702 11717 1153 14273 1143 16930 702 17811 14 18157 304 
0
SET-8
0
1
0
1
CHD4-M-1
23
-2147483647
84 1 16 14 0 1 0 -1 -1 351 4 -1879048186 -1879048184 -1879048182 -1879048180 13 8 345 76 3170 190 18923 77 
0
SET-9
0
1
0
1
CHD4-M-1
27
15 16 18 19 357 381 393 394 395 396 397 398 399 407 408 409 410 411 412 413 3353 3354 3355 3356 3357 3358 3359 
0
1
CHD4-M-1
1
SET-32
0
1
14
-2147483647
48 1 16 5 0 1 0 -1 -1 42039 1 -1879048189 1 42039 
0
0
0
0
0
