1
0
1
ASSEMBLY
1
CHD4-M-1
CHD4-M
1
CHD4-M-1
14
-2147483646
0
48 1 16 5 0 1 0 -1 -1 64782 1 -1879048189 1 64782 
14
48 1 16 5 0 1 0 -1 -1 64782 1 -1879048189 1 64782 
0
1
CHD4-M-1
14
-2147483646
0
48 1 16 5 0 1 0 -1 -1 55264 1 -1879048189 1 55264 
14
48 1 16 5 0 1 0 -1 -1 55264 1 -1879048189 1 55264 
0
10
SET-1
0
1
0
1
CHD4-M-1
32
1581 1582 1583 1584 1629 1630 1631 1632 1677 1678 1679 1680 1725 1726 1727 1728 1773 1774 1775 1776 1821 1822 1823 1824 1869 1870 1871 1872 1917 1918 1919 1920 
0
SET-10
0
1
0
1
CHD4-M-1
172
-2147483647
680 1 16 163 0 1 0 -1 -1 7205 47 -1610612687 -1610612684 -1610612681 -1879048134 -1610612676 -1879048129 -1610612671 -1879048124 -1610612666 -1879048119 -1610612661 -1879048114 -1610612656 -1879048109 -1610612651 -1879048104 -1610612646 -1879048099 -1879048097 -1610612639 -1879048092 -1879048090 -1610612632 -1879048085 -1879048083 -1610612625 -1879048078 -1879048076 -1610612618 -1879048071 -1879048069 -1610612611 -1879048064 -1879048062 -1610612604 -1879048057 -1879048055 -1610612597 -1879048050 -1879048048 -1610612590 -1879048043 -1342177129 -1879048037 -1879048035 -1879048033 -1879048031 4 384 4 2308 384 4 3846 2 6 3861 1 3873 2 6 3888 1 3900 2 6 3915 1 3927 2 6 3942 1 3954 2 6 3969 1 3981 2 6 3996 1 4008 2 6 4023 1 4035 2 6 4050 1 4058 2 4061 2 2 4075 1 4086 2 4089 2 2 4103 1 4114 2 4117 2 2 4131 1 4142 2 4145 2 2 4159 1 4170 2 4173 2 2 4187 1 4198 2 4201 2 2 4215 1 4226 2 4229 2 2 4243 1 4254 2 4257 2 2 4271 1 9601 760 4 6080 31170 367 40448 1273 51017 1328 54900 365 
0
SET-11
0
1
0
1
CHD4-M-1
179
-2147483647
708 1 16 170 0 1 0 -1 -1 7397 49 -1610612685 -1879048138 -1610612680 -1610612677 -1610612674 -1879048127 -1610612669 -1879048122 -1610612664 -1879048117 -1610612659 -1879048112 -1610612654 -1879048107 -1610612649 -1879048102 -1610612644 -1879048097 -1610612639 -1879048092 -1879048090 -1610612632 -1879048085 -1879048083 -1610612625 -1879048078 -1879048076 -1610612618 -1879048071 -1879048069 -1610612611 -1879048064 -1879048062 -1610612604 -1879048057 -1879048055 -1610612597 -1879048050 -1879048048 -1610612590 -1879048043 -1879048041 -1610612583 -1879048036 -1342177122 -1879048030 -1879048028 -1879048026 -1879048024 4 383 4 1536 2 1541 191 4 2308 384 4 3846 2 6 3861 1 3873 2 6 3888 1 3900 2 6 3915 1 3927 2 6 3942 1 3954 2 6 3969 1 3981 2 6 3996 1 4008 2 6 4023 1 4035 2 6 4050 1 4058 2 4061 2 2 4075 1 4086 2 4089 2 2 4103 1 4114 2 4117 2 2 4131 1 4142 2 4145 2 2 4159 1 4170 2 4173 2 2 4187 1 4198 2 4201 2 2 4215 1 4226 2 4229 2 2 4243 1 4254 2 4257 2 2 4271 1 9601 760 4 6080 31170 367 40448 1273 51017 1328 54900 365 
0
SET-12
0
1
0
1
CHD4-M-1
14
-2147483647
48 1 16 5 0 1 0 -1 -1 384 1 -1879048189 1921 384 
0
SET-13
0
1
0
1
CHD4-M-1
32
1965 1966 1967 1968 2013 2014 2015 2016 2061 2062 2063 2064 2109 2110 2111 2112 2157 2158 2159 2160 2205 2206 2207 2208 2253 2254 2255 2256 2301 2302 2303 2304 
0
SET-4
0
1
0
1
CHD4-M-1
32
1965 1966 1967 1968 2013 2014 2015 2016 2061 2062 2063 2064 2109 2110 2111 2112 2157 2158 2159 2160 2205 2206 2207 2208 2253 2254 2255 2256 2301 2302 2303 2304 
0
SET-6
0
1
0
1
CHD4-M-1
14
-2147483647
48 1 16 5 0 1 0 -1 -1 384 1 -1879048189 1537 384 
0
SET-7
0
1
0
1
CHD4-M-1
179
-2147483647
708 1 16 170 0 1 0 -1 -1 5877 49 -1610612685 -1879048138 -1610612680 -1610612677 -1610612674 -1879048127 -1610612669 -1879048122 -1610612664 -1879048117 -1610612659 -1879048112 -1610612654 -1879048107 -1610612649 -1879048102 -1610612644 -1879048097 -1610612639 -1879048092 -1879048090 -1610612632 -1879048085 -1879048083 -1610612625 -1879048078 -1879048076 -1610612618 -1879048071 -1879048069 -1610612611 -1879048064 -1879048062 -1610612604 -1879048057 -1879048055 -1610612597 -1879048050 -1879048048 -1610612590 -1879048043 -1879048041 -1610612583 -1879048036 -1342177122 -1879048030 -1879048028 -1879048026 -1879048024 4 383 4 1536 2 1541 191 4 2308 384 4 3846 2 6 3861 1 3873 2 6 3888 1 3900 2 6 3915 1 3927 2 6 3942 1 3954 2 6 3969 1 3981 2 6 3996 1 4008 2 6 4023 1 4035 2 6 4050 1 4058 2 4061 2 2 4075 1 4086 2 4089 2 2 4103 1 4114 2 4117 2 2 4131 1 4142 2 4145 2 2 4159 1 4170 2 4173 2 2 4187 1 4198 2 4201 2 2 4215 1 4226 2 4229 2 2 4243 1 4254 2 4257 2 2 4271 1 9601 760 2 18240 31170 367 40448 1273 51017 1328 54900 365 
0
SET-8
0
1
0
1
CHD4-M-1
14
-2147483647
48 1 16 5 0 1 0 -1 -1 384 1 -1879048189 1921 384 
0
SET-9
0
1
0
1
CHD4-M-1
32
1965 1966 1967 1968 2013 2014 2015 2016 2061 2062 2063 2064 2109 2110 2111 2112 2157 2158 2159 2160 2205 2206 2207 2208 2253 2254 2255 2256 2301 2302 2303 2304 
0
1
CHD4-M-1
1
SET-32
0
1
14
-2147483647
48 1 16 5 0 1 0 -1 -1 55264 1 -1879048189 1 55264 
0
0
0
10
SET-1
0
1
0
1
CHD4-M-1
45
9 10 11 12 264 265 266 289 290 291 303 304 305 306 307 308 309 310 311 312 313 314 315 316 1811 1812 1813 1814 1815 1816 1817 1818 1819 1820 1821 1822 1823 1824 1825 1826 1827 1828 1829 1830 1831 
0
SET-10
0
1
0
1
CHD4-M-1
481
-2147483647
1916 1 16 472 0 1 0 -1 -1 7475 15 -1073741807 -268435418 -1073741760 -268435384 -1073741738 -1073741712 -1073741681 -1073741653 -1073741634 -1073741599 -1073741570 -1073741514 -1073741510 -1073741396 -1073741356 2 608 -63698917 -1 511 -1073741824 -1 8191 0 134209536 0 0 0 -67108864 -262143 -1 1 -524288 -1 3 2130706432 1218 352 2 1472 -4 -1 -1 -1 -1 -1 -1 -1 -1 -1 2047 -32768 -1 -1 -1 -1 -1 -1 -1 -1 -1 16777215 5474 192 393216 0 -524288 1 -1065615360 1573008 5794 160 2 512 -16777216 2047 125844480 -2133598208 511 -134217728 15 -65536 -2139095041 7 6594 768 100671424 -1073741824 -536870912 4095 6291456 0 3 0 0 0 -1073707264 17 0 16384 0 0 0 2013265920 1995775 -134217728 1 -2046820352 -1057624003 33554432 7554 928 -2143780868 0 49152 2048 0 0 -1048576 -1 -1 -1 -1 -1 -1 -1 -1 -1 -1 -1 -1 -1 -1 -1 -1 -1 -1 -1 -1 -1 262143 13922 832 -32768 -1072693249 536870907 0 0 201326592 -7340096 1704447 -2076180480 58841088 64 6520832 0 0 0 -1879048224 -1946042029 5119 827392 0 1073677312 997195836 -601358596 -121347969 3211265 1548 15138 544 -1024 -1 -1 -1 -1 -1 -1 -1 -1 -1 -1 -1 -1 -1 -1 -1 -1 20834 1056 -2147483648 532678267 -2145125376 -259681 -1 13631487 0 0 0 -2048 -129025 -1 -8177 16752639 0 70778880 -2146431896 821559310 -536870848 495960052 1642351 -32 0 335020896 -179831808 1017858 65536 159383552 285212672 -536640640 805306370 -2097151998 499 22082 864 -4 -1 -1 -8161 0 -478124416 452952064 -235397600 14335 0 0 -2048 -1 1010827263 -60351488 -63489 65531 0 0 1728560206 -536858113 469763327 2140669950 8 -67108864 1073735679 -2147483648 28226 1728 -256 -1 -983041 -436207089 2145491969 12623831 12909615 -3670223 524287 -1073742080 -1828454402 -13139889 1309794343 218954814 8128 0 385875968 4456464 1942044672 947847704 54886400 1598021661 -805307506 2097091 0 0 -16384 -1 -503316481 -1574856320 -2096671 -436207105 2083736359 134221808 1412095 -4070298 250610233 1577058816 14213120 768 29820736 -70254624 -560953 -939524097 1845069 1088940038 2147294240 3145740 538379837 33505340 -503316480 334002805 1046599069 8 36002 64 -67108864 31 36194 3584 -262144 -1 2147483647 0 127926176 -809355264 155656 0 0 0 114688 -264239742 503578775 18464776 -264647428 -1879152641 11212 0 0 0 133693440 0 0 0 2145386496 655112 1641815552 -67108864 4095 0 -32768 -1 -1 67108863 0 1048576 134189056 544210996 4161536 -1157578624 -1075371793 404619724 -536354320 33423783 0 -2147483648 -2144337913 1577320321 -50331666 2113932303 -266467457 59244543 100663296 -33062434 549543935 -4352 132278271 955308291 0 772079616 -66179072 1073741823 -108527614 -1073741821 -4491144 1366277116 -16777667 -4097 -4219265 520039423 -4 -3 -1 -524289 -134217729 2146424831 -17984 -458753 -4194321 -268501377 -1835298 104857599 -136282116 -3145741 -20971777 -252055558 3629055 -32800 -8402945 -8187 -1 -134420497 -2752513 -134234121 -1 -1 -1 -1 -1 -1 -1 -1 -1 -1 -1 -1 -1 -1 -1 -1 -1 15 41378 1216 -4 -1 -1 -1 -1 -1 -1 -1 -1 -1 -1 -1 -1 -1 -1 -1 -1 -1 -1 -1 -1 -1 -1 -1 -1 -1 -1 -1 -1 -1 -1 -1 -1 -1 -1 -1 -1 2097151 44002 64 -16 2047 
0
SET-11
0
1
0
1
CHD4-M-1
494
-2147483647
1968 1 16 485 0 1 0 -1 -1 7691 17 -1073741805 -1073741784 -1073741765 -1073741760 -1073741747 -268435371 -1073741725 -1073741699 -1073741668 -1073741640 -1073741621 -1073741586 -1073741557 -1073741501 -1073741497 -1073741383 -1073741343 2 608 -63550181 -1 511 -1073741824 -1 8191 0 134209536 1048064 1048572 8384512 -256 -262143 -1 1 -524288 -1 3 2130706432 1218 544 -4 -1 -1 -1 -1 -1 -1 -1 -1 -1 2047 0 0 -8388608 -1 -1 15 1890 96 -256 -1 2097151 2690 352 -32768 -1 -1 -1 -1 -1 -1 -1 -1 -1 16777215 5474 192 393216 0 -524288 1 -1065615360 1573008 5794 160 2 512 -16777216 2047 125844480 -2133598208 511 -134217728 15 -65536 -2139095041 7 6594 768 100671424 -1073741824 -536870912 4095 6291456 0 3 0 0 0 -1073707264 17 0 16384 0 0 0 2013265920 1995775 -134217728 1 -2046820352 -1057624003 33554432 7554 928 -2143780868 0 49152 2048 0 0 -1048576 -1 -1 -1 -1 -1 -1 -1 -1 -1 -1 -1 -1 -1 -1 -1 -1 -1 -1 -1 -1 -1 262143 13922 832 -32768 -1072693249 536870907 0 0 201326592 -7340096 1704447 -2076180480 58841088 64 6520832 0 0 0 -1879048224 -1946042029 5119 827392 0 1073677312 997195836 -601358596 -121347969 3211265 1548 15138 544 -1024 -1 -1 -1 -1 -1 -1 -1 -1 -1 -1 -1 -1 -1 -1 -1 -1 20834 1056 -2147483648 532678267 -2145125376 -259681 -1 13631487 0 0 0 -2048 -129025 -1 -8177 16752639 0 70778880 -2146431896 821559310 -536870848 495960052 1642351 -32 0 335020896 -179831808 1017858 65536 159383552 285212672 -536640640 805306370 -2097151998 499 22082 864 -4 -1 -1 -8161 0 -478124416 452952064 -235397600 14335 0 0 -2048 -1 1010827263 -60351488 -63489 65531 0 0 1728560206 -536858113 469763327 2140669950 8 -67108864 1073735679 -2147483648 28226 1728 -256 -1 -983041 -436207089 2145491969 12623831 12909615 -3670223 524287 -1073742080 -1828454402 -13139889 1309794343 218954814 8128 0 385875968 4456464 1942044672 947847704 54886400 1598021661 -805307506 2097091 0 0 -16384 -1 -503316481 -1574856320 -2096671 -436207105 2083736359 134221808 1412095 -4070298 250610233 1577058816 14213120 768 29820736 -70254624 -560953 -939524097 1845069 1088940038 2147294240 3145740 538379837 33505340 -503316480 334002805 1046599069 8 36002 64 -67108864 31 36194 3584 -262144 -1 2147483647 0 127926176 -809355264 155656 0 0 0 114688 -264239742 503578775 18464776 -264647428 -1879152641 11212 0 0 0 133693440 0 0 0 2145386496 655112 1641815552 -67108864 4095 0 -32768 -1 -1 67108863 0 1048576 134189056 544210996 4161536 -1157578624 -1075371793 404619724 -536354320 33423783 0 -2147483648 -2144337913 1577320321 -50331666 2113932303 -266467457 59244543 100663296 -33062434 549543935 -4352 132278271 955308291 0 772079616 -66179072 1073741823 -108527614 -1073741821 -4491144 1366277116 -16777667 -4097 -4219265 520039423 -4 -3 -1 -524289 -134217729 2146424831 -17984 -458753 -4194321 -268501377 -1835298 104857599 -136282116 -3145741 -20971777 -252055558 3629055 -32800 -8402945 -8187 -1 -134420497 -2752513 -134234121 -1 -1 -1 -1 -1 -1 -1 -1 -1 -1 -1 -1 -1 -1 -1 -1 -1 15 41378 1216 -4 -1 -1 -1 -1 -1 -1 -1 -1 -1 -1 -1 -1 -1 -1 -1 -1 -1 -1 -1 -1 -1 -1 -1 -1 -1 -1 -1 -1 -1 -1 -1 -1 -1 -1 -1 -1 2097151 44002 64 -16 2047 
0
SET-12
0
1
0
1
CHD4-M-1
23
-2147483647
84 1 16 14 0 1 0 -1 -1 585 4 -1879048186 -1879048184 -1879048182 -1879048180 13 8 317 84 1832 262 4273 231 
0
SET-13
0
1
0
1
CHD4-M-1
45
15 16 18 19 331 332 333 359 360 361 373 374 375 376 377 378 379 387 388 389 390 391 392 393 2073 2074 2075 2076 2077 2078 2079 2080 2081 2082 2083 2084 2085 2086 2087 2088 2089 2090 2091 2092 2093 
0
SET-4
0
1
0
1
CHD4-M-1
45
15 16 18 19 331 332 333 359 360 361 373 374 375 376 377 378 379 387 388 389 390 391 392 393 2073 2074 2075 2076 2077 2078 2079 2080 2081 2082 2083 2084 2085 2086 2087 2088 2089 2090 2091 2092 2093 
0
SET-6
0
1
0
1
CHD4-M-1
40
-2147483647
152 1 16 31 0 1 0 -1 -1 585 9 -1879048181 -1879048179 -1879048177 -1342177263 -1879048171 -1879048169 -1879048167 -1879048165 -1879048163 1 2 5 1 8 5 25 3 2 100 232 7 246 71 1549 21 1591 241 4042 231 
0
SET-7
0
1
0
1
CHD4-M-1
386
-2147483647
1536 1 16 377 0 1 0 -1 -1 6174 14 -1073741808 -1073741787 -1073741768 -1073741763 -1073741750 -268435374 -1073741728 -1073741702 -1073741671 -1073741665 -1073741609 -1073741605 -1073741491 -1073741451 2 608 -63550181 -1 511 -1073741824 -1 8191 0 134209536 1048064 1048572 8384512 -256 -262143 -1 1 -524288 -1 3 2130706432 1218 544 -4 -1 -1 -1 -1 -1 -1 -1 -1 -1 2047 0 0 -8388608 -1 -1 15 1890 96 -256 -1 2097151 2690 352 -32768 -1 -1 -1 -1 -1 -1 -1 -1 -1 16777215 5474 192 393216 0 -524288 1 -1065615360 1573008 5794 160 2 512 -16777216 2047 125844480 -2133598208 511 -134217728 15 -65536 -2139095041 7 6594 768 100671424 -1073741824 -536870912 4095 6291456 0 3 0 0 0 -1073707264 17 0 16384 0 0 0 2013265920 1995775 -134217728 1 -2046820352 -1057624003 33554432 7554 928 -2143780868 0 49152 2048 0 0 -1048576 -1 -1 -1 -1 -1 -1 -1 -1 -1 -1 -1 -1 -1 -1 -1 -1 -1 -1 -1 -1 -1 262143 22434 128 -536870912 -1 15 196608 28226 1728 -256 -1 -983041 -436207089 2145491969 12623831 12909615 -3670223 524287 -1073742080 -1828454402 -13139889 1309794343 218954814 8128 0 385875968 4456464 1942044672 947847704 54886400 1598021661 -805307506 2097091 0 0 -16384 -1 -503316481 -1574856320 -2096671 -436207105 2083736359 134221808 1412095 -4070298 250610233 1577058816 14213120 768 29820736 -70254624 -560953 -939524097 1845069 1088940038 2147294240 3145740 538379837 33505340 -503316480 334002805 1046599069 8 36002 64 -67108864 31 36194 3584 -262144 -1 2147483647 0 127926176 -809355264 155656 0 0 0 114688 -264239742 503578775 18464776 -264647428 -1879152641 11212 0 0 0 133693440 0 0 0 2145386496 655112 1641815552 -67108864 4095 0 -32768 -1 -1 67108863 0 1048576 134189056 544210996 4161536 -1157578624 -1075371793 404619724 -536354320 33423783 0 -2147483648 -2144337913 1577320321 -50331666 2113932303 -266467457 59244543 100663296 -33062434 549543935 -4352 132278271 955308291 0 772079616 -66179072 1073741823 -108527614 -1073741821 -4491144 1366277116 -16777667 -4097 -4219265 520039423 -4 -3 -1 -524289 -134217729 2146424831 -17984 -458753 -4194321 -268501377 -1835298 104857599 -136282116 -3145741 -20971777 -252055558 3629055 -32800 -8402945 -8187 -1 -134420497 -2752513 -134234121 -1 -1 -1 -1 -1 -1 -1 -1 -1 -1 -1 -1 -1 -1 -1 -1 -1 15 41378 1216 -4 -1 -1 -1 -1 -1 -1 -1 -1 -1 -1 -1 -1 -1 -1 -1 -1 -1 -1 -1 -1 -1 -1 -1 -1 -1 -1 -1 -1 -1 -1 -1 -1 -1 -1 -1 -1 2097151 44002 64 -16 2047 
0
SET-8
0
1
0
1
CHD4-M-1
23
-2147483647
84 1 16 14 0 1 0 -1 -1 585 4 -1879048186 -1879048184 -1879048182 -1879048180 13 8 317 84 1832 262 4273 231 
0
SET-9
0
1
0
1
CHD4-M-1
45
15 16 18 19 331 332 333 359 360 361 373 374 375 376 377 378 379 387 388 389 390 391 392 393 2073 2074 2075 2076 2077 2078 2079 2080 2081 2082 2083 2084 2085 2086 2087 2088 2089 2090 2091 2092 2093 
0
1
CHD4-M-1
1
SET-32
0
1
14
-2147483647
48 1 16 5 0 1 0 -1 -1 64782 1 -1879048189 1 64782 
0
0
0
0
0
